<?xml version="1.0" encoding="UTF-8"?>
<testsuite name="pbxcore"
           tests="4"
           failures="0"
           errors="0"
           skipped="0"
           time="159.340">
  <properties />
  
  
            <testcase name="A_record" time="46.910" classname="com.yeastar.swebtest.testcase.RegressionCase.pbxcore.CustomPrompts" />
                <testcase name="C_reRecord" time="47.610" classname="com.yeastar.swebtest.testcase.RegressionCase.pbxcore.CustomPrompts" />
                <testcase name="B_play" time="52.692" classname="com.yeastar.swebtest.testcase.RegressionCase.pbxcore.CustomPrompts" />
                <testcase name="D_upload" time="12.128" classname="com.yeastar.swebtest.testcase.RegressionCase.pbxcore.CustomPrompts" />
      
</testsuite>
