<?xml version="1.0" encoding="UTF-8"?>
<!-- Generated by org.testng.reporters.JUnitXMLReporter -->
<testsuite hostname="Yeastar-PC" name="pbxcore" tests="132" failures="28" timestamp="2 Nov 2018 02:36:47 GMT" time="5305.625" errors="0">
  <testcase name="@BeforeClass A_Login" time="0.0" classname="com.yeastar.swebtest.testcase.RegressionCase.pbxcase.Blacklist_Whitelist">
    <failure type="org.openqa.selenium.WebDriverException" message="chrome not reachable
  (Session info: chrome=69.0.3497.100)
  (Driver info: chromedriver=2.42.591088 (7b2b2dca23cca0862f674758c9a3933e685c27d5),platform=Windows NT 6.1.7601 SP1 x86_64) (WARNING: The server did not provide any stacktrace information)
Command duration or timeout: 6.01 seconds
Build info: version: &amp;apos;2.53.1&amp;apos;, revision: &amp;apos;a36b8b1cd5757287168e54b817830adce9b0158d&amp;apos;, time: &amp;apos;2016-06-30 19:26:09&amp;apos;
System info: host: &amp;apos;Yeastar-PC&amp;apos;, ip: &amp;apos;192.168.11.194&amp;apos;, os.name: &amp;apos;Windows 7&amp;apos;, os.arch: &amp;apos;x86&amp;apos;, os.version: &amp;apos;6.1&amp;apos;, java.version: &amp;apos;1.8.0_121&amp;apos;
Driver info: org.openqa.selenium.chrome.ChromeDriver
selenide.url: https://192.168.12.212:8088/
Capabilities [{mobileEmulationEnabled=false, hasTouchScreen=false, platform=XP, acceptSslCerts=false, goog:chromeOptions={debuggerAddress=localhost:33155}, acceptInsecureCerts=false, webStorageEnabled=true, browserName=chrome, takesScreenshot=true, javascriptEnabled=true, setWindowRect=true, unexpectedAlertBehaviour=, applicationCacheEnabled=false, rotatable=false, networkConnectionEnabled=false, chrome={chromedriverVersion=2.42.591088 (7b2b2dca23cca0862f674758c9a3933e685c27d5), userDataDir=C:\Users\Yeastar\AppData\Local\Temp\scoped_dir3572_9137}, takesHeapSnapshot=true, pageLoadStrategy=normal, databaseEnabled=false, handlesAlerts=true, version=69.0.3497.100, browserConnectionEnabled=false, nativeEvents=true, locationContextEnabled=true, cssSelectorsEnabled=true}]
selenide.baseUrl: http://localhost:8080
Session ID: ba12679c59a3aca59820d3d47009e594">
      <![CDATA[org.openqa.selenium.WebDriverException: chrome not reachable
  (Session info: chrome=69.0.3497.100)
  (Driver info: chromedriver=2.42.591088 (7b2b2dca23cca0862f674758c9a3933e685c27d5),platform=Windows NT 6.1.7601 SP1 x86_64) (WARNING: The server did not provide any stacktrace information)
Command duration or timeout: 6.01 seconds
Build info: version: '2.53.1', revision: 'a36b8b1cd5757287168e54b817830adce9b0158d', time: '2016-06-30 19:26:09'
System info: host: 'Yeastar-PC', ip: '192.168.11.194', os.name: 'Windows 7', os.arch: 'x86', os.version: '6.1', java.version: '1.8.0_121'
Driver info: org.openqa.selenium.chrome.ChromeDriver
selenide.url: https://192.168.12.212:8088/
Capabilities [{mobileEmulationEnabled=false, hasTouchScreen=false, platform=XP, acceptSslCerts=false, goog:chromeOptions={debuggerAddress=localhost:33155}, acceptInsecureCerts=false, webStorageEnabled=true, browserName=chrome, takesScreenshot=true, javascriptEnabled=true, setWindowRect=true, unexpectedAlertBehaviour=, applicationCacheEnabled=false, rotatable=false, networkConnectionEnabled=false, chrome={chromedriverVersion=2.42.591088 (7b2b2dca23cca0862f674758c9a3933e685c27d5), userDataDir=C:\Users\Yeastar\AppData\Local\Temp\scoped_dir3572_9137}, takesHeapSnapshot=true, pageLoadStrategy=normal, databaseEnabled=false, handlesAlerts=true, version=69.0.3497.100, browserConnectionEnabled=false, nativeEvents=true, locationContextEnabled=true, cssSelectorsEnabled=true}]
selenide.baseUrl: http://localhost:8080
Session ID: ba12679c59a3aca59820d3d47009e594
	at org.openqa.selenium.remote.ErrorHandler.createThrowable(ErrorHandler.java:206)
	at org.openqa.selenium.remote.ErrorHandler.throwIfResponseFailed(ErrorHandler.java:158)
	at org.openqa.selenium.remote.RemoteWebDriver.execute(RemoteWebDriver.java:678)
	at org.openqa.selenium.remote.RemoteWebDriver.get(RemoteWebDriver.java:316)
	at org.openqa.selenium.remote.RemoteWebDriver$RemoteNavigation.to(RemoteWebDriver.java:969)
	at com.codeborne.selenide.impl.Navigator.navigateToAbsoluteUrl(Navigator.java:70)
	at com.codeborne.selenide.impl.Navigator.open(Navigator.java:32)
	at com.codeborne.selenide.Selenide.open(Selenide.java:82)
	at com.codeborne.selenide.Selenide.open(Selenide.java:56)
	at com.yeastar.swebtest.driver.SwebDriver.initialDriver(SwebDriver.java:72)
	at com.yeastar.swebtest.driver.SwebDriver.initialDriver(SwebDriver.java:33)
	at com.yeastar.swebtest.testcase.RegressionCase.pbxcase.Blacklist_Whitelist.A_Login(Blacklist_Whitelist.java:16)
... Removed 31 stack frames]]>
    </failure>
  </testcase> <!-- @BeforeClass A_Login -->
  <testcase name="@BeforeClass C_InitBlackList_WhiteList" time="0.0" classname="com.yeastar.swebtest.testcase.RegressionCase.pbxcase.Blacklist_Whitelist">
    <skipped/>
  </testcase> <!-- @BeforeClass C_InitBlackList_WhiteList -->
  <testcase name="@AfterMethod AfterMethod" time="0.0" classname="com.yeastar.swebtest.testcase.RegressionCase.pbxcase.Blacklist_Whitelist">
    <skipped/>
  </testcase> <!-- @AfterMethod AfterMethod -->
  <testcase name="@AfterMethod AfterMethod" time="0.0" classname="com.yeastar.swebtest.testcase.RegressionCase.pbxcase.Blacklist_Whitelist">
    <skipped/>
  </testcase> <!-- @AfterMethod AfterMethod -->
  <testcase name="@AfterMethod AfterMethod" time="0.0" classname="com.yeastar.swebtest.testcase.RegressionCase.pbxcase.Blacklist_Whitelist">
    <skipped/>
  </testcase> <!-- @AfterMethod AfterMethod -->
  <testcase name="@AfterMethod AfterMethod" time="0.0" classname="com.yeastar.swebtest.testcase.RegressionCase.pbxcase.Blacklist_Whitelist">
    <skipped/>
  </testcase> <!-- @AfterMethod AfterMethod -->
  <testcase name="@AfterMethod AfterMethod" time="0.0" classname="com.yeastar.swebtest.testcase.RegressionCase.pbxcase.Blacklist_Whitelist">
    <skipped/>
  </testcase> <!-- @AfterMethod AfterMethod -->
  <testcase name="@AfterMethod AfterMethod" time="0.0" classname="com.yeastar.swebtest.testcase.RegressionCase.pbxcase.Blacklist_Whitelist">
    <skipped/>
  </testcase> <!-- @AfterMethod AfterMethod -->
  <testcase name="@AfterMethod AfterMethod" time="0.0" classname="com.yeastar.swebtest.testcase.RegressionCase.pbxcase.Blacklist_Whitelist">
    <skipped/>
  </testcase> <!-- @AfterMethod AfterMethod -->
  <testcase name="@AfterMethod AfterMethod" time="0.0" classname="com.yeastar.swebtest.testcase.RegressionCase.pbxcase.Blacklist_Whitelist">
    <skipped/>
  </testcase> <!-- @AfterMethod AfterMethod -->
  <testcase name="@AfterMethod AfterMethod" time="0.0" classname="com.yeastar.swebtest.testcase.RegressionCase.pbxcase.Blacklist_Whitelist">
    <skipped/>
  </testcase> <!-- @AfterMethod AfterMethod -->
  <testcase name="@AfterMethod AfterMethod" time="0.0" classname="com.yeastar.swebtest.testcase.RegressionCase.pbxcase.Blacklist_Whitelist">
    <skipped/>
  </testcase> <!-- @AfterMethod AfterMethod -->
  <testcase name="@AfterMethod AfterMethod" time="0.0" classname="com.yeastar.swebtest.testcase.RegressionCase.pbxcase.Blacklist_Whitelist">
    <skipped/>
  </testcase> <!-- @AfterMethod AfterMethod -->
  <testcase name="@AfterMethod AfterMethod" time="0.0" classname="com.yeastar.swebtest.testcase.RegressionCase.pbxcase.Blacklist_Whitelist">
    <skipped/>
  </testcase> <!-- @AfterMethod AfterMethod -->
  <testcase name="@AfterMethod AfterMethod" time="0.0" classname="com.yeastar.swebtest.testcase.RegressionCase.pbxcase.Blacklist_Whitelist">
    <skipped/>
  </testcase> <!-- @AfterMethod AfterMethod -->
  <testcase name="@AfterMethod AfterMethod" time="0.0" classname="com.yeastar.swebtest.testcase.RegressionCase.pbxcase.Blacklist_Whitelist">
    <skipped/>
  </testcase> <!-- @AfterMethod AfterMethod -->
  <testcase name="@AfterMethod AfterMethod" time="0.0" classname="com.yeastar.swebtest.testcase.RegressionCase.pbxcase.Blacklist_Whitelist">
    <skipped/>
  </testcase> <!-- @AfterMethod AfterMethod -->
  <testcase name="@AfterMethod AfterMethod" time="0.0" classname="com.yeastar.swebtest.testcase.RegressionCase.pbxcase.Blacklist_Whitelist">
    <skipped/>
  </testcase> <!-- @AfterMethod AfterMethod -->
  <testcase name="@AfterMethod AfterMethod" time="0.0" classname="com.yeastar.swebtest.testcase.RegressionCase.pbxcase.Blacklist_Whitelist">
    <skipped/>
  </testcase> <!-- @AfterMethod AfterMethod -->
  <testcase name="@AfterMethod AfterMethod" time="0.0" classname="com.yeastar.swebtest.testcase.RegressionCase.pbxcase.Blacklist_Whitelist">
    <skipped/>
  </testcase> <!-- @AfterMethod AfterMethod -->
  <testcase name="@AfterMethod AfterMethod" time="0.0" classname="com.yeastar.swebtest.testcase.RegressionCase.pbxcase.Blacklist_Whitelist">
    <skipped/>
  </testcase> <!-- @AfterMethod AfterMethod -->
  <testcase name="@AfterMethod AfterMethod" time="0.0" classname="com.yeastar.swebtest.testcase.RegressionCase.pbxcase.Blacklist_Whitelist">
    <skipped/>
  </testcase> <!-- @AfterMethod AfterMethod -->
  <testcase name="@AfterClass AfterClass" time="0.0" classname="com.yeastar.swebtest.testcase.RegressionCase.pbxcase.Blacklist_Whitelist">
    <skipped/>
  </testcase> <!-- @AfterClass AfterClass -->
  <testcase name="A0_init" time="22.618" classname="com.yeastar.swebtest.testcase.RegressionCase.pbxcase.Inbound"/>
  <testcase name="A_callfrom1_sip" time="26.177" classname="com.yeastar.swebtest.testcase.RegressionCase.pbxcase.Inbound">
    <failure type="org.openqa.selenium.WebDriverException" message="unknown error: Cannot read property &amp;apos;id&amp;apos; of undefined
  (Session info: chrome=69.0.3497.100)
  (Driver info: chromedriver=2.42.591088 (7b2b2dca23cca0862f674758c9a3933e685c27d5),platform=Windows NT 6.1.7601 SP1 x86_64) (WARNING: The server did not provide any stacktrace information)
Command duration or timeout: 18 milliseconds
Build info: version: &amp;apos;2.53.1&amp;apos;, revision: &amp;apos;a36b8b1cd5757287168e54b817830adce9b0158d&amp;apos;, time: &amp;apos;2016-06-30 19:26:09&amp;apos;
System info: host: &amp;apos;Yeastar-PC&amp;apos;, ip: &amp;apos;192.168.11.194&amp;apos;, os.name: &amp;apos;Windows 7&amp;apos;, os.arch: &amp;apos;x86&amp;apos;, os.version: &amp;apos;6.1&amp;apos;, java.version: &amp;apos;1.8.0_121&amp;apos;
Driver info: org.openqa.selenium.chrome.ChromeDriver
Capabilities [{mobileEmulationEnabled=false, hasTouchScreen=false, platform=XP, acceptSslCerts=false, goog:chromeOptions={debuggerAddress=localhost:28688}, acceptInsecureCerts=false, webStorageEnabled=true, browserName=chrome, takesScreenshot=true, javascriptEnabled=true, setWindowRect=true, unexpectedAlertBehaviour=, applicationCacheEnabled=false, rotatable=false, networkConnectionEnabled=false, chrome={chromedriverVersion=2.42.591088 (7b2b2dca23cca0862f674758c9a3933e685c27d5), userDataDir=C:\Users\Yeastar\AppData\Local\Temp\scoped_dir1056_28940}, takesHeapSnapshot=true, pageLoadStrategy=normal, databaseEnabled=false, handlesAlerts=true, version=69.0.3497.100, browserConnectionEnabled=false, nativeEvents=true, locationContextEnabled=true, cssSelectorsEnabled=true}]
Session ID: 47586d156bc37e49c10197b1055357dd">
      <![CDATA[org.openqa.selenium.WebDriverException: unknown error: Cannot read property 'id' of undefined
  (Session info: chrome=69.0.3497.100)
  (Driver info: chromedriver=2.42.591088 (7b2b2dca23cca0862f674758c9a3933e685c27d5),platform=Windows NT 6.1.7601 SP1 x86_64) (WARNING: The server did not provide any stacktrace information)
Command duration or timeout: 18 milliseconds
Build info: version: '2.53.1', revision: 'a36b8b1cd5757287168e54b817830adce9b0158d', time: '2016-06-30 19:26:09'
System info: host: 'Yeastar-PC', ip: '192.168.11.194', os.name: 'Windows 7', os.arch: 'x86', os.version: '6.1', java.version: '1.8.0_121'
Driver info: org.openqa.selenium.chrome.ChromeDriver
Capabilities [{mobileEmulationEnabled=false, hasTouchScreen=false, platform=XP, acceptSslCerts=false, goog:chromeOptions={debuggerAddress=localhost:28688}, acceptInsecureCerts=false, webStorageEnabled=true, browserName=chrome, takesScreenshot=true, javascriptEnabled=true, setWindowRect=true, unexpectedAlertBehaviour=, applicationCacheEnabled=false, rotatable=false, networkConnectionEnabled=false, chrome={chromedriverVersion=2.42.591088 (7b2b2dca23cca0862f674758c9a3933e685c27d5), userDataDir=C:\Users\Yeastar\AppData\Local\Temp\scoped_dir1056_28940}, takesHeapSnapshot=true, pageLoadStrategy=normal, databaseEnabled=false, handlesAlerts=true, version=69.0.3497.100, browserConnectionEnabled=false, nativeEvents=true, locationContextEnabled=true, cssSelectorsEnabled=true}]
Session ID: 47586d156bc37e49c10197b1055357dd
	at org.openqa.selenium.remote.ErrorHandler.createThrowable(ErrorHandler.java:206)
	at org.openqa.selenium.remote.ErrorHandler.throwIfResponseFailed(ErrorHandler.java:158)
	at org.openqa.selenium.remote.RemoteWebDriver.execute(RemoteWebDriver.java:678)
	at org.openqa.selenium.remote.RemoteWebDriver.executeScript(RemoteWebDriver.java:577)
	at com.codeborne.selenide.Selenide.executeJavaScript(Selenide.java:468)
	at com.yeastar.swebtest.driver.SwebDriver.executeJs(SwebDriver.java:764)
	at com.yeastar.swebtest.driver.SwebDriver.gridContent(SwebDriver.java:286)
	at com.yeastar.swebtest.driver.YSMethod.YS_Extension.checkCDR(YS_Extension.java:290)
	at com.yeastar.swebtest.driver.YSMethod.YS_Extension.checkCDR(YS_Extension.java:280)
	at com.yeastar.swebtest.testcase.RegressionCase.pbxcase.Inbound.A_callfrom1_sip(Inbound.java:58)
... Removed 31 stack frames]]>
    </failure>
  </testcase> <!-- A_callfrom1_sip -->
  <testcase name="A_callfrom2_iax" time="23.265" classname="com.yeastar.swebtest.testcase.RegressionCase.pbxcase.Inbound">
    <failure type="org.openqa.selenium.WebDriverException" message="unknown error: Cannot read property &amp;apos;id&amp;apos; of undefined
  (Session info: chrome=69.0.3497.100)
  (Driver info: chromedriver=2.42.591088 (7b2b2dca23cca0862f674758c9a3933e685c27d5),platform=Windows NT 6.1.7601 SP1 x86_64) (WARNING: The server did not provide any stacktrace information)
Command duration or timeout: 15 milliseconds
Build info: version: &amp;apos;2.53.1&amp;apos;, revision: &amp;apos;a36b8b1cd5757287168e54b817830adce9b0158d&amp;apos;, time: &amp;apos;2016-06-30 19:26:09&amp;apos;
System info: host: &amp;apos;Yeastar-PC&amp;apos;, ip: &amp;apos;192.168.11.194&amp;apos;, os.name: &amp;apos;Windows 7&amp;apos;, os.arch: &amp;apos;x86&amp;apos;, os.version: &amp;apos;6.1&amp;apos;, java.version: &amp;apos;1.8.0_121&amp;apos;
Driver info: org.openqa.selenium.chrome.ChromeDriver
Capabilities [{mobileEmulationEnabled=false, hasTouchScreen=false, platform=XP, acceptSslCerts=false, goog:chromeOptions={debuggerAddress=localhost:28688}, acceptInsecureCerts=false, webStorageEnabled=true, browserName=chrome, takesScreenshot=true, javascriptEnabled=true, setWindowRect=true, unexpectedAlertBehaviour=, applicationCacheEnabled=false, rotatable=false, networkConnectionEnabled=false, chrome={chromedriverVersion=2.42.591088 (7b2b2dca23cca0862f674758c9a3933e685c27d5), userDataDir=C:\Users\Yeastar\AppData\Local\Temp\scoped_dir1056_28940}, takesHeapSnapshot=true, pageLoadStrategy=normal, databaseEnabled=false, handlesAlerts=true, version=69.0.3497.100, browserConnectionEnabled=false, nativeEvents=true, locationContextEnabled=true, cssSelectorsEnabled=true}]
Session ID: 47586d156bc37e49c10197b1055357dd">
      <![CDATA[org.openqa.selenium.WebDriverException: unknown error: Cannot read property 'id' of undefined
  (Session info: chrome=69.0.3497.100)
  (Driver info: chromedriver=2.42.591088 (7b2b2dca23cca0862f674758c9a3933e685c27d5),platform=Windows NT 6.1.7601 SP1 x86_64) (WARNING: The server did not provide any stacktrace information)
Command duration or timeout: 15 milliseconds
Build info: version: '2.53.1', revision: 'a36b8b1cd5757287168e54b817830adce9b0158d', time: '2016-06-30 19:26:09'
System info: host: 'Yeastar-PC', ip: '192.168.11.194', os.name: 'Windows 7', os.arch: 'x86', os.version: '6.1', java.version: '1.8.0_121'
Driver info: org.openqa.selenium.chrome.ChromeDriver
Capabilities [{mobileEmulationEnabled=false, hasTouchScreen=false, platform=XP, acceptSslCerts=false, goog:chromeOptions={debuggerAddress=localhost:28688}, acceptInsecureCerts=false, webStorageEnabled=true, browserName=chrome, takesScreenshot=true, javascriptEnabled=true, setWindowRect=true, unexpectedAlertBehaviour=, applicationCacheEnabled=false, rotatable=false, networkConnectionEnabled=false, chrome={chromedriverVersion=2.42.591088 (7b2b2dca23cca0862f674758c9a3933e685c27d5), userDataDir=C:\Users\Yeastar\AppData\Local\Temp\scoped_dir1056_28940}, takesHeapSnapshot=true, pageLoadStrategy=normal, databaseEnabled=false, handlesAlerts=true, version=69.0.3497.100, browserConnectionEnabled=false, nativeEvents=true, locationContextEnabled=true, cssSelectorsEnabled=true}]
Session ID: 47586d156bc37e49c10197b1055357dd
	at org.openqa.selenium.remote.ErrorHandler.createThrowable(ErrorHandler.java:206)
	at org.openqa.selenium.remote.ErrorHandler.throwIfResponseFailed(ErrorHandler.java:158)
	at org.openqa.selenium.remote.RemoteWebDriver.execute(RemoteWebDriver.java:678)
	at org.openqa.selenium.remote.RemoteWebDriver.executeScript(RemoteWebDriver.java:577)
	at com.codeborne.selenide.Selenide.executeJavaScript(Selenide.java:468)
	at com.yeastar.swebtest.driver.SwebDriver.executeJs(SwebDriver.java:764)
	at com.yeastar.swebtest.driver.SwebDriver.gridContent(SwebDriver.java:286)
	at com.yeastar.swebtest.driver.YSMethod.YS_Extension.checkCDR(YS_Extension.java:290)
	at com.yeastar.swebtest.driver.YSMethod.YS_Extension.checkCDR(YS_Extension.java:280)
	at com.yeastar.swebtest.testcase.RegressionCase.pbxcase.Inbound.A_callfrom2_iax(Inbound.java:86)
... Removed 31 stack frames]]>
    </failure>
  </testcase> <!-- A_callfrom2_iax -->
  <testcase name="A_callfrom3_sps" time="33.008" classname="com.yeastar.swebtest.testcase.RegressionCase.pbxcase.Inbound"/>
  <testcase name="A_callfrom4_spx" time="33.101" classname="com.yeastar.swebtest.testcase.RegressionCase.pbxcase.Inbound"/>
  <testcase name="A_callfrom5_fxo" time="33.016" classname="com.yeastar.swebtest.testcase.RegressionCase.pbxcase.Inbound"/>
  <testcase name="A_callfrom6_bri" time="33.201" classname="com.yeastar.swebtest.testcase.RegressionCase.pbxcase.Inbound"/>
  <testcase name="A_callfrom7_e1" time="32.912" classname="com.yeastar.swebtest.testcase.RegressionCase.pbxcase.Inbound"/>
  <testcase name="A_callfrom8_gsm" time="0.0" classname="com.yeastar.swebtest.testcase.RegressionCase.pbxcase.Inbound"/>
  <testcase name="B1_callerid" time="44.73" classname="com.yeastar.swebtest.testcase.RegressionCase.pbxcase.Inbound"/>
  <testcase name="B2_callerid" time="72.926" classname="com.yeastar.swebtest.testcase.RegressionCase.pbxcase.Inbound"/>
  <testcase name="C1_did1_sps" time="24.702" classname="com.yeastar.swebtest.testcase.RegressionCase.pbxcase.Inbound"/>
  <testcase name="C2_did1_sps" time="66.453" classname="com.yeastar.swebtest.testcase.RegressionCase.pbxcase.Inbound"/>
  <testcase name="F_timecondition1" time="15.668" classname="com.yeastar.swebtest.testcase.RegressionCase.pbxcase.Inbound"/>
  <testcase name="F_timecondition2" time="66.589" classname="com.yeastar.swebtest.testcase.RegressionCase.pbxcase.Inbound">
    <failure type="java.lang.AssertionError" message="CDR呼叫方检测 【预期：3001 [3001] 实际：2001 [2001]】">
      <![CDATA[java.lang.AssertionError: CDR呼叫方检测 【预期：3001 [3001] 实际：2001 [2001]】
	at com.yeastar.swebtest.tools.ysassert.YsAssert.fail(YsAssert.java:1092)
	at com.yeastar.swebtest.tools.ysassert.YsAssert.failNotEquals(YsAssert.java:583)
	at com.yeastar.swebtest.tools.ysassert.YsAssert.assertEqualsImpl(YsAssert.java:146)
	at com.yeastar.swebtest.tools.ysassert.YsAssert.assertEquals(YsAssert.java:120)
	at com.yeastar.swebtest.tools.ysassert.YsAssert.assertEquals(YsAssert.java:203)
	at com.yeastar.swebtest.driver.YSMethod.YS_Extension.checkCDR(YS_Extension.java:290)
	at com.yeastar.swebtest.driver.YSMethod.YS_Extension.checkCDR(YS_Extension.java:280)
	at com.yeastar.swebtest.testcase.RegressionCase.pbxcase.Inbound.F_timecondition2(Inbound.java:282)
... Removed 27 stack frames]]>
    </failure>
  </testcase> <!-- F_timecondition2 -->
  <testcase name="F_timecondition3" time="66.93" classname="com.yeastar.swebtest.testcase.RegressionCase.pbxcase.Inbound">
    <failure type="java.lang.AssertionError" message="CDR呼叫方检测 【预期：3001 [3001] 实际：2001 [2001]】">
      <![CDATA[java.lang.AssertionError: CDR呼叫方检测 【预期：3001 [3001] 实际：2001 [2001]】
	at com.yeastar.swebtest.tools.ysassert.YsAssert.fail(YsAssert.java:1092)
	at com.yeastar.swebtest.tools.ysassert.YsAssert.failNotEquals(YsAssert.java:583)
	at com.yeastar.swebtest.tools.ysassert.YsAssert.assertEqualsImpl(YsAssert.java:146)
	at com.yeastar.swebtest.tools.ysassert.YsAssert.assertEquals(YsAssert.java:120)
	at com.yeastar.swebtest.tools.ysassert.YsAssert.assertEquals(YsAssert.java:203)
	at com.yeastar.swebtest.driver.YSMethod.YS_Extension.checkCDR(YS_Extension.java:290)
	at com.yeastar.swebtest.driver.YSMethod.YS_Extension.checkCDR(YS_Extension.java:280)
	at com.yeastar.swebtest.testcase.RegressionCase.pbxcase.Inbound.F_timecondition3(Inbound.java:309)
... Removed 27 stack frames]]>
    </failure>
  </testcase> <!-- F_timecondition3 -->
  <testcase name="F_timecondition4" time="44.284" classname="com.yeastar.swebtest.testcase.RegressionCase.pbxcase.Inbound">
    <failure type="java.lang.AssertionError" message="CDR呼叫方检测 【预期：3001 [3001] 实际：1000 [1000]】">
      <![CDATA[java.lang.AssertionError: CDR呼叫方检测 【预期：3001 [3001] 实际：1000 [1000]】
	at com.yeastar.swebtest.tools.ysassert.YsAssert.fail(YsAssert.java:1092)
	at com.yeastar.swebtest.tools.ysassert.YsAssert.failNotEquals(YsAssert.java:583)
	at com.yeastar.swebtest.tools.ysassert.YsAssert.assertEqualsImpl(YsAssert.java:146)
	at com.yeastar.swebtest.tools.ysassert.YsAssert.assertEquals(YsAssert.java:120)
	at com.yeastar.swebtest.tools.ysassert.YsAssert.assertEquals(YsAssert.java:203)
	at com.yeastar.swebtest.driver.YSMethod.YS_Extension.checkCDR(YS_Extension.java:290)
	at com.yeastar.swebtest.driver.YSMethod.YS_Extension.checkCDR(YS_Extension.java:280)
	at com.yeastar.swebtest.testcase.RegressionCase.pbxcase.Inbound.F_timecondition4(Inbound.java:324)
... Removed 27 stack frames]]>
    </failure>
  </testcase> <!-- F_timecondition4 -->
  <testcase name="F_timecondition5" time="50.846" classname="com.yeastar.swebtest.testcase.RegressionCase.pbxcase.Inbound">
    <failure type="java.lang.AssertionError" message="CDR呼叫方检测 【预期：3001 [3001] 实际：1000 [1000]】">
      <![CDATA[java.lang.AssertionError: CDR呼叫方检测 【预期：3001 [3001] 实际：1000 [1000]】
	at com.yeastar.swebtest.tools.ysassert.YsAssert.fail(YsAssert.java:1092)
	at com.yeastar.swebtest.tools.ysassert.YsAssert.failNotEquals(YsAssert.java:583)
	at com.yeastar.swebtest.tools.ysassert.YsAssert.assertEqualsImpl(YsAssert.java:146)
	at com.yeastar.swebtest.tools.ysassert.YsAssert.assertEquals(YsAssert.java:120)
	at com.yeastar.swebtest.tools.ysassert.YsAssert.assertEquals(YsAssert.java:203)
	at com.yeastar.swebtest.driver.YSMethod.YS_Extension.checkCDR(YS_Extension.java:290)
	at com.yeastar.swebtest.driver.YSMethod.YS_Extension.checkCDR(YS_Extension.java:280)
	at com.yeastar.swebtest.testcase.RegressionCase.pbxcase.Inbound.F_timecondition5(Inbound.java:345)
... Removed 27 stack frames]]>
    </failure>
  </testcase> <!-- F_timecondition5 -->
  <testcase name="G_delete1" time="48.184" classname="com.yeastar.swebtest.testcase.RegressionCase.pbxcase.Inbound"/>
  <testcase name="H_recovery" time="58.093" classname="com.yeastar.swebtest.testcase.RegressionCase.pbxcase.Inbound"/>
  <testcase name="A0_init" time="14.908" classname="com.yeastar.swebtest.testcase.RegressionCase.pbxcase.Outbound"/>
  <testcase name="A_out1_sip" time="38.241" classname="com.yeastar.swebtest.testcase.RegressionCase.pbxcase.Outbound">
    <failure type="java.lang.AssertionError" message="CDR被叫方检测 【预期：13001 实际：*802】">
      <![CDATA[java.lang.AssertionError: CDR被叫方检测 【预期：13001 实际：*802】
	at com.yeastar.swebtest.tools.ysassert.YsAssert.fail(YsAssert.java:1092)
	at com.yeastar.swebtest.tools.ysassert.YsAssert.failNotEquals(YsAssert.java:583)
	at com.yeastar.swebtest.tools.ysassert.YsAssert.assertEqualsImpl(YsAssert.java:146)
	at com.yeastar.swebtest.tools.ysassert.YsAssert.assertEquals(YsAssert.java:120)
	at com.yeastar.swebtest.tools.ysassert.YsAssert.assertEquals(YsAssert.java:203)
	at com.yeastar.swebtest.driver.YSMethod.YS_Extension.checkCDR(YS_Extension.java:291)
	at com.yeastar.swebtest.driver.YSMethod.YS_Extension.checkCDR(YS_Extension.java:280)
	at com.yeastar.swebtest.testcase.RegressionCase.pbxcase.Outbound.A_out1_sip(Outbound.java:57)
... Removed 27 stack frames]]>
    </failure>
  </testcase> <!-- A_out1_sip -->
  <testcase name="A_out2_iax" time="34.726" classname="com.yeastar.swebtest.testcase.RegressionCase.pbxcase.Outbound">
    <failure type="java.lang.AssertionError" message="预期1000为Talking状态 【预期：3 实际：4】">
      <![CDATA[java.lang.AssertionError: 预期1000为Talking状态 【预期：3 实际：4】
	at com.yeastar.swebtest.tools.ysassert.YsAssert.fail(YsAssert.java:1092)
	at com.yeastar.swebtest.tools.ysassert.YsAssert.failNotEquals(YsAssert.java:583)
	at com.yeastar.swebtest.tools.ysassert.YsAssert.assertEqualsImpl(YsAssert.java:146)
	at com.yeastar.swebtest.tools.ysassert.YsAssert.assertEquals(YsAssert.java:120)
	at com.yeastar.swebtest.tools.ysassert.YsAssert.assertEquals(YsAssert.java:429)
	at com.yeastar.swebtest.testcase.RegressionCase.pbxcase.Outbound.A_out2_iax(Outbound.java:85)
... Removed 27 stack frames]]>
    </failure>
  </testcase> <!-- A_out2_iax -->
  <testcase name="A_out3_sps" time="46.676" classname="com.yeastar.swebtest.testcase.RegressionCase.pbxcase.Outbound"/>
  <testcase name="A_out4_spx" time="36.673" classname="com.yeastar.swebtest.testcase.RegressionCase.pbxcase.Outbound"/>
  <testcase name="A_out5_fxo" time="40.259" classname="com.yeastar.swebtest.testcase.RegressionCase.pbxcase.Outbound"/>
  <testcase name="A_out6_bri" time="34.726" classname="com.yeastar.swebtest.testcase.RegressionCase.pbxcase.Outbound">
    <failure type="java.lang.AssertionError" message="预期1000为Talking状态 【预期：3 实际：4】">
      <![CDATA[java.lang.AssertionError: 预期1000为Talking状态 【预期：3 实际：4】
	at com.yeastar.swebtest.tools.ysassert.YsAssert.fail(YsAssert.java:1092)
	at com.yeastar.swebtest.tools.ysassert.YsAssert.failNotEquals(YsAssert.java:583)
	at com.yeastar.swebtest.tools.ysassert.YsAssert.assertEqualsImpl(YsAssert.java:146)
	at com.yeastar.swebtest.tools.ysassert.YsAssert.assertEquals(YsAssert.java:120)
	at com.yeastar.swebtest.tools.ysassert.YsAssert.assertEquals(YsAssert.java:429)
	at com.yeastar.swebtest.testcase.RegressionCase.pbxcase.Outbound.A_out6_bri(Outbound.java:142)
... Removed 27 stack frames]]>
    </failure>
  </testcase> <!-- A_out6_bri -->
  <testcase name="A_out7_E1" time="47.637" classname="com.yeastar.swebtest.testcase.RegressionCase.pbxcase.Outbound"/>
  <testcase name="A_out8_gsm" time="0.0" classname="com.yeastar.swebtest.testcase.RegressionCase.pbxcase.Outbound"/>
  <testcase name="B1_Prepend" time="24.367" classname="com.yeastar.swebtest.testcase.RegressionCase.pbxcase.Outbound"/>
  <testcase name="B2_Prepend" time="34.604" classname="com.yeastar.swebtest.testcase.RegressionCase.pbxcase.Outbound">
    <failure type="java.lang.AssertionError" message="预期1000为Talking状态 【预期：3 实际：4】">
      <![CDATA[java.lang.AssertionError: 预期1000为Talking状态 【预期：3 实际：4】
	at com.yeastar.swebtest.tools.ysassert.YsAssert.fail(YsAssert.java:1092)
	at com.yeastar.swebtest.tools.ysassert.YsAssert.failNotEquals(YsAssert.java:583)
	at com.yeastar.swebtest.tools.ysassert.YsAssert.assertEqualsImpl(YsAssert.java:146)
	at com.yeastar.swebtest.tools.ysassert.YsAssert.assertEquals(YsAssert.java:120)
	at com.yeastar.swebtest.tools.ysassert.YsAssert.assertEquals(YsAssert.java:429)
	at com.yeastar.swebtest.testcase.RegressionCase.pbxcase.Outbound.B2_Prepend(Outbound.java:200)
... Removed 27 stack frames]]>
    </failure>
  </testcase> <!-- B2_Prepend -->
  <testcase name="C1_password" time="57.502" classname="com.yeastar.swebtest.testcase.RegressionCase.pbxcase.Outbound"/>
  <testcase name="C2_password" time="50.384" classname="com.yeastar.swebtest.testcase.RegressionCase.pbxcase.Outbound"/>
  <testcase name="D1_rrmemory_hunt" time="64.02" classname="com.yeastar.swebtest.testcase.RegressionCase.pbxcase.Outbound"/>
  <testcase name="D2_rrmemory_hunt" time="64.264" classname="com.yeastar.swebtest.testcase.RegressionCase.pbxcase.Outbound">
    <failure type="java.lang.AssertionError" message="CDR目的中继检测 【预期：SIP1 实际：SPS1】">
      <![CDATA[java.lang.AssertionError: CDR目的中继检测 【预期：SIP1 实际：SPS1】
	at com.yeastar.swebtest.tools.ysassert.YsAssert.fail(YsAssert.java:1092)
	at com.yeastar.swebtest.tools.ysassert.YsAssert.failNotEquals(YsAssert.java:583)
	at com.yeastar.swebtest.tools.ysassert.YsAssert.assertEqualsImpl(YsAssert.java:146)
	at com.yeastar.swebtest.tools.ysassert.YsAssert.assertEquals(YsAssert.java:120)
	at com.yeastar.swebtest.tools.ysassert.YsAssert.assertEquals(YsAssert.java:203)
	at com.yeastar.swebtest.driver.YSMethod.YS_Extension.checkCDR(YS_Extension.java:297)
	at com.yeastar.swebtest.driver.YSMethod.YS_Extension.checkCDR(YS_Extension.java:280)
	at com.yeastar.swebtest.testcase.RegressionCase.pbxcase.Outbound.D2_rrmemory_hunt(Outbound.java:284)
... Removed 27 stack frames]]>
    </failure>
  </testcase> <!-- D2_rrmemory_hunt -->
  <testcase name="E_timecondition" time="123.963" classname="com.yeastar.swebtest.testcase.RegressionCase.pbxcase.Outbound"/>
  <testcase name="F_delete" time="103.784" classname="com.yeastar.swebtest.testcase.RegressionCase.pbxcase.Outbound"/>
  <testcase name="A0_init" time="20.41" classname="com.yeastar.swebtest.testcase.RegressionCase.pbxcase.OutboundRestriction"/>
  <testcase name="A1_add_1_all" time="69.999" classname="com.yeastar.swebtest.testcase.RegressionCase.pbxcase.OutboundRestriction">
    <failure type="java.lang.AssertionError" message="预期第1通电话1100呼出成功 【预期：3 实际：4】">
      <![CDATA[java.lang.AssertionError: 预期第1通电话1100呼出成功 【预期：3 实际：4】
	at com.yeastar.swebtest.tools.ysassert.YsAssert.fail(YsAssert.java:1092)
	at com.yeastar.swebtest.tools.ysassert.YsAssert.failNotEquals(YsAssert.java:583)
	at com.yeastar.swebtest.tools.ysassert.YsAssert.assertEqualsImpl(YsAssert.java:146)
	at com.yeastar.swebtest.tools.ysassert.YsAssert.assertEquals(YsAssert.java:120)
	at com.yeastar.swebtest.tools.ysassert.YsAssert.assertEquals(YsAssert.java:429)
	at com.yeastar.swebtest.testcase.RegressionCase.pbxcase.OutboundRestriction.A1_add_1_all(OutboundRestriction.java:74)
... Removed 27 stack frames]]>
    </failure>
  </testcase> <!-- A1_add_1_all -->
  <testcase name="A_add_2_cancel" time="27.64" classname="com.yeastar.swebtest.testcase.RegressionCase.pbxcase.OutboundRestriction">
    <failure type="java.lang.AssertionError" message="预期分机1100状态被限制">
      <![CDATA[java.lang.AssertionError: 预期分机1100状态被限制
	at com.yeastar.swebtest.tools.ysassert.YsAssert.fail(YsAssert.java:1092)
	at com.yeastar.swebtest.testcase.RegressionCase.pbxcase.OutboundRestriction.A_add_2_cancel(OutboundRestriction.java:99)
... Removed 27 stack frames]]>
    </failure>
  </testcase> <!-- A_add_2_cancel -->
  <testcase name="A_add_3_cancelCall" time="23.325" classname="com.yeastar.swebtest.testcase.RegressionCase.pbxcase.OutboundRestriction">
    <failure type="java.lang.AssertionError" message="CDR呼叫方检测 【预期：1100 [1100] 实际：1000 [1000]】">
      <![CDATA[java.lang.AssertionError: CDR呼叫方检测 【预期：1100 [1100] 实际：1000 [1000]】
	at com.yeastar.swebtest.tools.ysassert.YsAssert.fail(YsAssert.java:1092)
	at com.yeastar.swebtest.tools.ysassert.YsAssert.failNotEquals(YsAssert.java:583)
	at com.yeastar.swebtest.tools.ysassert.YsAssert.assertEqualsImpl(YsAssert.java:146)
	at com.yeastar.swebtest.tools.ysassert.YsAssert.assertEquals(YsAssert.java:120)
	at com.yeastar.swebtest.tools.ysassert.YsAssert.assertEquals(YsAssert.java:203)
	at com.yeastar.swebtest.driver.YSMethod.YS_Extension.checkCDR(YS_Extension.java:290)
	at com.yeastar.swebtest.driver.YSMethod.YS_Extension.checkCDR(YS_Extension.java:280)
	at com.yeastar.swebtest.testcase.RegressionCase.pbxcase.OutboundRestriction.A_add_3_cancelCall(OutboundRestriction.java:110)
... Removed 27 stack frames]]>
    </failure>
  </testcase> <!-- A_add_3_cancelCall -->
  <testcase name="B_add_1_exten1102" time="42.293" classname="com.yeastar.swebtest.testcase.RegressionCase.pbxcase.OutboundRestriction">
    <failure type="java.lang.AssertionError" message="预期第1通电话1102呼出成功 【预期：3 实际：4】">
      <![CDATA[java.lang.AssertionError: 预期第1通电话1102呼出成功 【预期：3 实际：4】
	at com.yeastar.swebtest.tools.ysassert.YsAssert.fail(YsAssert.java:1092)
	at com.yeastar.swebtest.tools.ysassert.YsAssert.failNotEquals(YsAssert.java:583)
	at com.yeastar.swebtest.tools.ysassert.YsAssert.assertEqualsImpl(YsAssert.java:146)
	at com.yeastar.swebtest.tools.ysassert.YsAssert.assertEquals(YsAssert.java:120)
	at com.yeastar.swebtest.tools.ysassert.YsAssert.assertEquals(YsAssert.java:429)
	at com.yeastar.swebtest.testcase.RegressionCase.pbxcase.OutboundRestriction.B_add_1_exten1102(OutboundRestriction.java:146)
... Removed 27 stack frames]]>
    </failure>
  </testcase> <!-- B_add_1_exten1102 -->
  <testcase name="B_add_2_exten1102_cancel" time="38.607" classname="com.yeastar.swebtest.testcase.RegressionCase.pbxcase.OutboundRestriction"/>
  <testcase name="B_add_3_exten1102_cancelCall" time="21.703" classname="com.yeastar.swebtest.testcase.RegressionCase.pbxcase.OutboundRestriction">
    <failure type="java.lang.AssertionError" message="预期1102为Talking状态 【预期：3 实际：4】">
      <![CDATA[java.lang.AssertionError: 预期1102为Talking状态 【预期：3 实际：4】
	at com.yeastar.swebtest.tools.ysassert.YsAssert.fail(YsAssert.java:1092)
	at com.yeastar.swebtest.tools.ysassert.YsAssert.failNotEquals(YsAssert.java:583)
	at com.yeastar.swebtest.tools.ysassert.YsAssert.assertEqualsImpl(YsAssert.java:146)
	at com.yeastar.swebtest.tools.ysassert.YsAssert.assertEquals(YsAssert.java:120)
	at com.yeastar.swebtest.tools.ysassert.YsAssert.assertEquals(YsAssert.java:429)
	at com.yeastar.swebtest.testcase.RegressionCase.pbxcase.OutboundRestriction.B_add_3_exten1102_cancelCall(OutboundRestriction.java:179)
... Removed 27 stack frames]]>
    </failure>
  </testcase> <!-- B_add_3_exten1102_cancelCall -->
  <testcase name="C_delete" time="60.955" classname="com.yeastar.swebtest.testcase.RegressionCase.pbxcase.OutboundRestriction"/>
  <testcase name="A0_init" time="14.146" classname="com.yeastar.swebtest.testcase.RegressionCase.pbxcase.AutoCLIP"/>
  <testcase name="A1_clip_default" time="38.079" classname="com.yeastar.swebtest.testcase.RegressionCase.pbxcase.AutoCLIP"/>
  <testcase name="A2_makeCall" time="59.81" classname="com.yeastar.swebtest.testcase.RegressionCase.pbxcase.AutoCLIP">
    <failure type="java.lang.AssertionError" message="CDR呼叫方检测 【预期：3001 [3001] 实际：1000 [1000]】">
      <![CDATA[java.lang.AssertionError: CDR呼叫方检测 【预期：3001 [3001] 实际：1000 [1000]】
	at com.yeastar.swebtest.tools.ysassert.YsAssert.fail(YsAssert.java:1092)
	at com.yeastar.swebtest.tools.ysassert.YsAssert.failNotEquals(YsAssert.java:583)
	at com.yeastar.swebtest.tools.ysassert.YsAssert.assertEqualsImpl(YsAssert.java:146)
	at com.yeastar.swebtest.tools.ysassert.YsAssert.assertEquals(YsAssert.java:120)
	at com.yeastar.swebtest.tools.ysassert.YsAssert.assertEquals(YsAssert.java:203)
	at com.yeastar.swebtest.driver.YSMethod.YS_Extension.checkCDR(YS_Extension.java:290)
	at com.yeastar.swebtest.driver.YSMethod.YS_Extension.checkCDR(YS_Extension.java:280)
	at com.yeastar.swebtest.testcase.RegressionCase.pbxcase.AutoCLIP.A2_makeCall(AutoCLIP.java:93)
... Removed 27 stack frames]]>
    </failure>
  </testcase> <!-- A2_makeCall -->
  <testcase name="A3_makeCall" time="40.642" classname="com.yeastar.swebtest.testcase.RegressionCase.pbxcase.AutoCLIP">
    <failure type="java.lang.AssertionError" message="CDR呼叫方检测 【预期：3001 [3001] 实际：1000 [1000]】">
      <![CDATA[java.lang.AssertionError: CDR呼叫方检测 【预期：3001 [3001] 实际：1000 [1000]】
	at com.yeastar.swebtest.tools.ysassert.YsAssert.fail(YsAssert.java:1092)
	at com.yeastar.swebtest.tools.ysassert.YsAssert.failNotEquals(YsAssert.java:583)
	at com.yeastar.swebtest.tools.ysassert.YsAssert.assertEqualsImpl(YsAssert.java:146)
	at com.yeastar.swebtest.tools.ysassert.YsAssert.assertEquals(YsAssert.java:120)
	at com.yeastar.swebtest.tools.ysassert.YsAssert.assertEquals(YsAssert.java:203)
	at com.yeastar.swebtest.driver.YSMethod.YS_Extension.checkCDR(YS_Extension.java:290)
	at com.yeastar.swebtest.driver.YSMethod.YS_Extension.checkCDR(YS_Extension.java:280)
	at com.yeastar.swebtest.testcase.RegressionCase.pbxcase.AutoCLIP.A3_makeCall(AutoCLIP.java:118)
... Removed 27 stack frames]]>
    </failure>
  </testcase> <!-- A3_makeCall -->
  <testcase name="B_deleteUsedRecords" time="73.204" classname="com.yeastar.swebtest.testcase.RegressionCase.pbxcase.AutoCLIP">
    <failure type="java.lang.AssertionError" message="CDR呼叫方检测 【预期：3001 [3001] 实际：1000 [1000]】">
      <![CDATA[java.lang.AssertionError: CDR呼叫方检测 【预期：3001 [3001] 实际：1000 [1000]】
	at com.yeastar.swebtest.tools.ysassert.YsAssert.fail(YsAssert.java:1092)
	at com.yeastar.swebtest.tools.ysassert.YsAssert.failNotEquals(YsAssert.java:583)
	at com.yeastar.swebtest.tools.ysassert.YsAssert.assertEqualsImpl(YsAssert.java:146)
	at com.yeastar.swebtest.tools.ysassert.YsAssert.assertEquals(YsAssert.java:120)
	at com.yeastar.swebtest.tools.ysassert.YsAssert.assertEquals(YsAssert.java:203)
	at com.yeastar.swebtest.driver.YSMethod.YS_Extension.checkCDR(YS_Extension.java:290)
	at com.yeastar.swebtest.driver.YSMethod.YS_Extension.checkCDR(YS_Extension.java:280)
	at com.yeastar.swebtest.testcase.RegressionCase.pbxcase.AutoCLIP.B_deleteUsedRecords(AutoCLIP.java:150)
... Removed 27 stack frames]]>
    </failure>
  </testcase> <!-- B_deleteUsedRecords -->
  <testcase name="C_OnlyKeepMissedCallRecords" time="64.331" classname="com.yeastar.swebtest.testcase.RegressionCase.pbxcase.AutoCLIP"/>
  <testcase name="D_MatchOutgoingTrunk" time="73.353" classname="com.yeastar.swebtest.testcase.RegressionCase.pbxcase.AutoCLIP">
    <failure type="java.lang.AssertionError" message="CDR呼叫方检测 【预期：3001 [3001] 实际：1000 [1000]】">
      <![CDATA[java.lang.AssertionError: CDR呼叫方检测 【预期：3001 [3001] 实际：1000 [1000]】
	at com.yeastar.swebtest.tools.ysassert.YsAssert.fail(YsAssert.java:1092)
	at com.yeastar.swebtest.tools.ysassert.YsAssert.failNotEquals(YsAssert.java:583)
	at com.yeastar.swebtest.tools.ysassert.YsAssert.assertEqualsImpl(YsAssert.java:146)
	at com.yeastar.swebtest.tools.ysassert.YsAssert.assertEquals(YsAssert.java:120)
	at com.yeastar.swebtest.tools.ysassert.YsAssert.assertEquals(YsAssert.java:203)
	at com.yeastar.swebtest.driver.YSMethod.YS_Extension.checkCDR(YS_Extension.java:290)
	at com.yeastar.swebtest.driver.YSMethod.YS_Extension.checkCDR(YS_Extension.java:280)
	at com.yeastar.swebtest.testcase.RegressionCase.pbxcase.AutoCLIP.D_MatchOutgoingTrunk(AutoCLIP.java:234)
... Removed 27 stack frames]]>
    </failure>
  </testcase> <!-- D_MatchOutgoingTrunk -->
  <testcase name="E_Disable_AutoCLIP" time="80.257" classname="com.yeastar.swebtest.testcase.RegressionCase.pbxcase.AutoCLIP">
    <failure type="java.lang.AssertionError" message="CDR呼叫方检测 【预期：3001 [3001] 实际：1000 [1000]】">
      <![CDATA[java.lang.AssertionError: CDR呼叫方检测 【预期：3001 [3001] 实际：1000 [1000]】
	at com.yeastar.swebtest.tools.ysassert.YsAssert.fail(YsAssert.java:1092)
	at com.yeastar.swebtest.tools.ysassert.YsAssert.failNotEquals(YsAssert.java:583)
	at com.yeastar.swebtest.tools.ysassert.YsAssert.assertEqualsImpl(YsAssert.java:146)
	at com.yeastar.swebtest.tools.ysassert.YsAssert.assertEquals(YsAssert.java:120)
	at com.yeastar.swebtest.tools.ysassert.YsAssert.assertEquals(YsAssert.java:203)
	at com.yeastar.swebtest.driver.YSMethod.YS_Extension.checkCDR(YS_Extension.java:290)
	at com.yeastar.swebtest.driver.YSMethod.YS_Extension.checkCDR(YS_Extension.java:280)
	at com.yeastar.swebtest.testcase.RegressionCase.pbxcase.AutoCLIP.E_Disable_AutoCLIP(AutoCLIP.java:279)
... Removed 27 stack frames]]>
    </failure>
  </testcase> <!-- E_Disable_AutoCLIP -->
  <testcase name="AA0_Register" time="22.057" classname="com.yeastar.swebtest.testcase.RegressionCase.pbxcase.Conference"/>
  <testcase name="AA1_InitConference" time="51.301" classname="com.yeastar.swebtest.testcase.RegressionCase.pbxcase.Conference"/>
  <testcase name="A_add_conference1" time="12.262" classname="com.yeastar.swebtest.testcase.RegressionCase.pbxcase.Conference"/>
  <testcase name="A_add_conference2" time="13.661" classname="com.yeastar.swebtest.testcase.RegressionCase.pbxcase.Conference"/>
  <testcase name="B_editInRoute1" time="34.415" classname="com.yeastar.swebtest.testcase.RegressionCase.pbxcase.Conference"/>
  <testcase name="C_CallIn1" time="12.941" classname="com.yeastar.swebtest.testcase.RegressionCase.pbxcase.Conference"/>
  <testcase name="C_CallIn2" time="12.406" classname="com.yeastar.swebtest.testcase.RegressionCase.pbxcase.Conference"/>
  <testcase name="C_CallIn3" time="12.566" classname="com.yeastar.swebtest.testcase.RegressionCase.pbxcase.Conference"/>
  <testcase name="C_CallIn4" time="13.471" classname="com.yeastar.swebtest.testcase.RegressionCase.pbxcase.Conference"/>
  <testcase name="C_CallIn5" time="27.12" classname="com.yeastar.swebtest.testcase.RegressionCase.pbxcase.Conference"/>
  <testcase name="D_callin1" time="18.821" classname="com.yeastar.swebtest.testcase.RegressionCase.pbxcase.Conference">
    <failure type="java.lang.AssertionError" message="预期会议室6402有1个成员 【预期：1 实际：0】">
      <![CDATA[java.lang.AssertionError: 预期会议室6402有1个成员 【预期：1 实际：0】
	at com.yeastar.swebtest.tools.ysassert.YsAssert.fail(YsAssert.java:1092)
	at com.yeastar.swebtest.tools.ysassert.YsAssert.failNotEquals(YsAssert.java:583)
	at com.yeastar.swebtest.tools.ysassert.YsAssert.assertEqualsImpl(YsAssert.java:146)
	at com.yeastar.swebtest.tools.ysassert.YsAssert.assertEquals(YsAssert.java:120)
	at com.yeastar.swebtest.tools.ysassert.YsAssert.assertEquals(YsAssert.java:429)
	at com.yeastar.swebtest.testcase.RegressionCase.pbxcase.Conference.D_callin1(Conference.java:163)
... Removed 27 stack frames]]>
    </failure>
  </testcase> <!-- D_callin1 -->
  <testcase name="D_callin2" time="24.172" classname="com.yeastar.swebtest.testcase.RegressionCase.pbxcase.Conference"/>
  <testcase name="D_callin3" time="12.962" classname="com.yeastar.swebtest.testcase.RegressionCase.pbxcase.Conference"/>
  <testcase name="D_callin4" time="35.021" classname="com.yeastar.swebtest.testcase.RegressionCase.pbxcase.Conference"/>
  <testcase name="D_callin5" time="29.026" classname="com.yeastar.swebtest.testcase.RegressionCase.pbxcase.Conference"/>
  <testcase name="E_invite" time="26.475" classname="com.yeastar.swebtest.testcase.RegressionCase.pbxcase.Conference">
    <failure type="java.lang.AssertionError" message="预计产生多条CDR，但没有找到匹配">
      <![CDATA[java.lang.AssertionError: 预计产生多条CDR，但没有找到匹配
	at com.yeastar.swebtest.tools.ysassert.YsAssert.fail(YsAssert.java:1092)
	at com.yeastar.swebtest.driver.YSMethod.YS_Extension.checkCDR(YS_Extension.java:348)
	at com.yeastar.swebtest.testcase.RegressionCase.pbxcase.Conference.E_invite(Conference.java:228)
... Removed 27 stack frames]]>
    </failure>
  </testcase> <!-- E_invite -->
  <testcase name="F_delete" time="49.578" classname="com.yeastar.swebtest.testcase.RegressionCase.pbxcase.Conference"/>
  <testcase name="G_recovery" time="32.189" classname="com.yeastar.swebtest.testcase.RegressionCase.pbxcase.Conference"/>
  <testcase name="A0_Register" time="29.046" classname="com.yeastar.swebtest.testcase.RegressionCase.pbxcase.Extension"/>
  <testcase name="A1_sip" time="41.174" classname="com.yeastar.swebtest.testcase.RegressionCase.pbxcase.Extension">
    <failure type="java.lang.AssertionError" message=" 录音失败">
      <![CDATA[java.lang.AssertionError:  录音失败
	at com.yeastar.swebtest.tools.ysassert.YsAssert.fail(YsAssert.java:1092)
	at com.yeastar.swebtest.testcase.RegressionCase.pbxcase.Extension.A1_sip(Extension.java:136)
... Removed 27 stack frames]]>
    </failure>
  </testcase> <!-- A1_sip -->
  <testcase name="A2_sip" time="29.861" classname="com.yeastar.swebtest.testcase.RegressionCase.pbxcase.Extension"/>
  <testcase name="A3_fxs" time="35.342" classname="com.yeastar.swebtest.testcase.RegressionCase.pbxcase.Extension"/>
  <testcase name="A4_fxs" time="40.288" classname="com.yeastar.swebtest.testcase.RegressionCase.pbxcase.Extension"/>
  <testcase name="B1_AttendTranfer" time="50.804" classname="com.yeastar.swebtest.testcase.RegressionCase.pbxcase.Extension"/>
  <testcase name="B2_AttendTranferTimeout" time="44.573" classname="com.yeastar.swebtest.testcase.RegressionCase.pbxcase.Extension">
    <failure type="java.lang.AssertionError" message="预计产生多条CDR，但没有找到匹配">
      <![CDATA[java.lang.AssertionError: 预计产生多条CDR，但没有找到匹配
	at com.yeastar.swebtest.tools.ysassert.YsAssert.fail(YsAssert.java:1092)
	at com.yeastar.swebtest.driver.YSMethod.YS_Extension.checkCDR(YS_Extension.java:348)
	at com.yeastar.swebtest.testcase.RegressionCase.pbxcase.Extension.B2_AttendTranferTimeout(Extension.java:219)
... Removed 27 stack frames]]>
    </failure>
  </testcase> <!-- B2_AttendTranferTimeout -->
  <testcase name="B3_BlindTransfer" time="40.817" classname="com.yeastar.swebtest.testcase.RegressionCase.pbxcase.Extension"/>
  <testcase name="C1_callpark" time="50.221" classname="com.yeastar.swebtest.testcase.RegressionCase.pbxcase.Extension"/>
  <testcase name="C2_callpark" time="53.139" classname="com.yeastar.swebtest.testcase.RegressionCase.pbxcase.Extension"/>
  <testcase name="D1_callforward" time="32.805" classname="com.yeastar.swebtest.testcase.RegressionCase.pbxcase.Extension"/>
  <testcase name="D2_cancellForward" time="31.901" classname="com.yeastar.swebtest.testcase.RegressionCase.pbxcase.Extension"/>
  <testcase name="E1_whenbusy" time="48.844" classname="com.yeastar.swebtest.testcase.RegressionCase.pbxcase.Extension"/>
  <testcase name="E2_cancelWhenBusy" time="40.273" classname="com.yeastar.swebtest.testcase.RegressionCase.pbxcase.Extension"/>
  <testcase name="F1_NoAnswer" time="67.158" classname="com.yeastar.swebtest.testcase.RegressionCase.pbxcase.Extension"/>
  <testcase name="F2_NoAnswer" time="55.853" classname="com.yeastar.swebtest.testcase.RegressionCase.pbxcase.Extension"/>
  <testcase name="G1_dnd" time="13.208" classname="com.yeastar.swebtest.testcase.RegressionCase.pbxcase.Extension"/>
  <testcase name="G2_canceldnd" time="30.97" classname="com.yeastar.swebtest.testcase.RegressionCase.pbxcase.Extension"/>
  <testcase name="H1_resetToDefault" time="7.094" classname="com.yeastar.swebtest.testcase.RegressionCase.pbxcase.Extension"/>
  <testcase name="I_Voicemail" time="79.77" classname="com.yeastar.swebtest.testcase.RegressionCase.pbxcase.Extension"/>
  <testcase name="J_internal" time="48.435" classname="com.yeastar.swebtest.testcase.RegressionCase.pbxcase.Extension"/>
  <testcase name="K1_check_Voicemail" time="55.786" classname="com.yeastar.swebtest.testcase.RegressionCase.pbxcase.Extension"/>
  <testcase name="K2_Check_OneTouchRecord" time="4.84" classname="com.yeastar.swebtest.testcase.RegressionCase.pbxcase.Extension"/>
  <testcase name="A0_register" time="16.567" classname="com.yeastar.swebtest.testcase.RegressionCase.pbxcase.Disa_PinList"/>
  <testcase name="A1_CreatePin" time="16.907" classname="com.yeastar.swebtest.testcase.RegressionCase.pbxcase.Disa_PinList"/>
  <testcase name="B1_CreateDisa" time="36.249" classname="com.yeastar.swebtest.testcase.RegressionCase.pbxcase.Disa_PinList"/>
  <testcase name="B2_EditInroute" time="38.835" classname="com.yeastar.swebtest.testcase.RegressionCase.pbxcase.Disa_PinList"/>
  <testcase name="C1_CalltoDISA1" time="50.547" classname="com.yeastar.swebtest.testcase.RegressionCase.pbxcase.Disa_PinList">
    <failure type="java.lang.AssertionError" message="预期3001会Talking 【预期：3 实际：-1】">
      <![CDATA[java.lang.AssertionError: 预期3001会Talking 【预期：3 实际：-1】
	at com.yeastar.swebtest.tools.ysassert.YsAssert.fail(YsAssert.java:1092)
	at com.yeastar.swebtest.tools.ysassert.YsAssert.failNotEquals(YsAssert.java:583)
	at com.yeastar.swebtest.tools.ysassert.YsAssert.assertEqualsImpl(YsAssert.java:146)
	at com.yeastar.swebtest.tools.ysassert.YsAssert.assertEquals(YsAssert.java:120)
	at com.yeastar.swebtest.tools.ysassert.YsAssert.assertEquals(YsAssert.java:429)
	at com.yeastar.swebtest.driver.SwebDriver.ysAssertWithHangup(SwebDriver.java:912)
	at com.yeastar.swebtest.testcase.RegressionCase.pbxcase.Disa_PinList.C1_CalltoDISA1(Disa_PinList.java:124)
... Removed 27 stack frames]]>
    </failure>
  </testcase> <!-- C1_CalltoDISA1 -->
  <testcase name="D1_EditDisa" time="40.147" classname="com.yeastar.swebtest.testcase.RegressionCase.pbxcase.Disa_PinList"/>
  <testcase name="D2_CalltoDISA1" time="54.98" classname="com.yeastar.swebtest.testcase.RegressionCase.pbxcase.Disa_PinList">
    <failure type="java.lang.AssertionError" message="预期3002会Talking 【预期：3 实际：-1】">
      <![CDATA[java.lang.AssertionError: 预期3002会Talking 【预期：3 实际：-1】
	at com.yeastar.swebtest.tools.ysassert.YsAssert.fail(YsAssert.java:1092)
	at com.yeastar.swebtest.tools.ysassert.YsAssert.failNotEquals(YsAssert.java:583)
	at com.yeastar.swebtest.tools.ysassert.YsAssert.assertEqualsImpl(YsAssert.java:146)
	at com.yeastar.swebtest.tools.ysassert.YsAssert.assertEquals(YsAssert.java:120)
	at com.yeastar.swebtest.tools.ysassert.YsAssert.assertEquals(YsAssert.java:429)
	at com.yeastar.swebtest.driver.SwebDriver.ysAssertWithHangup(SwebDriver.java:912)
	at com.yeastar.swebtest.testcase.RegressionCase.pbxcase.Disa_PinList.D2_CalltoDISA1(Disa_PinList.java:167)
... Removed 27 stack frames]]>
    </failure>
  </testcase> <!-- D2_CalltoDISA1 -->
  <testcase name="E_Disa1" time="72.415" classname="com.yeastar.swebtest.testcase.RegressionCase.pbxcase.Disa_PinList">
    <failure type="java.lang.AssertionError" message="外线呼出进入pin1List 【预期：true 实际：false】">
      <![CDATA[java.lang.AssertionError: 外线呼出进入pin1List 【预期：true 实际：false】
	at com.yeastar.swebtest.tools.ysassert.YsAssert.fail(YsAssert.java:1092)
	at com.yeastar.swebtest.tools.ysassert.YsAssert.failNotEquals(YsAssert.java:583)
	at com.yeastar.swebtest.tools.ysassert.YsAssert.assertEqualsImpl(YsAssert.java:146)
	at com.yeastar.swebtest.tools.ysassert.YsAssert.assertEquals(YsAssert.java:120)
	at com.yeastar.swebtest.tools.ysassert.YsAssert.assertEquals(YsAssert.java:337)
	at com.yeastar.swebtest.testcase.RegressionCase.pbxcase.Disa_PinList.E_Disa1(Disa_PinList.java:180)
... Removed 27 stack frames]]>
    </failure>
  </testcase> <!-- E_Disa1 -->
  <testcase name="G_Delete" time="107.042" classname="com.yeastar.swebtest.testcase.RegressionCase.pbxcase.Disa_PinList"/>
  <testcase name="G_Recovery" time="35.145" classname="com.yeastar.swebtest.testcase.RegressionCase.pbxcase.Disa_PinList"/>
  <testcase name="A0_Register" time="26.358" classname="com.yeastar.swebtest.testcase.RegressionCase.pbxcase.EmergencyNumber"/>
  <testcase name="A1_EmergencyNumber" time="27.785" classname="com.yeastar.swebtest.testcase.RegressionCase.pbxcase.EmergencyNumber"/>
  <testcase name="A2_EmergencyNumber_call" time="77.298" classname="com.yeastar.swebtest.testcase.RegressionCase.pbxcase.EmergencyNumber"/>
  <testcase name="B1_EditEmergencyNumber_prepend" time="21.459" classname="com.yeastar.swebtest.testcase.RegressionCase.pbxcase.EmergencyNumber"/>
  <testcase name="B2_EditEmergencyNumber_prepend_call" time="82.337" classname="com.yeastar.swebtest.testcase.RegressionCase.pbxcase.EmergencyNumber"/>
  <testcase name="C1_DeleteEmergencyNumber" time="71.338" classname="com.yeastar.swebtest.testcase.RegressionCase.pbxcase.EmergencyNumber"/>
  <testcase name="C2_Delete_Call" time="26.175" classname="com.yeastar.swebtest.testcase.RegressionCase.pbxcase.EmergencyNumber"/>
  <testcase name="D_BlukDelete" time="50.121" classname="com.yeastar.swebtest.testcase.RegressionCase.pbxcase.EmergencyNumber"/>
  <testcase name="A0_Register" time="0.001" classname="com.yeastar.swebtest.testcase.RegressionCase.pbxcase.Blacklist_Whitelist">
    <skipped/>
  </testcase> <!-- A0_Register -->
  <testcase name="A1_EditInRoute1" time="0.0" classname="com.yeastar.swebtest.testcase.RegressionCase.pbxcase.Blacklist_Whitelist">
    <skipped/>
  </testcase> <!-- A1_EditInRoute1 -->
  <testcase name="B1_blackList1_In_2001_add" time="0.0" classname="com.yeastar.swebtest.testcase.RegressionCase.pbxcase.Blacklist_Whitelist">
    <skipped/>
  </testcase> <!-- B1_blackList1_In_2001_add -->
  <testcase name="B2_blackList1_In_2001_call" time="0.0" classname="com.yeastar.swebtest.testcase.RegressionCase.pbxcase.Blacklist_Whitelist">
    <skipped/>
  </testcase> <!-- B2_blackList1_In_2001_call -->
  <testcase name="C1_blackList2_Out_3001_add" time="0.0" classname="com.yeastar.swebtest.testcase.RegressionCase.pbxcase.Blacklist_Whitelist">
    <skipped/>
  </testcase> <!-- C1_blackList2_Out_3001_add -->
  <testcase name="C2_blackList2_Out_3001_call" time="0.0" classname="com.yeastar.swebtest.testcase.RegressionCase.pbxcase.Blacklist_Whitelist">
    <skipped/>
  </testcase> <!-- C2_blackList2_Out_3001_call -->
  <testcase name="D1_whiteList1_Both_2001_add" time="0.0" classname="com.yeastar.swebtest.testcase.RegressionCase.pbxcase.Blacklist_Whitelist">
    <skipped/>
  </testcase> <!-- D1_whiteList1_Both_2001_add -->
  <testcase name="D2_whiteList1_Both_2001_call" time="0.0" classname="com.yeastar.swebtest.testcase.RegressionCase.pbxcase.Blacklist_Whitelist">
    <skipped/>
  </testcase> <!-- D2_whiteList1_Both_2001_call -->
  <testcase name="E1_whiteList2_Out_3001_add" time="0.0" classname="com.yeastar.swebtest.testcase.RegressionCase.pbxcase.Blacklist_Whitelist">
    <skipped/>
  </testcase> <!-- E1_whiteList2_Out_3001_add -->
  <testcase name="E2_whiteList2_Out_3001_call" time="0.0" classname="com.yeastar.swebtest.testcase.RegressionCase.pbxcase.Blacklist_Whitelist">
    <skipped/>
  </testcase> <!-- E2_whiteList2_Out_3001_call -->
  <testcase name="F1_blackList2_In_3001_edit" time="0.0" classname="com.yeastar.swebtest.testcase.RegressionCase.pbxcase.Blacklist_Whitelist">
    <skipped/>
  </testcase> <!-- F1_blackList2_In_3001_edit -->
  <testcase name="F2_blackList2_In_3001_callout" time="0.0" classname="com.yeastar.swebtest.testcase.RegressionCase.pbxcase.Blacklist_Whitelist">
    <skipped/>
  </testcase> <!-- F2_blackList2_In_3001_callout -->
  <testcase name="F3_blackList2_In_3001_callin" time="0.001" classname="com.yeastar.swebtest.testcase.RegressionCase.pbxcase.Blacklist_Whitelist">
    <skipped/>
  </testcase> <!-- F3_blackList2_In_3001_callin -->
  <testcase name="G1_whiteList1_Out_2001_edit" time="0.0" classname="com.yeastar.swebtest.testcase.RegressionCase.pbxcase.Blacklist_Whitelist">
    <skipped/>
  </testcase> <!-- G1_whiteList1_Out_2001_edit -->
  <testcase name="G2_whiteList1_Out_2001_callin" time="0.0" classname="com.yeastar.swebtest.testcase.RegressionCase.pbxcase.Blacklist_Whitelist">
    <skipped/>
  </testcase> <!-- G2_whiteList1_Out_2001_callin -->
  <testcase name="G3_whiteList1_Out_2001_callout" time="0.001" classname="com.yeastar.swebtest.testcase.RegressionCase.pbxcase.Blacklist_Whitelist">
    <skipped/>
  </testcase> <!-- G3_whiteList1_Out_2001_callout -->
  <testcase name="H_Export" time="0.0" classname="com.yeastar.swebtest.testcase.RegressionCase.pbxcase.Blacklist_Whitelist">
    <skipped/>
  </testcase> <!-- H_Export -->
  <testcase name="I_DeleteBlackList" time="0.0" classname="com.yeastar.swebtest.testcase.RegressionCase.pbxcase.Blacklist_Whitelist">
    <skipped/>
  </testcase> <!-- I_DeleteBlackList -->
  <testcase name="J_DeleteWhiteList" time="0.0" classname="com.yeastar.swebtest.testcase.RegressionCase.pbxcase.Blacklist_Whitelist">
    <skipped/>
  </testcase> <!-- J_DeleteWhiteList -->
  <testcase name="K_Recovery" time="0.001" classname="com.yeastar.swebtest.testcase.RegressionCase.pbxcase.Blacklist_Whitelist">
    <skipped/>
  </testcase> <!-- K_Recovery -->
</testsuite> <!-- pbxcore -->
