<?xml version="1.0" encoding="UTF-8"?>
<!-- Generated by org.testng.reporters.JUnitXMLReporter -->
<testsuite hostname="Yeastar-PC" name="pbxcore" tests="119" failures="3" timestamp="9 May 2018 04:51:34 GMT" time="5387.348" errors="0">
  <testcase name="A1_Init" time="31.255" classname="com.yeastar.swebtest.testcase.DetailCase.pbxcase.Conference"/>
  <testcase name="A2_AddConferences" time="16.006" classname="com.yeastar.swebtest.testcase.DetailCase.pbxcase.Conference"/>
  <testcase name="A2_AddConferences" time="14.541" classname="com.yeastar.swebtest.testcase.DetailCase.pbxcase.Conference"/>
  <testcase name="A2_AddConferences" time="14.804" classname="com.yeastar.swebtest.testcase.DetailCase.pbxcase.Conference"/>
  <testcase name="B1_AddInbound" time="20.909" classname="com.yeastar.swebtest.testcase.DetailCase.pbxcase.Conference"/>
  <testcase name="B2_AddInbound" time="31.634" classname="com.yeastar.swebtest.testcase.DetailCase.pbxcase.Conference"/>
  <testcase name="B2_AddInbound" time="31.892" classname="com.yeastar.swebtest.testcase.DetailCase.pbxcase.Conference"/>
  <testcase name="B2_AddInbound" time="31.097" classname="com.yeastar.swebtest.testcase.DetailCase.pbxcase.Conference"/>
  <testcase name="B3_Apply" time="8.385" classname="com.yeastar.swebtest.testcase.DetailCase.pbxcase.Conference"/>
  <testcase name="C1_extension" time="33.197" classname="com.yeastar.swebtest.testcase.DetailCase.pbxcase.Conference"/>
  <testcase name="C2_sps" time="32.083" classname="com.yeastar.swebtest.testcase.DetailCase.pbxcase.Conference"/>
  <testcase name="C3_sip" time="31.844" classname="com.yeastar.swebtest.testcase.DetailCase.pbxcase.Conference"/>
  <testcase name="C4_spx" time="26.052" classname="com.yeastar.swebtest.testcase.DetailCase.pbxcase.Conference"/>
  <testcase name="C5_iax1" time="31.816" classname="com.yeastar.swebtest.testcase.DetailCase.pbxcase.Conference"/>
  <testcase name="C5_iax2" time="0.0" classname="com.yeastar.swebtest.testcase.DetailCase.pbxcase.Conference"/>
  <testcase name="C6_fxo" time="25.877" classname="com.yeastar.swebtest.testcase.DetailCase.pbxcase.Conference"/>
  <testcase name="C7_bri" time="25.955" classname="com.yeastar.swebtest.testcase.DetailCase.pbxcase.Conference"/>
  <testcase name="C8_e1" time="0.0" classname="com.yeastar.swebtest.testcase.DetailCase.pbxcase.Conference"/>
  <testcase name="C9_gsm" time="0.0" classname="com.yeastar.swebtest.testcase.DetailCase.pbxcase.Conference"/>
  <testcase name="Ca1_hangup_extension" time="27.948" classname="com.yeastar.swebtest.testcase.DetailCase.pbxcase.Conference"/>
  <testcase name="Ca2_hangup_sps" time="29.54" classname="com.yeastar.swebtest.testcase.DetailCase.pbxcase.Conference"/>
  <testcase name="Ca3_hangup_sip" time="29.277" classname="com.yeastar.swebtest.testcase.DetailCase.pbxcase.Conference"/>
  <testcase name="Ca4_hangup_spx" time="21.528" classname="com.yeastar.swebtest.testcase.DetailCase.pbxcase.Conference"/>
  <testcase name="Ca5_hangup_iax" time="21.431" classname="com.yeastar.swebtest.testcase.DetailCase.pbxcase.Conference"/>
  <testcase name="Ca6_hangup_fxo" time="21.617" classname="com.yeastar.swebtest.testcase.DetailCase.pbxcase.Conference"/>
  <testcase name="Ca7_hangup_bri" time="21.775" classname="com.yeastar.swebtest.testcase.DetailCase.pbxcase.Conference"/>
  <testcase name="Ca8_hangup_e1" time="0.001" classname="com.yeastar.swebtest.testcase.DetailCase.pbxcase.Conference"/>
  <testcase name="Ca9_hangup_gsm" time="0.001" classname="com.yeastar.swebtest.testcase.DetailCase.pbxcase.Conference"/>
  <testcase name="D1_Participant1" time="59.666" classname="com.yeastar.swebtest.testcase.DetailCase.pbxcase.Conference"/>
  <testcase name="D2_Participant2" time="35.176" classname="com.yeastar.swebtest.testcase.DetailCase.pbxcase.Conference"/>
  <testcase name="D3_Participant3" time="49.202" classname="com.yeastar.swebtest.testcase.DetailCase.pbxcase.Conference"/>
  <testcase name="D4_Participant4" time="145.302" classname="com.yeastar.swebtest.testcase.DetailCase.pbxcase.Conference"/>
  <testcase name="E1_Prompt" time="0.001" classname="com.yeastar.swebtest.testcase.DetailCase.pbxcase.Conference"/>
  <testcase name="F1_waitModerator" time="140.741" classname="com.yeastar.swebtest.testcase.DetailCase.pbxcase.Conference"/>
  <testcase name="G1_ModeratorPassword" time="99.986" classname="com.yeastar.swebtest.testcase.DetailCase.pbxcase.Conference"/>
  <testcase name="H1_AllowInvite" time="188.281" classname="com.yeastar.swebtest.testcase.DetailCase.pbxcase.Conference"/>
  <testcase name="I1_menu" time="0.001" classname="com.yeastar.swebtest.testcase.DetailCase.pbxcase.Conference"/>
  <testcase name="J1_delete" time="62.249" classname="com.yeastar.swebtest.testcase.DetailCase.pbxcase.Conference"/>
  <testcase name="K1_recovery" time="25.636" classname="com.yeastar.swebtest.testcase.DetailCase.pbxcase.Conference"/>
  <testcase name="K2_recovery" time="57.186" classname="com.yeastar.swebtest.testcase.DetailCase.pbxcase.Conference"/>
  <testcase name="A1_Init" time="22.948" classname="com.yeastar.swebtest.testcase.DetailCase.pbxcase.RingGroup"/>
  <testcase name="A2_AddRingGroups" time="15.001" classname="com.yeastar.swebtest.testcase.DetailCase.pbxcase.RingGroup"/>
  <testcase name="A2_AddRingGroups" time="19.536" classname="com.yeastar.swebtest.testcase.DetailCase.pbxcase.RingGroup"/>
  <testcase name="A2_AddRingGroups" time="20.208" classname="com.yeastar.swebtest.testcase.DetailCase.pbxcase.RingGroup"/>
  <testcase name="A2_AddRingGroups" time="21.093" classname="com.yeastar.swebtest.testcase.DetailCase.pbxcase.RingGroup"/>
  <testcase name="A2_AddRingGroups" time="21.478" classname="com.yeastar.swebtest.testcase.DetailCase.pbxcase.RingGroup"/>
  <testcase name="A2_AddRingGroups" time="20.306" classname="com.yeastar.swebtest.testcase.DetailCase.pbxcase.RingGroup"/>
  <testcase name="A2_AddRingGroups" time="18.468" classname="com.yeastar.swebtest.testcase.DetailCase.pbxcase.RingGroup"/>
  <testcase name="A2_AddRingGroups" time="18.326" classname="com.yeastar.swebtest.testcase.DetailCase.pbxcase.RingGroup"/>
  <testcase name="A3_add_cancel" time="20.614" classname="com.yeastar.swebtest.testcase.DetailCase.pbxcase.RingGroup"/>
  <testcase name="B_EditRingGroupFxs" time="25.625" classname="com.yeastar.swebtest.testcase.DetailCase.pbxcase.RingGroup"/>
  <testcase name="C_EditInRoute1" time="36.225" classname="com.yeastar.swebtest.testcase.DetailCase.pbxcase.RingGroup"/>
  <testcase name="D_InboundtoRingGroup_a" time="375.869" classname="com.yeastar.swebtest.testcase.DetailCase.pbxcase.RingGroup"/>
  <testcase name="E1_Sequentially" time="32.042" classname="com.yeastar.swebtest.testcase.DetailCase.pbxcase.RingGroup"/>
  <testcase name="E2_RingAll" time="69.332" classname="com.yeastar.swebtest.testcase.DetailCase.pbxcase.RingGroup"/>
  <testcase name="F1_FailtoHangup" time="88.648" classname="com.yeastar.swebtest.testcase.DetailCase.pbxcase.RingGroup"/>
  <testcase name="F2_FailtoExtension" time="52.12" classname="com.yeastar.swebtest.testcase.DetailCase.pbxcase.RingGroup"/>
  <testcase name="F3_FailtoIVR" time="54.571" classname="com.yeastar.swebtest.testcase.DetailCase.pbxcase.RingGroup"/>
  <testcase name="F4_FailtoRingGroup" time="67.907" classname="com.yeastar.swebtest.testcase.DetailCase.pbxcase.RingGroup"/>
  <testcase name="F5_FailtoQueue" time="72.825" classname="com.yeastar.swebtest.testcase.DetailCase.pbxcase.RingGroup">
    <failure type="java.lang.AssertionError" message="CDR被叫方检测 【预期：1100 [6700(1100)] 实际：6700 [6700(1100)]】">
      <![CDATA[java.lang.AssertionError: CDR被叫方检测 【预期：1100 [6700(1100)] 实际：6700 [6700(1100)]】
	at com.yeastar.swebtest.tools.ysassert.YsAssert.fail(YsAssert.java:1086)
	at com.yeastar.swebtest.tools.ysassert.YsAssert.failNotEquals(YsAssert.java:579)
	at com.yeastar.swebtest.tools.ysassert.YsAssert.assertEqualsImpl(YsAssert.java:142)
	at com.yeastar.swebtest.tools.ysassert.YsAssert.assertEquals(YsAssert.java:116)
	at com.yeastar.swebtest.tools.ysassert.YsAssert.assertEquals(YsAssert.java:199)
	at com.yeastar.swebtest.driver.YSMethod.YS_Extension.checkCDR(YS_Extension.java:263)
	at com.yeastar.swebtest.driver.YSMethod.YS_Extension.checkCDR(YS_Extension.java:252)
	at com.yeastar.swebtest.testcase.DetailCase.pbxcase.RingGroup.F5_FailtoQueue(RingGroup.java:689)
... Removed 27 stack frames]]>
    </failure>
  </testcase> <!-- F5_FailtoQueue -->
  <testcase name="F6_FailtoConference" time="52.261" classname="com.yeastar.swebtest.testcase.DetailCase.pbxcase.RingGroup">
    <failure type="java.lang.AssertionError" message="CDR被叫方检测 【预期：1000 [6207(6400)] 实际：6400 [6207(6400)]】">
      <![CDATA[java.lang.AssertionError: CDR被叫方检测 【预期：1000 [6207(6400)] 实际：6400 [6207(6400)]】
	at com.yeastar.swebtest.tools.ysassert.YsAssert.fail(YsAssert.java:1086)
	at com.yeastar.swebtest.tools.ysassert.YsAssert.failNotEquals(YsAssert.java:579)
	at com.yeastar.swebtest.tools.ysassert.YsAssert.assertEqualsImpl(YsAssert.java:142)
	at com.yeastar.swebtest.tools.ysassert.YsAssert.assertEquals(YsAssert.java:116)
	at com.yeastar.swebtest.tools.ysassert.YsAssert.assertEquals(YsAssert.java:199)
	at com.yeastar.swebtest.driver.YSMethod.YS_Extension.checkCDR(YS_Extension.java:263)
	at com.yeastar.swebtest.driver.YSMethod.YS_Extension.checkCDR(YS_Extension.java:252)
	at com.yeastar.swebtest.testcase.DetailCase.pbxcase.RingGroup.F6_FailtoConference(RingGroup.java:709)
... Removed 27 stack frames]]>
    </failure>
  </testcase> <!-- F6_FailtoConference -->
  <testcase name="F7_FailtoVoicemail" time="60.039" classname="com.yeastar.swebtest.testcase.DetailCase.pbxcase.RingGroup"/>
  <testcase name="F8_check_Voicemail" time="35.889" classname="com.yeastar.swebtest.testcase.DetailCase.pbxcase.RingGroup"/>
  <testcase name="G_delete" time="76.417" classname="com.yeastar.swebtest.testcase.DetailCase.pbxcase.RingGroup"/>
  <testcase name="H1_recovery" time="32.082" classname="com.yeastar.swebtest.testcase.DetailCase.pbxcase.RingGroup"/>
  <testcase name="H2_recovery" time="34.569" classname="com.yeastar.swebtest.testcase.DetailCase.pbxcase.RingGroup"/>
  <testcase name="A1_Init" time="23.059" classname="com.yeastar.swebtest.testcase.DetailCase.pbxcase.IVR"/>
  <testcase name="A2_AddIVR" time="20.83" classname="com.yeastar.swebtest.testcase.DetailCase.pbxcase.IVR"/>
  <testcase name="A2_AddIVR" time="41.375" classname="com.yeastar.swebtest.testcase.DetailCase.pbxcase.IVR"/>
  <testcase name="A2_AddIVR" time="30.612" classname="com.yeastar.swebtest.testcase.DetailCase.pbxcase.IVR"/>
  <testcase name="A2_AddIVR" time="38.271" classname="com.yeastar.swebtest.testcase.DetailCase.pbxcase.IVR"/>
  <testcase name="A2_AddIVR" time="30.024" classname="com.yeastar.swebtest.testcase.DetailCase.pbxcase.IVR"/>
  <testcase name="A2_AddIVR" time="37.959" classname="com.yeastar.swebtest.testcase.DetailCase.pbxcase.IVR"/>
  <testcase name="A2_AddIVR" time="36.527" classname="com.yeastar.swebtest.testcase.DetailCase.pbxcase.IVR"/>
  <testcase name="A2_AddIVR" time="29.991" classname="com.yeastar.swebtest.testcase.DetailCase.pbxcase.IVR"/>
  <testcase name="A3_EditKeys" time="89.364" classname="com.yeastar.swebtest.testcase.DetailCase.pbxcase.IVR"/>
  <testcase name="B_EditInRoute1" time="35.491" classname="com.yeastar.swebtest.testcase.DetailCase.pbxcase.IVR"/>
  <testcase name="C0_backup" time="37.251" classname="com.yeastar.swebtest.testcase.DetailCase.pbxcase.IVR"/>
  <testcase name="C1_sip_key0_1000" time="57.473" classname="com.yeastar.swebtest.testcase.DetailCase.pbxcase.IVR"/>
  <testcase name="C2_sps_keyj_1100" time="65.087" classname="com.yeastar.swebtest.testcase.DetailCase.pbxcase.IVR"/>
  <testcase name="C3_iax_key0_1000" time="48.829" classname="com.yeastar.swebtest.testcase.DetailCase.pbxcase.IVR"/>
  <testcase name="C4_spx_key0_1000" time="79.01" classname="com.yeastar.swebtest.testcase.DetailCase.pbxcase.IVR"/>
  <testcase name="C5_fxo_key0_1000" time="39.003" classname="com.yeastar.swebtest.testcase.DetailCase.pbxcase.IVR"/>
  <testcase name="C6_bri_key0_1000" time="41.348" classname="com.yeastar.swebtest.testcase.DetailCase.pbxcase.IVR"/>
  <testcase name="C7_e1_key0_1000" time="0.0" classname="com.yeastar.swebtest.testcase.DetailCase.pbxcase.IVR"/>
  <testcase name="C8_gsm_key0_1000" time="0.0" classname="com.yeastar.swebtest.testcase.DetailCase.pbxcase.IVR"/>
  <testcase name="D1_key1_callback" time="56.26" classname="com.yeastar.swebtest.testcase.DetailCase.pbxcase.IVR"/>
  <testcase name="D2_key2_voicemail1" time="68.185" classname="com.yeastar.swebtest.testcase.DetailCase.pbxcase.IVR"/>
  <testcase name="D2_key2_voicemail2" time="25.188" classname="com.yeastar.swebtest.testcase.DetailCase.pbxcase.IVR"/>
  <testcase name="D2_key2_voicemail3" time="22.238" classname="com.yeastar.swebtest.testcase.DetailCase.pbxcase.IVR"/>
  <testcase name="D3_key3_ringgroup" time="49.015" classname="com.yeastar.swebtest.testcase.DetailCase.pbxcase.IVR"/>
  <testcase name="D4_key4_queue" time="47.845" classname="com.yeastar.swebtest.testcase.DetailCase.pbxcase.IVR"/>
  <testcase name="D5_key5_conference" time="37.785" classname="com.yeastar.swebtest.testcase.DetailCase.pbxcase.IVR"/>
  <testcase name="D6_key6_custom_prompt" time="55.162" classname="com.yeastar.swebtest.testcase.DetailCase.pbxcase.IVR"/>
  <testcase name="D7_key7_ivr" time="49.108" classname="com.yeastar.swebtest.testcase.DetailCase.pbxcase.IVR"/>
  <testcase name="D8_key8_fxs" time="35.664" classname="com.yeastar.swebtest.testcase.DetailCase.pbxcase.IVR"/>
  <testcase name="D90_key9_dialbyname" time="57.765" classname="com.yeastar.swebtest.testcase.DetailCase.pbxcase.IVR"/>
  <testcase name="D91_keyj_1100" time="40.541" classname="com.yeastar.swebtest.testcase.DetailCase.pbxcase.IVR"/>
  <testcase name="D92_keyx_1101" time="48.62" classname="com.yeastar.swebtest.testcase.DetailCase.pbxcase.IVR"/>
  <testcase name="D93_TimeOut" time="113.066" classname="com.yeastar.swebtest.testcase.DetailCase.pbxcase.IVR"/>
  <testcase name="D94_Invalid" time="53.149" classname="com.yeastar.swebtest.testcase.DetailCase.pbxcase.IVR"/>
  <testcase name="E1_DialExtension_1103" time="44.872" classname="com.yeastar.swebtest.testcase.DetailCase.pbxcase.IVR"/>
  <testcase name="E2_DialExtension_ringgroup1" time="47.486" classname="com.yeastar.swebtest.testcase.DetailCase.pbxcase.IVR"/>
  <testcase name="E3_DialExtension_disable" time="36.967" classname="com.yeastar.swebtest.testcase.DetailCase.pbxcase.IVR"/>
  <testcase name="F1_DialOut_sip" time="37.722" classname="com.yeastar.swebtest.testcase.DetailCase.pbxcase.IVR"/>
  <testcase name="F2_DialOut_sps" time="40.712" classname="com.yeastar.swebtest.testcase.DetailCase.pbxcase.IVR"/>
  <testcase name="F3_DialOut_iax" time="37.701" classname="com.yeastar.swebtest.testcase.DetailCase.pbxcase.IVR"/>
  <testcase name="F4_DialOut_spx" time="37.687" classname="com.yeastar.swebtest.testcase.DetailCase.pbxcase.IVR"/>
  <testcase name="F5_DialOut_fxo" time="41.629" classname="com.yeastar.swebtest.testcase.DetailCase.pbxcase.IVR"/>
  <testcase name="F6_DialOut_bri" time="38.547" classname="com.yeastar.swebtest.testcase.DetailCase.pbxcase.IVR"/>
  <testcase name="F7_DialOut_e1" time="0.0" classname="com.yeastar.swebtest.testcase.DetailCase.pbxcase.IVR"/>
  <testcase name="F8_DialOut_gsm" time="0.0" classname="com.yeastar.swebtest.testcase.DetailCase.pbxcase.IVR"/>
  <testcase name="F9_DialOut_disable" time="32.704" classname="com.yeastar.swebtest.testcase.DetailCase.pbxcase.IVR"/>
  <testcase name="G1_voicemail_enable" time="53.484" classname="com.yeastar.swebtest.testcase.DetailCase.pbxcase.IVR"/>
  <testcase name="G2_voicemail_disable" time="32.046" classname="com.yeastar.swebtest.testcase.DetailCase.pbxcase.IVR"/>
  <testcase name="H_prompt" time="133.556" classname="com.yeastar.swebtest.testcase.DetailCase.pbxcase.IVR">
    <failure type="java.lang.AssertionError" message="预期1000会响铃 【预期：2 实际：4】">
      <![CDATA[java.lang.AssertionError: 预期1000会响铃 【预期：2 实际：4】
	at com.yeastar.swebtest.tools.ysassert.YsAssert.fail(YsAssert.java:1086)
	at com.yeastar.swebtest.tools.ysassert.YsAssert.failNotEquals(YsAssert.java:579)
	at com.yeastar.swebtest.tools.ysassert.YsAssert.assertEqualsImpl(YsAssert.java:142)
	at com.yeastar.swebtest.tools.ysassert.YsAssert.assertEquals(YsAssert.java:116)
	at com.yeastar.swebtest.tools.ysassert.YsAssert.assertEquals(YsAssert.java:425)
	at com.yeastar.swebtest.testcase.DetailCase.pbxcase.IVR.H_prompt(IVR.java:834)
... Removed 27 stack frames]]>
    </failure>
  </testcase> <!-- H_prompt -->
  <testcase name="I_delete" time="60.501" classname="com.yeastar.swebtest.testcase.DetailCase.pbxcase.IVR"/>
  <testcase name="J_recovery" time="63.639" classname="com.yeastar.swebtest.testcase.DetailCase.pbxcase.IVR"/>
  <testcase name="K_editInbound2" time="35.845" classname="com.yeastar.swebtest.testcase.DetailCase.pbxcase.IVR"/>
</testsuite> <!-- pbxcore -->
