<?xml version="1.0" encoding="UTF-8"?>
<!-- Generated by org.testng.reporters.JUnitXMLReporter -->
<testsuite hostname="Yeastar-PC" name="pbxcore" tests="27" failures="3" timestamp="2 Sep 2017 04:49:20 GMT" time="790.451" errors="0">
  <testcase name="A_SettingSystemTime" time="130.646" classname="com.yeastar.swebtest.testcase.smokecase.pbxcase.Extension"/>
  <testcase name="B_CreateExtension" time="20.557" classname="com.yeastar.swebtest.testcase.smokecase.pbxcase.Extension"/>
  <testcase name="C_CreateFxsExtension" time="17.37" classname="com.yeastar.swebtest.testcase.smokecase.pbxcase.Extension"/>
  <testcase name="D_CreateBulkExtensions" time="25.274" classname="com.yeastar.swebtest.testcase.smokecase.pbxcase.Extension"/>
  <testcase name="E_RegisterExtension" time="65.114" classname="com.yeastar.swebtest.testcase.smokecase.pbxcase.Extension"/>
  <testcase name="F_ExportExtensions" time="3.922" classname="com.yeastar.swebtest.testcase.smokecase.pbxcase.Extension"/>
  <testcase name="G_DelExtension" time="11.669" classname="com.yeastar.swebtest.testcase.smokecase.pbxcase.Extension"/>
  <testcase name="H_DelExteiosns" time="10.747" classname="com.yeastar.swebtest.testcase.smokecase.pbxcase.Extension"/>
  <testcase name="I_ImportExtension" time="35.735" classname="com.yeastar.swebtest.testcase.smokecase.pbxcase.Extension"/>
  <testcase name="J_PstnCall" time="46.702" classname="com.yeastar.swebtest.testcase.smokecase.pbxcase.Extension"/>
  <testcase name="K_ExtensionGroupSetting" time="32.179" classname="com.yeastar.swebtest.testcase.smokecase.pbxcase.Extension"/>
  <testcase name="A_AddTrunk" time="22.277" classname="com.yeastar.swebtest.testcase.smokecase.pbxcase.NewTrunk"/>
  <testcase name="B_AddTrunkIAXTrunk" time="18.453" classname="com.yeastar.swebtest.testcase.smokecase.pbxcase.NewTrunk"/>
  <testcase name="C_AddSPX" time="19.88" classname="com.yeastar.swebtest.testcase.smokecase.pbxcase.NewTrunk"/>
  <testcase name="D_AddSPS" time="16.821" classname="com.yeastar.swebtest.testcase.smokecase.pbxcase.NewTrunk"/>
  <testcase name="A_RingGroup" time="21.422" classname="com.yeastar.swebtest.testcase.smokecase.pbxcase.CallFeature"/>
  <testcase name="B_Queue" time="15.652" classname="com.yeastar.swebtest.testcase.smokecase.pbxcase.CallFeature"/>
  <testcase name="C_Conference" time="6.262" classname="com.yeastar.swebtest.testcase.smokecase.pbxcase.CallFeature"/>
  <testcase name="D_PickupGroup" time="16.297" classname="com.yeastar.swebtest.testcase.smokecase.pbxcase.CallFeature"/>
  <testcase name="E_PagingIntercom" time="12.483" classname="com.yeastar.swebtest.testcase.smokecase.pbxcase.CallFeature"/>
  <testcase name="F_CallBack" time="20.376" classname="com.yeastar.swebtest.testcase.smokecase.pbxcase.CallFeature"/>
  <testcase name="F_PINList" time="15.48" classname="com.yeastar.swebtest.testcase.smokecase.pbxcase.CallFeature"/>
  <testcase name="A_JudgeStorage" time="13.002" classname="com.yeastar.swebtest.testcase.smokecase.pbxcase.Storage"/>
  <testcase name="B_AddNetworkDrive" time="13.864" classname="com.yeastar.swebtest.testcase.smokecase.pbxcase.Storage"/>
  <testcase name="C_SetFileShare" time="10.486" classname="com.yeastar.swebtest.testcase.smokecase.pbxcase.Storage">
    <failure type="com.codeborne.selenide.ex.ElementNotFound" message="Element not found {By.xpath: .//span[starts-with(@class,&amp;quot;x-tab-inner x-tab-inner-default&amp;quot;) and text()=&amp;quot;File Share&amp;quot;]}
Expected: exist">
      <![CDATA[Element not found {By.xpath: .//span[starts-with(@class,"x-tab-inner x-tab-inner-default") and text()="File Share"]}
Expected: exist
Screenshot: file:/F:/MyProject/0GitProject/swebtest/SwebTest/build/reports/tests/1504327717514.0.png
Timeout: 10 s.
Caused by: WebDriverException: unknown error: Element <span id="tab-1137-btnInnerEl" data-ref="btnInnerEl" unselectable="on" class="x-tab-inner x-tab-inner-default">...</span> is not clickable at point (685, 163). Other element would receive the click: <div role="presentation" class="x-mask x-border-box" style="height: 768px; width: 1424px; z-index: 28996; right: auto; left: 0px; top: 0px;" id="ext-element-33"></div>
	at com.codeborne.selenide.impl.WebElementSource.createElementNotFoundError(WebElementSource.java:31)
	at com.codeborne.selenide.impl.ElementFinder.createElementNotFoundError(ElementFinder.java:82)
	at com.codeborne.selenide.impl.SelenideElementProxy.dispatchAndRetry(SelenideElementProxy.java:115)
	at com.codeborne.selenide.impl.SelenideElementProxy.invoke(SelenideElementProxy.java:62)
	at com.sun.proxy.$Proxy4.click(Unknown Source)
	at com.yeastar.swebtest.testcase.smokecase.pbxcase.Storage.C_SetFileShare(Storage.java:49)
Caused by: org.openqa.selenium.WebDriverException: unknown error: Element <span id="tab-1137-btnInnerEl" data-ref="btnInnerEl" unselectable="on" class="x-tab-inner x-tab-inner-default">...</span> is not clickable at point (685, 163). Other element would receive the click: <div role="presentation" class="x-mask x-border-box" style="height: 768px; width: 1424px; z-index: 28996; right: auto; left: 0px; top: 0px;" id="ext-element-33"></div>
  (Session info: chrome=57.0.2987.133)
  (Driver info: chromedriver=2.29.461591 (62ebf098771772160f391d75e589dc567915b233),platform=Windows NT 6.1.7601 SP1 x86_64) (WARNING: The server did not provide any stacktrace information)
Command duration or timeout: 27 milliseconds
Build info: version: '2.53.1', revision: 'a36b8b1cd5757287168e54b817830adce9b0158d', time: '2016-06-30 19:26:09'
System info: host: 'Yeastar-PC', ip: '192.168.7.14', os.name: 'Windows 7', os.arch: 'x86', os.version: '6.1', java.version: '1.8.0_121'
Driver info: org.openqa.selenium.chrome.ChromeDriver
Capabilities [{applicationCacheEnabled=false, rotatable=false, mobileEmulationEnabled=false, networkConnectionEnabled=false, chrome={chromedriverVersion=2.29.461591 (62ebf098771772160f391d75e589dc567915b233), userDataDir=C:\Users\Yeastar\AppData\Local\Temp\scoped_dir14048_24027}, takesHeapSnapshot=true, pageLoadStrategy=normal, databaseEnabled=false, handlesAlerts=true, hasTouchScreen=false, version=57.0.2987.133, platform=XP, browserConnectionEnabled=false, nativeEvents=true, acceptSslCerts=true, locationContextEnabled=true, webStorageEnabled=true, browserName=chrome, takesScreenshot=true, javascriptEnabled=true, cssSelectorsEnabled=true, unexpectedAlertBehaviour=}]
Session ID: 1e13508e5aaaa8accc4f1c2fea144b6b
	at org.openqa.selenium.remote.ErrorHandler.createThrowable(ErrorHandler.java:206)
	at org.openqa.selenium.remote.ErrorHandler.throwIfResponseFailed(ErrorHandler.java:158)
	at org.openqa.selenium.remote.RemoteWebDriver.execute(RemoteWebDriver.java:678)
	at org.openqa.selenium.remote.RemoteWebElement.execute(RemoteWebElement.java:327)
	at org.openqa.selenium.remote.RemoteWebElement.click(RemoteWebElement.java:85)
	at com.codeborne.selenide.commands.Click.click(Click.java:22)
	at com.codeborne.selenide.commands.Click.execute(Click.java:14)
	at com.codeborne.selenide.commands.Click.execute(Click.java:11)
	at com.codeborne.selenide.commands.Commands.execute(Commands.java:140)
	at com.codeborne.selenide.impl.SelenideElementProxy.dispatchAndRetry(SelenideElementProxy.java:86)
	... 30 more
... Removed 30 stack frames]]>
    </failure>
  </testcase> <!-- C_SetFileShare -->
  <testcase name="D_StorageLocations" time="10.379" classname="com.yeastar.swebtest.testcase.smokecase.pbxcase.Storage">
    <failure type="com.codeborne.selenide.ex.ElementNotFound" message="Element not found {By.xpath: .//span[starts-with(@class,&amp;quot;x-tab-inner x-tab-inner-default&amp;quot;) and text()=&amp;quot;Preference&amp;quot;]}
Expected: exist">
      <![CDATA[Element not found {By.xpath: .//span[starts-with(@class,"x-tab-inner x-tab-inner-default") and text()="Preference"]}
Expected: exist
Screenshot: file:/F:/MyProject/0GitProject/swebtest/SwebTest/build/reports/tests/1504327727956.1.png
Timeout: 10 s.
Caused by: WebDriverException: unknown error: Element <span id="tab-1135-btnInnerEl" data-ref="btnInnerEl" unselectable="on" class="x-tab-inner x-tab-inner-default">...</span> is not clickable at point (439, 163). Other element would receive the click: <div role="presentation" class="x-mask x-border-box" style="height: 768px; width: 1424px; z-index: 28996; right: auto; left: 0px; top: 0px;" id="ext-element-33"></div>
	at com.codeborne.selenide.impl.WebElementSource.createElementNotFoundError(WebElementSource.java:31)
	at com.codeborne.selenide.impl.ElementFinder.createElementNotFoundError(ElementFinder.java:82)
	at com.codeborne.selenide.impl.SelenideElementProxy.dispatchAndRetry(SelenideElementProxy.java:115)
	at com.codeborne.selenide.impl.SelenideElementProxy.invoke(SelenideElementProxy.java:62)
	at com.sun.proxy.$Proxy4.click(Unknown Source)
	at com.yeastar.swebtest.testcase.smokecase.pbxcase.Storage.D_StorageLocations(Storage.java:56)
Caused by: org.openqa.selenium.WebDriverException: unknown error: Element <span id="tab-1135-btnInnerEl" data-ref="btnInnerEl" unselectable="on" class="x-tab-inner x-tab-inner-default">...</span> is not clickable at point (439, 163). Other element would receive the click: <div role="presentation" class="x-mask x-border-box" style="height: 768px; width: 1424px; z-index: 28996; right: auto; left: 0px; top: 0px;" id="ext-element-33"></div>
  (Session info: chrome=57.0.2987.133)
  (Driver info: chromedriver=2.29.461591 (62ebf098771772160f391d75e589dc567915b233),platform=Windows NT 6.1.7601 SP1 x86_64) (WARNING: The server did not provide any stacktrace information)
Command duration or timeout: 35 milliseconds
Build info: version: '2.53.1', revision: 'a36b8b1cd5757287168e54b817830adce9b0158d', time: '2016-06-30 19:26:09'
System info: host: 'Yeastar-PC', ip: '192.168.7.14', os.name: 'Windows 7', os.arch: 'x86', os.version: '6.1', java.version: '1.8.0_121'
Driver info: org.openqa.selenium.chrome.ChromeDriver
Capabilities [{applicationCacheEnabled=false, rotatable=false, mobileEmulationEnabled=false, networkConnectionEnabled=false, chrome={chromedriverVersion=2.29.461591 (62ebf098771772160f391d75e589dc567915b233), userDataDir=C:\Users\Yeastar\AppData\Local\Temp\scoped_dir14048_24027}, takesHeapSnapshot=true, pageLoadStrategy=normal, databaseEnabled=false, handlesAlerts=true, hasTouchScreen=false, version=57.0.2987.133, platform=XP, browserConnectionEnabled=false, nativeEvents=true, acceptSslCerts=true, locationContextEnabled=true, webStorageEnabled=true, browserName=chrome, takesScreenshot=true, javascriptEnabled=true, cssSelectorsEnabled=true, unexpectedAlertBehaviour=}]
Session ID: 1e13508e5aaaa8accc4f1c2fea144b6b
	at org.openqa.selenium.remote.ErrorHandler.createThrowable(ErrorHandler.java:206)
	at org.openqa.selenium.remote.ErrorHandler.throwIfResponseFailed(ErrorHandler.java:158)
	at org.openqa.selenium.remote.RemoteWebDriver.execute(RemoteWebDriver.java:678)
	at org.openqa.selenium.remote.RemoteWebElement.execute(RemoteWebElement.java:327)
	at org.openqa.selenium.remote.RemoteWebElement.click(RemoteWebElement.java:85)
	at com.codeborne.selenide.commands.Click.click(Click.java:22)
	at com.codeborne.selenide.commands.Click.execute(Click.java:14)
	at com.codeborne.selenide.commands.Click.execute(Click.java:11)
	at com.codeborne.selenide.commands.Commands.execute(Commands.java:140)
	at com.codeborne.selenide.impl.SelenideElementProxy.dispatchAndRetry(SelenideElementProxy.java:86)
	... 30 more
... Removed 30 stack frames]]>
    </failure>
  </testcase> <!-- D_StorageLocations -->
  <testcase name="E_Recording_Settings" time="11.423" classname="com.yeastar.swebtest.testcase.smokecase.pbxcase.Storage">
    <failure type="com.codeborne.selenide.ex.ElementNotFound" message="Element not found {By.xpath: .//a[starts-with(@class,&amp;quot;cp-link-before&amp;quot;) and text()=&amp;quot;Recording Settings&amp;quot;]}
Expected: exist">
      <![CDATA[Element not found {By.xpath: .//a[starts-with(@class,"cp-link-before") and text()="Recording Settings"]}
Expected: exist
Screenshot: file:/F:/MyProject/0GitProject/swebtest/SwebTest/build/reports/tests/1504327739397.2.png
Timeout: 10 s.
Caused by: WebDriverException: unknown error: Element <a class="cp-link-before" href="javascript:void(0)" data-tabindex-value="none" tabindex="-1" data-tabindex-counter="2">...</a> is not clickable at point (467, 213). Other element would receive the click: <div role="presentation" class="x-mask x-border-box" style="height: 768px; width: 1424px; z-index: 28996; right: auto; left: 0px; top: 0px;" id="ext-element-33"></div>
	at com.codeborne.selenide.impl.WebElementSource.createElementNotFoundError(WebElementSource.java:31)
	at com.codeborne.selenide.impl.ElementFinder.createElementNotFoundError(ElementFinder.java:82)
	at com.codeborne.selenide.impl.SelenideElementProxy.dispatchAndRetry(SelenideElementProxy.java:115)
	at com.codeborne.selenide.impl.SelenideElementProxy.invoke(SelenideElementProxy.java:62)
	at com.sun.proxy.$Proxy4.click(Unknown Source)
	at com.yeastar.swebtest.testcase.smokecase.pbxcase.Storage.E_Recording_Settings(Storage.java:74)
Caused by: org.openqa.selenium.WebDriverException: unknown error: Element <a class="cp-link-before" href="javascript:void(0)" data-tabindex-value="none" tabindex="-1" data-tabindex-counter="2">...</a> is not clickable at point (467, 213). Other element would receive the click: <div role="presentation" class="x-mask x-border-box" style="height: 768px; width: 1424px; z-index: 28996; right: auto; left: 0px; top: 0px;" id="ext-element-33"></div>
  (Session info: chrome=57.0.2987.133)
  (Driver info: chromedriver=2.29.461591 (62ebf098771772160f391d75e589dc567915b233),platform=Windows NT 6.1.7601 SP1 x86_64) (WARNING: The server did not provide any stacktrace information)
Command duration or timeout: 25 milliseconds
Build info: version: '2.53.1', revision: 'a36b8b1cd5757287168e54b817830adce9b0158d', time: '2016-06-30 19:26:09'
System info: host: 'Yeastar-PC', ip: '192.168.7.14', os.name: 'Windows 7', os.arch: 'x86', os.version: '6.1', java.version: '1.8.0_121'
Driver info: org.openqa.selenium.chrome.ChromeDriver
Capabilities [{applicationCacheEnabled=false, rotatable=false, mobileEmulationEnabled=false, networkConnectionEnabled=false, chrome={chromedriverVersion=2.29.461591 (62ebf098771772160f391d75e589dc567915b233), userDataDir=C:\Users\Yeastar\AppData\Local\Temp\scoped_dir14048_24027}, takesHeapSnapshot=true, pageLoadStrategy=normal, databaseEnabled=false, handlesAlerts=true, hasTouchScreen=false, version=57.0.2987.133, platform=XP, browserConnectionEnabled=false, nativeEvents=true, acceptSslCerts=true, locationContextEnabled=true, webStorageEnabled=true, browserName=chrome, takesScreenshot=true, javascriptEnabled=true, cssSelectorsEnabled=true, unexpectedAlertBehaviour=}]
Session ID: 1e13508e5aaaa8accc4f1c2fea144b6b
	at org.openqa.selenium.remote.ErrorHandler.createThrowable(ErrorHandler.java:206)
	at org.openqa.selenium.remote.ErrorHandler.throwIfResponseFailed(ErrorHandler.java:158)
	at org.openqa.selenium.remote.RemoteWebDriver.execute(RemoteWebDriver.java:678)
	at org.openqa.selenium.remote.RemoteWebElement.execute(RemoteWebElement.java:327)
	at org.openqa.selenium.remote.RemoteWebElement.click(RemoteWebElement.java:85)
	at com.codeborne.selenide.commands.Click.click(Click.java:22)
	at com.codeborne.selenide.commands.Click.execute(Click.java:14)
	at com.codeborne.selenide.commands.Click.execute(Click.java:11)
	at com.codeborne.selenide.commands.Commands.execute(Commands.java:140)
	at com.codeborne.selenide.impl.SelenideElementProxy.dispatchAndRetry(SelenideElementProxy.java:86)
	... 30 more
... Removed 30 stack frames]]>
    </failure>
  </testcase> <!-- E_Recording_Settings -->
</testsuite> <!-- pbxcore -->
