<?xml version="1.0" encoding="UTF-8"?>
<!-- Generated by org.testng.reporters.JUnitXMLReporter -->
<testsuite hostname="Yeastar-PC" name="pbxcore" tests="30" failures="14" timestamp="7 Sep 2017 07:38:28 GMT" time="1234.842" errors="0">
  <testcase name="A_TimeCondition" time="11.863" classname="com.yeastar.swebtest.testcase.smokecase.pbxcase.OutboundRoutes"/>
  <testcase name="B_Holiday" time="3.141" classname="com.yeastar.swebtest.testcase.smokecase.pbxcase.OutboundRoutes"/>
  <testcase name="C_CreateOutRoutes" time="46.989" classname="com.yeastar.swebtest.testcase.smokecase.pbxcase.OutboundRoutes"/>
  <testcase name="D_CreateDISA" time="18.963" classname="com.yeastar.swebtest.testcase.smokecase.pbxcase.OutboundRoutes"/>
  <testcase name="E_CreateIVR" time="52.108" classname="com.yeastar.swebtest.testcase.smokecase.pbxcase.OutboundRoutes"/>
  <testcase name="G_CallSip" time="38.6" classname="com.yeastar.swebtest.testcase.smokecase.pbxcase.OutboundRoutes">
    <failure type="java.lang.AssertionError" message="CDR被叫方检测 【预期：903000 实际：903000 [903000]】">
      <![CDATA[java.lang.AssertionError: CDR被叫方检测 【预期：903000 实际：903000 [903000]】
	at com.yeastar.swebtest.tools.ysassert.YsAssert.fail(YsAssert.java:1086)
	at com.yeastar.swebtest.tools.ysassert.YsAssert.failNotEquals(YsAssert.java:579)
	at com.yeastar.swebtest.tools.ysassert.YsAssert.assertEqualsImpl(YsAssert.java:142)
	at com.yeastar.swebtest.tools.ysassert.YsAssert.assertEquals(YsAssert.java:116)
	at com.yeastar.swebtest.tools.ysassert.YsAssert.assertEquals(YsAssert.java:199)
	at com.yeastar.swebtest.driver.YSMethod.YS_Extension.checkCDR(YS_Extension.java:245)
	at com.yeastar.swebtest.driver.YSMethod.YS_Extension.checkCDR(YS_Extension.java:237)
	at com.yeastar.swebtest.testcase.smokecase.pbxcase.OutboundRoutes.G_CallSip(OutboundRoutes.java:208)
... Removed 27 stack frames]]>
    </failure>
  </testcase> <!-- G_CallSip -->
  <testcase name="H_CallFail" time="15.001" classname="com.yeastar.swebtest.testcase.smokecase.pbxcase.OutboundRoutes"/>
  <testcase name="I_CallIax" time="38.47" classname="com.yeastar.swebtest.testcase.smokecase.pbxcase.OutboundRoutes">
    <failure type="java.lang.AssertionError" message="CDR被叫方检测 【预期：903000 实际：903000 [903000]】">
      <![CDATA[java.lang.AssertionError: CDR被叫方检测 【预期：903000 实际：903000 [903000]】
	at com.yeastar.swebtest.tools.ysassert.YsAssert.fail(YsAssert.java:1086)
	at com.yeastar.swebtest.tools.ysassert.YsAssert.failNotEquals(YsAssert.java:579)
	at com.yeastar.swebtest.tools.ysassert.YsAssert.assertEqualsImpl(YsAssert.java:142)
	at com.yeastar.swebtest.tools.ysassert.YsAssert.assertEquals(YsAssert.java:116)
	at com.yeastar.swebtest.tools.ysassert.YsAssert.assertEquals(YsAssert.java:199)
	at com.yeastar.swebtest.driver.YSMethod.YS_Extension.checkCDR(YS_Extension.java:245)
	at com.yeastar.swebtest.driver.YSMethod.YS_Extension.checkCDR(YS_Extension.java:237)
	at com.yeastar.swebtest.testcase.smokecase.pbxcase.OutboundRoutes.I_CallIax(OutboundRoutes.java:233)
... Removed 27 stack frames]]>
    </failure>
  </testcase> <!-- I_CallIax -->
  <testcase name="J_CallSps" time="49.004" classname="com.yeastar.swebtest.testcase.smokecase.pbxcase.OutboundRoutes">
    <failure type="java.lang.AssertionError" message="CDR被叫方检测 【预期：902000 实际：903000 [903000]】">
      <![CDATA[java.lang.AssertionError: CDR被叫方检测 【预期：902000 实际：903000 [903000]】
	at com.yeastar.swebtest.tools.ysassert.YsAssert.fail(YsAssert.java:1086)
	at com.yeastar.swebtest.tools.ysassert.YsAssert.failNotEquals(YsAssert.java:579)
	at com.yeastar.swebtest.tools.ysassert.YsAssert.assertEqualsImpl(YsAssert.java:142)
	at com.yeastar.swebtest.tools.ysassert.YsAssert.assertEquals(YsAssert.java:116)
	at com.yeastar.swebtest.tools.ysassert.YsAssert.assertEquals(YsAssert.java:199)
	at com.yeastar.swebtest.driver.YSMethod.YS_Extension.checkCDR(YS_Extension.java:245)
	at com.yeastar.swebtest.driver.YSMethod.YS_Extension.checkCDR(YS_Extension.java:237)
	at com.yeastar.swebtest.testcase.smokecase.pbxcase.OutboundRoutes.J_CallSps(OutboundRoutes.java:250)
... Removed 27 stack frames]]>
    </failure>
  </testcase> <!-- J_CallSps -->
  <testcase name="K_CallSpx" time="41.511" classname="com.yeastar.swebtest.testcase.smokecase.pbxcase.OutboundRoutes">
    <failure type="java.lang.AssertionError" message="CDR被叫方检测 【预期：902000 实际：902000 [902000]】">
      <![CDATA[java.lang.AssertionError: CDR被叫方检测 【预期：902000 实际：902000 [902000]】
	at com.yeastar.swebtest.tools.ysassert.YsAssert.fail(YsAssert.java:1086)
	at com.yeastar.swebtest.tools.ysassert.YsAssert.failNotEquals(YsAssert.java:579)
	at com.yeastar.swebtest.tools.ysassert.YsAssert.assertEqualsImpl(YsAssert.java:142)
	at com.yeastar.swebtest.tools.ysassert.YsAssert.assertEquals(YsAssert.java:116)
	at com.yeastar.swebtest.tools.ysassert.YsAssert.assertEquals(YsAssert.java:199)
	at com.yeastar.swebtest.driver.YSMethod.YS_Extension.checkCDR(YS_Extension.java:245)
	at com.yeastar.swebtest.driver.YSMethod.YS_Extension.checkCDR(YS_Extension.java:237)
	at com.yeastar.swebtest.testcase.smokecase.pbxcase.OutboundRoutes.K_CallSpx(OutboundRoutes.java:267)
... Removed 27 stack frames]]>
    </failure>
  </testcase> <!-- K_CallSpx -->
  <testcase name="L_CallPstn" time="41.007" classname="com.yeastar.swebtest.testcase.smokecase.pbxcase.OutboundRoutes">
    <failure type="java.lang.AssertionError" message="CDR被叫方检测 【预期：903000 实际：903000 [903000]】">
      <![CDATA[java.lang.AssertionError: CDR被叫方检测 【预期：903000 实际：903000 [903000]】
	at com.yeastar.swebtest.tools.ysassert.YsAssert.fail(YsAssert.java:1086)
	at com.yeastar.swebtest.tools.ysassert.YsAssert.failNotEquals(YsAssert.java:579)
	at com.yeastar.swebtest.tools.ysassert.YsAssert.assertEqualsImpl(YsAssert.java:142)
	at com.yeastar.swebtest.tools.ysassert.YsAssert.assertEquals(YsAssert.java:116)
	at com.yeastar.swebtest.tools.ysassert.YsAssert.assertEquals(YsAssert.java:199)
	at com.yeastar.swebtest.driver.YSMethod.YS_Extension.checkCDR(YS_Extension.java:245)
	at com.yeastar.swebtest.driver.YSMethod.YS_Extension.checkCDR(YS_Extension.java:237)
	at com.yeastar.swebtest.testcase.smokecase.pbxcase.OutboundRoutes.L_CallPstn(OutboundRoutes.java:285)
... Removed 27 stack frames]]>
    </failure>
  </testcase> <!-- L_CallPstn -->
  <testcase name="M_CallBri" time="48.396" classname="com.yeastar.swebtest.testcase.smokecase.pbxcase.OutboundRoutes">
    <failure type="java.lang.AssertionError" message="CDR被叫方检测 【预期：902000 实际：902000 [902000]】">
      <![CDATA[java.lang.AssertionError: CDR被叫方检测 【预期：902000 实际：902000 [902000]】
	at com.yeastar.swebtest.tools.ysassert.YsAssert.fail(YsAssert.java:1086)
	at com.yeastar.swebtest.tools.ysassert.YsAssert.failNotEquals(YsAssert.java:579)
	at com.yeastar.swebtest.tools.ysassert.YsAssert.assertEqualsImpl(YsAssert.java:142)
	at com.yeastar.swebtest.tools.ysassert.YsAssert.assertEquals(YsAssert.java:116)
	at com.yeastar.swebtest.tools.ysassert.YsAssert.assertEquals(YsAssert.java:199)
	at com.yeastar.swebtest.driver.YSMethod.YS_Extension.checkCDR(YS_Extension.java:245)
	at com.yeastar.swebtest.driver.YSMethod.YS_Extension.checkCDR(YS_Extension.java:237)
	at com.yeastar.swebtest.testcase.smokecase.pbxcase.OutboundRoutes.M_CallBri(OutboundRoutes.java:306)
... Removed 27 stack frames]]>
    </failure>
  </testcase> <!-- M_CallBri -->
  <testcase name="N_CallE1" time="0.0" classname="com.yeastar.swebtest.testcase.smokecase.pbxcase.OutboundRoutes"/>
  <testcase name="O_CallGsm" time="0.0" classname="com.yeastar.swebtest.testcase.smokecase.pbxcase.OutboundRoutes"/>
  <testcase name="P_PinList" time="18.977" classname="com.yeastar.swebtest.testcase.smokecase.pbxcase.OutboundRoutes"/>
  <testcase name="Q_PinListCall" time="72.374" classname="com.yeastar.swebtest.testcase.smokecase.pbxcase.OutboundRoutes">
    <failure type="java.lang.AssertionError" message="外线呼出进入pin1List 【预期：true 实际：false】">
      <![CDATA[java.lang.AssertionError: 外线呼出进入pin1List 【预期：true 实际：false】
	at com.yeastar.swebtest.tools.ysassert.YsAssert.fail(YsAssert.java:1086)
	at com.yeastar.swebtest.tools.ysassert.YsAssert.failNotEquals(YsAssert.java:579)
	at com.yeastar.swebtest.tools.ysassert.YsAssert.assertEqualsImpl(YsAssert.java:142)
	at com.yeastar.swebtest.tools.ysassert.YsAssert.assertEquals(YsAssert.java:116)
	at com.yeastar.swebtest.tools.ysassert.YsAssert.assertEquals(YsAssert.java:333)
	at com.yeastar.swebtest.testcase.smokecase.pbxcase.OutboundRoutes.Q_PinListCall(OutboundRoutes.java:384)
... Removed 27 stack frames]]>
    </failure>
  </testcase> <!-- Q_PinListCall -->
  <testcase name="R_PWD_None" time="13.071" classname="com.yeastar.swebtest.testcase.smokecase.pbxcase.OutboundRoutes"/>
  <testcase name="S_PinListCall" time="23.037" classname="com.yeastar.swebtest.testcase.smokecase.pbxcase.OutboundRoutes"/>
  <testcase name="T_RoutePermission" time="32.748" classname="com.yeastar.swebtest.testcase.smokecase.pbxcase.OutboundRoutes"/>
  <testcase name="B_CreateInboundRoutes" time="81.207" classname="com.yeastar.swebtest.testcase.smokecase.pbxcase.InboundRoutes"/>
  <testcase name="C_RegisterExtensions" time="43.593" classname="com.yeastar.swebtest.testcase.smokecase.pbxcase.InboundRoutes">
    <failure type="java.lang.AssertionError" message="1101分机注册 【预期：Registered 实际：Unavailable】">
      <![CDATA[java.lang.AssertionError: 1101分机注册 【预期：Registered 实际：Unavailable】
	at com.yeastar.swebtest.tools.ysassert.YsAssert.fail(YsAssert.java:1086)
	at com.yeastar.swebtest.tools.ysassert.YsAssert.failNotEquals(YsAssert.java:579)
	at com.yeastar.swebtest.tools.ysassert.YsAssert.assertEqualsImpl(YsAssert.java:142)
	at com.yeastar.swebtest.tools.ysassert.YsAssert.assertEquals(YsAssert.java:116)
	at com.yeastar.swebtest.tools.ysassert.YsAssert.assertEquals(YsAssert.java:199)
	at com.yeastar.swebtest.tools.pjsip.PjsipApp.Pj_Register_Account(PjsipApp.java:113)
	at com.yeastar.swebtest.tools.pjsip.PjsipApp.Pj_Register_Account(PjsipApp.java:163)
	at com.yeastar.swebtest.testcase.smokecase.pbxcase.InboundRoutes.C_RegisterExtensions(InboundRoutes.java:118)
... Removed 27 stack frames]]>
    </failure>
  </testcase> <!-- C_RegisterExtensions -->
  <testcase name="D_CallSip" time="47.125" classname="com.yeastar.swebtest.testcase.smokecase.pbxcase.InboundRoutes">
    <failure type="java.lang.AssertionError" message="CDR呼叫方检测 【预期：3000 [3000] 实际：1000 [1000]】">
      <![CDATA[java.lang.AssertionError: CDR呼叫方检测 【预期：3000 [3000] 实际：1000 [1000]】
	at com.yeastar.swebtest.tools.ysassert.YsAssert.fail(YsAssert.java:1086)
	at com.yeastar.swebtest.tools.ysassert.YsAssert.failNotEquals(YsAssert.java:579)
	at com.yeastar.swebtest.tools.ysassert.YsAssert.assertEqualsImpl(YsAssert.java:142)
	at com.yeastar.swebtest.tools.ysassert.YsAssert.assertEquals(YsAssert.java:116)
	at com.yeastar.swebtest.tools.ysassert.YsAssert.assertEquals(YsAssert.java:199)
	at com.yeastar.swebtest.driver.YSMethod.YS_Extension.checkCDR(YS_Extension.java:244)
	at com.yeastar.swebtest.driver.YSMethod.YS_Extension.checkCDR(YS_Extension.java:234)
	at com.yeastar.swebtest.testcase.smokecase.pbxcase.InboundRoutes.D_CallSip(InboundRoutes.java:145)
... Removed 27 stack frames]]>
    </failure>
  </testcase> <!-- D_CallSip -->
  <testcase name="E_CallIax" time="37.894" classname="com.yeastar.swebtest.testcase.smokecase.pbxcase.InboundRoutes">
    <failure type="java.lang.AssertionError" message="CDR呼叫方检测 【预期：3000 [3000] 实际：1000 [1000]】">
      <![CDATA[java.lang.AssertionError: CDR呼叫方检测 【预期：3000 [3000] 实际：1000 [1000]】
	at com.yeastar.swebtest.tools.ysassert.YsAssert.fail(YsAssert.java:1086)
	at com.yeastar.swebtest.tools.ysassert.YsAssert.failNotEquals(YsAssert.java:579)
	at com.yeastar.swebtest.tools.ysassert.YsAssert.assertEqualsImpl(YsAssert.java:142)
	at com.yeastar.swebtest.tools.ysassert.YsAssert.assertEquals(YsAssert.java:116)
	at com.yeastar.swebtest.tools.ysassert.YsAssert.assertEquals(YsAssert.java:199)
	at com.yeastar.swebtest.driver.YSMethod.YS_Extension.checkCDR(YS_Extension.java:244)
	at com.yeastar.swebtest.driver.YSMethod.YS_Extension.checkCDR(YS_Extension.java:234)
	at com.yeastar.swebtest.testcase.smokecase.pbxcase.InboundRoutes.E_CallIax(InboundRoutes.java:162)
... Removed 27 stack frames]]>
    </failure>
  </testcase> <!-- E_CallIax -->
  <testcase name="F_CallSps" time="56.852" classname="com.yeastar.swebtest.testcase.smokecase.pbxcase.InboundRoutes">
    <failure type="java.lang.AssertionError" message="CDR呼叫方检测 【预期：2000 [2000] 实际：1000 [1000]】">
      <![CDATA[java.lang.AssertionError: CDR呼叫方检测 【预期：2000 [2000] 实际：1000 [1000]】
	at com.yeastar.swebtest.tools.ysassert.YsAssert.fail(YsAssert.java:1086)
	at com.yeastar.swebtest.tools.ysassert.YsAssert.failNotEquals(YsAssert.java:579)
	at com.yeastar.swebtest.tools.ysassert.YsAssert.assertEqualsImpl(YsAssert.java:142)
	at com.yeastar.swebtest.tools.ysassert.YsAssert.assertEquals(YsAssert.java:116)
	at com.yeastar.swebtest.tools.ysassert.YsAssert.assertEquals(YsAssert.java:199)
	at com.yeastar.swebtest.driver.YSMethod.YS_Extension.checkCDR(YS_Extension.java:244)
	at com.yeastar.swebtest.driver.YSMethod.YS_Extension.checkCDR(YS_Extension.java:234)
	at com.yeastar.swebtest.testcase.smokecase.pbxcase.InboundRoutes.F_CallSps(InboundRoutes.java:187)
... Removed 27 stack frames]]>
    </failure>
  </testcase> <!-- F_CallSps -->
  <testcase name="G_CallSpx" time="46.787" classname="com.yeastar.swebtest.testcase.smokecase.pbxcase.InboundRoutes">
    <failure type="java.lang.AssertionError" message="CDR呼叫方检测 【预期：2000 [2000] 实际：1000 [1000]】">
      <![CDATA[java.lang.AssertionError: CDR呼叫方检测 【预期：2000 [2000] 实际：1000 [1000]】
	at com.yeastar.swebtest.tools.ysassert.YsAssert.fail(YsAssert.java:1086)
	at com.yeastar.swebtest.tools.ysassert.YsAssert.failNotEquals(YsAssert.java:579)
	at com.yeastar.swebtest.tools.ysassert.YsAssert.assertEqualsImpl(YsAssert.java:142)
	at com.yeastar.swebtest.tools.ysassert.YsAssert.assertEquals(YsAssert.java:116)
	at com.yeastar.swebtest.tools.ysassert.YsAssert.assertEquals(YsAssert.java:199)
	at com.yeastar.swebtest.driver.YSMethod.YS_Extension.checkCDR(YS_Extension.java:244)
	at com.yeastar.swebtest.driver.YSMethod.YS_Extension.checkCDR(YS_Extension.java:234)
	at com.yeastar.swebtest.testcase.smokecase.pbxcase.InboundRoutes.G_CallSpx(InboundRoutes.java:212)
... Removed 27 stack frames]]>
    </failure>
  </testcase> <!-- G_CallSpx -->
  <testcase name="H_CallGsm" time="0.0" classname="com.yeastar.swebtest.testcase.smokecase.pbxcase.InboundRoutes"/>
  <testcase name="I_CallPstn" time="48.939" classname="com.yeastar.swebtest.testcase.smokecase.pbxcase.InboundRoutes">
    <failure type="java.lang.AssertionError" message="CDR呼叫方检测 【预期：2000 [2000] 实际：1000 [1000]】">
      <![CDATA[java.lang.AssertionError: CDR呼叫方检测 【预期：2000 [2000] 实际：1000 [1000]】
	at com.yeastar.swebtest.tools.ysassert.YsAssert.fail(YsAssert.java:1086)
	at com.yeastar.swebtest.tools.ysassert.YsAssert.failNotEquals(YsAssert.java:579)
	at com.yeastar.swebtest.tools.ysassert.YsAssert.assertEqualsImpl(YsAssert.java:142)
	at com.yeastar.swebtest.tools.ysassert.YsAssert.assertEquals(YsAssert.java:116)
	at com.yeastar.swebtest.tools.ysassert.YsAssert.assertEquals(YsAssert.java:199)
	at com.yeastar.swebtest.driver.YSMethod.YS_Extension.checkCDR(YS_Extension.java:244)
	at com.yeastar.swebtest.driver.YSMethod.YS_Extension.checkCDR(YS_Extension.java:234)
	at com.yeastar.swebtest.testcase.smokecase.pbxcase.InboundRoutes.I_CallPstn(InboundRoutes.java:258)
... Removed 27 stack frames]]>
    </failure>
  </testcase> <!-- I_CallPstn -->
  <testcase name="J_CallE1" time="0.0" classname="com.yeastar.swebtest.testcase.smokecase.pbxcase.InboundRoutes"/>
  <testcase name="K_SetDidSps" time="34.197" classname="com.yeastar.swebtest.testcase.smokecase.pbxcase.InboundRoutes"/>
  <testcase name="L_CallDidSps" time="102.76" classname="com.yeastar.swebtest.testcase.smokecase.pbxcase.InboundRoutes">
    <failure type="java.lang.AssertionError" message="CDR呼叫方检测 【预期：2000 [2000] 实际：1000 [1000]】">
      <![CDATA[java.lang.AssertionError: CDR呼叫方检测 【预期：2000 [2000] 实际：1000 [1000]】
	at com.yeastar.swebtest.tools.ysassert.YsAssert.fail(YsAssert.java:1086)
	at com.yeastar.swebtest.tools.ysassert.YsAssert.failNotEquals(YsAssert.java:579)
	at com.yeastar.swebtest.tools.ysassert.YsAssert.assertEqualsImpl(YsAssert.java:142)
	at com.yeastar.swebtest.tools.ysassert.YsAssert.assertEquals(YsAssert.java:116)
	at com.yeastar.swebtest.tools.ysassert.YsAssert.assertEquals(YsAssert.java:199)
	at com.yeastar.swebtest.driver.YSMethod.YS_Extension.checkCDR(YS_Extension.java:244)
	at com.yeastar.swebtest.driver.YSMethod.YS_Extension.checkCDR(YS_Extension.java:234)
	at com.yeastar.swebtest.testcase.smokecase.pbxcase.InboundRoutes.L_CallDidSps(InboundRoutes.java:326)
... Removed 27 stack frames]]>
    </failure>
  </testcase> <!-- L_CallDidSps -->
</testsuite> <!-- pbxcore -->
