<?xml version="1.0" encoding="UTF-8"?>
<testng-results skipped="0" failed="3" total="119" passed="116">
  <reporter-output>
    <line>
      <![CDATA[【测试类场景初始化】开始执行：=======  Conference  =======]]>
    </line>
    <line>
      <![CDATA[    Pass: 1000分机注册]]>
    </line>
    <line>
      <![CDATA[    Pass: 1100分机注册]]>
    </line>
    <line>
      <![CDATA[  【执行操作】 删除所有Conference]]>
    </line>
    <line>
      <![CDATA[    Pass:  删除所有Conference]]>
    </line>
    <line>
      <![CDATA[  【执行操作】添加会议室Conference6400：6400]]>
    </line>
    <line>
      <![CDATA[  【执行操作】添加会议室6401：6401]]>
    </line>
    <line>
      <![CDATA[  【执行操作】添加会议室a：6402]]>
    </line>
    <line>
      <![CDATA[  【执行操作】 删除所有呼入路由]]>
    </line>
    <line>
      <![CDATA[    Pass:  删除所有呼入路由]]>
    </line>
    <line>
      <![CDATA[  【执行操作】添加呼入路由：Conference6400，DID：，Destination：Conference6400]]>
    </line>
    <line>
      <![CDATA[  【执行操作】添加呼入路由：6401，DID：5503301，Destination：6401]]>
    </line>
    <line>
      <![CDATA[  【执行操作】添加呼入路由：a，DID：5503302，Destination：a]]>
    </line>
    <line>
      <![CDATA[  【执行操作】 分机1000呼入会议室6400]]>
    </line>
    <line>
      <![CDATA[    Pass: 预期会议室6400有1个成员]]>
    </line>
    <line>
      <![CDATA[  【执行操作】 2000拨打99999通过sps外线呼入到会议室6400]]>
    </line>
    <line>
      <![CDATA[    Pass: 预期会议室6400有2个成员]]>
    </line>
    <line>
      <![CDATA[  【执行操作】 3001拨打3000通过sip外线呼入到会议室6400]]>
    </line>
    <line>
      <![CDATA[    Pass: 预期会议室6400有3个成员]]>
    </line>
    <line>
      <![CDATA[  【执行操作】 2001拨打88888通过spx外线呼入到会议室6400]]>
    </line>
    <line>
      <![CDATA[    Pass: 预期会议室6400有4个成员]]>
    </line>
    <line>
      <![CDATA[  【执行操作】 3003拨打3100通过iax外线呼入到会议室6400]]>
    </line>
    <line>
      <![CDATA[    Pass: 预期会议室6400有5个成员]]>
    </line>
    <line>
      <![CDATA[  【执行操作】 2003拨打2010通过pstn外线呼入到会议室6400]]>
    </line>
    <line>
      <![CDATA[    Pass: 预期会议室6400有6个成员]]>
    </line>
    <line>
      <![CDATA[  【执行操作】 2004拨打66666通过BRI外线呼入到会议室6400]]>
    </line>
    <line>
      <![CDATA[    Pass: 预期会议室6400有7个成员]]>
    </line>
    <line>
      <![CDATA[  【执行操作】 1000退出会议室]]>
    </line>
    <line>
      <![CDATA[    Pass: 预期会议室6400有6个成员]]>
    </line>
    <line>
      <![CDATA[    Pass: CDR呼叫方检测]]>
    </line>
    <line>
      <![CDATA[    Pass: CDR被叫方检测]]>
    </line>
    <line>
      <![CDATA[    Pass: CDR_Status检测]]>
    </line>
    <line>
      <![CDATA[    Pass: CDR通讯类型检测]]>
    </line>
    <line>
      <![CDATA[  【执行操作】 2000退出会议室]]>
    </line>
    <line>
      <![CDATA[    Pass: 预期会议室6400有5个成员]]>
    </line>
    <line>
      <![CDATA[    Pass: CDR呼叫方检测]]>
    </line>
    <line>
      <![CDATA[    Pass: CDR被叫方检测]]>
    </line>
    <line>
      <![CDATA[    Pass: CDR_Status检测]]>
    </line>
    <line>
      <![CDATA[    Pass: CDR源中继检测]]>
    </line>
    <line>
      <![CDATA[    Pass: CDR通讯类型检测]]>
    </line>
    <line>
      <![CDATA[  【执行操作】 3001退出会议室]]>
    </line>
    <line>
      <![CDATA[    Pass: 预期会议室6400有4个成员]]>
    </line>
    <line>
      <![CDATA[    Pass: CDR呼叫方检测]]>
    </line>
    <line>
      <![CDATA[    Pass: CDR被叫方检测]]>
    </line>
    <line>
      <![CDATA[    Pass: CDR_Status检测]]>
    </line>
    <line>
      <![CDATA[    Pass: CDR源中继检测]]>
    </line>
    <line>
      <![CDATA[    Pass: CDR通讯类型检测]]>
    </line>
    <line>
      <![CDATA[  【执行操作】 2001退出会议室]]>
    </line>
    <line>
      <![CDATA[    Pass: CDR呼叫方检测]]>
    </line>
    <line>
      <![CDATA[    Pass: CDR被叫方检测]]>
    </line>
    <line>
      <![CDATA[    Pass: CDR_Status检测]]>
    </line>
    <line>
      <![CDATA[    Pass: CDR源中继检测]]>
    </line>
    <line>
      <![CDATA[    Pass: CDR通讯类型检测]]>
    </line>
    <line>
      <![CDATA[  【执行操作】 3003退出会议室]]>
    </line>
    <line>
      <![CDATA[    Pass: CDR呼叫方检测]]>
    </line>
    <line>
      <![CDATA[    Pass: CDR被叫方检测]]>
    </line>
    <line>
      <![CDATA[    Pass: CDR_Status检测]]>
    </line>
    <line>
      <![CDATA[    Pass: CDR源中继检测]]>
    </line>
    <line>
      <![CDATA[    Pass: CDR通讯类型检测]]>
    </line>
    <line>
      <![CDATA[  【执行操作】 2003退出会议室]]>
    </line>
    <line>
      <![CDATA[    Pass: CDR呼叫方检测]]>
    </line>
    <line>
      <![CDATA[    Pass: CDR被叫方检测]]>
    </line>
    <line>
      <![CDATA[    Pass: CDR_Status检测]]>
    </line>
    <line>
      <![CDATA[    Pass: CDR源中继检测]]>
    </line>
    <line>
      <![CDATA[    Pass: CDR通讯类型检测]]>
    </line>
    <line>
      <![CDATA[  【执行操作】 2004退出会议室]]>
    </line>
    <line>
      <![CDATA[    Pass: CDR呼叫方检测]]>
    </line>
    <line>
      <![CDATA[    Pass: CDR被叫方检测]]>
    </line>
    <line>
      <![CDATA[    Pass: CDR_Status检测]]>
    </line>
    <line>
      <![CDATA[    Pass: CDR源中继检测]]>
    </line>
    <line>
      <![CDATA[    Pass: CDR通讯类型检测]]>
    </line>
    <line>
      <![CDATA[  【执行操作】 2000拨打995503301通过sps外线呼入到会议室6401，输入与会者密码：789]]>
    </line>
    <line>
      <![CDATA[    Pass: 输入与会者密码前，预期会议室6401有0个成员]]>
    </line>
    <line>
      <![CDATA[    Pass: 输入与会者密码后，预期会议室6401有1个成员]]>
    </line>
    <line>
      <![CDATA[    Pass: CDR呼叫方检测]]>
    </line>
    <line>
      <![CDATA[    Pass: CDR被叫方检测]]>
    </line>
    <line>
      <![CDATA[    Pass: CDR_Status检测]]>
    </line>
    <line>
      <![CDATA[    Pass: CDR源中继检测]]>
    </line>
    <line>
      <![CDATA[    Pass: CDR通讯类型检测]]>
    </line>
    <line>
      <![CDATA[  【执行操作】 1000拨打6401呼入到会议室6401，管理员不需要输入密码直接进入会议室]]>
    </line>
    <line>
      <![CDATA[    Pass: 预期会议室6401有1个成员]]>
    </line>
    <line>
      <![CDATA[    Pass: CDR呼叫方检测]]>
    </line>
    <line>
      <![CDATA[    Pass: CDR被叫方检测]]>
    </line>
    <line>
      <![CDATA[    Pass: CDR_Status检测]]>
    </line>
    <line>
      <![CDATA[    Pass: CDR通讯类型检测]]>
    </line>
    <line>
      <![CDATA[  【执行操作】 2000拨打995503301通过sps外线呼入到会议室6401，输入错误的与会密码：123，再次输入正确的与会者密码：789]]>
    </line>
    <line>
      <![CDATA[    Pass: 输入错误的与会密码123后，预期会议室6401有0个成员]]>
    </line>
    <line>
      <![CDATA[    Pass: 输入正确的与会密码789后，预期会议室6401有1个成员]]>
    </line>
    <line>
      <![CDATA[    Pass: CDR呼叫方检测]]>
    </line>
    <line>
      <![CDATA[    Pass: CDR被叫方检测]]>
    </line>
    <line>
      <![CDATA[    Pass: CDR_Status检测]]>
    </line>
    <line>
      <![CDATA[    Pass: CDR源中继检测]]>
    </line>
    <line>
      <![CDATA[    Pass: CDR通讯类型检测]]>
    </line>
    <line>
      <![CDATA[  【执行操作】 1000拨打6401呼入到会议室6401，管理员不需要输入密码直接进入会议室，保持通话]]>
    </line>
    <line>
      <![CDATA[  【执行操作】 修改会议室的与会密码为空,立即生效]]>
    </line>
    <line>
      <![CDATA[    Pass: 1000进入会议室，预期会议室6401有1个成员]]>
    </line>
    <line>
      <![CDATA[  【执行操作】 1100拨打6401呼入到会议室6401，不输入密码，呼入成功]]>
    </line>
    <line>
      <![CDATA[    Pass: 1100加入会议室，预期会议室6401有2个成员]]>
    </line>
    <line>
      <![CDATA[    Pass: 所有成员退出会议室，预期会议室6401有0个成员]]>
    </line>
    <line>
      <![CDATA[  【执行操作】所有成员退出会议室6401， 1100再次拨打6401呼入到会议室6401，不输入密码，呼入成功]]>
    </line>
    <line>
      <![CDATA[    Pass: 1100进入会议室，预期会议室6401有1个成员]]>
    </line>
    <line>
      <![CDATA[    Pass: CDR呼叫方检测]]>
    </line>
    <line>
      <![CDATA[    Pass: CDR被叫方检测]]>
    </line>
    <line>
      <![CDATA[    Pass: CDR_Status检测]]>
    </line>
    <line>
      <![CDATA[    Pass: CDR通讯类型检测]]>
    </line>
    <line>
      <![CDATA[  【执行操作】 AMI未打印提示音相关信息--请手动验证]]>
    </line>
    <line>
      <![CDATA[  【执行操作】 2000拨打995503302通过sps外线呼入到会议室6402，需等候管理员---判断方法：AMI打印Status: off]]>
    </line>
    <line>
      <![CDATA[    Pass: 会议室6402需等候管理员才能通话]]>
    </line>
    <line>
      <![CDATA[  【执行操作】 1100拨打6402呼入到会议室6402，需等候管理员---判断方法：AMI打印Status: off]]>
    </line>
    <line>
      <![CDATA[    Pass: 会议室6402需等候管理员才能通话]]>
    </line>
    <line>
      <![CDATA[  【执行操作】 1000拨打6402呼入到会议室6402，管理员进入会议室---判断方法：AMI不会打印Status: off]]>
    </line>
    <line>
      <![CDATA[    Pass: 会议室6402等到管理员，进行通话]]>
    </line>
    <line>
      <![CDATA[  【执行操作】 2000拨打995503302通过sps外线呼入到会议室6402，需等候管理员---判断方法：AMI打印Status: off]]>
    </line>
    <line>
      <![CDATA[    Pass: 会议室6402需等候管理员才能通话]]>
    </line>
    <line>
      <![CDATA[  【执行操作】 1100拨打6402呼入到会议室6402，输入管理员密码：456---判断方法：AMI不会打印Status: off]]>
    </line>
    <line>
      <![CDATA[    Pass: 1100成为会议室6402的管理员]]>
    </line>
    <line>
      <![CDATA[  【执行操作】 2000拨打99999通过sps外线呼入到会议室6400，按#邀请成员1100加入会议室]]>
    </line>
    <line>
      <![CDATA[    Pass: 2000进入会议室，预期会议室6400有1个成员]]>
    </line>
    <line>
      <![CDATA[    Pass: 1100被2000邀请进入会议室，预期会议室6400有2个成员]]>
    </line>
    <line>
      <![CDATA[  【执行操作】 1100按#13001邀请外线号码加入会议室]]>
    </line>
    <line>
      <![CDATA[    Pass: 3001被1100邀请进入会议室，预期会议室6400有3个成员]]>
    </line>
    <line>
      <![CDATA[  【执行操作】 1100按#1000邀请管理员加入会议室]]>
    </line>
    <line>
      <![CDATA[    Pass: 管理员1000被1100邀请进入会议室，预期会议室6400有4个成员]]>
    </line>
    <line>
      <![CDATA[    Pass: CDR呼叫方检测]]>
    </line>
    <line>
      <![CDATA[    Pass: CDR被叫方检测]]>
    </line>
    <line>
      <![CDATA[    Pass: CDR_Status检测]]>
    </line>
    <line>
      <![CDATA[    Pass: CDR通讯类型检测]]>
    </line>
    <line>
      <![CDATA[    Pass: CDR呼叫方检测]]>
    </line>
    <line>
      <![CDATA[    Pass: CDR被叫方检测]]>
    </line>
    <line>
      <![CDATA[    Pass: CDR_Status检测]]>
    </line>
    <line>
      <![CDATA[    Pass: CDR目的中继检测]]>
    </line>
    <line>
      <![CDATA[    Pass: CDR通讯类型检测]]>
    </line>
    <line>
      <![CDATA[    Pass: CDR呼叫方检测]]>
    </line>
    <line>
      <![CDATA[    Pass: CDR被叫方检测]]>
    </line>
    <line>
      <![CDATA[    Pass: CDR_Status检测]]>
    </line>
    <line>
      <![CDATA[    Pass: CDR通讯类型检测]]>
    </line>
    <line>
      <![CDATA[    Pass: CDR呼叫方检测]]>
    </line>
    <line>
      <![CDATA[    Pass: CDR被叫方检测]]>
    </line>
    <line>
      <![CDATA[    Pass: CDR_Status检测]]>
    </line>
    <line>
      <![CDATA[    Pass: CDR源中继检测]]>
    </line>
    <line>
      <![CDATA[    Pass: CDR通讯类型检测]]>
    </line>
    <line>
      <![CDATA[  【执行操作】 语音菜单--AMI未打印相关信息--请手动测试]]>
    </line>
    <line>
      <![CDATA[  【执行操作】 表格删除：Conference6400-取消删除]]>
    </line>
    <line>
      <![CDATA[    Pass: 表格删除：Conference6400-取消删除]]>
    </line>
    <line>
      <![CDATA[  【执行操作】 表格删除：Conference6400-确定删除]]>
    </line>
    <line>
      <![CDATA[    Pass: 表格删除：conference6201-确定删除]]>
    </line>
    <line>
      <![CDATA[  【执行操作】 删除：a-取消删除]]>
    </line>
    <line>
      <![CDATA[    Pass: 删除：a-取消删除]]>
    </line>
    <line>
      <![CDATA[  【执行操作】 删除：a-确定删除]]>
    </line>
    <line>
      <![CDATA[    Pass: 删除：a-确定删除]]>
    </line>
    <line>
      <![CDATA[  【执行操作】 恢复初始化环境]]>
    </line>
    <line>
      <![CDATA[  【执行操作】 删除所有Conference]]>
    </line>
    <line>
      <![CDATA[    Pass:  删除所有Conference]]>
    </line>
    <line>
      <![CDATA[  【执行操作】 添加Conference1:6400]]>
    </line>
    <line>
      <![CDATA[  【执行操作】 删除所有呼入路由]]>
    </line>
    <line>
      <![CDATA[    Pass:  删除所有呼入路由]]>
    </line>
    <line>
      <![CDATA[  【执行操作】 添加呼入路由InRoute1]]>
    </line>
    <line>
      <![CDATA[【测试类场景恢复】执行完毕：=======  Conference  =======

]]>
    </line>
    <line>
      <![CDATA[【测试类场景初始化】开始执行：=======  RingGroup  =======]]>
    </line>
    <line>
      <![CDATA[    Pass: 1000分机注册]]>
    </line>
    <line>
      <![CDATA[    Pass: 1100分机注册]]>
    </line>
    <line>
      <![CDATA[    Pass: 1101分机注册]]>
    </line>
    <line>
      <![CDATA[    Pass: 1102分机注册]]>
    </line>
    <line>
      <![CDATA[    Pass: 1103分机注册]]>
    </line>
    <line>
      <![CDATA[    Pass: 1105分机注册]]>
    </line>
    <line>
      <![CDATA[  【执行操作】 删除所有RingGroup]]>
    </line>
    <line>
      <![CDATA[    Pass:  删除所有RingGroup]]>
    </line>
    <line>
      <![CDATA[  【执行操作】添加响铃组a：6201]]>
    </line>
    <line>
      <![CDATA[  【执行操作】添加响铃组Yeastar202：6202]]>
    </line>
    <line>
      <![CDATA[  【执行操作】添加响铃组12345abcdefghijklmnopqrstuvwxyz：6203]]>
    </line>
    <line>
      <![CDATA[  【执行操作】添加响铃组*.*：6204]]>
    </line>
    <line>
      <![CDATA[  【执行操作】添加响铃组RingGroup6205：6205]]>
    </line>
    <line>
      <![CDATA[  【执行操作】添加响铃组さようなら：6206]]>
    </line>
    <line>
      <![CDATA[  【执行操作】添加响铃组Досвидания：6207]]>
    </line>
    <line>
      <![CDATA[  【执行操作】添加响铃组viszontlátasra：6208]]>
    </line>
    <line>
      <![CDATA[  【执行操作】 新建RingGroup：xxx，点击取消]]>
    </line>
    <line>
      <![CDATA[    Pass:  取消成功]]>
    </line>
    <line>
      <![CDATA[  【执行操作】 编辑RingGroup：viszontlátasra，新增成员分机1106（FXS分机）]]>
    </line>
    <line>
      <![CDATA[  【执行操作】 编辑呼入路由InRoute1，到RingGroup：a]]>
    </line>
    <line>
      <![CDATA[  【执行操作】 3001拨打3000通过sip外线呼入到RingGroup:a，分机1103接听]]>
    </line>
    <line>
      <![CDATA[    Pass:  1000--Ring]]>
    </line>
    <line>
      <![CDATA[    Pass:  1100--Ring]]>
    </line>
    <line>
      <![CDATA[    Pass:  1101--Ring]]>
    </line>
    <line>
      <![CDATA[    Pass:  1103--Ring]]>
    </line>
    <line>
      <![CDATA[    Pass:  1105--Ring]]>
    </line>
    <line>
      <![CDATA[    Pass: CDR呼叫方检测]]>
    </line>
    <line>
      <![CDATA[    Pass: CDR被叫方检测]]>
    </line>
    <line>
      <![CDATA[    Pass: CDR_Status检测]]>
    </line>
    <line>
      <![CDATA[    Pass: CDR源中继检测]]>
    </line>
    <line>
      <![CDATA[    Pass: CDR通讯类型检测]]>
    </line>
    <line>
      <![CDATA[  【执行操作】 2001拨打999999通过sps外线呼入到RingGroup:a，分机1103接听]]>
    </line>
    <line>
      <![CDATA[    Pass:  1000--Ring]]>
    </line>
    <line>
      <![CDATA[    Pass:  1100--Ring]]>
    </line>
    <line>
      <![CDATA[    Pass:  1101--Ring]]>
    </line>
    <line>
      <![CDATA[    Pass:  1103--Ring]]>
    </line>
    <line>
      <![CDATA[    Pass:  1105--Ring]]>
    </line>
    <line>
      <![CDATA[    Pass: CDR呼叫方检测]]>
    </line>
    <line>
      <![CDATA[    Pass: CDR被叫方检测]]>
    </line>
    <line>
      <![CDATA[    Pass: CDR_Status检测]]>
    </line>
    <line>
      <![CDATA[    Pass: CDR源中继检测]]>
    </line>
    <line>
      <![CDATA[    Pass: CDR通讯类型检测]]>
    </line>
    <line>
      <![CDATA[  【执行操作】 3001拨打3100通过iax外线呼入到RingGroup:a，分机1103接听]]>
    </line>
    <line>
      <![CDATA[    Pass:  1000--Ring]]>
    </line>
    <line>
      <![CDATA[    Pass:  1100--Ring]]>
    </line>
    <line>
      <![CDATA[    Pass:  1101--Ring]]>
    </line>
    <line>
      <![CDATA[    Pass:  1103--Ring]]>
    </line>
    <line>
      <![CDATA[    Pass:  1105--Ring]]>
    </line>
    <line>
      <![CDATA[    Pass: CDR呼叫方检测]]>
    </line>
    <line>
      <![CDATA[    Pass: CDR被叫方检测]]>
    </line>
    <line>
      <![CDATA[    Pass: CDR_Status检测]]>
    </line>
    <line>
      <![CDATA[    Pass: CDR源中继检测]]>
    </line>
    <line>
      <![CDATA[    Pass: CDR通讯类型检测]]>
    </line>
    <line>
      <![CDATA[  【执行操作】 2001拨打888888通过spx外线呼入到RingGroup:a，分机1103接听]]>
    </line>
    <line>
      <![CDATA[    Pass:  1000--Ring]]>
    </line>
    <line>
      <![CDATA[    Pass:  1100--Ring]]>
    </line>
    <line>
      <![CDATA[    Pass:  1101--Ring]]>
    </line>
    <line>
      <![CDATA[    Pass:  1103--Ring]]>
    </line>
    <line>
      <![CDATA[    Pass:  1105--Ring]]>
    </line>
    <line>
      <![CDATA[    Pass: CDR呼叫方检测]]>
    </line>
    <line>
      <![CDATA[    Pass: CDR被叫方检测]]>
    </line>
    <line>
      <![CDATA[    Pass: CDR_Status检测]]>
    </line>
    <line>
      <![CDATA[    Pass: CDR源中继检测]]>
    </line>
    <line>
      <![CDATA[    Pass: CDR通讯类型检测]]>
    </line>
    <line>
      <![CDATA[  【执行操作】  2001拨打2010通过fxo外线呼入到RingGroup:a，分机1103接听]]>
    </line>
    <line>
      <![CDATA[    Pass:  1000--Ring]]>
    </line>
    <line>
      <![CDATA[    Pass:  1100--Ring]]>
    </line>
    <line>
      <![CDATA[    Pass:  1101--Ring]]>
    </line>
    <line>
      <![CDATA[    Pass:  1103--Ring]]>
    </line>
    <line>
      <![CDATA[    Pass:  1105--Ring]]>
    </line>
    <line>
      <![CDATA[    Pass: CDR呼叫方检测]]>
    </line>
    <line>
      <![CDATA[    Pass: CDR被叫方检测]]>
    </line>
    <line>
      <![CDATA[    Pass: CDR_Status检测]]>
    </line>
    <line>
      <![CDATA[    Pass: CDR源中继检测]]>
    </line>
    <line>
      <![CDATA[    Pass: CDR通讯类型检测]]>
    </line>
    <line>
      <![CDATA[  【执行操作】  2001拨打66666通过bri外线呼入到RingGroup:a，分机1103接听]]>
    </line>
    <line>
      <![CDATA[    Pass:  1000--Ring]]>
    </line>
    <line>
      <![CDATA[    Pass:  1100--Ring]]>
    </line>
    <line>
      <![CDATA[    Pass:  1101--Ring]]>
    </line>
    <line>
      <![CDATA[    Pass:  1103--Ring]]>
    </line>
    <line>
      <![CDATA[    Pass:  1105--Ring]]>
    </line>
    <line>
      <![CDATA[    Pass: CDR呼叫方检测]]>
    </line>
    <line>
      <![CDATA[    Pass: CDR被叫方检测]]>
    </line>
    <line>
      <![CDATA[    Pass: CDR_Status检测]]>
    </line>
    <line>
      <![CDATA[    Pass: CDR源中继检测]]>
    </line>
    <line>
      <![CDATA[    Pass: CDR通讯类型检测]]>
    </line>
    <line>
      <![CDATA[    Error:  预期1000状态为Ring]]>
    </line>
    <line>
      <![CDATA[    Error:  预期1100状态为Ring]]>
    </line>
    <line>
      <![CDATA[    Error:  预期1101状态为Ring]]>
    </line>
    <line>
      <![CDATA[    Error:  预期1103状态为Ring]]>
    </line>
    <line>
      <![CDATA[    Error:  预期1105状态为Ring]]>
    </line>
    <line>
      <![CDATA[    Error:  预期1000状态为Ring]]>
    </line>
    <line>
      <![CDATA[    Error:  预期1100状态为Ring]]>
    </line>
    <line>
      <![CDATA[    Error:  预期1101状态为Ring]]>
    </line>
    <line>
      <![CDATA[    Error:  预期1103状态为Ring]]>
    </line>
    <line>
      <![CDATA[    Error:  预期1105状态为Ring]]>
    </line>
    <line>
      <![CDATA[  【执行操作】 1102拨打6208呼入到响铃组viszontlátasra，到分机1101响铃时，1101接听]]>
    </line>
    <line>
      <![CDATA[    Pass:  2000--Ring]]>
    </line>
    <line>
      <![CDATA[    Pass: CDR呼叫方检测]]>
    </line>
    <line>
      <![CDATA[    Pass: CDR被叫方检测]]>
    </line>
    <line>
      <![CDATA[    Pass: CDR_Status检测]]>
    </line>
    <line>
      <![CDATA[    Pass: CDR通讯类型检测]]>
    </line>
    <line>
      <![CDATA[  【执行操作】 1102拨打6201呼入到响铃组a，分机1105接听，预期其它分机停止响铃]]>
    </line>
    <line>
      <![CDATA[    Pass:  1000--Ring]]>
    </line>
    <line>
      <![CDATA[    Pass:  1100--Ring]]>
    </line>
    <line>
      <![CDATA[    Pass:  1101--Ring]]>
    </line>
    <line>
      <![CDATA[    Pass:  1103--Ring]]>
    </line>
    <line>
      <![CDATA[    Pass:  1105--Ring]]>
    </line>
    <line>
      <![CDATA[    Pass:  1000--Hang up]]>
    </line>
    <line>
      <![CDATA[    Pass:  1100--Hang up]]>
    </line>
    <line>
      <![CDATA[    Pass:  1101--Hang up]]>
    </line>
    <line>
      <![CDATA[    Pass:  1103--Hang up]]>
    </line>
    <line>
      <![CDATA[    Pass: CDR呼叫方检测]]>
    </line>
    <line>
      <![CDATA[    Pass: CDR被叫方检测]]>
    </line>
    <line>
      <![CDATA[    Pass: CDR_Status检测]]>
    </line>
    <line>
      <![CDATA[    Pass: CDR通讯类型检测]]>
    </line>
    <line>
      <![CDATA[  【执行操作】 2001拨打999999通过sps外线呼入到RingGroup:a，无人接听，60s后通话挂断]]>
    </line>
    <line>
      <![CDATA[    Pass:  1000--Ring]]>
    </line>
    <line>
      <![CDATA[    Pass:  1100--Ring]]>
    </line>
    <line>
      <![CDATA[    Pass:  1101--Ring]]>
    </line>
    <line>
      <![CDATA[    Pass:  1103--Ring]]>
    </line>
    <line>
      <![CDATA[    Pass:  1105--Ring]]>
    </line>
    <line>
      <![CDATA[    Pass:  1000--Hang up]]>
    </line>
    <line>
      <![CDATA[    Pass:  1100--Hang up]]>
    </line>
    <line>
      <![CDATA[    Pass:  1101--Hang up]]>
    </line>
    <line>
      <![CDATA[    Pass:  1103--Hang up]]>
    </line>
    <line>
      <![CDATA[    Pass:  1105--Hang up]]>
    </line>
    <line>
      <![CDATA[    Pass:  2001--Hang up]]>
    </line>
    <line>
      <![CDATA[    Pass: CDR呼叫方检测]]>
    </line>
    <line>
      <![CDATA[    Pass: CDR被叫方检测]]>
    </line>
    <line>
      <![CDATA[    Pass: CDR_Status检测]]>
    </line>
    <line>
      <![CDATA[    Pass: CDR源中继检测]]>
    </line>
    <line>
      <![CDATA[    Pass: CDR通讯类型检测]]>
    </line>
    <line>
      <![CDATA[  【执行操作】 1102拨打6202呼入到响铃组Yeastar202，无人接听，20s后分机1000响铃接听]]>
    </line>
    <line>
      <![CDATA[    Pass:  1103--Ring]]>
    </line>
    <line>
      <![CDATA[    Pass:  1103--Hang up]]>
    </line>
    <line>
      <![CDATA[    Pass:  1000--Ring]]>
    </line>
    <line>
      <![CDATA[    Pass: CDR呼叫方检测]]>
    </line>
    <line>
      <![CDATA[    Pass: CDR被叫方检测]]>
    </line>
    <line>
      <![CDATA[    Pass: CDR_Status检测]]>
    </line>
    <line>
      <![CDATA[    Pass: CDR通讯类型检测]]>
    </line>
    <line>
      <![CDATA[  【执行操作】 1103拨打6204呼入到响铃组*.*，无人接听，20S后到IVR1按1到1000]]>
    </line>
    <line>
      <![CDATA[    Pass:  1000--Ring]]>
    </line>
    <line>
      <![CDATA[    Pass:  1105--Ring]]>
    </line>
    <line>
      <![CDATA[    Pass:  1105--Hang up]]>
    </line>
    <line>
      <![CDATA[    Pass:  1000--Hang up]]>
    </line>
    <line>
      <![CDATA[    Pass:  1000--Ring]]>
    </line>
    <line>
      <![CDATA[    Pass: CDR呼叫方检测]]>
    </line>
    <line>
      <![CDATA[    Pass: CDR被叫方检测]]>
    </line>
    <line>
      <![CDATA[    Pass: CDR_Status检测]]>
    </line>
    <line>
      <![CDATA[    Pass: CDR通讯类型检测]]>
    </line>
    <line>
      <![CDATA[  【执行操作】 1102拨打6205呼入到响铃组RingGroup6205，顺序响铃10s，无人接听，转到响铃组Yeastar202，1103接听]]>
    </line>
    <line>
      <![CDATA[    Pass:  1000--Ring]]>
    </line>
    <line>
      <![CDATA[    Pass:  1100--Ring]]>
    </line>
    <line>
      <![CDATA[    Pass:  1000--Hang up]]>
    </line>
    <line>
      <![CDATA[    Pass:  1101--Ring]]>
    </line>
    <line>
      <![CDATA[    Pass:  1100--Hang up]]>
    </line>
    <line>
      <![CDATA[    Pass:  1105--Ring]]>
    </line>
    <line>
      <![CDATA[    Pass:  1101--Hang up]]>
    </line>
    <line>
      <![CDATA[    Pass:  1103--Ring]]>
    </line>
    <line>
      <![CDATA[    Pass: CDR呼叫方检测]]>
    </line>
    <line>
      <![CDATA[    Pass: CDR被叫方检测]]>
    </line>
    <line>
      <![CDATA[    Pass: CDR_Status检测]]>
    </line>
    <line>
      <![CDATA[    Pass: CDR通讯类型检测]]>
    </line>
    <line>
      <![CDATA[  【执行操作】 1102拨打6206呼入到响铃组さようなら，顺序响铃10s，无人接听，转到队列Queue1，1105接听]]>
    </line>
    <line>
      <![CDATA[    Pass:  1000--Ring]]>
    </line>
    <line>
      <![CDATA[    Pass:  1100--Ring]]>
    </line>
    <line>
      <![CDATA[    Pass:  1000--Hang up]]>
    </line>
    <line>
      <![CDATA[    Pass:  1101--Ring]]>
    </line>
    <line>
      <![CDATA[    Pass:  1100--Hang up]]>
    </line>
    <line>
      <![CDATA[    Pass:  1105--Ring]]>
    </line>
    <line>
      <![CDATA[    Pass:  1101--Hang up]]>
    </line>
    <line>
      <![CDATA[    Pass:  1103--Ring]]>
    </line>
    <line>
      <![CDATA[    Pass:  1105--Hang up]]>
    </line>
    <line>
      <![CDATA[    Pass:  1100--Ring]]>
    </line>
    <line>
      <![CDATA[    Pass: CDR呼叫方检测]]>
    </line>
    <line>
      <![CDATA[    <a href="file:///F:\MyProject\SwebTest\pic\CDR被叫方检测 【预期：1100 [6700(1100)] 实际：6700 [6700(1100)]】.jpg" target="_blank">Error: CDR被叫方检测 【预期：1100 [6700(1100)] 实际：6700 [6700(1100)]】</a>]]>
    </line>
    <line>
      <![CDATA[  【执行操作】 1105拨打6207呼入到响铃组Досвидания，顺序响铃30s，无人接听，转到Conference1]]>
    </line>
    <line>
      <![CDATA[    Pass:  1000--Ring]]>
    </line>
    <line>
      <![CDATA[    Pass:  1000--Hang up]]>
    </line>
    <line>
      <![CDATA[    Pass: CDR呼叫方检测]]>
    </line>
    <line>
      <![CDATA[    <a href="file:///F:\MyProject\SwebTest\pic\CDR被叫方检测 【预期：1000 [6207(6400)] 实际：6400 [6207(6400)]】.jpg" target="_blank">Error: CDR被叫方检测 【预期：1000 [6207(6400)] 实际：6400 [6207(6400)]】</a>]]>
    </line>
    <line>
      <![CDATA[  【执行操作】 1102拨打6203呼入到响铃组，同时响铃10s，无人接听，预期到1105的voicemail]]>
    </line>
    <line>
      <![CDATA[    Pass: CDR呼叫方检测]]>
    </line>
    <line>
      <![CDATA[    Pass: CDR被叫方检测]]>
    </line>
    <line>
      <![CDATA[    Pass: CDR_Status检测]]>
    </line>
    <line>
      <![CDATA[    Pass: CDR通讯类型检测]]>
    </line>
    <line>
      <![CDATA[  【执行操作】 分机1105登录，查看存在1102留下的语音留言]]>
    </line>
    <line>
      <![CDATA[    Pass: 语音留言检查:预期第6行的CallerID为1102(1102)]]>
    </line>
    <line>
      <![CDATA[  【执行操作】 表格删除：Yeastar202-取消删除]]>
    </line>
    <line>
      <![CDATA[    Pass: 表格删除：Yeastar202-取消删除]]>
    </line>
    <line>
      <![CDATA[  【执行操作】 表格删除：Yeastar202-确定删除]]>
    </line>
    <line>
      <![CDATA[    Pass: 表格删除：RingGroup6201-确定删除]]>
    </line>
    <line>
      <![CDATA[  【执行操作】 删除：さようなら-取消删除]]>
    </line>
    <line>
      <![CDATA[    Pass: 删除：さようなら-取消删除]]>
    </line>
    <line>
      <![CDATA[  【执行操作】 删除：さようなら-确定删除]]>
    </line>
    <line>
      <![CDATA[    Pass: 删除：さようなら-确定删除]]>
    </line>
    <line>
      <![CDATA[  【执行操作】 恢复初始化环境]]>
    </line>
    <line>
      <![CDATA[  【执行操作】 删除所有RingGroup]]>
    </line>
    <line>
      <![CDATA[    Pass:  删除所有RingGroup]]>
    </line>
    <line>
      <![CDATA[  【执行操作】 添加RingGroup1：6200，选择分机1000,1100,1105，其它默认]]>
    </line>
    <line>
      <![CDATA[【测试类场景恢复】执行完毕：=====  RingGroup =====

]]>
    </line>
    <line>
      <![CDATA[【测试类场景初始化】开始执行：=======  IVR  =======]]>
    </line>
    <line>
      <![CDATA[    Pass: 1000分机注册]]>
    </line>
    <line>
      <![CDATA[    Pass: 1100分机注册]]>
    </line>
    <line>
      <![CDATA[    Pass: 1101分机注册]]>
    </line>
    <line>
      <![CDATA[    Pass: 1102分机注册]]>
    </line>
    <line>
      <![CDATA[    Pass: 1103分机注册]]>
    </line>
    <line>
      <![CDATA[    Pass: 1105分机注册]]>
    </line>
    <line>
      <![CDATA[  【执行操作】 删除所有IVR]]>
    </line>
    <line>
      <![CDATA[    Pass:  删除所有IVR]]>
    </line>
    <line>
      <![CDATA[  【执行操作】添加IVR：a：6501]]>
    </line>
    <line>
      <![CDATA[  【执行操作】添加IVR：Yeastar202：6502]]>
    </line>
    <line>
      <![CDATA[  【执行操作】添加IVR：12345abcdefghijklmnopqrstuvwxyz：6503]]>
    </line>
    <line>
      <![CDATA[  【执行操作】添加IVR：*.*：6504]]>
    </line>
    <line>
      <![CDATA[  【执行操作】添加IVR：IVR6505：6505]]>
    </line>
    <line>
      <![CDATA[  【执行操作】添加IVR：さようなら：6506]]>
    </line>
    <line>
      <![CDATA[  【执行操作】添加IVR：Досвидания：6507]]>
    </line>
    <line>
      <![CDATA[  【执行操作】添加IVR：viszontlátasra：6508]]>
    </line>
    <line>
      <![CDATA[  【执行操作】 编辑IVR：Yeastar202，Prompt：选择prompt1，按2到Voicemail:1105，按3到RingGroup1，按4到Queue1，按5到Conference1，按6到prompt1，按7到分机到IVR：*.*，按8到1106（fxs），按9到Dial by Name，按#到分机1100，按*到分机1101，Timeout到分机1102，Invalid到prompt1]]>
    </line>
    <line>
      <![CDATA[  【执行操作】 编辑呼入路由InRoute1，到IVR：Yeastar202]]>
    </line>
    <line>
      <![CDATA[  【执行操作】备份IVR基础环境]]>
    </line>
    <line>
      <![CDATA[  【执行操作】 3001拨打3000通过sip外线呼入到IVR：6502，按0到分机1000]]>
    </line>
    <line>
      <![CDATA[    Pass: 预期1000会响铃]]>
    </line>
    <line>
      <![CDATA[    Pass: CDR呼叫方检测]]>
    </line>
    <line>
      <![CDATA[    Pass: CDR被叫方检测]]>
    </line>
    <line>
      <![CDATA[    Pass: CDR_Status检测]]>
    </line>
    <line>
      <![CDATA[    Pass: CDR源中继检测]]>
    </line>
    <line>
      <![CDATA[    Pass: CDR通讯类型检测]]>
    </line>
    <line>
      <![CDATA[  【执行操作】 2001拨打99999通过sps外线呼入到IVR：6502，按#到分机1100]]>
    </line>
    <line>
      <![CDATA[    Pass: 预期1100会响铃]]>
    </line>
    <line>
      <![CDATA[    Pass: CDR呼叫方检测]]>
    </line>
    <line>
      <![CDATA[    Pass: CDR被叫方检测]]>
    </line>
    <line>
      <![CDATA[    Pass: CDR_Status检测]]>
    </line>
    <line>
      <![CDATA[    Pass: CDR源中继检测]]>
    </line>
    <line>
      <![CDATA[    Pass: CDR通讯类型检测]]>
    </line>
    <line>
      <![CDATA[  【执行操作】 3001拨打3100通过iax外线呼入到IVR：6502,按0到分机1000]]>
    </line>
    <line>
      <![CDATA[    Pass: 预期1000会响铃]]>
    </line>
    <line>
      <![CDATA[    Pass: CDR呼叫方检测]]>
    </line>
    <line>
      <![CDATA[    Pass: CDR被叫方检测]]>
    </line>
    <line>
      <![CDATA[    Pass: CDR_Status检测]]>
    </line>
    <line>
      <![CDATA[    Pass: CDR源中继检测]]>
    </line>
    <line>
      <![CDATA[    Pass: CDR通讯类型检测]]>
    </line>
    <line>
      <![CDATA[  【执行操作】 2001拨打88888通过spx外线呼入到IVR：6502，按0到分机1000]]>
    </line>
    <line>
      <![CDATA[    Pass: 预期1000会响铃]]>
    </line>
    <line>
      <![CDATA[    Pass: CDR呼叫方检测]]>
    </line>
    <line>
      <![CDATA[    Pass: CDR被叫方检测]]>
    </line>
    <line>
      <![CDATA[    Pass: CDR_Status检测]]>
    </line>
    <line>
      <![CDATA[    Pass: CDR源中继检测]]>
    </line>
    <line>
      <![CDATA[    Pass: CDR通讯类型检测]]>
    </line>
    <line>
      <![CDATA[  【执行操作】 2001拨打2010通过fxo外线呼入到IVR：6502，按0到分机1000]]>
    </line>
    <line>
      <![CDATA[    Pass: 预期1000会响铃]]>
    </line>
    <line>
      <![CDATA[    Pass: CDR呼叫方检测]]>
    </line>
    <line>
      <![CDATA[    Pass: CDR被叫方检测]]>
    </line>
    <line>
      <![CDATA[    Pass: CDR_Status检测]]>
    </line>
    <line>
      <![CDATA[    Pass: CDR源中继检测]]>
    </line>
    <line>
      <![CDATA[    Pass: CDR通讯类型检测]]>
    </line>
    <line>
      <![CDATA[  【执行操作】 2001拨打66666通过bri外线呼入到IVR：6502，按0到分机1000]]>
    </line>
    <line>
      <![CDATA[    Pass: 预期1000会响铃]]>
    </line>
    <line>
      <![CDATA[    Pass: CDR呼叫方检测]]>
    </line>
    <line>
      <![CDATA[    Pass: CDR被叫方检测]]>
    </line>
    <line>
      <![CDATA[    Pass: CDR_Status检测]]>
    </line>
    <line>
      <![CDATA[    Pass: CDR源中继检测]]>
    </line>
    <line>
      <![CDATA[    Pass: CDR通讯类型检测]]>
    </line>
    <line>
      <![CDATA[  【执行操作】 2000拨打99999通过sps外线呼入到IVR：6502，按1到Callback1]]>
    </line>
    <line>
      <![CDATA[    Pass: 预期2000会响铃]]>
    </line>
    <line>
      <![CDATA[    Pass: 预期1000会响铃]]>
    </line>
    <line>
      <![CDATA[    Pass: CDR呼叫方检测]]>
    </line>
    <line>
      <![CDATA[    Pass: CDR被叫方检测]]>
    </line>
    <line>
      <![CDATA[    Pass: CDR_Status检测]]>
    </line>
    <line>
      <![CDATA[    Pass: CDR源中继检测]]>
    </line>
    <line>
      <![CDATA[    Pass: CDR通讯类型检测]]>
    </line>
    <line>
      <![CDATA[  【执行操作】 2000拨打99999通过sps外线呼入到IVR：6502，按2到1105的Voicemail]]>
    </line>
    <line>
      <![CDATA[    Pass: CDR呼叫方检测]]>
    </line>
    <line>
      <![CDATA[    Pass: CDR被叫方检测]]>
    </line>
    <line>
      <![CDATA[    Pass: CDR_Status检测]]>
    </line>
    <line>
      <![CDATA[    Pass: CDR源中继检测]]>
    </line>
    <line>
      <![CDATA[    Pass: CDR通讯类型检测]]>
    </line>
    <line>
      <![CDATA[  【执行操作】 1105登录查看存在CallerID为2000的语音留言]]>
    </line>
    <line>
      <![CDATA[    Pass: 语音留言检查:预期第1行的CallerID为2000(2000)]]>
    </line>
    <line>
      <![CDATA[  【执行操作】 admin重新登录]]>
    </line>
    <line>
      <![CDATA[  【执行操作】 2000拨打99999通过sps外线呼入到IVR：6502，按3到RingGroup1,1100应答]]>
    </line>
    <line>
      <![CDATA[    Pass: 预期1000会响铃]]>
    </line>
    <line>
      <![CDATA[    Pass: 预期1100会响铃]]>
    </line>
    <line>
      <![CDATA[    Pass: 预期1105会响铃]]>
    </line>
    <line>
      <![CDATA[    Pass: CDR呼叫方检测]]>
    </line>
    <line>
      <![CDATA[    Pass: CDR被叫方检测]]>
    </line>
    <line>
      <![CDATA[    Pass: CDR_Status检测]]>
    </line>
    <line>
      <![CDATA[    Pass: CDR源中继检测]]>
    </line>
    <line>
      <![CDATA[    Pass: CDR通讯类型检测]]>
    </line>
    <line>
      <![CDATA[  【执行操作】 2000拨打99999通过sps外线呼入到IVR:6502，按4到Queue1，1105应答]]>
    </line>
    <line>
      <![CDATA[    Pass: 预期1000会响铃]]>
    </line>
    <line>
      <![CDATA[    Pass: 预期1100会响铃]]>
    </line>
    <line>
      <![CDATA[    Pass: 预期1105会响铃]]>
    </line>
    <line>
      <![CDATA[    Pass: CDR呼叫方检测]]>
    </line>
    <line>
      <![CDATA[    Pass: CDR被叫方检测]]>
    </line>
    <line>
      <![CDATA[    Pass: CDR_Status检测]]>
    </line>
    <line>
      <![CDATA[    Pass: CDR源中继检测]]>
    </line>
    <line>
      <![CDATA[    Pass: CDR通讯类型检测]]>
    </line>
    <line>
      <![CDATA[  【执行操作】 2000拨打99999通过sps外线呼入到IVR：6502，按5到Conference1]]>
    </line>
    <line>
      <![CDATA[    Pass: CDR呼叫方检测]]>
    </line>
    <line>
      <![CDATA[    Pass: CDR被叫方检测]]>
    </line>
    <line>
      <![CDATA[    Pass: CDR_Status检测]]>
    </line>
    <line>
      <![CDATA[    Pass: CDR源中继检测]]>
    </line>
    <line>
      <![CDATA[    Pass: CDR通讯类型检测]]>
    </line>
    <line>
      <![CDATA[  【执行操作】 2000拨打99999通过sps外线呼入到IVR：6502，按6到prompt1,提示音播放完就挂断]]>
    </line>
    <line>
      <![CDATA[  【执行操作】 2000按0到分机1000]]>
    </line>
    <line>
      <![CDATA[    Pass: 预期2000会挂断]]>
    </line>
    <line>
      <![CDATA[    Pass: CDR呼叫方检测]]>
    </line>
    <line>
      <![CDATA[    Pass: CDR被叫方检测]]>
    </line>
    <line>
      <![CDATA[    Pass: CDR_Status检测]]>
    </line>
    <line>
      <![CDATA[    Pass: CDR源中继检测]]>
    </line>
    <line>
      <![CDATA[    Pass: CDR通讯类型检测]]>
    </line>
    <line>
      <![CDATA[  【执行操作】 2000拨打99999通过sps外线呼入到IVR：6502，按7到IVR6504：*.*，按1到分机1000]]>
    </line>
    <line>
      <![CDATA[  【执行操作】 2000按1到分机1000]]>
    </line>
    <line>
      <![CDATA[    Pass: 预期1000会响铃]]>
    </line>
    <line>
      <![CDATA[    Pass: CDR呼叫方检测]]>
    </line>
    <line>
      <![CDATA[    Pass: CDR被叫方检测]]>
    </line>
    <line>
      <![CDATA[    Pass: CDR_Status检测]]>
    </line>
    <line>
      <![CDATA[    Pass: CDR源中继检测]]>
    </line>
    <line>
      <![CDATA[    Pass: CDR通讯类型检测]]>
    </line>
    <line>
      <![CDATA[  【执行操作】 3001拨打3000通过sip外线呼入到IVR：6502，按8到分机1106（fxs）]]>
    </line>
    <line>
      <![CDATA[    Pass: 预期2000会响铃]]>
    </line>
    <line>
      <![CDATA[    Pass: CDR呼叫方检测]]>
    </line>
    <line>
      <![CDATA[    Pass: CDR被叫方检测]]>
    </line>
    <line>
      <![CDATA[    Pass: CDR_Status检测]]>
    </line>
    <line>
      <![CDATA[    Pass: CDR源中继检测]]>
    </line>
    <line>
      <![CDATA[    Pass: CDR通讯类型检测]]>
    </line>
    <line>
      <![CDATA[  【执行操作】 2000拨打99999通过sps外线呼入到IVR：6502，按9到DialByName按957到分机1103]]>
    </line>
    <line>
      <![CDATA[    Pass: 预期1103为Ring状态]]>
    </line>
    <line>
      <![CDATA[    Pass: CDR呼叫方检测]]>
    </line>
    <line>
      <![CDATA[    Pass: CDR被叫方检测]]>
    </line>
    <line>
      <![CDATA[    Pass: CDR_Status检测]]>
    </line>
    <line>
      <![CDATA[    Pass: CDR源中继检测]]>
    </line>
    <line>
      <![CDATA[    Pass: CDR通讯类型检测]]>
    </line>
    <line>
      <![CDATA[  【执行操作】 2000拨打99999通过sps外线呼入到IVR：6502，按#到分机1100]]>
    </line>
    <line>
      <![CDATA[    Pass: 预期1100为Ring状态]]>
    </line>
    <line>
      <![CDATA[    Pass: CDR呼叫方检测]]>
    </line>
    <line>
      <![CDATA[    Pass: CDR被叫方检测]]>
    </line>
    <line>
      <![CDATA[    Pass: CDR_Status检测]]>
    </line>
    <line>
      <![CDATA[    Pass: CDR源中继检测]]>
    </line>
    <line>
      <![CDATA[    Pass: CDR通讯类型检测]]>
    </line>
    <line>
      <![CDATA[  【执行操作】 2000拨打99999通过sps外线呼入到IVR：6502，按*到分机1101]]>
    </line>
    <line>
      <![CDATA[    Pass: 预期1101为Ring状态]]>
    </line>
    <line>
      <![CDATA[    Pass: CDR呼叫方检测]]>
    </line>
    <line>
      <![CDATA[    Pass: CDR被叫方检测]]>
    </line>
    <line>
      <![CDATA[    Pass: CDR_Status检测]]>
    </line>
    <line>
      <![CDATA[    Pass: CDR源中继检测]]>
    </line>
    <line>
      <![CDATA[    Pass: CDR通讯类型检测]]>
    </line>
    <line>
      <![CDATA[  【执行操作】 2000拨打99999通过sps外线呼入到IVR：6502，Timeout到分机1102]]>
    </line>
    <line>
      <![CDATA[    Pass: 预期1102为Ring状态]]>
    </line>
    <line>
      <![CDATA[    Pass: CDR呼叫方检测]]>
    </line>
    <line>
      <![CDATA[    Pass: CDR被叫方检测]]>
    </line>
    <line>
      <![CDATA[    Pass: CDR_Status检测]]>
    </line>
    <line>
      <![CDATA[    Pass: CDR源中继检测]]>
    </line>
    <line>
      <![CDATA[    Pass: CDR通讯类型检测]]>
    </line>
    <line>
      <![CDATA[  【执行操作】 2000拨打99999通过sps外线呼入到IVR：6502，按A到Custom Prompt：prompt1]]>
    </line>
    <line>
      <![CDATA[  【执行操作】 2000按0到分机1000]]>
    </line>
    <line>
      <![CDATA[    Pass: 预期1000会响铃]]>
    </line>
    <line>
      <![CDATA[    Pass: CDR呼叫方检测]]>
    </line>
    <line>
      <![CDATA[    Pass: CDR被叫方检测]]>
    </line>
    <line>
      <![CDATA[    Pass: CDR_Status检测]]>
    </line>
    <line>
      <![CDATA[    Pass: CDR源中继检测]]>
    </line>
    <line>
      <![CDATA[    Pass: CDR通讯类型检测]]>
    </line>
    <line>
      <![CDATA[  【执行操作】 2000拨打99999通过sps外线呼入到IVR：6502，直播分机号码1103]]>
    </line>
    <line>
      <![CDATA[    Pass: 预期1103会响铃]]>
    </line>
    <line>
      <![CDATA[    Pass: CDR呼叫方检测]]>
    </line>
    <line>
      <![CDATA[    Pass: CDR被叫方检测]]>
    </line>
    <line>
      <![CDATA[    Pass: CDR_Status检测]]>
    </line>
    <line>
      <![CDATA[    Pass: CDR源中继检测]]>
    </line>
    <line>
      <![CDATA[    Pass: CDR目的中继检测]]>
    </line>
    <line>
      <![CDATA[    Pass: CDR通讯类型检测]]>
    </line>
    <line>
      <![CDATA[  【执行操作】 2000拨打99999通过sps外线呼入到IVR：6502，直播响铃组号码6200,1100接听]]>
    </line>
    <line>
      <![CDATA[    Pass: 预期1000会响铃]]>
    </line>
    <line>
      <![CDATA[    Pass: 预期1100会响铃]]>
    </line>
    <line>
      <![CDATA[    Pass: 预期1105会响铃]]>
    </line>
    <line>
      <![CDATA[    Pass: CDR呼叫方检测]]>
    </line>
    <line>
      <![CDATA[    Pass: CDR被叫方检测]]>
    </line>
    <line>
      <![CDATA[    Pass: CDR_Status检测]]>
    </line>
    <line>
      <![CDATA[    Pass: CDR源中继检测]]>
    </line>
    <line>
      <![CDATA[    Pass: CDR通讯类型检测]]>
    </line>
    <line>
      <![CDATA[  【执行操作】 1100拨打6508呼入到IVR：6508，直播分机号1103，预期：走到key 1到分机1000，即1000响铃]]>
    </line>
    <line>
      <![CDATA[    Pass: 预期1000为Ring状态]]>
    </line>
    <line>
      <![CDATA[    Pass: CDR呼叫方检测]]>
    </line>
    <line>
      <![CDATA[    Pass: CDR被叫方检测]]>
    </line>
    <line>
      <![CDATA[    Pass: CDR_Status检测]]>
    </line>
    <line>
      <![CDATA[    Pass: CDR通讯类型检测]]>
    </line>
    <line>
      <![CDATA[  【执行操作】 2000拨打99999通过sps外线呼入到IVR：6502，拨打13001通过sip外线呼出]]>
    </line>
    <line>
      <![CDATA[    Pass: 预期3001为Ring状态]]>
    </line>
    <line>
      <![CDATA[    Pass: CDR呼叫方检测]]>
    </line>
    <line>
      <![CDATA[    Pass: CDR被叫方检测]]>
    </line>
    <line>
      <![CDATA[    Pass: CDR_Status检测]]>
    </line>
    <line>
      <![CDATA[    Pass: CDR源中继检测]]>
    </line>
    <line>
      <![CDATA[    Pass: CDR目的中继检测]]>
    </line>
    <line>
      <![CDATA[    Pass: CDR通讯类型检测]]>
    </line>
    <line>
      <![CDATA[  【执行操作】 3001拨打3000通过sip外线呼入到IVR：6502，拨打32000通过sps外线呼出]]>
    </line>
    <line>
      <![CDATA[    Pass: 预期2000为Ring状态]]>
    </line>
    <line>
      <![CDATA[    Pass: CDR呼叫方检测]]>
    </line>
    <line>
      <![CDATA[    Pass: CDR被叫方检测]]>
    </line>
    <line>
      <![CDATA[    Pass: CDR_Status检测]]>
    </line>
    <line>
      <![CDATA[    Pass: CDR源中继检测]]>
    </line>
    <line>
      <![CDATA[    Pass: CDR目的中继检测]]>
    </line>
    <line>
      <![CDATA[    Pass: CDR通讯类型检测]]>
    </line>
    <line>
      <![CDATA[  【执行操作】 2000拨打99999通过sps外线呼入到IVR：6502，拨打23001通过iax外线呼出]]>
    </line>
    <line>
      <![CDATA[    Pass: 预期3001为Ring状态]]>
    </line>
    <line>
      <![CDATA[    Pass: CDR呼叫方检测]]>
    </line>
    <line>
      <![CDATA[    Pass: CDR被叫方检测]]>
    </line>
    <line>
      <![CDATA[    Pass: CDR_Status检测]]>
    </line>
    <line>
      <![CDATA[    Pass: CDR源中继检测]]>
    </line>
    <line>
      <![CDATA[    Pass: CDR目的中继检测]]>
    </line>
    <line>
      <![CDATA[    Pass: CDR通讯类型检测]]>
    </line>
    <line>
      <![CDATA[  【执行操作】 3001拨打3000通过sip外线呼入到IVR：6502，拨打42000通过spx外线呼出]]>
    </line>
    <line>
      <![CDATA[    Pass: 预期2000为Ring状态]]>
    </line>
    <line>
      <![CDATA[    Pass: CDR呼叫方检测]]>
    </line>
    <line>
      <![CDATA[    Pass: CDR被叫方检测]]>
    </line>
    <line>
      <![CDATA[    Pass: CDR_Status检测]]>
    </line>
    <line>
      <![CDATA[    Pass: CDR源中继检测]]>
    </line>
    <line>
      <![CDATA[    Pass: CDR目的中继检测]]>
    </line>
    <line>
      <![CDATA[    Pass: CDR通讯类型检测]]>
    </line>
    <line>
      <![CDATA[  【执行操作】 3001拨打3000通过sip外线呼入到IVR：6502，拨打52000通过pstn外线呼出]]>
    </line>
    <line>
      <![CDATA[    Pass: 预期2000为Ring状态]]>
    </line>
    <line>
      <![CDATA[    Pass: CDR呼叫方检测]]>
    </line>
    <line>
      <![CDATA[    Pass: CDR被叫方检测]]>
    </line>
    <line>
      <![CDATA[    Pass: CDR_Status检测]]>
    </line>
    <line>
      <![CDATA[    Pass: CDR源中继检测]]>
    </line>
    <line>
      <![CDATA[    Pass: CDR目的中继检测]]>
    </line>
    <line>
      <![CDATA[    Pass: CDR通讯类型检测]]>
    </line>
    <line>
      <![CDATA[  【执行操作】 3001拨打3000通过sip外线呼入到IVR：6502，拨打62000通过bri外线呼出]]>
    </line>
    <line>
      <![CDATA[    Pass: 预期2000为Ring状态]]>
    </line>
    <line>
      <![CDATA[    Pass: CDR呼叫方检测]]>
    </line>
    <line>
      <![CDATA[    Pass: CDR被叫方检测]]>
    </line>
    <line>
      <![CDATA[    Pass: CDR_Status检测]]>
    </line>
    <line>
      <![CDATA[    Pass: CDR源中继检测]]>
    </line>
    <line>
      <![CDATA[    Pass: CDR目的中继检测]]>
    </line>
    <line>
      <![CDATA[    Pass: CDR通讯类型检测]]>
    </line>
    <line>
      <![CDATA[  【执行操作】 1100拨打6503，按32000（未启用Dial Outbound Routes)，预期1100被挂断]]>
    </line>
    <line>
      <![CDATA[    Pass: 预期1100为Hang up状态]]>
    </line>
    <line>
      <![CDATA[    Pass: CDR呼叫方检测]]>
    </line>
    <line>
      <![CDATA[    Pass: CDR被叫方检测]]>
    </line>
    <line>
      <![CDATA[    Pass: CDR_Status检测]]>
    </line>
    <line>
      <![CDATA[    Pass: CDR源中继检测]]>
    </line>
    <line>
      <![CDATA[    Pass: CDR目的中继检测]]>
    </line>
    <line>
      <![CDATA[    Pass: CDR通讯类型检测]]>
    </line>
    <line>
      <![CDATA[  【执行操作】 2001拨打99999通过sps外线呼入到IVR：6502，按*02查看分机1105的语音留言]]>
    </line>
    <line>
      <![CDATA[    Pass: CDR呼叫方检测]]>
    </line>
    <line>
      <![CDATA[    Pass: CDR被叫方检测]]>
    </line>
    <line>
      <![CDATA[    Pass: CDR_Status检测]]>
    </line>
    <line>
      <![CDATA[    Pass: CDR源中继检测]]>
    </line>
    <line>
      <![CDATA[    Pass: CDR通讯类型检测]]>
    </line>
    <line>
      <![CDATA[  【执行操作】 1100拨打6506，按*02查看语音留言（未启用Dial to Check Voicemail）]]>
    </line>
    <line>
      <![CDATA[    Pass: 预期1100为Hang up状态]]>
    </line>
    <line>
      <![CDATA[    Pass: CDR呼叫方检测]]>
    </line>
    <line>
      <![CDATA[    Pass: CDR被叫方检测]]>
    </line>
    <line>
      <![CDATA[    Pass: CDR_Status检测]]>
    </line>
    <line>
      <![CDATA[    Pass: CDR源中继检测]]>
    </line>
    <line>
      <![CDATA[    Pass: CDR目的中继检测]]>
    </line>
    <line>
      <![CDATA[    Pass: CDR通讯类型检测]]>
    </line>
    <line>
      <![CDATA[  【执行操作】 2000拨打99999通过sps外线呼入到IVR：6502，检查播放4次的prompt1]]>
    </line>
    <line>
      <![CDATA[  【执行操作】 2000按0到分机1000]]>
    </line>
    <line>
      <![CDATA[    <a href="file:///F:\MyProject\SwebTest\pic\预期1000会响铃 【预期：2 实际：4】.jpg" target="_blank">Error: 预期1000会响铃 【预期：2 实际：4】</a>]]>
    </line>
    <line>
      <![CDATA[  【执行操作】 表格删除：*.*-取消删除]]>
    </line>
    <line>
      <![CDATA[    Pass: 表格删除：*.*-取消删除]]>
    </line>
    <line>
      <![CDATA[  【执行操作】 表格删除：*.*-确定删除]]>
    </line>
    <line>
      <![CDATA[    Pass: 表格删除：*.*-确定删除]]>
    </line>
    <line>
      <![CDATA[  【执行操作】 删除：12345abcdefghijklmnopqrstuvwxyz-取消删除]]>
    </line>
    <line>
      <![CDATA[    Pass: 删除：12345abcdefghijklmnopqrstuvwxyz-取消删除]]>
    </line>
    <line>
      <![CDATA[  【执行操作】 删除：12345abcdefghijklmnopqrstuvwxyz-确定删除]]>
    </line>
    <line>
      <![CDATA[    Pass: 删除：12345abcdefghijklmnopqrstuvwxyz-确定删除]]>
    </line>
    <line>
      <![CDATA[  【执行操作】 IVR恢复BeforeTest设置]]>
    </line>
    <line>
      <![CDATA[  【执行操作】 删除所有IVR]]>
    </line>
    <line>
      <![CDATA[    Pass:  删除所有IVR]]>
    </line>
    <line>
      <![CDATA[  【执行操作】 添加IVR1：6500,按1到分机1000]]>
    </line>
    <line>
      <![CDATA[  【执行操作】 编辑IVR1:按1到分机1000]]>
    </line>
    <line>
      <![CDATA[  【执行操作】 编辑呼入路由Inbound1，呼入到分机1000]]>
    </line>
    <line>
      <![CDATA[【测试类场景恢复】执行完毕：=======  IVR  =======

]]>
    </line>
  </reporter-output>
  <suite name="PBXCORE" duration-ms="5387348" started-at="2018-05-09T03:21:46Z" finished-at="2018-05-09T04:51:34Z">
    <groups>
    </groups>
    <test name="pbxcore" duration-ms="5387348" started-at="2018-05-09T03:21:46Z" finished-at="2018-05-09T04:51:34Z">
      <class name="com.yeastar.swebtest.testcase.DetailCase.pbxcase.IVR">
        <test-method status="PASS" signature="BeforeClass()[pri:0, instance:com.yeastar.swebtest.testcase.DetailCase.pbxcase.IVR@1d0c81b]" name="BeforeClass" is-config="true" duration-ms="29085" started-at="2018-05-09T12:11:21Z" finished-at="2018-05-09T12:11:50Z">
          <reporter-output>
            <line>
              <![CDATA[【测试类场景初始化】开始执行：=======  IVR  =======]]>
            </line>
          </reporter-output>
        </test-method> <!-- BeforeClass -->
        <test-method status="PASS" signature="Register()[pri:0, instance:com.yeastar.swebtest.testcase.DetailCase.pbxcase.IVR@1d0c81b]" name="Register" is-config="true" duration-ms="46852" started-at="2018-05-09T12:11:50Z" finished-at="2018-05-09T12:12:37Z">
          <reporter-output>
            <line>
              <![CDATA[    Pass: 1000分机注册]]>
            </line>
            <line>
              <![CDATA[    Pass: 1100分机注册]]>
            </line>
            <line>
              <![CDATA[    Pass: 1101分机注册]]>
            </line>
            <line>
              <![CDATA[    Pass: 1102分机注册]]>
            </line>
            <line>
              <![CDATA[    Pass: 1103分机注册]]>
            </line>
            <line>
              <![CDATA[    Pass: 1105分机注册]]>
            </line>
          </reporter-output>
        </test-method> <!-- Register -->
        <test-method status="PASS" signature="A1_Init()[pri:0, instance:com.yeastar.swebtest.testcase.DetailCase.pbxcase.IVR@1d0c81b]" name="A1_Init" duration-ms="23059" started-at="2018-05-09T12:12:37Z" finished-at="2018-05-09T12:13:00Z">
          <reporter-output>
            <line>
              <![CDATA[  【执行操作】 删除所有IVR]]>
            </line>
            <line>
              <![CDATA[    Pass:  删除所有IVR]]>
            </line>
          </reporter-output>
        </test-method> <!-- A1_Init -->
        <test-method status="PASS" signature="AfterMethod()[pri:0, instance:com.yeastar.swebtest.testcase.DetailCase.pbxcase.IVR@1d0c81b]" name="AfterMethod" is-config="true" duration-ms="28" started-at="2018-05-09T12:13:00Z" finished-at="2018-05-09T12:13:00Z">
          <reporter-output>
          </reporter-output>
        </test-method> <!-- AfterMethod -->
        <test-method status="PASS" signature="A2_AddIVR(java.util.HashMap)[pri:0, instance:com.yeastar.swebtest.testcase.DetailCase.pbxcase.IVR@1d0c81b]" name="A2_AddIVR" duration-ms="20830" started-at="2018-05-09T12:13:00Z" data-provider="add" finished-at="2018-05-09T12:13:21Z">
          <params>
            <param index="0">
              <value>
                <![CDATA[{Response=5, RepeatCount=3, DialOutbound=false, CheckVoicemail=false, Key1=D, Digit=5, DialExtension=false, Key0=h, Number=6501, Des0=, Name=a, Des1=}]]>
              </value>
            </param>
          </params>
          <reporter-output>
            <line>
              <![CDATA[  【执行操作】添加IVR：a：6501]]>
            </line>
          </reporter-output>
        </test-method> <!-- A2_AddIVR -->
        <test-method status="PASS" signature="AfterMethod()[pri:0, instance:com.yeastar.swebtest.testcase.DetailCase.pbxcase.IVR@1d0c81b]" name="AfterMethod" is-config="true" duration-ms="25" started-at="2018-05-09T12:13:21Z" finished-at="2018-05-09T12:13:21Z">
          <reporter-output>
          </reporter-output>
        </test-method> <!-- AfterMethod -->
        <test-method status="PASS" signature="A2_AddIVR(java.util.HashMap)[pri:0, instance:com.yeastar.swebtest.testcase.DetailCase.pbxcase.IVR@1d0c81b]" name="A2_AddIVR" duration-ms="41375" started-at="2018-05-09T12:13:21Z" data-provider="add" finished-at="2018-05-09T12:14:02Z">
          <params>
            <param index="0">
              <value>
                <![CDATA[{Response=10, RepeatCount=4, DialOutbound=true, CheckVoicemail=true, Key1=C, Digit=10, DialExtension=true, Key0=e, Number=6502, Des0=1000, Name=Yeastar202, Des1=Callback1}]]>
              </value>
            </param>
          </params>
          <reporter-output>
            <line>
              <![CDATA[  【执行操作】添加IVR：Yeastar202：6502]]>
            </line>
          </reporter-output>
        </test-method> <!-- A2_AddIVR -->
        <test-method status="PASS" signature="AfterMethod()[pri:0, instance:com.yeastar.swebtest.testcase.DetailCase.pbxcase.IVR@1d0c81b]" name="AfterMethod" is-config="true" duration-ms="14" started-at="2018-05-09T12:14:02Z" finished-at="2018-05-09T12:14:02Z">
          <reporter-output>
          </reporter-output>
        </test-method> <!-- AfterMethod -->
        <test-method status="PASS" signature="A2_AddIVR(java.util.HashMap)[pri:0, instance:com.yeastar.swebtest.testcase.DetailCase.pbxcase.IVR@1d0c81b]" name="A2_AddIVR" duration-ms="30612" started-at="2018-05-09T12:14:02Z" data-provider="add" finished-at="2018-05-09T12:14:33Z">
          <params>
            <param index="0">
              <value>
                <![CDATA[{Response=15, RepeatCount=1, DialOutbound=false, CheckVoicemail=false, Key1=d, Digit=15, DialExtension=true, Key0=v, Number=6503, Des0=1105, Name=12345abcdefghijklmnopqrstuvwxyz, Des1=DISA1}]]>
              </value>
            </param>
          </params>
          <reporter-output>
            <line>
              <![CDATA[  【执行操作】添加IVR：12345abcdefghijklmnopqrstuvwxyz：6503]]>
            </line>
          </reporter-output>
        </test-method> <!-- A2_AddIVR -->
        <test-method status="PASS" signature="AfterMethod()[pri:0, instance:com.yeastar.swebtest.testcase.DetailCase.pbxcase.IVR@1d0c81b]" name="AfterMethod" is-config="true" duration-ms="29" started-at="2018-05-09T12:14:33Z" finished-at="2018-05-09T12:14:33Z">
          <reporter-output>
          </reporter-output>
        </test-method> <!-- AfterMethod -->
        <test-method status="PASS" signature="A2_AddIVR(java.util.HashMap)[pri:0, instance:com.yeastar.swebtest.testcase.DetailCase.pbxcase.IVR@1d0c81b]" name="A2_AddIVR" duration-ms="38271" started-at="2018-05-09T12:14:33Z" data-provider="add" finished-at="2018-05-09T12:15:11Z">
          <params>
            <param index="0">
              <value>
                <![CDATA[{Response=3, RepeatCount=2, DialOutbound=true, CheckVoicemail=true, Key1=e, Digit=3, DialExtension=false, Key0=i, Number=6504, Des0=a, Name=*.*, Des1=1000}]]>
              </value>
            </param>
          </params>
          <reporter-output>
            <line>
              <![CDATA[  【执行操作】添加IVR：*.*：6504]]>
            </line>
          </reporter-output>
        </test-method> <!-- A2_AddIVR -->
        <test-method status="PASS" signature="AfterMethod()[pri:0, instance:com.yeastar.swebtest.testcase.DetailCase.pbxcase.IVR@1d0c81b]" name="AfterMethod" is-config="true" duration-ms="42" started-at="2018-05-09T12:15:11Z" finished-at="2018-05-09T12:15:11Z">
          <reporter-output>
          </reporter-output>
        </test-method> <!-- AfterMethod -->
        <test-method status="PASS" signature="A2_AddIVR(java.util.HashMap)[pri:0, instance:com.yeastar.swebtest.testcase.DetailCase.pbxcase.IVR@1d0c81b]" name="A2_AddIVR" duration-ms="30024" started-at="2018-05-09T12:15:11Z" data-provider="add" finished-at="2018-05-09T12:15:41Z">
          <params>
            <param index="0">
              <value>
                <![CDATA[{Response=5, RepeatCount=5, DialOutbound=false, CheckVoicemail=true, Key1=e, Digit=5, DialExtension=true, Key0=r, Number=6505, Des0=RingGroup1, Name=IVR6505, Des1=1000}]]>
              </value>
            </param>
          </params>
          <reporter-output>
            <line>
              <![CDATA[  【执行操作】添加IVR：IVR6505：6505]]>
            </line>
          </reporter-output>
        </test-method> <!-- A2_AddIVR -->
        <test-method status="PASS" signature="AfterMethod()[pri:0, instance:com.yeastar.swebtest.testcase.DetailCase.pbxcase.IVR@1d0c81b]" name="AfterMethod" is-config="true" duration-ms="48" started-at="2018-05-09T12:15:41Z" finished-at="2018-05-09T12:15:41Z">
          <reporter-output>
          </reporter-output>
        </test-method> <!-- AfterMethod -->
        <test-method status="PASS" signature="A2_AddIVR(java.util.HashMap)[pri:0, instance:com.yeastar.swebtest.testcase.DetailCase.pbxcase.IVR@1d0c81b]" name="A2_AddIVR" duration-ms="37959" started-at="2018-05-09T12:15:41Z" data-provider="add" finished-at="2018-05-09T12:16:19Z">
          <params>
            <param index="0">
              <value>
                <![CDATA[{Response=10, RepeatCount=3, DialOutbound=true, CheckVoicemail=false, Key1=e, Digit=10, DialExtension=false, Key0=q, Number=6506, Des0=Queue1, Name=さようなら, Des1=1000}]]>
              </value>
            </param>
          </params>
          <reporter-output>
            <line>
              <![CDATA[  【执行操作】添加IVR：さようなら：6506]]>
            </line>
          </reporter-output>
        </test-method> <!-- A2_AddIVR -->
        <test-method status="PASS" signature="AfterMethod()[pri:0, instance:com.yeastar.swebtest.testcase.DetailCase.pbxcase.IVR@1d0c81b]" name="AfterMethod" is-config="true" duration-ms="35" started-at="2018-05-09T12:16:19Z" finished-at="2018-05-09T12:16:19Z">
          <reporter-output>
          </reporter-output>
        </test-method> <!-- AfterMethod -->
        <test-method status="PASS" signature="A2_AddIVR(java.util.HashMap)[pri:0, instance:com.yeastar.swebtest.testcase.DetailCase.pbxcase.IVR@1d0c81b]" name="A2_AddIVR" duration-ms="36527" started-at="2018-05-09T12:16:19Z" data-provider="add" finished-at="2018-05-09T12:16:56Z">
          <params>
            <param index="0">
              <value>
                <![CDATA[{Response=15, RepeatCount=3, DialOutbound=true, CheckVoicemail=false, Key1=e, Digit=15, DialExtension=true, Key0=c, Number=6507, Des0=Conference1, Name=Досвидания, Des1=1000}]]>
              </value>
            </param>
          </params>
          <reporter-output>
            <line>
              <![CDATA[  【执行操作】添加IVR：Досвидания：6507]]>
            </line>
          </reporter-output>
        </test-method> <!-- A2_AddIVR -->
        <test-method status="PASS" signature="AfterMethod()[pri:0, instance:com.yeastar.swebtest.testcase.DetailCase.pbxcase.IVR@1d0c81b]" name="AfterMethod" is-config="true" duration-ms="25" started-at="2018-05-09T12:16:56Z" finished-at="2018-05-09T12:16:56Z">
          <reporter-output>
          </reporter-output>
        </test-method> <!-- AfterMethod -->
        <test-method status="PASS" signature="A2_AddIVR(java.util.HashMap)[pri:0, instance:com.yeastar.swebtest.testcase.DetailCase.pbxcase.IVR@1d0c81b]" name="A2_AddIVR" duration-ms="29991" started-at="2018-05-09T12:16:56Z" data-provider="add" finished-at="2018-05-09T12:17:26Z">
          <params>
            <param index="0">
              <value>
                <![CDATA[{Response=3, RepeatCount=3, DialOutbound=false, CheckVoicemail=true, Key1=e, Digit=3, DialExtension=false, Key0=p, Number=6508, Des0=prompt1, Name=viszontlátasra, Des1=1000}]]>
              </value>
            </param>
          </params>
          <reporter-output>
            <line>
              <![CDATA[  【执行操作】添加IVR：viszontlátasra：6508]]>
            </line>
          </reporter-output>
        </test-method> <!-- A2_AddIVR -->
        <test-method status="PASS" signature="AfterMethod()[pri:0, instance:com.yeastar.swebtest.testcase.DetailCase.pbxcase.IVR@1d0c81b]" name="AfterMethod" is-config="true" duration-ms="25" started-at="2018-05-09T12:17:26Z" finished-at="2018-05-09T12:17:26Z">
          <reporter-output>
          </reporter-output>
        </test-method> <!-- AfterMethod -->
        <test-method status="PASS" signature="A3_EditKeys()[pri:0, instance:com.yeastar.swebtest.testcase.DetailCase.pbxcase.IVR@1d0c81b]" name="A3_EditKeys" duration-ms="89364" started-at="2018-05-09T12:17:26Z" finished-at="2018-05-09T12:18:55Z">
          <reporter-output>
            <line>
              <![CDATA[  【执行操作】 编辑IVR：Yeastar202，Prompt：选择prompt1，按2到Voicemail:1105，按3到RingGroup1，按4到Queue1，按5到Conference1，按6到prompt1，按7到分机到IVR：*.*，按8到1106（fxs），按9到Dial by Name，按#到分机1100，按*到分机1101，Timeout到分机1102，Invalid到prompt1]]>
            </line>
          </reporter-output>
        </test-method> <!-- A3_EditKeys -->
        <test-method status="PASS" signature="AfterMethod()[pri:0, instance:com.yeastar.swebtest.testcase.DetailCase.pbxcase.IVR@1d0c81b]" name="AfterMethod" is-config="true" duration-ms="23" started-at="2018-05-09T12:18:55Z" finished-at="2018-05-09T12:18:55Z">
          <reporter-output>
          </reporter-output>
        </test-method> <!-- AfterMethod -->
        <test-method status="PASS" signature="B_EditInRoute1()[pri:0, instance:com.yeastar.swebtest.testcase.DetailCase.pbxcase.IVR@1d0c81b]" name="B_EditInRoute1" duration-ms="35491" started-at="2018-05-09T12:18:55Z" finished-at="2018-05-09T12:19:31Z">
          <reporter-output>
            <line>
              <![CDATA[  【执行操作】 编辑呼入路由InRoute1，到IVR：Yeastar202]]>
            </line>
          </reporter-output>
        </test-method> <!-- B_EditInRoute1 -->
        <test-method status="PASS" signature="AfterMethod()[pri:0, instance:com.yeastar.swebtest.testcase.DetailCase.pbxcase.IVR@1d0c81b]" name="AfterMethod" is-config="true" duration-ms="25" started-at="2018-05-09T12:19:31Z" finished-at="2018-05-09T12:19:31Z">
          <reporter-output>
          </reporter-output>
        </test-method> <!-- AfterMethod -->
        <test-method status="PASS" signature="C0_backup()[pri:0, instance:com.yeastar.swebtest.testcase.DetailCase.pbxcase.IVR@1d0c81b]" name="C0_backup" duration-ms="37251" started-at="2018-05-09T12:19:31Z" finished-at="2018-05-09T12:20:08Z">
          <reporter-output>
            <line>
              <![CDATA[  【执行操作】备份IVR基础环境]]>
            </line>
          </reporter-output>
        </test-method> <!-- C0_backup -->
        <test-method status="PASS" signature="AfterMethod()[pri:0, instance:com.yeastar.swebtest.testcase.DetailCase.pbxcase.IVR@1d0c81b]" name="AfterMethod" is-config="true" duration-ms="21" started-at="2018-05-09T12:20:08Z" finished-at="2018-05-09T12:20:08Z">
          <reporter-output>
          </reporter-output>
        </test-method> <!-- AfterMethod -->
        <test-method status="PASS" signature="C1_sip_key0_1000()[pri:0, instance:com.yeastar.swebtest.testcase.DetailCase.pbxcase.IVR@1d0c81b]" name="C1_sip_key0_1000" duration-ms="57473" started-at="2018-05-09T12:20:08Z" finished-at="2018-05-09T12:21:05Z">
          <reporter-output>
            <line>
              <![CDATA[  【执行操作】 3001拨打3000通过sip外线呼入到IVR：6502，按0到分机1000]]>
            </line>
            <line>
              <![CDATA[    Pass: 预期1000会响铃]]>
            </line>
            <line>
              <![CDATA[    Pass: CDR呼叫方检测]]>
            </line>
            <line>
              <![CDATA[    Pass: CDR被叫方检测]]>
            </line>
            <line>
              <![CDATA[    Pass: CDR_Status检测]]>
            </line>
            <line>
              <![CDATA[    Pass: CDR源中继检测]]>
            </line>
            <line>
              <![CDATA[    Pass: CDR通讯类型检测]]>
            </line>
          </reporter-output>
        </test-method> <!-- C1_sip_key0_1000 -->
        <test-method status="PASS" signature="AfterMethod()[pri:0, instance:com.yeastar.swebtest.testcase.DetailCase.pbxcase.IVR@1d0c81b]" name="AfterMethod" is-config="true" duration-ms="20" started-at="2018-05-09T12:21:05Z" finished-at="2018-05-09T12:21:05Z">
          <reporter-output>
          </reporter-output>
        </test-method> <!-- AfterMethod -->
        <test-method status="PASS" signature="C2_sps_keyj_1100()[pri:0, instance:com.yeastar.swebtest.testcase.DetailCase.pbxcase.IVR@1d0c81b]" name="C2_sps_keyj_1100" duration-ms="65087" started-at="2018-05-09T12:21:05Z" finished-at="2018-05-09T12:22:11Z">
          <reporter-output>
            <line>
              <![CDATA[  【执行操作】 2001拨打99999通过sps外线呼入到IVR：6502，按#到分机1100]]>
            </line>
            <line>
              <![CDATA[    Pass: 预期1100会响铃]]>
            </line>
            <line>
              <![CDATA[    Pass: CDR呼叫方检测]]>
            </line>
            <line>
              <![CDATA[    Pass: CDR被叫方检测]]>
            </line>
            <line>
              <![CDATA[    Pass: CDR_Status检测]]>
            </line>
            <line>
              <![CDATA[    Pass: CDR源中继检测]]>
            </line>
            <line>
              <![CDATA[    Pass: CDR通讯类型检测]]>
            </line>
          </reporter-output>
        </test-method> <!-- C2_sps_keyj_1100 -->
        <test-method status="PASS" signature="AfterMethod()[pri:0, instance:com.yeastar.swebtest.testcase.DetailCase.pbxcase.IVR@1d0c81b]" name="AfterMethod" is-config="true" duration-ms="18" started-at="2018-05-09T12:22:11Z" finished-at="2018-05-09T12:22:11Z">
          <reporter-output>
          </reporter-output>
        </test-method> <!-- AfterMethod -->
        <test-method status="PASS" signature="C3_iax_key0_1000()[pri:0, instance:com.yeastar.swebtest.testcase.DetailCase.pbxcase.IVR@1d0c81b]" name="C3_iax_key0_1000" duration-ms="48829" started-at="2018-05-09T12:22:11Z" finished-at="2018-05-09T12:22:59Z">
          <reporter-output>
            <line>
              <![CDATA[  【执行操作】 3001拨打3100通过iax外线呼入到IVR：6502,按0到分机1000]]>
            </line>
            <line>
              <![CDATA[    Pass: 预期1000会响铃]]>
            </line>
            <line>
              <![CDATA[    Pass: CDR呼叫方检测]]>
            </line>
            <line>
              <![CDATA[    Pass: CDR被叫方检测]]>
            </line>
            <line>
              <![CDATA[    Pass: CDR_Status检测]]>
            </line>
            <line>
              <![CDATA[    Pass: CDR源中继检测]]>
            </line>
            <line>
              <![CDATA[    Pass: CDR通讯类型检测]]>
            </line>
          </reporter-output>
        </test-method> <!-- C3_iax_key0_1000 -->
        <test-method status="PASS" signature="AfterMethod()[pri:0, instance:com.yeastar.swebtest.testcase.DetailCase.pbxcase.IVR@1d0c81b]" name="AfterMethod" is-config="true" duration-ms="19" started-at="2018-05-09T12:22:59Z" finished-at="2018-05-09T12:22:59Z">
          <reporter-output>
          </reporter-output>
        </test-method> <!-- AfterMethod -->
        <test-method status="PASS" signature="C4_spx_key0_1000()[pri:0, instance:com.yeastar.swebtest.testcase.DetailCase.pbxcase.IVR@1d0c81b]" name="C4_spx_key0_1000" duration-ms="79010" started-at="2018-05-09T12:22:59Z" finished-at="2018-05-09T12:24:18Z">
          <reporter-output>
            <line>
              <![CDATA[  【执行操作】 2001拨打88888通过spx外线呼入到IVR：6502，按0到分机1000]]>
            </line>
            <line>
              <![CDATA[    Pass: 预期1000会响铃]]>
            </line>
            <line>
              <![CDATA[    Pass: CDR呼叫方检测]]>
            </line>
            <line>
              <![CDATA[    Pass: CDR被叫方检测]]>
            </line>
            <line>
              <![CDATA[    Pass: CDR_Status检测]]>
            </line>
            <line>
              <![CDATA[    Pass: CDR源中继检测]]>
            </line>
            <line>
              <![CDATA[    Pass: CDR通讯类型检测]]>
            </line>
          </reporter-output>
        </test-method> <!-- C4_spx_key0_1000 -->
        <test-method status="PASS" signature="AfterMethod()[pri:0, instance:com.yeastar.swebtest.testcase.DetailCase.pbxcase.IVR@1d0c81b]" name="AfterMethod" is-config="true" duration-ms="15" started-at="2018-05-09T12:24:18Z" finished-at="2018-05-09T12:24:18Z">
          <reporter-output>
          </reporter-output>
        </test-method> <!-- AfterMethod -->
        <test-method status="PASS" signature="C5_fxo_key0_1000()[pri:0, instance:com.yeastar.swebtest.testcase.DetailCase.pbxcase.IVR@1d0c81b]" name="C5_fxo_key0_1000" duration-ms="39003" started-at="2018-05-09T12:24:18Z" finished-at="2018-05-09T12:24:57Z">
          <reporter-output>
            <line>
              <![CDATA[  【执行操作】 2001拨打2010通过fxo外线呼入到IVR：6502，按0到分机1000]]>
            </line>
            <line>
              <![CDATA[    Pass: 预期1000会响铃]]>
            </line>
            <line>
              <![CDATA[    Pass: CDR呼叫方检测]]>
            </line>
            <line>
              <![CDATA[    Pass: CDR被叫方检测]]>
            </line>
            <line>
              <![CDATA[    Pass: CDR_Status检测]]>
            </line>
            <line>
              <![CDATA[    Pass: CDR源中继检测]]>
            </line>
            <line>
              <![CDATA[    Pass: CDR通讯类型检测]]>
            </line>
          </reporter-output>
        </test-method> <!-- C5_fxo_key0_1000 -->
        <test-method status="PASS" signature="AfterMethod()[pri:0, instance:com.yeastar.swebtest.testcase.DetailCase.pbxcase.IVR@1d0c81b]" name="AfterMethod" is-config="true" duration-ms="21" started-at="2018-05-09T12:24:57Z" finished-at="2018-05-09T12:24:57Z">
          <reporter-output>
          </reporter-output>
        </test-method> <!-- AfterMethod -->
        <test-method status="PASS" signature="C6_bri_key0_1000()[pri:0, instance:com.yeastar.swebtest.testcase.DetailCase.pbxcase.IVR@1d0c81b]" name="C6_bri_key0_1000" duration-ms="41348" started-at="2018-05-09T12:24:57Z" finished-at="2018-05-09T12:25:39Z">
          <reporter-output>
            <line>
              <![CDATA[  【执行操作】 2001拨打66666通过bri外线呼入到IVR：6502，按0到分机1000]]>
            </line>
            <line>
              <![CDATA[    Pass: 预期1000会响铃]]>
            </line>
            <line>
              <![CDATA[    Pass: CDR呼叫方检测]]>
            </line>
            <line>
              <![CDATA[    Pass: CDR被叫方检测]]>
            </line>
            <line>
              <![CDATA[    Pass: CDR_Status检测]]>
            </line>
            <line>
              <![CDATA[    Pass: CDR源中继检测]]>
            </line>
            <line>
              <![CDATA[    Pass: CDR通讯类型检测]]>
            </line>
          </reporter-output>
        </test-method> <!-- C6_bri_key0_1000 -->
        <test-method status="PASS" signature="AfterMethod()[pri:0, instance:com.yeastar.swebtest.testcase.DetailCase.pbxcase.IVR@1d0c81b]" name="AfterMethod" is-config="true" duration-ms="14" started-at="2018-05-09T12:25:39Z" finished-at="2018-05-09T12:25:39Z">
          <reporter-output>
          </reporter-output>
        </test-method> <!-- AfterMethod -->
        <test-method status="PASS" signature="C7_e1_key0_1000()[pri:0, instance:com.yeastar.swebtest.testcase.DetailCase.pbxcase.IVR@1d0c81b]" name="C7_e1_key0_1000" duration-ms="0" started-at="2018-05-09T12:25:39Z" finished-at="2018-05-09T12:25:39Z">
          <reporter-output>
          </reporter-output>
        </test-method> <!-- C7_e1_key0_1000 -->
        <test-method status="PASS" signature="AfterMethod()[pri:0, instance:com.yeastar.swebtest.testcase.DetailCase.pbxcase.IVR@1d0c81b]" name="AfterMethod" is-config="true" duration-ms="13" started-at="2018-05-09T12:25:39Z" finished-at="2018-05-09T12:25:39Z">
          <reporter-output>
          </reporter-output>
        </test-method> <!-- AfterMethod -->
        <test-method status="PASS" signature="C8_gsm_key0_1000()[pri:0, instance:com.yeastar.swebtest.testcase.DetailCase.pbxcase.IVR@1d0c81b]" name="C8_gsm_key0_1000" duration-ms="0" started-at="2018-05-09T12:25:39Z" finished-at="2018-05-09T12:25:39Z">
          <reporter-output>
          </reporter-output>
        </test-method> <!-- C8_gsm_key0_1000 -->
        <test-method status="PASS" signature="AfterMethod()[pri:0, instance:com.yeastar.swebtest.testcase.DetailCase.pbxcase.IVR@1d0c81b]" name="AfterMethod" is-config="true" duration-ms="13" started-at="2018-05-09T12:25:39Z" finished-at="2018-05-09T12:25:39Z">
          <reporter-output>
          </reporter-output>
        </test-method> <!-- AfterMethod -->
        <test-method status="PASS" signature="D1_key1_callback()[pri:0, instance:com.yeastar.swebtest.testcase.DetailCase.pbxcase.IVR@1d0c81b]" name="D1_key1_callback" duration-ms="56260" started-at="2018-05-09T12:25:39Z" finished-at="2018-05-09T12:26:35Z">
          <reporter-output>
            <line>
              <![CDATA[  【执行操作】 2000拨打99999通过sps外线呼入到IVR：6502，按1到Callback1]]>
            </line>
            <line>
              <![CDATA[    Pass: 预期2000会响铃]]>
            </line>
            <line>
              <![CDATA[    Pass: 预期1000会响铃]]>
            </line>
            <line>
              <![CDATA[    Pass: CDR呼叫方检测]]>
            </line>
            <line>
              <![CDATA[    Pass: CDR被叫方检测]]>
            </line>
            <line>
              <![CDATA[    Pass: CDR_Status检测]]>
            </line>
            <line>
              <![CDATA[    Pass: CDR源中继检测]]>
            </line>
            <line>
              <![CDATA[    Pass: CDR通讯类型检测]]>
            </line>
          </reporter-output>
        </test-method> <!-- D1_key1_callback -->
        <test-method status="PASS" signature="AfterMethod()[pri:0, instance:com.yeastar.swebtest.testcase.DetailCase.pbxcase.IVR@1d0c81b]" name="AfterMethod" is-config="true" duration-ms="18" started-at="2018-05-09T12:26:35Z" finished-at="2018-05-09T12:26:35Z">
          <reporter-output>
          </reporter-output>
        </test-method> <!-- AfterMethod -->
        <test-method status="PASS" signature="D2_key2_voicemail1()[pri:0, instance:com.yeastar.swebtest.testcase.DetailCase.pbxcase.IVR@1d0c81b]" name="D2_key2_voicemail1" duration-ms="68185" started-at="2018-05-09T12:26:35Z" finished-at="2018-05-09T12:27:43Z">
          <reporter-output>
            <line>
              <![CDATA[  【执行操作】 2000拨打99999通过sps外线呼入到IVR：6502，按2到1105的Voicemail]]>
            </line>
            <line>
              <![CDATA[    Pass: CDR呼叫方检测]]>
            </line>
            <line>
              <![CDATA[    Pass: CDR被叫方检测]]>
            </line>
            <line>
              <![CDATA[    Pass: CDR_Status检测]]>
            </line>
            <line>
              <![CDATA[    Pass: CDR源中继检测]]>
            </line>
            <line>
              <![CDATA[    Pass: CDR通讯类型检测]]>
            </line>
          </reporter-output>
        </test-method> <!-- D2_key2_voicemail1 -->
        <test-method status="PASS" signature="AfterMethod()[pri:0, instance:com.yeastar.swebtest.testcase.DetailCase.pbxcase.IVR@1d0c81b]" name="AfterMethod" is-config="true" duration-ms="18" started-at="2018-05-09T12:27:43Z" finished-at="2018-05-09T12:27:43Z">
          <reporter-output>
          </reporter-output>
        </test-method> <!-- AfterMethod -->
        <test-method status="PASS" signature="D2_key2_voicemail2()[pri:0, instance:com.yeastar.swebtest.testcase.DetailCase.pbxcase.IVR@1d0c81b]" name="D2_key2_voicemail2" duration-ms="25188" started-at="2018-05-09T12:27:43Z" finished-at="2018-05-09T12:28:08Z">
          <reporter-output>
            <line>
              <![CDATA[  【执行操作】 1105登录查看存在CallerID为2000的语音留言]]>
            </line>
            <line>
              <![CDATA[    Pass: 语音留言检查:预期第1行的CallerID为2000(2000)]]>
            </line>
          </reporter-output>
        </test-method> <!-- D2_key2_voicemail2 -->
        <test-method status="PASS" signature="AfterMethod()[pri:0, instance:com.yeastar.swebtest.testcase.DetailCase.pbxcase.IVR@1d0c81b]" name="AfterMethod" is-config="true" duration-ms="23" started-at="2018-05-09T12:28:08Z" finished-at="2018-05-09T12:28:08Z">
          <reporter-output>
          </reporter-output>
        </test-method> <!-- AfterMethod -->
        <test-method status="PASS" signature="D2_key2_voicemail3()[pri:0, instance:com.yeastar.swebtest.testcase.DetailCase.pbxcase.IVR@1d0c81b]" name="D2_key2_voicemail3" duration-ms="22238" started-at="2018-05-09T12:28:08Z" finished-at="2018-05-09T12:28:31Z">
          <reporter-output>
            <line>
              <![CDATA[  【执行操作】 admin重新登录]]>
            </line>
          </reporter-output>
        </test-method> <!-- D2_key2_voicemail3 -->
        <test-method status="PASS" signature="AfterMethod()[pri:0, instance:com.yeastar.swebtest.testcase.DetailCase.pbxcase.IVR@1d0c81b]" name="AfterMethod" is-config="true" duration-ms="22" started-at="2018-05-09T12:28:31Z" finished-at="2018-05-09T12:28:31Z">
          <reporter-output>
          </reporter-output>
        </test-method> <!-- AfterMethod -->
        <test-method status="PASS" signature="D3_key3_ringgroup()[pri:0, instance:com.yeastar.swebtest.testcase.DetailCase.pbxcase.IVR@1d0c81b]" name="D3_key3_ringgroup" duration-ms="49015" started-at="2018-05-09T12:28:31Z" finished-at="2018-05-09T12:29:20Z">
          <reporter-output>
            <line>
              <![CDATA[  【执行操作】 2000拨打99999通过sps外线呼入到IVR：6502，按3到RingGroup1,1100应答]]>
            </line>
            <line>
              <![CDATA[    Pass: 预期1000会响铃]]>
            </line>
            <line>
              <![CDATA[    Pass: 预期1100会响铃]]>
            </line>
            <line>
              <![CDATA[    Pass: 预期1105会响铃]]>
            </line>
            <line>
              <![CDATA[    Pass: CDR呼叫方检测]]>
            </line>
            <line>
              <![CDATA[    Pass: CDR被叫方检测]]>
            </line>
            <line>
              <![CDATA[    Pass: CDR_Status检测]]>
            </line>
            <line>
              <![CDATA[    Pass: CDR源中继检测]]>
            </line>
            <line>
              <![CDATA[    Pass: CDR通讯类型检测]]>
            </line>
          </reporter-output>
        </test-method> <!-- D3_key3_ringgroup -->
        <test-method status="PASS" signature="AfterMethod()[pri:0, instance:com.yeastar.swebtest.testcase.DetailCase.pbxcase.IVR@1d0c81b]" name="AfterMethod" is-config="true" duration-ms="17" started-at="2018-05-09T12:29:20Z" finished-at="2018-05-09T12:29:20Z">
          <reporter-output>
          </reporter-output>
        </test-method> <!-- AfterMethod -->
        <test-method status="PASS" signature="D4_key4_queue()[pri:0, instance:com.yeastar.swebtest.testcase.DetailCase.pbxcase.IVR@1d0c81b]" name="D4_key4_queue" duration-ms="47845" started-at="2018-05-09T12:29:20Z" finished-at="2018-05-09T12:30:08Z">
          <reporter-output>
            <line>
              <![CDATA[  【执行操作】 2000拨打99999通过sps外线呼入到IVR:6502，按4到Queue1，1105应答]]>
            </line>
            <line>
              <![CDATA[    Pass: 预期1000会响铃]]>
            </line>
            <line>
              <![CDATA[    Pass: 预期1100会响铃]]>
            </line>
            <line>
              <![CDATA[    Pass: 预期1105会响铃]]>
            </line>
            <line>
              <![CDATA[    Pass: CDR呼叫方检测]]>
            </line>
            <line>
              <![CDATA[    Pass: CDR被叫方检测]]>
            </line>
            <line>
              <![CDATA[    Pass: CDR_Status检测]]>
            </line>
            <line>
              <![CDATA[    Pass: CDR源中继检测]]>
            </line>
            <line>
              <![CDATA[    Pass: CDR通讯类型检测]]>
            </line>
          </reporter-output>
        </test-method> <!-- D4_key4_queue -->
        <test-method status="PASS" signature="AfterMethod()[pri:0, instance:com.yeastar.swebtest.testcase.DetailCase.pbxcase.IVR@1d0c81b]" name="AfterMethod" is-config="true" duration-ms="17" started-at="2018-05-09T12:30:08Z" finished-at="2018-05-09T12:30:08Z">
          <reporter-output>
          </reporter-output>
        </test-method> <!-- AfterMethod -->
        <test-method status="PASS" signature="D5_key5_conference()[pri:0, instance:com.yeastar.swebtest.testcase.DetailCase.pbxcase.IVR@1d0c81b]" name="D5_key5_conference" duration-ms="37785" started-at="2018-05-09T12:30:08Z" finished-at="2018-05-09T12:30:45Z">
          <reporter-output>
            <line>
              <![CDATA[  【执行操作】 2000拨打99999通过sps外线呼入到IVR：6502，按5到Conference1]]>
            </line>
            <line>
              <![CDATA[    Pass: CDR呼叫方检测]]>
            </line>
            <line>
              <![CDATA[    Pass: CDR被叫方检测]]>
            </line>
            <line>
              <![CDATA[    Pass: CDR_Status检测]]>
            </line>
            <line>
              <![CDATA[    Pass: CDR源中继检测]]>
            </line>
            <line>
              <![CDATA[    Pass: CDR通讯类型检测]]>
            </line>
          </reporter-output>
        </test-method> <!-- D5_key5_conference -->
        <test-method status="PASS" signature="AfterMethod()[pri:0, instance:com.yeastar.swebtest.testcase.DetailCase.pbxcase.IVR@1d0c81b]" name="AfterMethod" is-config="true" duration-ms="13" started-at="2018-05-09T12:30:45Z" finished-at="2018-05-09T12:30:45Z">
          <reporter-output>
          </reporter-output>
        </test-method> <!-- AfterMethod -->
        <test-method status="PASS" signature="D6_key6_custom_prompt()[pri:0, instance:com.yeastar.swebtest.testcase.DetailCase.pbxcase.IVR@1d0c81b]" name="D6_key6_custom_prompt" duration-ms="55162" started-at="2018-05-09T12:30:45Z" finished-at="2018-05-09T12:31:41Z">
          <reporter-output>
            <line>
              <![CDATA[  【执行操作】 2000拨打99999通过sps外线呼入到IVR：6502，按6到prompt1,提示音播放完就挂断]]>
            </line>
            <line>
              <![CDATA[  【执行操作】 2000按0到分机1000]]>
            </line>
            <line>
              <![CDATA[    Pass: 预期2000会挂断]]>
            </line>
            <line>
              <![CDATA[    Pass: CDR呼叫方检测]]>
            </line>
            <line>
              <![CDATA[    Pass: CDR被叫方检测]]>
            </line>
            <line>
              <![CDATA[    Pass: CDR_Status检测]]>
            </line>
            <line>
              <![CDATA[    Pass: CDR源中继检测]]>
            </line>
            <line>
              <![CDATA[    Pass: CDR通讯类型检测]]>
            </line>
          </reporter-output>
        </test-method> <!-- D6_key6_custom_prompt -->
        <test-method status="PASS" signature="AfterMethod()[pri:0, instance:com.yeastar.swebtest.testcase.DetailCase.pbxcase.IVR@1d0c81b]" name="AfterMethod" is-config="true" duration-ms="25" started-at="2018-05-09T12:31:41Z" finished-at="2018-05-09T12:31:41Z">
          <reporter-output>
          </reporter-output>
        </test-method> <!-- AfterMethod -->
        <test-method status="PASS" signature="D7_key7_ivr()[pri:0, instance:com.yeastar.swebtest.testcase.DetailCase.pbxcase.IVR@1d0c81b]" name="D7_key7_ivr" duration-ms="49108" started-at="2018-05-09T12:31:41Z" finished-at="2018-05-09T12:32:30Z">
          <reporter-output>
            <line>
              <![CDATA[  【执行操作】 2000拨打99999通过sps外线呼入到IVR：6502，按7到IVR6504：*.*，按1到分机1000]]>
            </line>
            <line>
              <![CDATA[  【执行操作】 2000按1到分机1000]]>
            </line>
            <line>
              <![CDATA[    Pass: 预期1000会响铃]]>
            </line>
            <line>
              <![CDATA[    Pass: CDR呼叫方检测]]>
            </line>
            <line>
              <![CDATA[    Pass: CDR被叫方检测]]>
            </line>
            <line>
              <![CDATA[    Pass: CDR_Status检测]]>
            </line>
            <line>
              <![CDATA[    Pass: CDR源中继检测]]>
            </line>
            <line>
              <![CDATA[    Pass: CDR通讯类型检测]]>
            </line>
          </reporter-output>
        </test-method> <!-- D7_key7_ivr -->
        <test-method status="PASS" signature="AfterMethod()[pri:0, instance:com.yeastar.swebtest.testcase.DetailCase.pbxcase.IVR@1d0c81b]" name="AfterMethod" is-config="true" duration-ms="14" started-at="2018-05-09T12:32:30Z" finished-at="2018-05-09T12:32:30Z">
          <reporter-output>
          </reporter-output>
        </test-method> <!-- AfterMethod -->
        <test-method status="PASS" signature="D8_key8_fxs()[pri:0, instance:com.yeastar.swebtest.testcase.DetailCase.pbxcase.IVR@1d0c81b]" name="D8_key8_fxs" duration-ms="35664" started-at="2018-05-09T12:32:30Z" finished-at="2018-05-09T12:33:05Z">
          <reporter-output>
            <line>
              <![CDATA[  【执行操作】 3001拨打3000通过sip外线呼入到IVR：6502，按8到分机1106（fxs）]]>
            </line>
            <line>
              <![CDATA[    Pass: 预期2000会响铃]]>
            </line>
            <line>
              <![CDATA[    Pass: CDR呼叫方检测]]>
            </line>
            <line>
              <![CDATA[    Pass: CDR被叫方检测]]>
            </line>
            <line>
              <![CDATA[    Pass: CDR_Status检测]]>
            </line>
            <line>
              <![CDATA[    Pass: CDR源中继检测]]>
            </line>
            <line>
              <![CDATA[    Pass: CDR通讯类型检测]]>
            </line>
          </reporter-output>
[...]
              <![CDATA[    Pass:  1103--Hang up]]>
            </line>
            <line>
              <![CDATA[    Pass:  1000--Ring]]>
            </line>
            <line>
              <![CDATA[    Pass: CDR呼叫方检测]]>
            </line>
            <line>
              <![CDATA[    Pass: CDR被叫方检测]]>
            </line>
            <line>
              <![CDATA[    Pass: CDR_Status检测]]>
            </line>
            <line>
              <![CDATA[    Pass: CDR通讯类型检测]]>
            </line>
          </reporter-output>
        </test-method> <!-- F2_FailtoExtension -->
        <test-method status="PASS" signature="AfterMethod()[pri:0, instance:com.yeastar.swebtest.testcase.DetailCase.pbxcase.RingGroup@650e52]" name="AfterMethod" is-config="true" duration-ms="28" started-at="2018-05-09T12:02:57Z" finished-at="2018-05-09T12:02:57Z">
          <reporter-output>
          </reporter-output>
        </test-method> <!-- AfterMethod -->
        <test-method status="PASS" signature="F3_FailtoIVR()[pri:0, instance:com.yeastar.swebtest.testcase.DetailCase.pbxcase.RingGroup@650e52]" name="F3_FailtoIVR" duration-ms="54571" started-at="2018-05-09T12:02:57Z" finished-at="2018-05-09T12:03:51Z">
          <reporter-output>
            <line>
              <![CDATA[  【执行操作】 1103拨打6204呼入到响铃组*.*，无人接听，20S后到IVR1按1到1000]]>
            </line>
            <line>
              <![CDATA[    Pass:  1000--Ring]]>
            </line>
            <line>
              <![CDATA[    Pass:  1105--Ring]]>
            </line>
            <line>
              <![CDATA[    Pass:  1105--Hang up]]>
            </line>
            <line>
              <![CDATA[    Pass:  1000--Hang up]]>
            </line>
            <line>
              <![CDATA[    Pass:  1000--Ring]]>
            </line>
            <line>
              <![CDATA[    Pass: CDR呼叫方检测]]>
            </line>
            <line>
              <![CDATA[    Pass: CDR被叫方检测]]>
            </line>
            <line>
              <![CDATA[    Pass: CDR_Status检测]]>
            </line>
            <line>
              <![CDATA[    Pass: CDR通讯类型检测]]>
            </line>
          </reporter-output>
        </test-method> <!-- F3_FailtoIVR -->
        <test-method status="PASS" signature="AfterMethod()[pri:0, instance:com.yeastar.swebtest.testcase.DetailCase.pbxcase.RingGroup@650e52]" name="AfterMethod" is-config="true" duration-ms="13" started-at="2018-05-09T12:03:51Z" finished-at="2018-05-09T12:03:51Z">
          <reporter-output>
          </reporter-output>
        </test-method> <!-- AfterMethod -->
        <test-method status="PASS" signature="F4_FailtoRingGroup()[pri:0, instance:com.yeastar.swebtest.testcase.DetailCase.pbxcase.RingGroup@650e52]" name="F4_FailtoRingGroup" duration-ms="67907" started-at="2018-05-09T12:03:51Z" finished-at="2018-05-09T12:04:59Z">
          <reporter-output>
            <line>
              <![CDATA[  【执行操作】 1102拨打6205呼入到响铃组RingGroup6205，顺序响铃10s，无人接听，转到响铃组Yeastar202，1103接听]]>
            </line>
            <line>
              <![CDATA[    Pass:  1000--Ring]]>
            </line>
            <line>
              <![CDATA[    Pass:  1100--Ring]]>
            </line>
            <line>
              <![CDATA[    Pass:  1000--Hang up]]>
            </line>
            <line>
              <![CDATA[    Pass:  1101--Ring]]>
            </line>
            <line>
              <![CDATA[    Pass:  1100--Hang up]]>
            </line>
            <line>
              <![CDATA[    Pass:  1105--Ring]]>
            </line>
            <line>
              <![CDATA[    Pass:  1101--Hang up]]>
            </line>
            <line>
              <![CDATA[    Pass:  1103--Ring]]>
            </line>
            <line>
              <![CDATA[    Pass: CDR呼叫方检测]]>
            </line>
            <line>
              <![CDATA[    Pass: CDR被叫方检测]]>
            </line>
            <line>
              <![CDATA[    Pass: CDR_Status检测]]>
            </line>
            <line>
              <![CDATA[    Pass: CDR通讯类型检测]]>
            </line>
          </reporter-output>
        </test-method> <!-- F4_FailtoRingGroup -->
        <test-method status="PASS" signature="AfterMethod()[pri:0, instance:com.yeastar.swebtest.testcase.DetailCase.pbxcase.RingGroup@650e52]" name="AfterMethod" is-config="true" duration-ms="22" started-at="2018-05-09T12:04:59Z" finished-at="2018-05-09T12:04:59Z">
          <reporter-output>
          </reporter-output>
        </test-method> <!-- AfterMethod -->
        <test-method status="FAIL" signature="F5_FailtoQueue()[pri:0, instance:com.yeastar.swebtest.testcase.DetailCase.pbxcase.RingGroup@650e52]" name="F5_FailtoQueue" duration-ms="72825" started-at="2018-05-09T12:04:59Z" finished-at="2018-05-09T12:06:12Z">
          <exception class="java.lang.AssertionError">
            <message>
              <![CDATA[CDR被叫方检测 【预期：1100 [6700(1100)] 实际：6700 [6700(1100)]】]]>
            </message>
            <full-stacktrace>
              <![CDATA[java.lang.AssertionError: CDR被叫方检测 【预期：1100 [6700(1100)] 实际：6700 [6700(1100)]】
	at com.yeastar.swebtest.tools.ysassert.YsAssert.fail(YsAssert.java:1086)
	at com.yeastar.swebtest.tools.ysassert.YsAssert.failNotEquals(YsAssert.java:579)
	at com.yeastar.swebtest.tools.ysassert.YsAssert.assertEqualsImpl(YsAssert.java:142)
	at com.yeastar.swebtest.tools.ysassert.YsAssert.assertEquals(YsAssert.java:116)
	at com.yeastar.swebtest.tools.ysassert.YsAssert.assertEquals(YsAssert.java:199)
	at com.yeastar.swebtest.driver.YSMethod.YS_Extension.checkCDR(YS_Extension.java:263)
	at com.yeastar.swebtest.driver.YSMethod.YS_Extension.checkCDR(YS_Extension.java:252)
	at com.yeastar.swebtest.testcase.DetailCase.pbxcase.RingGroup.F5_FailtoQueue(RingGroup.java:689)
	at sun.reflect.NativeMethodAccessorImpl.invoke0(Native Method)
	at sun.reflect.NativeMethodAccessorImpl.invoke(NativeMethodAccessorImpl.java:62)
	at sun.reflect.DelegatingMethodAccessorImpl.invoke(DelegatingMethodAccessorImpl.java:43)
	at java.lang.reflect.Method.invoke(Method.java:498)
	at org.testng.internal.MethodInvocationHelper.invokeMethod(MethodInvocationHelper.java:85)
	at org.testng.internal.Invoker.invokeMethod(Invoker.java:639)
	at org.testng.internal.Invoker.invokeTestMethod(Invoker.java:816)
	at org.testng.internal.Invoker.invokeTestMethods(Invoker.java:1124)
	at org.testng.internal.TestMethodWorker.invokeTestMethods(TestMethodWorker.java:125)
	at org.testng.internal.TestMethodWorker.run(TestMethodWorker.java:108)
	at org.testng.TestRunner.privateRun(TestRunner.java:774)
	at org.testng.TestRunner.run(TestRunner.java:624)
	at org.testng.SuiteRunner.runTest(SuiteRunner.java:359)
	at org.testng.SuiteRunner.runSequentially(SuiteRunner.java:354)
	at org.testng.SuiteRunner.privateRun(SuiteRunner.java:312)
	at org.testng.SuiteRunner.run(SuiteRunner.java:261)
	at org.testng.SuiteRunnerWorker.runSuite(SuiteRunnerWorker.java:52)
	at org.testng.SuiteRunnerWorker.run(SuiteRunnerWorker.java:86)
	at org.testng.TestNG.runSuitesSequentially(TestNG.java:1215)
	at org.testng.TestNG.runSuitesLocally(TestNG.java:1140)
	at org.testng.TestNG.run(TestNG.java:1048)
	at org.apache.maven.surefire.testng.TestNGExecutor.run(TestNGExecutor.java:293)
	at org.apache.maven.surefire.testng.TestNGXmlTestSuite.execute(TestNGXmlTestSuite.java:84)
	at org.apache.maven.surefire.testng.TestNGProvider.invoke(TestNGProvider.java:91)
	at org.apache.maven.surefire.booter.ForkedBooter.invokeProviderInSameClassLoader(ForkedBooter.java:200)
	at org.apache.maven.surefire.booter.ForkedBooter.runSuitesInProcess(ForkedBooter.java:153)
	at org.apache.maven.surefire.booter.ForkedBooter.main(ForkedBooter.java:103)
]]>
            </full-stacktrace>
          </exception> <!-- java.lang.AssertionError -->
          <reporter-output>
            <line>
              <![CDATA[  【执行操作】 1102拨打6206呼入到响铃组さようなら，顺序响铃10s，无人接听，转到队列Queue1，1105接听]]>
            </line>
            <line>
              <![CDATA[    Pass:  1000--Ring]]>
            </line>
            <line>
              <![CDATA[    Pass:  1100--Ring]]>
            </line>
            <line>
              <![CDATA[    Pass:  1000--Hang up]]>
            </line>
            <line>
              <![CDATA[    Pass:  1101--Ring]]>
            </line>
            <line>
              <![CDATA[    Pass:  1100--Hang up]]>
            </line>
            <line>
              <![CDATA[    Pass:  1105--Ring]]>
            </line>
            <line>
              <![CDATA[    Pass:  1101--Hang up]]>
            </line>
            <line>
              <![CDATA[    Pass:  1103--Ring]]>
            </line>
            <line>
              <![CDATA[    Pass:  1105--Hang up]]>
            </line>
            <line>
              <![CDATA[    Pass:  1100--Ring]]>
            </line>
            <line>
              <![CDATA[    Pass: CDR呼叫方检测]]>
            </line>
            <line>
              <![CDATA[    <a href="file:///F:\MyProject\SwebTest\pic\CDR被叫方检测 【预期：1100 [6700(1100)] 实际：6700 [6700(1100)]】.jpg" target="_blank">Error: CDR被叫方检测 【预期：1100 [6700(1100)] 实际：6700 [6700(1100)]】</a>]]>
            </line>
          </reporter-output>
        </test-method> <!-- F5_FailtoQueue -->
        <test-method status="PASS" signature="AfterMethod()[pri:0, instance:com.yeastar.swebtest.testcase.DetailCase.pbxcase.RingGroup@650e52]" name="AfterMethod" is-config="true" duration-ms="2108" started-at="2018-05-09T12:06:12Z" finished-at="2018-05-09T12:06:14Z">
          <reporter-output>
          </reporter-output>
        </test-method> <!-- AfterMethod -->
        <test-method status="FAIL" signature="F6_FailtoConference()[pri:0, instance:com.yeastar.swebtest.testcase.DetailCase.pbxcase.RingGroup@650e52]" name="F6_FailtoConference" duration-ms="52261" started-at="2018-05-09T12:06:14Z" finished-at="2018-05-09T12:07:06Z">
          <exception class="java.lang.AssertionError">
            <message>
              <![CDATA[CDR被叫方检测 【预期：1000 [6207(6400)] 实际：6400 [6207(6400)]】]]>
            </message>
            <full-stacktrace>
              <![CDATA[java.lang.AssertionError: CDR被叫方检测 【预期：1000 [6207(6400)] 实际：6400 [6207(6400)]】
	at com.yeastar.swebtest.tools.ysassert.YsAssert.fail(YsAssert.java:1086)
	at com.yeastar.swebtest.tools.ysassert.YsAssert.failNotEquals(YsAssert.java:579)
	at com.yeastar.swebtest.tools.ysassert.YsAssert.assertEqualsImpl(YsAssert.java:142)
	at com.yeastar.swebtest.tools.ysassert.YsAssert.assertEquals(YsAssert.java:116)
	at com.yeastar.swebtest.tools.ysassert.YsAssert.assertEquals(YsAssert.java:199)
	at com.yeastar.swebtest.driver.YSMethod.YS_Extension.checkCDR(YS_Extension.java:263)
	at com.yeastar.swebtest.driver.YSMethod.YS_Extension.checkCDR(YS_Extension.java:252)
	at com.yeastar.swebtest.testcase.DetailCase.pbxcase.RingGroup.F6_FailtoConference(RingGroup.java:709)
	at sun.reflect.NativeMethodAccessorImpl.invoke0(Native Method)
	at sun.reflect.NativeMethodAccessorImpl.invoke(NativeMethodAccessorImpl.java:62)
	at sun.reflect.DelegatingMethodAccessorImpl.invoke(DelegatingMethodAccessorImpl.java:43)
	at java.lang.reflect.Method.invoke(Method.java:498)
	at org.testng.internal.MethodInvocationHelper.invokeMethod(MethodInvocationHelper.java:85)
	at org.testng.internal.Invoker.invokeMethod(Invoker.java:639)
	at org.testng.internal.Invoker.invokeTestMethod(Invoker.java:816)
	at org.testng.internal.Invoker.invokeTestMethods(Invoker.java:1124)
	at org.testng.internal.TestMethodWorker.invokeTestMethods(TestMethodWorker.java:125)
	at org.testng.internal.TestMethodWorker.run(TestMethodWorker.java:108)
	at org.testng.TestRunner.privateRun(TestRunner.java:774)
	at org.testng.TestRunner.run(TestRunner.java:624)
	at org.testng.SuiteRunner.runTest(SuiteRunner.java:359)
	at org.testng.SuiteRunner.runSequentially(SuiteRunner.java:354)
	at org.testng.SuiteRunner.privateRun(SuiteRunner.java:312)
	at org.testng.SuiteRunner.run(SuiteRunner.java:261)
	at org.testng.SuiteRunnerWorker.runSuite(SuiteRunnerWorker.java:52)
	at org.testng.SuiteRunnerWorker.run(SuiteRunnerWorker.java:86)
	at org.testng.TestNG.runSuitesSequentially(TestNG.java:1215)
	at org.testng.TestNG.runSuitesLocally(TestNG.java:1140)
	at org.testng.TestNG.run(TestNG.java:1048)
	at org.apache.maven.surefire.testng.TestNGExecutor.run(TestNGExecutor.java:293)
	at org.apache.maven.surefire.testng.TestNGXmlTestSuite.execute(TestNGXmlTestSuite.java:84)
	at org.apache.maven.surefire.testng.TestNGProvider.invoke(TestNGProvider.java:91)
	at org.apache.maven.surefire.booter.ForkedBooter.invokeProviderInSameClassLoader(ForkedBooter.java:200)
	at org.apache.maven.surefire.booter.ForkedBooter.runSuitesInProcess(ForkedBooter.java:153)
	at org.apache.maven.surefire.booter.ForkedBooter.main(ForkedBooter.java:103)
]]>
            </full-stacktrace>
          </exception> <!-- java.lang.AssertionError -->
          <reporter-output>
            <line>
              <![CDATA[  【执行操作】 1105拨打6207呼入到响铃组Досвидания，顺序响铃30s，无人接听，转到Conference1]]>
            </line>
            <line>
              <![CDATA[    Pass:  1000--Ring]]>
            </line>
            <line>
              <![CDATA[    Pass:  1000--Hang up]]>
            </line>
            <line>
              <![CDATA[    Pass: CDR呼叫方检测]]>
            </line>
            <line>
              <![CDATA[    <a href="file:///F:\MyProject\SwebTest\pic\CDR被叫方检测 【预期：1000 [6207(6400)] 实际：6400 [6207(6400)]】.jpg" target="_blank">Error: CDR被叫方检测 【预期：1000 [6207(6400)] 实际：6400 [6207(6400)]】</a>]]>
            </line>
          </reporter-output>
        </test-method> <!-- F6_FailtoConference -->
        <test-method status="PASS" signature="AfterMethod()[pri:0, instance:com.yeastar.swebtest.testcase.DetailCase.pbxcase.RingGroup@650e52]" name="AfterMethod" is-config="true" duration-ms="2098" started-at="2018-05-09T12:07:06Z" finished-at="2018-05-09T12:07:08Z">
          <reporter-output>
          </reporter-output>
        </test-method> <!-- AfterMethod -->
        <test-method status="PASS" signature="F7_FailtoVoicemail()[pri:0, instance:com.yeastar.swebtest.testcase.DetailCase.pbxcase.RingGroup@650e52]" name="F7_FailtoVoicemail" duration-ms="60039" started-at="2018-05-09T12:07:08Z" finished-at="2018-05-09T12:08:08Z">
          <reporter-output>
            <line>
              <![CDATA[  【执行操作】 1102拨打6203呼入到响铃组，同时响铃10s，无人接听，预期到1105的voicemail]]>
            </line>
            <line>
              <![CDATA[    Pass: CDR呼叫方检测]]>
            </line>
            <line>
              <![CDATA[    Pass: CDR被叫方检测]]>
            </line>
            <line>
              <![CDATA[    Pass: CDR_Status检测]]>
            </line>
            <line>
              <![CDATA[    Pass: CDR通讯类型检测]]>
            </line>
          </reporter-output>
        </test-method> <!-- F7_FailtoVoicemail -->
        <test-method status="PASS" signature="AfterMethod()[pri:0, instance:com.yeastar.swebtest.testcase.DetailCase.pbxcase.RingGroup@650e52]" name="AfterMethod" is-config="true" duration-ms="19" started-at="2018-05-09T12:08:08Z" finished-at="2018-05-09T12:08:08Z">
          <reporter-output>
          </reporter-output>
        </test-method> <!-- AfterMethod -->
        <test-method status="PASS" signature="F8_check_Voicemail()[pri:0, instance:com.yeastar.swebtest.testcase.DetailCase.pbxcase.RingGroup@650e52]" name="F8_check_Voicemail" duration-ms="35889" started-at="2018-05-09T12:08:08Z" finished-at="2018-05-09T12:08:44Z">
          <reporter-output>
            <line>
              <![CDATA[  【执行操作】 分机1105登录，查看存在1102留下的语音留言]]>
            </line>
            <line>
              <![CDATA[    Pass: 语音留言检查:预期第6行的CallerID为1102(1102)]]>
            </line>
          </reporter-output>
        </test-method> <!-- F8_check_Voicemail -->
        <test-method status="PASS" signature="AfterMethod()[pri:0, instance:com.yeastar.swebtest.testcase.DetailCase.pbxcase.RingGroup@650e52]" name="AfterMethod" is-config="true" duration-ms="23" started-at="2018-05-09T12:08:44Z" finished-at="2018-05-09T12:08:44Z">
          <reporter-output>
          </reporter-output>
        </test-method> <!-- AfterMethod -->
        <test-method status="PASS" signature="G_delete()[pri:0, instance:com.yeastar.swebtest.testcase.DetailCase.pbxcase.RingGroup@650e52]" name="G_delete" duration-ms="76417" started-at="2018-05-09T12:08:44Z" finished-at="2018-05-09T12:10:01Z">
          <reporter-output>
            <line>
              <![CDATA[  【执行操作】 表格删除：Yeastar202-取消删除]]>
            </line>
            <line>
              <![CDATA[    Pass: 表格删除：Yeastar202-取消删除]]>
            </line>
            <line>
              <![CDATA[  【执行操作】 表格删除：Yeastar202-确定删除]]>
            </line>
            <line>
              <![CDATA[    Pass: 表格删除：RingGroup6201-确定删除]]>
            </line>
            <line>
              <![CDATA[  【执行操作】 删除：さようなら-取消删除]]>
            </line>
            <line>
              <![CDATA[    Pass: 删除：さようなら-取消删除]]>
            </line>
            <line>
              <![CDATA[  【执行操作】 删除：さようなら-确定删除]]>
            </line>
            <line>
              <![CDATA[    Pass: 删除：さようなら-确定删除]]>
            </line>
          </reporter-output>
        </test-method> <!-- G_delete -->
        <test-method status="PASS" signature="AfterMethod()[pri:0, instance:com.yeastar.swebtest.testcase.DetailCase.pbxcase.RingGroup@650e52]" name="AfterMethod" is-config="true" duration-ms="21" started-at="2018-05-09T12:10:01Z" finished-at="2018-05-09T12:10:01Z">
          <reporter-output>
          </reporter-output>
        </test-method> <!-- AfterMethod -->
        <test-method status="PASS" signature="H1_recovery()[pri:0, instance:com.yeastar.swebtest.testcase.DetailCase.pbxcase.RingGroup@650e52]" name="H1_recovery" duration-ms="32082" started-at="2018-05-09T12:10:01Z" finished-at="2018-05-09T12:10:33Z">
          <reporter-output>
            <line>
              <![CDATA[  【执行操作】 恢复初始化环境]]>
            </line>
            <line>
              <![CDATA[  【执行操作】 删除所有RingGroup]]>
            </line>
            <line>
              <![CDATA[    Pass:  删除所有RingGroup]]>
            </line>
            <line>
              <![CDATA[  【执行操作】 添加RingGroup1：6200，选择分机1000,1100,1105，其它默认]]>
            </line>
          </reporter-output>
        </test-method> <!-- H1_recovery -->
        <test-method status="PASS" signature="AfterMethod()[pri:0, instance:com.yeastar.swebtest.testcase.DetailCase.pbxcase.RingGroup@650e52]" name="AfterMethod" is-config="true" duration-ms="14" started-at="2018-05-09T12:10:33Z" finished-at="2018-05-09T12:10:33Z">
          <reporter-output>
          </reporter-output>
        </test-method> <!-- AfterMethod -->
        <test-method status="PASS" signature="H2_recovery()[pri:0, instance:com.yeastar.swebtest.testcase.DetailCase.pbxcase.RingGroup@650e52]" name="H2_recovery" duration-ms="34569" started-at="2018-05-09T12:10:33Z" finished-at="2018-05-09T12:11:07Z">
          <reporter-output>
          </reporter-output>
        </test-method> <!-- H2_recovery -->
        <test-method status="PASS" signature="AfterMethod()[pri:0, instance:com.yeastar.swebtest.testcase.DetailCase.pbxcase.RingGroup@650e52]" name="AfterMethod" is-config="true" duration-ms="20" started-at="2018-05-09T12:11:07Z" finished-at="2018-05-09T12:11:07Z">
          <reporter-output>
          </reporter-output>
        </test-method> <!-- AfterMethod -->
        <test-method status="PASS" signature="AfterClass()[pri:0, instance:com.yeastar.swebtest.testcase.DetailCase.pbxcase.RingGroup@650e52]" name="AfterClass" is-config="true" duration-ms="13314" started-at="2018-05-09T12:11:07Z" finished-at="2018-05-09T12:11:21Z">
          <reporter-output>
            <line>
              <![CDATA[【测试类场景恢复】执行完毕：=====  RingGroup =====

]]>
            </line>
          </reporter-output>
        </test-method> <!-- AfterClass -->
      </class> <!-- com.yeastar.swebtest.testcase.DetailCase.pbxcase.RingGroup -->
    </test> <!-- pbxcore -->
  </suite> <!-- PBXCORE -->
</testng-results>
