<?xml version="1.0" encoding="UTF-8"?>
<testng-results skipped="0" failed="3" total="27" passed="24">
  <reporter-output>
    <line>
      <![CDATA[【测试类场景初始化】打开游览器并登录设备_ExtensionTest]]>
    </line>
    <line>
      <![CDATA[  【执行操作】设置系统时间为00点整]]>
    </line>
    <line>
      <![CDATA[    Pass: waitReboot重启]]>
    </line>
    <line>
      <![CDATA[  【执行操作】创建1000分机]]>
    </line>
    <line>
      <![CDATA[  【执行操作】创建FXS分机1001]]>
    </line>
    <line>
      <![CDATA[  【执行操作】批量创建分机1100-1109]]>
    </line>
    <line>
      <![CDATA[  【执行操作】SIP分机1000拨打SIP分机1001，通话]]>
    </line>
    <line>
      <![CDATA[    Pass: 1000分机注册]]>
    </line>
    <line>
      <![CDATA[    Pass: 1001分机注册]]>
    </line>
    <line>
      <![CDATA[    Pass: CDR呼叫方检测]]>
    </line>
    <line>
      <![CDATA[    Pass: CDR被叫方检测错误]]>
    </line>
    <line>
      <![CDATA[    Pass: CDR_Status检测]]>
    </line>
    <line>
      <![CDATA[  【执行操作】导出分机列表]]>
    </line>
    <line>
      <![CDATA[  【执行操作】删除1000分机]]>
    </line>
    <line>
      <![CDATA[  【执行操作】删除所有分机]]>
    </line>
    <line>
      <![CDATA[  【执行操作】导入分机列表]]>
    </line>
    <line>
      <![CDATA[    Pass: 1000分机注册]]>
    </line>
    <line>
      <![CDATA[    Pass: 1001分机注册]]>
    </line>
    <line>
      <![CDATA[    Pass: 导入分机列表]]>
    </line>
    <line>
      <![CDATA[  【执行操作】通过PSTN外线B设备2000拨打A设备1000]]>
    </line>
    <line>
      <![CDATA[    Pass: CDR呼叫方检测]]>
    </line>
    <line>
      <![CDATA[    Pass: CDR被叫方检测错误]]>
    </line>
    <line>
      <![CDATA[    Pass: CDR_Status检测]]>
    </line>
    <line>
      <![CDATA[  【执行操作】添加分机组extgroup1]]>
    </line>
    <line>
      <![CDATA[【测试类场景恢复】关闭游览器]]>
    </line>
    <line>
      <![CDATA[【测试类场景初始化】打开游览器并登录设备_NewTrunkTest]]>
    </line>
    <line>
      <![CDATA[  【执行操作】添加SIPTrunk]]>
    </line>
    <line>
      <![CDATA[  【执行操作】添加IAXTrunk]]>
    </line>
    <line>
      <![CDATA[  【执行操作】添加SPX]]>
    </line>
    <line>
      <![CDATA[  【执行操作】添加SPS]]>
    </line>
    <line>
      <![CDATA[【测试类场景恢复】关闭游览器_NewTrunk]]>
    </line>
    <line>
      <![CDATA[【测试类场景初始化】打开游览器并登录设备_CallFeatureTest]]>
    </line>
    <line>
      <![CDATA[  【执行操作】添加RingGroup]]>
    </line>
    <line>
      <![CDATA[  【执行操作】添加Queue]]>
    </line>
    <line>
      <![CDATA[  【执行操作】添加conference]]>
    </line>
    <line>
      <![CDATA[  【执行操作】添加pickupGroup]]>
    </line>
    <line>
      <![CDATA[  【执行操作】添加paging_Intercom]]>
    </line>
    <line>
      <![CDATA[  【执行操作】添加callback]]>
    </line>
    <line>
      <![CDATA[  【执行操作】添加PINList]]>
    </line>
    <line>
      <![CDATA[【测试类场景恢复】关闭游览器_CallFeatureTest]]>
    </line>
    <line>
      <![CDATA[【测试类场景初始化】打开游览器并登录设备_StorageTest]]>
    </line>
    <line>
      <![CDATA[  【执行操作】SD/HD/USB检测]]>
    </line>
    <line>
      <![CDATA[  【执行操作】挂载网络磁盘sharetest1]]>
    </line>
    <line>
      <![CDATA[  【执行操作】勾选Enable File Sharing]]>
    </line>
    <line>
      <![CDATA[  【执行操作】Storage Locations中CDR、Recordings和Logs下拉选择TF/SD卡,Voicemail&One Touch Recordings下拉选择sharetest1]]>
    </line>
    <line>
      <![CDATA[  【执行操作】Record Trunks全选所有Trunk、Record Extensions全选所有分机]]>
    </line>
    <line>
      <![CDATA[【测试类场景恢复】关闭游览器_StorageTest]]>
    </line>
  </reporter-output>
  <suite name="PBXCORE" duration-ms="790451" started-at="2017-09-02T04:36:10Z" finished-at="2017-09-02T04:49:20Z">
    <groups>
    </groups>
    <test name="pbxcore" duration-ms="790451" started-at="2017-09-02T04:36:10Z" finished-at="2017-09-02T04:49:20Z">
      <class name="com.yeastar.swebtest.testcase.smokecase.pbxcase.Storage">
        <test-method status="PASS" signature="BeforeClass()[pri:0, instance:com.yeastar.swebtest.testcase.smokecase.pbxcase.Storage@16f6598]" name="BeforeClass" is-config="true" duration-ms="18693" started-at="2017-09-02T12:47:41Z" finished-at="2017-09-02T12:48:00Z">
          <reporter-output>
            <line>
              <![CDATA[【测试类场景初始化】打开游览器并登录设备_StorageTest]]>
            </line>
          </reporter-output>
        </test-method> <!-- BeforeClass -->
        <test-method status="PASS" signature="A_JudgeStorage()[pri:0, instance:com.yeastar.swebtest.testcase.smokecase.pbxcase.Storage@16f6598]" name="A_JudgeStorage" duration-ms="13002" started-at="2017-09-02T12:48:00Z" finished-at="2017-09-02T12:48:13Z">
          <reporter-output>
            <line>
              <![CDATA[  【执行操作】SD/HD/USB检测]]>
            </line>
          </reporter-output>
        </test-method> <!-- A_JudgeStorage -->
        <test-method status="PASS" signature="B_AddNetworkDrive()[pri:0, instance:com.yeastar.swebtest.testcase.smokecase.pbxcase.Storage@16f6598]" name="B_AddNetworkDrive" duration-ms="13864" started-at="2017-09-02T12:48:13Z" finished-at="2017-09-02T12:48:27Z">
          <reporter-output>
            <line>
              <![CDATA[  【执行操作】挂载网络磁盘sharetest1]]>
            </line>
          </reporter-output>
        </test-method> <!-- B_AddNetworkDrive -->
        <test-method status="FAIL" signature="C_SetFileShare()[pri:0, instance:com.yeastar.swebtest.testcase.smokecase.pbxcase.Storage@16f6598]" name="C_SetFileShare" duration-ms="10486" started-at="2017-09-02T12:48:27Z" finished-at="2017-09-02T12:48:37Z">
          <exception class="com.codeborne.selenide.ex.ElementNotFound">
            <message>
              <![CDATA[Element not found {By.xpath: .//span[starts-with(@class,"x-tab-inner x-tab-inner-default") and text()="File Share"]}
Expected: exist]]>
            </message>
            <full-stacktrace>
              <![CDATA[Element not found {By.xpath: .//span[starts-with(@class,"x-tab-inner x-tab-inner-default") and text()="File Share"]}
Expected: exist
Screenshot: file:/F:/MyProject/0GitProject/swebtest/SwebTest/build/reports/tests/1504327717514.0.png
Timeout: 10 s.
Caused by: WebDriverException: unknown error: Element <span id="tab-1137-btnInnerEl" data-ref="btnInnerEl" unselectable="on" class="x-tab-inner x-tab-inner-default">...</span> is not clickable at point (685, 163). Other element would receive the click: <div role="presentation" class="x-mask x-border-box" style="height: 768px; width: 1424px; z-index: 28996; right: auto; left: 0px; top: 0px;" id="ext-element-33"></div>
	at com.codeborne.selenide.impl.WebElementSource.createElementNotFoundError(WebElementSource.java:31)
	at com.codeborne.selenide.impl.ElementFinder.createElementNotFoundError(ElementFinder.java:82)
	at com.codeborne.selenide.impl.SelenideElementProxy.dispatchAndRetry(SelenideElementProxy.java:115)
	at com.codeborne.selenide.impl.SelenideElementProxy.invoke(SelenideElementProxy.java:62)
	at com.sun.proxy.$Proxy4.click(Unknown Source)
	at com.yeastar.swebtest.testcase.smokecase.pbxcase.Storage.C_SetFileShare(Storage.java:49)
	at sun.reflect.NativeMethodAccessorImpl.invoke0(Native Method)
	at sun.reflect.NativeMethodAccessorImpl.invoke(NativeMethodAccessorImpl.java:62)
	at sun.reflect.DelegatingMethodAccessorImpl.invoke(DelegatingMethodAccessorImpl.java:43)
	at java.lang.reflect.Method.invoke(Method.java:498)
	at org.testng.internal.MethodInvocationHelper.invokeMethod(MethodInvocationHelper.java:85)
	at org.testng.internal.Invoker.invokeMethod(Invoker.java:639)
	at org.testng.internal.Invoker.invokeTestMethod(Invoker.java:816)
	at org.testng.internal.Invoker.invokeTestMethods(Invoker.java:1124)
	at org.testng.internal.TestMethodWorker.invokeTestMethods(TestMethodWorker.java:125)
	at org.testng.internal.TestMethodWorker.run(TestMethodWorker.java:108)
	at org.testng.TestRunner.privateRun(TestRunner.java:774)
	at org.testng.TestRunner.run(TestRunner.java:624)
	at org.testng.SuiteRunner.runTest(SuiteRunner.java:359)
	at org.testng.SuiteRunner.runSequentially(SuiteRunner.java:354)
	at org.testng.SuiteRunner.privateRun(SuiteRunner.java:312)
	at org.testng.SuiteRunner.run(SuiteRunner.java:261)
	at org.testng.SuiteRunnerWorker.runSuite(SuiteRunnerWorker.java:52)
	at org.testng.SuiteRunnerWorker.run(SuiteRunnerWorker.java:86)
	at org.testng.TestNG.runSuitesSequentially(TestNG.java:1215)
	at org.testng.TestNG.runSuitesLocally(TestNG.java:1140)
	at org.testng.TestNG.run(TestNG.java:1048)
	at org.apache.maven.surefire.testng.TestNGExecutor.run(TestNGExecutor.java:293)
	at org.apache.maven.surefire.testng.TestNGXmlTestSuite.execute(TestNGXmlTestSuite.java:84)
	at org.apache.maven.surefire.testng.TestNGProvider.invoke(TestNGProvider.java:91)
	at org.apache.maven.surefire.booter.ForkedBooter.invokeProviderInSameClassLoader(ForkedBooter.java:200)
	at org.apache.maven.surefire.booter.ForkedBooter.runSuitesInProcess(ForkedBooter.java:153)
	at org.apache.maven.surefire.booter.ForkedBooter.main(ForkedBooter.java:103)
Caused by: org.openqa.selenium.WebDriverException: unknown error: Element <span id="tab-1137-btnInnerEl" data-ref="btnInnerEl" unselectable="on" class="x-tab-inner x-tab-inner-default">...</span> is not clickable at point (685, 163). Other element would receive the click: <div role="presentation" class="x-mask x-border-box" style="height: 768px; width: 1424px; z-index: 28996; right: auto; left: 0px; top: 0px;" id="ext-element-33"></div>
  (Session info: chrome=57.0.2987.133)
  (Driver info: chromedriver=2.29.461591 (62ebf098771772160f391d75e589dc567915b233),platform=Windows NT 6.1.7601 SP1 x86_64) (WARNING: The server did not provide any stacktrace information)
Command duration or timeout: 27 milliseconds
Build info: version: '2.53.1', revision: 'a36b8b1cd5757287168e54b817830adce9b0158d', time: '2016-06-30 19:26:09'
System info: host: 'Yeastar-PC', ip: '192.168.7.14', os.name: 'Windows 7', os.arch: 'x86', os.version: '6.1', java.version: '1.8.0_121'
Driver info: org.openqa.selenium.chrome.ChromeDriver
Capabilities [{applicationCacheEnabled=false, rotatable=false, mobileEmulationEnabled=false, networkConnectionEnabled=false, chrome={chromedriverVersion=2.29.461591 (62ebf098771772160f391d75e589dc567915b233), userDataDir=C:\Users\Yeastar\AppData\Local\Temp\scoped_dir14048_24027}, takesHeapSnapshot=true, pageLoadStrategy=normal, databaseEnabled=false, handlesAlerts=true, hasTouchScreen=false, version=57.0.2987.133, platform=XP, browserConnectionEnabled=false, nativeEvents=true, acceptSslCerts=true, locationContextEnabled=true, webStorageEnabled=true, browserName=chrome, takesScreenshot=true, javascriptEnabled=true, cssSelectorsEnabled=true, unexpectedAlertBehaviour=}]
Session ID: 1e13508e5aaaa8accc4f1c2fea144b6b
	at sun.reflect.GeneratedConstructorAccessor15.newInstance(Unknown Source)
	at sun.reflect.DelegatingConstructorAccessorImpl.newInstance(DelegatingConstructorAccessorImpl.java:45)
	at java.lang.reflect.Constructor.newInstance(Constructor.java:423)
	at org.openqa.selenium.remote.ErrorHandler.createThrowable(ErrorHandler.java:206)
	at org.openqa.selenium.remote.ErrorHandler.throwIfResponseFailed(ErrorHandler.java:158)
	at org.openqa.selenium.remote.RemoteWebDriver.execute(RemoteWebDriver.java:678)
	at org.openqa.selenium.remote.RemoteWebElement.execute(RemoteWebElement.java:327)
	at org.openqa.selenium.remote.RemoteWebElement.click(RemoteWebElement.java:85)
	at com.codeborne.selenide.commands.Click.click(Click.java:22)
	at com.codeborne.selenide.commands.Click.execute(Click.java:14)
	at com.codeborne.selenide.commands.Click.execute(Click.java:11)
	at com.codeborne.selenide.commands.Commands.execute(Commands.java:140)
	at com.codeborne.selenide.impl.SelenideElementProxy.dispatchAndRetry(SelenideElementProxy.java:86)
	... 30 more
]]>
            </full-stacktrace>
          </exception> <!-- com.codeborne.selenide.ex.ElementNotFound -->
          <reporter-output>
            <line>
              <![CDATA[  【执行操作】勾选Enable File Sharing]]>
            </line>
          </reporter-output>
        </test-method> <!-- C_SetFileShare -->
        <test-method status="FAIL" signature="D_StorageLocations()[pri:0, instance:com.yeastar.swebtest.testcase.smokecase.pbxcase.Storage@16f6598]" name="D_StorageLocations" duration-ms="10379" started-at="2017-09-02T12:48:37Z" finished-at="2017-09-02T12:48:48Z">
          <exception class="com.codeborne.selenide.ex.ElementNotFound">
            <message>
              <![CDATA[Element not found {By.xpath: .//span[starts-with(@class,"x-tab-inner x-tab-inner-default") and text()="Preference"]}
Expected: exist]]>
            </message>
            <full-stacktrace>
              <![CDATA[Element not found {By.xpath: .//span[starts-with(@class,"x-tab-inner x-tab-inner-default") and text()="Preference"]}
Expected: exist
Screenshot: file:/F:/MyProject/0GitProject/swebtest/SwebTest/build/reports/tests/1504327727956.1.png
Timeout: 10 s.
Caused by: WebDriverException: unknown error: Element <span id="tab-1135-btnInnerEl" data-ref="btnInnerEl" unselectable="on" class="x-tab-inner x-tab-inner-default">...</span> is not clickable at point (439, 163). Other element would receive the click: <div role="presentation" class="x-mask x-border-box" style="height: 768px; width: 1424px; z-index: 28996; right: auto; left: 0px; top: 0px;" id="ext-element-33"></div>
	at com.codeborne.selenide.impl.WebElementSource.createElementNotFoundError(WebElementSource.java:31)
	at com.codeborne.selenide.impl.ElementFinder.createElementNotFoundError(ElementFinder.java:82)
	at com.codeborne.selenide.impl.SelenideElementProxy.dispatchAndRetry(SelenideElementProxy.java:115)
	at com.codeborne.selenide.impl.SelenideElementProxy.invoke(SelenideElementProxy.java:62)
	at com.sun.proxy.$Proxy4.click(Unknown Source)
	at com.yeastar.swebtest.testcase.smokecase.pbxcase.Storage.D_StorageLocations(Storage.java:56)
	at sun.reflect.NativeMethodAccessorImpl.invoke0(Native Method)
	at sun.reflect.NativeMethodAccessorImpl.invoke(NativeMethodAccessorImpl.java:62)
	at sun.reflect.DelegatingMethodAccessorImpl.invoke(DelegatingMethodAccessorImpl.java:43)
	at java.lang.reflect.Method.invoke(Method.java:498)
	at org.testng.internal.MethodInvocationHelper.invokeMethod(MethodInvocationHelper.java:85)
	at org.testng.internal.Invoker.invokeMethod(Invoker.java:639)
	at org.testng.internal.Invoker.invokeTestMethod(Invoker.java:816)
	at org.testng.internal.Invoker.invokeTestMethods(Invoker.java:1124)
	at org.testng.internal.TestMethodWorker.invokeTestMethods(TestMethodWorker.java:125)
	at org.testng.internal.TestMethodWorker.run(TestMethodWorker.java:108)
	at org.testng.TestRunner.privateRun(TestRunner.java:774)
	at org.testng.TestRunner.run(TestRunner.java:624)
	at org.testng.SuiteRunner.runTest(SuiteRunner.java:359)
	at org.testng.SuiteRunner.runSequentially(SuiteRunner.java:354)
	at org.testng.SuiteRunner.privateRun(SuiteRunner.java:312)
	at org.testng.SuiteRunner.run(SuiteRunner.java:261)
	at org.testng.SuiteRunnerWorker.runSuite(SuiteRunnerWorker.java:52)
	at org.testng.SuiteRunnerWorker.run(SuiteRunnerWorker.java:86)
	at org.testng.TestNG.runSuitesSequentially(TestNG.java:1215)
	at org.testng.TestNG.runSuitesLocally(TestNG.java:1140)
	at org.testng.TestNG.run(TestNG.java:1048)
	at org.apache.maven.surefire.testng.TestNGExecutor.run(TestNGExecutor.java:293)
	at org.apache.maven.surefire.testng.TestNGXmlTestSuite.execute(TestNGXmlTestSuite.java:84)
	at org.apache.maven.surefire.testng.TestNGProvider.invoke(TestNGProvider.java:91)
	at org.apache.maven.surefire.booter.ForkedBooter.invokeProviderInSameClassLoader(ForkedBooter.java:200)
	at org.apache.maven.surefire.booter.ForkedBooter.runSuitesInProcess(ForkedBooter.java:153)
	at org.apache.maven.surefire.booter.ForkedBooter.main(ForkedBooter.java:103)
Caused by: org.openqa.selenium.WebDriverException: unknown error: Element <span id="tab-1135-btnInnerEl" data-ref="btnInnerEl" unselectable="on" class="x-tab-inner x-tab-inner-default">...</span> is not clickable at point (439, 163). Other element would receive the click: <div role="presentation" class="x-mask x-border-box" style="height: 768px; width: 1424px; z-index: 28996; right: auto; left: 0px; top: 0px;" id="ext-element-33"></div>
  (Session info: chrome=57.0.2987.133)
  (Driver info: chromedriver=2.29.461591 (62ebf098771772160f391d75e589dc567915b233),platform=Windows NT 6.1.7601 SP1 x86_64) (WARNING: The server did not provide any stacktrace information)
Command duration or timeout: 35 milliseconds
Build info: version: '2.53.1', revision: 'a36b8b1cd5757287168e54b817830adce9b0158d', time: '2016-06-30 19:26:09'
System info: host: 'Yeastar-PC', ip: '192.168.7.14', os.name: 'Windows 7', os.arch: 'x86', os.version: '6.1', java.version: '1.8.0_121'
Driver info: org.openqa.selenium.chrome.ChromeDriver
Capabilities [{applicationCacheEnabled=false, rotatable=false, mobileEmulationEnabled=false, networkConnectionEnabled=false, chrome={chromedriverVersion=2.29.461591 (62ebf098771772160f391d75e589dc567915b233), userDataDir=C:\Users\Yeastar\AppData\Local\Temp\scoped_dir14048_24027}, takesHeapSnapshot=true, pageLoadStrategy=normal, databaseEnabled=false, handlesAlerts=true, hasTouchScreen=false, version=57.0.2987.133, platform=XP, browserConnectionEnabled=false, nativeEvents=true, acceptSslCerts=true, locationContextEnabled=true, webStorageEnabled=true, browserName=chrome, takesScreenshot=true, javascriptEnabled=true, cssSelectorsEnabled=true, unexpectedAlertBehaviour=}]
Session ID: 1e13508e5aaaa8accc4f1c2fea144b6b
	at sun.reflect.GeneratedConstructorAccessor15.newInstance(Unknown Source)
	at sun.reflect.DelegatingConstructorAccessorImpl.newInstance(DelegatingConstructorAccessorImpl.java:45)
	at java.lang.reflect.Constructor.newInstance(Constructor.java:423)
	at org.openqa.selenium.remote.ErrorHandler.createThrowable(ErrorHandler.java:206)
	at org.openqa.selenium.remote.ErrorHandler.throwIfResponseFailed(ErrorHandler.java:158)
	at org.openqa.selenium.remote.RemoteWebDriver.execute(RemoteWebDriver.java:678)
	at org.openqa.selenium.remote.RemoteWebElement.execute(RemoteWebElement.java:327)
	at org.openqa.selenium.remote.RemoteWebElement.click(RemoteWebElement.java:85)
	at com.codeborne.selenide.commands.Click.click(Click.java:22)
	at com.codeborne.selenide.commands.Click.execute(Click.java:14)
	at com.codeborne.selenide.commands.Click.execute(Click.java:11)
	at com.codeborne.selenide.commands.Commands.execute(Commands.java:140)
	at com.codeborne.selenide.impl.SelenideElementProxy.dispatchAndRetry(SelenideElementProxy.java:86)
	... 30 more
]]>
            </full-stacktrace>
          </exception> <!-- com.codeborne.selenide.ex.ElementNotFound -->
          <reporter-output>
            <line>
              <![CDATA[  【执行操作】Storage Locations中CDR、Recordings和Logs下拉选择TF/SD卡,Voicemail&One Touch Recordings下拉选择sharetest1]]>
            </line>
          </reporter-output>
        </test-method> <!-- D_StorageLocations -->
        <test-method status="FAIL" signature="E_Recording_Settings()[pri:0, instance:com.yeastar.swebtest.testcase.smokecase.pbxcase.Storage@16f6598]" name="E_Recording_Settings" duration-ms="11423" started-at="2017-09-02T12:48:48Z" finished-at="2017-09-02T12:48:59Z">
          <exception class="com.codeborne.selenide.ex.ElementNotFound">
            <message>
              <![CDATA[Element not found {By.xpath: .//a[starts-with(@class,"cp-link-before") and text()="Recording Settings"]}
Expected: exist]]>
            </message>
            <full-stacktrace>
              <![CDATA[Element not found {By.xpath: .//a[starts-with(@class,"cp-link-before") and text()="Recording Settings"]}
Expected: exist
Screenshot: file:/F:/MyProject/0GitProject/swebtest/SwebTest/build/reports/tests/1504327739397.2.png
Timeout: 10 s.
Caused by: WebDriverException: unknown error: Element <a class="cp-link-before" href="javascript:void(0)" data-tabindex-value="none" tabindex="-1" data-tabindex-counter="2">...</a> is not clickable at point (467, 213). Other element would receive the click: <div role="presentation" class="x-mask x-border-box" style="height: 768px; width: 1424px; z-index: 28996; right: auto; left: 0px; top: 0px;" id="ext-element-33"></div>
	at com.codeborne.selenide.impl.WebElementSource.createElementNotFoundError(WebElementSource.java:31)
	at com.codeborne.selenide.impl.ElementFinder.createElementNotFoundError(ElementFinder.java:82)
	at com.codeborne.selenide.impl.SelenideElementProxy.dispatchAndRetry(SelenideElementProxy.java:115)
	at com.codeborne.selenide.impl.SelenideElementProxy.invoke(SelenideElementProxy.java:62)
	at com.sun.proxy.$Proxy4.click(Unknown Source)
	at com.yeastar.swebtest.testcase.smokecase.pbxcase.Storage.E_Recording_Settings(Storage.java:74)
	at sun.reflect.NativeMethodAccessorImpl.invoke0(Native Method)
	at sun.reflect.NativeMethodAccessorImpl.invoke(NativeMethodAccessorImpl.java:62)
	at sun.reflect.DelegatingMethodAccessorImpl.invoke(DelegatingMethodAccessorImpl.java:43)
	at java.lang.reflect.Method.invoke(Method.java:498)
	at org.testng.internal.MethodInvocationHelper.invokeMethod(MethodInvocationHelper.java:85)
	at org.testng.internal.Invoker.invokeMethod(Invoker.java:639)
	at org.testng.internal.Invoker.invokeTestMethod(Invoker.java:816)
	at org.testng.internal.Invoker.invokeTestMethods(Invoker.java:1124)
	at org.testng.internal.TestMethodWorker.invokeTestMethods(TestMethodWorker.java:125)
	at org.testng.internal.TestMethodWorker.run(TestMethodWorker.java:108)
	at org.testng.TestRunner.privateRun(TestRunner.java:774)
	at org.testng.TestRunner.run(TestRunner.java:624)
	at org.testng.SuiteRunner.runTest(SuiteRunner.java:359)
	at org.testng.SuiteRunner.runSequentially(SuiteRunner.java:354)
	at org.testng.SuiteRunner.privateRun(SuiteRunner.java:312)
	at org.testng.SuiteRunner.run(SuiteRunner.java:261)
	at org.testng.SuiteRunnerWorker.runSuite(SuiteRunnerWorker.java:52)
	at org.testng.SuiteRunnerWorker.run(SuiteRunnerWorker.java:86)
	at org.testng.TestNG.runSuitesSequentially(TestNG.java:1215)
	at org.testng.TestNG.runSuitesLocally(TestNG.java:1140)
	at org.testng.TestNG.run(TestNG.java:1048)
	at org.apache.maven.surefire.testng.TestNGExecutor.run(TestNGExecutor.java:293)
	at org.apache.maven.surefire.testng.TestNGXmlTestSuite.execute(TestNGXmlTestSuite.java:84)
	at org.apache.maven.surefire.testng.TestNGProvider.invoke(TestNGProvider.java:91)
	at org.apache.maven.surefire.booter.ForkedBooter.invokeProviderInSameClassLoader(ForkedBooter.java:200)
	at org.apache.maven.surefire.booter.ForkedBooter.runSuitesInProcess(ForkedBooter.java:153)
	at org.apache.maven.surefire.booter.ForkedBooter.main(ForkedBooter.java:103)
Caused by: org.openqa.selenium.WebDriverException: unknown error: Element <a class="cp-link-before" href="javascript:void(0)" data-tabindex-value="none" tabindex="-1" data-tabindex-counter="2">...</a> is not clickable at point (467, 213). Other element would receive the click: <div role="presentation" class="x-mask x-border-box" style="height: 768px; width: 1424px; z-index: 28996; right: auto; left: 0px; top: 0px;" id="ext-element-33"></div>
  (Session info: chrome=57.0.2987.133)
  (Driver info: chromedriver=2.29.461591 (62ebf098771772160f391d75e589dc567915b233),platform=Windows NT 6.1.7601 SP1 x86_64) (WARNING: The server did not provide any stacktrace information)
Command duration or timeout: 25 milliseconds
Build info: version: '2.53.1', revision: 'a36b8b1cd5757287168e54b817830adce9b0158d', time: '2016-06-30 19:26:09'
System info: host: 'Yeastar-PC', ip: '192.168.7.14', os.name: 'Windows 7', os.arch: 'x86', os.version: '6.1', java.version: '1.8.0_121'
Driver info: org.openqa.selenium.chrome.ChromeDriver
Capabilities [{applicationCacheEnabled=false, rotatable=false, mobileEmulationEnabled=false, networkConnectionEnabled=false, chrome={chromedriverVersion=2.29.461591 (62ebf098771772160f391d75e589dc567915b233), userDataDir=C:\Users\Yeastar\AppData\Local\Temp\scoped_dir14048_24027}, takesHeapSnapshot=true, pageLoadStrategy=normal, databaseEnabled=false, handlesAlerts=true, hasTouchScreen=false, version=57.0.2987.133, platform=XP, browserConnectionEnabled=false, nativeEvents=true, acceptSslCerts=true, locationContextEnabled=true, webStorageEnabled=true, browserName=chrome, takesScreenshot=true, javascriptEnabled=true, cssSelectorsEnabled=true, unexpectedAlertBehaviour=}]
Session ID: 1e13508e5aaaa8accc4f1c2fea144b6b
	at sun.reflect.GeneratedConstructorAccessor15.newInstance(Unknown Source)
	at sun.reflect.DelegatingConstructorAccessorImpl.newInstance(DelegatingConstructorAccessorImpl.java:45)
	at java.lang.reflect.Constructor.newInstance(Constructor.java:423)
	at org.openqa.selenium.remote.ErrorHandler.createThrowable(ErrorHandler.java:206)
	at org.openqa.selenium.remote.ErrorHandler.throwIfResponseFailed(ErrorHandler.java:158)
	at org.openqa.selenium.remote.RemoteWebDriver.execute(RemoteWebDriver.java:678)
	at org.openqa.selenium.remote.RemoteWebElement.execute(RemoteWebElement.java:327)
	at org.openqa.selenium.remote.RemoteWebElement.click(RemoteWebElement.java:85)
	at com.codeborne.selenide.commands.Click.click(Click.java:22)
	at com.codeborne.selenide.commands.Click.execute(Click.java:14)
	at com.codeborne.selenide.commands.Click.execute(Click.java:11)
	at com.codeborne.selenide.commands.Commands.execute(Commands.java:140)
	at com.codeborne.selenide.impl.SelenideElementProxy.dispatchAndRetry(SelenideElementProxy.java:86)
	... 30 more
]]>
            </full-stacktrace>
          </exception> <!-- com.codeborne.selenide.ex.ElementNotFound -->
          <reporter-output>
            <line>
              <![CDATA[  【执行操作】Record Trunks全选所有Trunk、Record Extensions全选所有分机]]>
            </line>
          </reporter-output>
        </test-method> <!-- E_Recording_Settings -->
        <test-method status="PASS" signature="AfterClass()[pri:0, instance:com.yeastar.swebtest.testcase.smokecase.pbxcase.Storage@16f6598]" name="AfterClass" is-config="true" duration-ms="20831" started-at="2017-09-02T12:48:59Z" finished-at="2017-09-02T12:49:20Z">
          <reporter-output>
            <line>
              <![CDATA[【测试类场景恢复】关闭游览器_StorageTest]]>
            </line>
          </reporter-output>
        </test-method> <!-- AfterClass -->
      </class> <!-- com.yeastar.swebtest.testcase.smokecase.pbxcase.Storage -->
      <class name="com.yeastar.swebtest.testcase.smokecase.pbxcase.CallFeature">
        <test-method status="PASS" signature="BeforeClass()[pri:0, instance:com.yeastar.swebtest.testcase.smokecase.pbxcase.CallFeature@1c0542]" name="BeforeClass" is-config="true" duration-ms="18475" started-at="2017-09-02T12:45:14Z" finished-at="2017-09-02T12:45:32Z">
          <reporter-output>
            <line>
              <![CDATA[【测试类场景初始化】打开游览器并登录设备_CallFeatureTest]]>
            </line>
          </reporter-output>
        </test-method> <!-- BeforeClass -->
        <test-method status="PASS" signature="A_RingGroup()[pri:0, instance:com.yeastar.swebtest.testcase.smokecase.pbxcase.CallFeature@1c0542]" name="A_RingGroup" duration-ms="21422" started-at="2017-09-02T12:45:32Z" finished-at="2017-09-02T12:45:54Z">
          <reporter-output>
            <line>
              <![CDATA[  【执行操作】添加RingGroup]]>
            </line>
          </reporter-output>
        </test-method> <!-- A_RingGroup -->
        <test-method status="PASS" signature="B_Queue()[pri:0, instance:com.yeastar.swebtest.testcase.smokecase.pbxcase.CallFeature@1c0542]" name="B_Queue" duration-ms="15652" started-at="2017-09-02T12:45:54Z" finished-at="2017-09-02T12:46:10Z">
          <reporter-output>
            <line>
              <![CDATA[  【执行操作】添加Queue]]>
            </line>
          </reporter-output>
        </test-method> <!-- B_Queue -->
        <test-method status="PASS" signature="C_Conference()[pri:0, instance:com.yeastar.swebtest.testcase.smokecase.pbxcase.CallFeature@1c0542]" name="C_Conference" duration-ms="6262" started-at="2017-09-02T12:46:10Z" finished-at="2017-09-02T12:46:16Z">
          <reporter-output>
            <line>
              <![CDATA[  【执行操作】添加conference]]>
            </line>
          </reporter-output>
        </test-method> <!-- C_Conference -->
        <test-method status="PASS" signature="D_PickupGroup()[pri:0, instance:com.yeastar.swebtest.testcase.smokecase.pbxcase.CallFeature@1c0542]" name="D_PickupGroup" duration-ms="16297" started-at="2017-09-02T12:46:16Z" finished-at="2017-09-02T12:46:32Z">
          <reporter-output>
            <line>
              <![CDATA[  【执行操作】添加pickupGroup]]>
            </line>
          </reporter-output>
        </test-method> <!-- D_PickupGroup -->
        <test-method status="PASS" signature="E_PagingIntercom()[pri:0, instance:com.yeastar.swebtest.testcase.smokecase.pbxcase.CallFeature@1c0542]" name="E_PagingIntercom" duration-ms="12483" started-at="2017-09-02T12:46:32Z" finished-at="2017-09-02T12:46:45Z">
          <reporter-output>
            <line>
              <![CDATA[  【执行操作】添加paging_Intercom]]>
            </line>
          </reporter-output>
        </test-method> <!-- E_PagingIntercom -->
        <test-method status="PASS" signature="F_CallBack()[pri:0, instance:com.yeastar.swebtest.testcase.smokecase.pbxcase.CallFeature@1c0542]" name="F_CallBack" duration-ms="20376" started-at="2017-09-02T12:46:45Z" finished-at="2017-09-02T12:47:05Z">
          <reporter-output>
            <line>
              <![CDATA[  【执行操作】添加callback]]>
            </line>
          </reporter-output>
        </test-method> <!-- F_CallBack -->
        <test-method status="PASS" signature="F_PINList()[pri:0, instance:com.yeastar.swebtest.testcase.smokecase.pbxcase.CallFeature@1c0542]" name="F_PINList" duration-ms="15480" started-at="2017-09-02T12:47:05Z" finished-at="2017-09-02T12:47:20Z">
          <reporter-output>
            <line>
              <![CDATA[  【执行操作】添加PINList]]>
            </line>
          </reporter-output>
        </test-method> <!-- F_PINList -->
        <test-method status="PASS" signature="AfterClass()[pri:0, instance:com.yeastar.swebtest.testcase.smokecase.pbxcase.CallFeature@1c0542]" name="AfterClass" is-config="true" duration-ms="20877" started-at="2017-09-02T12:47:20Z" finished-at="2017-09-02T12:47:41Z">
          <reporter-output>
            <line>
              <![CDATA[【测试类场景恢复】关闭游览器_CallFeatureTest]]>
            </line>
          </reporter-output>
        </test-method> <!-- AfterClass -->
      </class> <!-- com.yeastar.swebtest.testcase.smokecase.pbxcase.CallFeature -->
      <class name="com.yeastar.swebtest.testcase.smokecase.pbxcase.Extension">
        <test-method status="PASS" signature="BeforeClass()[pri:0, instance:com.yeastar.swebtest.testcase.smokecase.pbxcase.Extension@aac163]" name="BeforeClass" is-config="true" duration-ms="20050" started-at="2017-09-02T12:36:10Z" finished-at="2017-09-02T12:36:30Z">
          <reporter-output>
            <line>
              <![CDATA[【测试类场景初始化】打开游览器并登录设备_ExtensionTest]]>
            </line>
          </reporter-output>
        </test-method> <!-- BeforeClass -->
        <test-method status="PASS" signature="A_SettingSystemTime()[pri:0, instance:com.yeastar.swebtest.testcase.smokecase.pbxcase.Extension@aac163]" name="A_SettingSystemTime" duration-ms="130646" started-at="2017-09-02T12:36:30Z" finished-at="2017-09-02T12:38:40Z">
          <reporter-output>
            <line>
              <![CDATA[  【执行操作】设置系统时间为00点整]]>
            </line>
            <line>
              <![CDATA[    Pass: waitReboot重启]]>
            </line>
          </reporter-output>
        </test-method> <!-- A_SettingSystemTime -->
        <test-method status="PASS" signature="B_CreateExtension()[pri:0, instance:com.yeastar.swebtest.testcase.smokecase.pbxcase.Extension@aac163]" name="B_CreateExtension" duration-ms="20557" started-at="2017-09-02T12:38:40Z" finished-at="2017-09-02T12:39:01Z">
          <reporter-output>
            <line>
              <![CDATA[  【执行操作】创建1000分机]]>
            </line>
          </reporter-output>
        </test-method> <!-- B_CreateExtension -->
        <test-method status="PASS" signature="C_CreateFxsExtension()[pri:0, instance:com.yeastar.swebtest.testcase.smokecase.pbxcase.Extension@aac163]" name="C_CreateFxsExtension" duration-ms="17370" started-at="2017-09-02T12:39:01Z" finished-at="2017-09-02T12:39:18Z">
          <reporter-output>
            <line>
              <![CDATA[  【执行操作】创建FXS分机1001]]>
            </line>
          </reporter-output>
        </test-method> <!-- C_CreateFxsExtension -->
        <test-method status="PASS" signature="D_CreateBulkExtensions()[pri:0, instance:com.yeastar.swebtest.testcase.smokecase.pbxcase.Extension@aac163]" name="D_CreateBulkExtensions" duration-ms="25274" started-at="2017-09-02T12:39:18Z" finished-at="2017-09-02T12:39:43Z">
          <reporter-output>
            <line>
              <![CDATA[  【执行操作】批量创建分机1100-1109]]>
            </line>
          </reporter-output>
        </test-method> <!-- D_CreateBulkExtensions -->
        <test-method status="PASS" signature="E_RegisterExtension()[pri:0, instance:com.yeastar.swebtest.testcase.smokecase.pbxcase.Extension@aac163]" name="E_RegisterExtension" duration-ms="65114" started-at="2017-09-02T12:39:43Z" finished-at="2017-09-02T12:40:49Z">
          <reporter-output>
            <line>
              <![CDATA[  【执行操作】SIP分机1000拨打SIP分机1001，通话]]>
            </line>
            <line>
              <![CDATA[    Pass: 1000分机注册]]>
            </line>
            <line>
              <![CDATA[    Pass: 1001分机注册]]>
            </line>
            <line>
              <![CDATA[    Pass: CDR呼叫方检测]]>
            </line>
            <line>
              <![CDATA[    Pass: CDR被叫方检测错误]]>
            </line>
            <line>
              <![CDATA[    Pass: CDR_Status检测]]>
            </line>
          </reporter-output>
        </test-method> <!-- E_RegisterExtension -->
        <test-method status="PASS" signature="F_ExportExtensions()[pri:0, instance:com.yeastar.swebtest.testcase.smokecase.pbxcase.Extension@aac163]" name="F_ExportExtensions" duration-ms="3922" started-at="2017-09-02T12:40:49Z" finished-at="2017-09-02T12:40:53Z">
          <reporter-output>
            <line>
              <![CDATA[  【执行操作】导出分机列表]]>
            </line>
          </reporter-output>
        </test-method> <!-- F_ExportExtensions -->
        <test-method status="PASS" signature="G_DelExtension()[pri:0, instance:com.yeastar.swebtest.testcase.smokecase.pbxcase.Extension@aac163]" name="G_DelExtension" duration-ms="11669" started-at="2017-09-02T12:40:53Z" finished-at="2017-09-02T12:41:04Z">
          <reporter-output>
            <line>
              <![CDATA[  【执行操作】删除1000分机]]>
            </line>
          </reporter-output>
        </test-method> <!-- G_DelExtension -->
        <test-method status="PASS" signature="H_DelExteiosns()[pri:0, instance:com.yeastar.swebtest.testcase.smokecase.pbxcase.Extension@aac163]" name="H_DelExteiosns" duration-ms="10747" started-at="2017-09-02T12:41:04Z" finished-at="2017-09-02T12:41:15Z">
          <reporter-output>
            <line>
              <![CDATA[  【执行操作】删除所有分机]]>
            </line>
          </reporter-output>
        </test-method> <!-- H_DelExteiosns -->
        <test-method status="PASS" signature="I_ImportExtension()[pri:0, instance:com.yeastar.swebtest.testcase.smokecase.pbxcase.Extension@aac163]" name="I_ImportExtension" duration-ms="35735" started-at="2017-09-02T12:41:15Z" finished-at="2017-09-02T12:41:51Z">
          <reporter-output>
            <line>
              <![CDATA[  【执行操作】导入分机列表]]>
            </line>
            <line>
              <![CDATA[    Pass: 1000分机注册]]>
            </line>
            <line>
              <![CDATA[    Pass: 1001分机注册]]>
            </line>
            <line>
              <![CDATA[    Pass: 导入分机列表]]>
            </line>
          </reporter-output>
        </test-method> <!-- I_ImportExtension -->
        <test-method status="PASS" signature="J_PstnCall()[pri:0, instance:com.yeastar.swebtest.testcase.smokecase.pbxcase.Extension@aac163]" name="J_PstnCall" duration-ms="46702" started-at="2017-09-02T12:41:51Z" finished-at="2017-09-02T12:42:37Z">
          <reporter-output>
            <line>
              <![CDATA[  【执行操作】通过PSTN外线B设备2000拨打A设备1000]]>
            </line>
            <line>
              <![CDATA[    Pass: CDR呼叫方检测]]>
            </line>
            <line>
              <![CDATA[    Pass: CDR被叫方检测错误]]>
            </line>
            <line>
              <![CDATA[    Pass: CDR_Status检测]]>
            </line>
          </reporter-output>
        </test-method> <!-- J_PstnCall -->
        <test-method status="PASS" signature="K_ExtensionGroupSetting()[pri:0, instance:com.yeastar.swebtest.testcase.smokecase.pbxcase.Extension@aac163]" name="K_ExtensionGroupSetting" duration-ms="32179" started-at="2017-09-02T12:42:37Z" finished-at="2017-09-02T12:43:10Z">
          <reporter-output>
            <line>
              <![CDATA[  【执行操作】添加分机组extgroup1]]>
            </line>
          </reporter-output>
        </test-method> <!-- K_ExtensionGroupSetting -->
        <test-method status="PASS" signature="AfterClass()[pri:0, instance:com.yeastar.swebtest.testcase.smokecase.pbxcase.Extension@aac163]" name="AfterClass" is-config="true" duration-ms="12477" started-at="2017-09-02T12:43:10Z" finished-at="2017-09-02T12:43:22Z">
          <reporter-output>
            <line>
              <![CDATA[【测试类场景恢复】关闭游览器]]>
            </line>
          </reporter-output>
        </test-method> <!-- AfterClass -->
      </class> <!-- com.yeastar.swebtest.testcase.smokecase.pbxcase.Extension -->
      <class name="com.yeastar.swebtest.testcase.smokecase.pbxcase.NewTrunk">
        <test-method status="PASS" signature="BeforeClass()[pri:0, instance:com.yeastar.swebtest.testcase.smokecase.pbxcase.NewTrunk@17030a6]" name="BeforeClass" is-config="true" duration-ms="18715" started-at="2017-09-02T12:43:22Z" finished-at="2017-09-02T12:43:41Z">
          <reporter-output>
            <line>
              <![CDATA[【测试类场景初始化】打开游览器并登录设备_NewTrunkTest]]>
            </line>
          </reporter-output>
        </test-method> <!-- BeforeClass -->
        <test-method status="PASS" signature="A_AddTrunk()[pri:0, instance:com.yeastar.swebtest.testcase.smokecase.pbxcase.NewTrunk@17030a6]" name="A_AddTrunk" duration-ms="22277" started-at="2017-09-02T12:43:41Z" finished-at="2017-09-02T12:44:03Z">
          <reporter-output>
            <line>
              <![CDATA[  【执行操作】添加SIPTrunk]]>
            </line>
          </reporter-output>
        </test-method> <!-- A_AddTrunk -->
        <test-method status="PASS" signature="B_AddTrunkIAXTrunk()[pri:0, instance:com.yeastar.swebtest.testcase.smokecase.pbxcase.NewTrunk@17030a6]" name="B_AddTrunkIAXTrunk" duration-ms="18453" started-at="2017-09-02T12:44:03Z" finished-at="2017-09-02T12:44:21Z">
          <reporter-output>
            <line>
              <![CDATA[  【执行操作】添加IAXTrunk]]>
            </line>
          </reporter-output>
        </test-method> <!-- B_AddTrunkIAXTrunk -->
        <test-method status="PASS" signature="C_AddSPX()[pri:0, instance:com.yeastar.swebtest.testcase.smokecase.pbxcase.NewTrunk@17030a6]" name="C_AddSPX" duration-ms="19880" started-at="2017-09-02T12:44:21Z" finished-at="2017-09-02T12:44:41Z">
          <reporter-output>
            <line>
              <![CDATA[  【执行操作】添加SPX]]>
            </line>
          </reporter-output>
        </test-method> <!-- C_AddSPX -->
        <test-method status="PASS" signature="D_AddSPS()[pri:0, instance:com.yeastar.swebtest.testcase.smokecase.pbxcase.NewTrunk@17030a6]" name="D_AddSPS" duration-ms="16821" started-at="2017-09-02T12:44:41Z" finished-at="2017-09-02T12:44:58Z">
          <reporter-output>
            <line>
              <![CDATA[  【执行操作】添加SPS]]>
            </line>
          </reporter-output>
        </test-method> <!-- D_AddSPS -->
        <test-method status="PASS" signature="AfterClass()[pri:0, instance:com.yeastar.swebtest.testcase.smokecase.pbxcase.NewTrunk@17030a6]" name="AfterClass" is-config="true" duration-ms="15819" started-at="2017-09-02T12:44:58Z" finished-at="2017-09-02T12:45:14Z">
          <reporter-output>
            <line>
              <![CDATA[【测试类场景恢复】关闭游览器_NewTrunk]]>
            </line>
          </reporter-output>
        </test-method> <!-- AfterClass -->
      </class> <!-- com.yeastar.swebtest.testcase.smokecase.pbxcase.NewTrunk -->
    </test> <!-- pbxcore -->
  </suite> <!-- PBXCORE -->
</testng-results>
