<?xml version="1.0" encoding="UTF-8"?>
<testng-results skipped="0" failed="43" total="197" passed="154">
  <reporter-output>
    <line>
      <![CDATA[【测试类场景初始化】开始执行：======前置环境设置—BeforeTest======]]>
    </line>
    <line>
      <![CDATA[  【执行操作】 删除所有分机]]>
    </line>
    <line>
      <![CDATA[    Pass:  删除所有分机]]>
    </line>
    <line>
      <![CDATA[  【执行操作】 添加分机1000]]>
    </line>
    <line>
      <![CDATA[  【执行操作】 批量创建分机1100~1105]]>
    </line>
    <line>
      <![CDATA[    Pass: 批量创建分机]]>
    </line>
    <line>
      <![CDATA[  【执行操作】 编辑分机1103的名字为xlq]]>
    </line>
    <line>
      <![CDATA[  【执行操作】 编辑分机1104的名字为xll]]>
    </line>
    <line>
      <![CDATA[  【执行操作】 删除所有分机组]]>
    </line>
    <line>
      <![CDATA[    Pass:  删除所有分机组]]>
    </line>
    <line>
      <![CDATA[  【执行操作】 添加分机组：ExtensionGroup1:1000,1100,1101,1105]]>
    </line>
    <line>
      <![CDATA[  【执行操作】 删除所有VoIP外线]]>
    </line>
    <line>
      <![CDATA[  【执行操作】 添加sip外线SIP1]]>
    </line>
    <line>
      <![CDATA[  【执行操作】 添加iax外线IAX1]]>
    </line>
    <line>
      <![CDATA[    <a href="file:///F:\MyProject\SwebTest\SwebTest\pic\IAX1注册失败.jpg" target="_blank">Error: IAX1注册失败</a>]]>
    </line>
    <line>
      <![CDATA[  【执行操作】 添加sps外线SPS1]]>
    </line>
    <line>
      <![CDATA[  【执行操作】 添加spx外线SPX1]]>
    </line>
    <line>
      <![CDATA[  【执行操作】 删除所有呼入路由]]>
    </line>
    <line>
      <![CDATA[    Pass:  删除所有呼入路由]]>
    </line>
    <line>
      <![CDATA[  【执行操作】 添加呼入路由InRoute1]]>
    </line>
    <line>
      <![CDATA[  【执行操作】 删除所有呼出路由]]>
    </line>
    <line>
      <![CDATA[    Pass:  删除所有呼出路由]]>
    </line>
    <line>
      <![CDATA[  【执行操作】 添加sip的呼出路由OutRoute1_sip]]>
    </line>
    <line>
      <![CDATA[  【执行操作】 添加iax的呼出路由OutRoute2_iax]]>
    </line>
    <line>
      <![CDATA[  【执行操作】 添加sps的呼出路由OutRoute3_sps]]>
    </line>
    <line>
      <![CDATA[  【执行操作】 添加spx的呼出路由OutRoute4_spx]]>
    </line>
    <line>
      <![CDATA[  【执行操作】 添加fxo的呼出路由OutRoute5_fxo]]>
    </line>
    <line>
      <![CDATA[  【执行操作】 添加bri的呼出路由OutRoute6_bri]]>
    </line>
    <line>
      <![CDATA[  【执行操作】 删除所有IVR]]>
    </line>
    <line>
      <![CDATA[    Pass:  删除所有IVR]]>
    </line>
    <line>
      <![CDATA[  【执行操作】 添加IVR1：6500,按1到分机1000]]>
    </line>
    <line>
      <![CDATA[  【执行操作】 编辑IVR1:按1到分机1000]]>
    </line>
    <line>
      <![CDATA[  【执行操作】 删除所有RingGroup]]>
    </line>
    <line>
      <![CDATA[    Pass:  删除所有RingGroup]]>
    </line>
    <line>
      <![CDATA[  【执行操作】 添加RingGroup1：6200，选择分机1000,1100,1105，其它默认]]>
    </line>
    <line>
      <![CDATA[  【执行操作】 删除所有Queue]]>
    </line>
    <line>
      <![CDATA[    Pass:  删除所有Queue]]>
    </line>
    <line>
      <![CDATA[  【执行操作】 添加Queue1：6700，选择分机1000、1100、1105，其它默认 ]]>
    </line>
    <line>
      <![CDATA[  【执行操作】 删除所有Conference]]>
    </line>
    <line>
      <![CDATA[    Pass:  删除所有Conference]]>
    </line>
    <line>
      <![CDATA[  【执行操作】 添加Conference1:6400]]>
    </line>
    <line>
      <![CDATA[  【执行操作】 添加网络磁盘netdisk1]]>
    </line>
    <line>
      <![CDATA[  【执行操作】 设置录音存储在：TF/SD]]>
    </line>
    <line>
      <![CDATA[  【执行操作】 选择全部外线、分机、会议室进行录音]]>
    </line>
    <line>
      <![CDATA[【测试类场景恢复】执行完毕：======前置环境设置—BeforeTest======

]]>
    </line>
    <line>
      <![CDATA[【测试类场景初始化】开始执行：======  时间条件—TimeCondition  ======]]>
    </line>
    <line>
      <![CDATA[  【执行操作】 删除所有时间条件]]>
    </line>
    <line>
      <![CDATA[  【执行操作】删除所有时间条件]]>
    </line>
    <line>
      <![CDATA[    Pass: 删除所有时间条件]]>
    </line>
    <line>
      <![CDATA[  【执行操作】 添加时间条件workday_24hour:每天24小时都是工作时间]]>
    </line>
    <line>
      <![CDATA[    Pass: 添加TimeConditions]]>
    </line>
    <line>
      <![CDATA[  【执行操作】 添加时间条件workday_test：每天05:05~22:39]]>
    </line>
    <line>
      <![CDATA[    Pass: 添加TimeConditions]]>
    </line>
    <line>
      <![CDATA[  【执行操作】 添加时间条件Outbound：00:00-00:01,周日]]>
    </line>
    <line>
      <![CDATA[    Pass: 添加TimeConditions]]>
    </line>
    <line>
      <![CDATA[  【执行操作】 添加时间条件workday_Advanced:周日/二/四，12:30~18:45]]>
    </line>
    <line>
      <![CDATA[    Pass: 添加TimeConditions]]>
    </line>
    <line>
      <![CDATA[  【执行操作】 编辑workday_Advanced，启用高级设置，1/6/12月的1/10/20/31号]]>
    </line>
    <line>
      <![CDATA[    Pass: 月份编辑]]>
    </line>
    <line>
      <![CDATA[    Pass: 日期编辑]]>
    </line>
    <line>
      <![CDATA[  【执行操作】 添加时间条件CheckAll]]>
    </line>
    <line>
      <![CDATA[    Pass: 添加TimeConditions]]>
    </line>
    <line>
      <![CDATA[  【执行操作】 编辑CheckAl，启用高级设置，Month:All，Day:All]]>
    </line>
    <line>
      <![CDATA[    Pass: Week编辑页面显示检查]]>
    </line>
    <line>
      <![CDATA[    Pass: Month编辑页面显示检查]]>
    </line>
    <line>
      <![CDATA[    Pass: Day编辑页面显示检查]]>
    </line>
    <line>
      <![CDATA[  【执行操作】 表格删除：workday_Advanced，取消删除]]>
    </line>
    <line>
      <![CDATA[    Pass: 表格删除：workday_Advanced，取消删除]]>
    </line>
    <line>
      <![CDATA[  【执行操作】 表格删除：workday_Advanced，确定删除]]>
    </line>
    <line>
      <![CDATA[    Pass: 表格删除：workday_Advanced，确定删除]]>
    </line>
    <line>
      <![CDATA[  【执行操作】 删除：workday_test，取消删除]]>
    </line>
    <line>
      <![CDATA[    Pass: 删除：workday_test，取消删除]]>
    </line>
    <line>
      <![CDATA[  【执行操作】 删除：workday_test，确定删除]]>
    </line>
    <line>
      <![CDATA[    Pass: 表格删除：workday_Advanced，确定删除]]>
    </line>
    <line>
      <![CDATA[【测试类场景恢复】执行完毕：======  时间条件—TimeCondition  ======

]]>
    </line>
    <line>
      <![CDATA[【测试类场景初始化】开始执行：======  时间条件—Holiday  =======]]>
    </line>
    <line>
      <![CDATA[  【执行操作】 删除所有Holiday]]>
    </line>
    <line>
      <![CDATA[  【执行操作】删除所有Holiday]]>
    </line>
    <line>
      <![CDATA[    Pass: 删除所有Holiday]]>
    </line>
    <line>
      <![CDATA[  【执行操作】 新建HolidayByDay：2017-10-01~2025-12-31]]>
    </line>
    <line>
      <![CDATA[    Pass: 添加Holiday]]>
    </line>
    <line>
      <![CDATA[  【执行操作】 新建HolidayByMonth：1月1号-12月31号]]>
    </line>
    <line>
      <![CDATA[    Pass: 添加Holiday]]>
    </line>
    <line>
      <![CDATA[  【执行操作】 新建HolidayByWeek：5月第3个周四]]>
    </line>
    <line>
      <![CDATA[    Pass: 添加Holiday]]>
    </line>
    <line>
      <![CDATA[  【执行操作】 新建HolidayByWeek2：12月最后1个周日]]>
    </line>
    <line>
      <![CDATA[    Pass: 添加Holiday]]>
    </line>
    <line>
      <![CDATA[  【执行操作】 编辑HolidayByWeek：8月第4个周六]]>
    </line>
    <line>
      <![CDATA[    Pass: 编辑Holiday]]>
    </line>
    <line>
      <![CDATA[  【执行操作】 表格删除：HolidayByWeek-取消删除]]>
    </line>
    <line>
      <![CDATA[    Pass: 表格删除：HolidayByWeek-取消删除]]>
    </line>
    <line>
      <![CDATA[  【执行操作】 表格删除：HolidayByWeek-确定删除]]>
    </line>
    <line>
      <![CDATA[    Pass: 表格删除：HolidayByWeek-确定删除]]>
    </line>
    <line>
      <![CDATA[  【执行操作】 删除：HolidayByWeek2-取消删除]]>
    </line>
    <line>
      <![CDATA[    Pass: 删除：HolidayByWeek2-取消删除]]>
    </line>
    <line>
      <![CDATA[  【执行操作】 删除：HolidayByWeek2-确定删除]]>
    </line>
    <line>
      <![CDATA[    Pass: 删除：HolidayByWeek2-确定删除]]>
    </line>
    <line>
      <![CDATA[【测试类场景恢复】执行完毕：======  时间条件-Holiday  ======

]]>
    </line>
    <line>
      <![CDATA[【测试类场景初始化】开始执行：======  Inbound  ======]]>
    </line>
    <line>
      <![CDATA[    Pass: 1000分机注册]]>
    </line>
    <line>
      <![CDATA[    Pass: 1101分机注册]]>
    </line>
    <line>
      <![CDATA[    Pass: 1105分机注册]]>
    </line>
    <line>
      <![CDATA[  【执行操作】 3001拨打3000通过sip外线呼入到分机1000]]>
    </line>
    <line>
      <![CDATA[    Pass: CDR呼叫方检测]]>
    </line>
    <line>
      <![CDATA[    Pass: CDR被叫方检测]]>
    </line>
    <line>
      <![CDATA[    Pass: CDR_Status检测]]>
    </line>
    <line>
      <![CDATA[    Pass: CDR源中继检测]]>
    </line>
    <line>
      <![CDATA[    Pass: CDR目的中继检测]]>
    </line>
    <line>
      <![CDATA[    Pass: CDR通讯类型检测]]>
    </line>
    <line>
      <![CDATA[    <a href="file:///F:\MyProject\SwebTest\SwebTest\pic\ 录音失败.jpg" target="_blank">Error:  录音失败</a>]]>
    </line>
    <line>
      <![CDATA[  【执行操作】 3001拨打3100通过iax外线呼入到分机1000]]>
    </line>
    <line>
      <![CDATA[    Pass: CDR呼叫方检测]]>
    </line>
    <line>
      <![CDATA[    Pass: CDR被叫方检测]]>
    </line>
    <line>
      <![CDATA[    Pass: CDR_Status检测]]>
    </line>
    <line>
      <![CDATA[    Pass: CDR源中继检测]]>
    </line>
    <line>
      <![CDATA[    Pass: CDR目的中继检测]]>
    </line>
    <line>
      <![CDATA[    Pass: CDR通讯类型检测]]>
    </line>
    <line>
      <![CDATA[  【执行操作】 2001拨打99999通过sps外线呼入到分机1000]]>
    </line>
    <line>
      <![CDATA[    Pass: CDR呼叫方检测]]>
    </line>
    <line>
      <![CDATA[    Pass: CDR被叫方检测]]>
    </line>
    <line>
      <![CDATA[    Pass: CDR_Status检测]]>
    </line>
    <line>
      <![CDATA[    Pass: CDR源中继检测]]>
    </line>
    <line>
      <![CDATA[    Pass: CDR目的中继检测]]>
    </line>
    <line>
      <![CDATA[    Pass: CDR通讯类型检测]]>
    </line>
    <line>
      <![CDATA[  【执行操作】 2001拨打88888通过spx外线呼入到分机1000]]>
    </line>
    <line>
      <![CDATA[    Pass: CDR呼叫方检测]]>
    </line>
    <line>
      <![CDATA[    Pass: CDR被叫方检测]]>
    </line>
    <line>
      <![CDATA[    Pass: CDR_Status检测]]>
    </line>
    <line>
      <![CDATA[    <a href="file:///F:\MyProject\SwebTest\SwebTest\pic\CDR源中继检测 【预期：SPX1 实际：SPS1】.jpg" target="_blank">Error: CDR源中继检测 【预期：SPX1 实际：SPS1】</a>]]>
    </line>
    <line>
      <![CDATA[  【执行操作】 2001拨打2010通过fxo外线呼入到分机1000]]>
    </line>
    <line>
      <![CDATA[    Pass: CDR呼叫方检测]]>
    </line>
    <line>
      <![CDATA[    Pass: CDR被叫方检测]]>
    </line>
    <line>
      <![CDATA[    Pass: CDR_Status检测]]>
    </line>
    <line>
      <![CDATA[    Pass: CDR源中继检测]]>
    </line>
    <line>
      <![CDATA[    Pass: CDR目的中继检测]]>
    </line>
    <line>
      <![CDATA[    Pass: CDR通讯类型检测]]>
    </line>
    <line>
      <![CDATA[  【执行操作】 2001拨打66666通过bri外线呼入到分机1000]]>
    </line>
    <line>
      <![CDATA[    Pass: CDR呼叫方检测]]>
    </line>
    <line>
      <![CDATA[    Pass: CDR被叫方检测]]>
    </line>
    <line>
      <![CDATA[    Pass: CDR_Status检测]]>
    </line>
    <line>
      <![CDATA[    Pass: CDR源中继检测]]>
    </line>
    <line>
      <![CDATA[    Pass: CDR目的中继检测]]>
    </line>
    <line>
      <![CDATA[    Pass: CDR通讯类型检测]]>
    </line>
    <line>
      <![CDATA[  【执行操作】 编辑呼入路由InRoute1，Caller ID：2002]]>
    </line>
    <line>
      <![CDATA[  【执行操作】 2002拨打99999通过sps外线呼入到分机1000]]>
    </line>
    <line>
      <![CDATA[    Pass: 预期1000为Talking]]>
    </line>
    <line>
      <![CDATA[    Pass: CDR呼叫方检测]]>
    </line>
    <line>
      <![CDATA[    Pass: CDR被叫方检测]]>
    </line>
    <line>
      <![CDATA[    Pass: CDR_Status检测]]>
    </line>
    <line>
      <![CDATA[    Pass: CDR源中继检测]]>
    </line>
    <line>
      <![CDATA[    Pass: CDR目的中继检测]]>
    </line>
    <line>
      <![CDATA[    Pass: CDR通讯类型检测]]>
    </line>
    <line>
      <![CDATA[  【执行操作】 2001拨打99999通过sps外线呼入--预期：无法呼入，CDR不会生成]]>
    </line>
    <line>
      <![CDATA[    Pass: CDR呼叫方检测]]>
    </line>
    <line>
      <![CDATA[    Pass: CDR被叫方检测]]>
    </line>
    <line>
      <![CDATA[    Pass: CDR_Status检测]]>
    </line>
    <line>
      <![CDATA[    Pass: CDR源中继检测]]>
    </line>
    <line>
      <![CDATA[    Pass: CDR目的中继检测]]>
    </line>
    <line>
      <![CDATA[    Pass: CDR通讯类型检测]]>
    </line>
    <line>
      <![CDATA[  【执行操作】 新建呼入路由DIDtest，DID Pattern：5503301-5503305，选择SPS外线，Extension Range：1101-1105]]>
    </line>
    <line>
      <![CDATA[  【执行操作】 2001拨打995503301通过sps外线呼入到分机1101]]>
    </line>
    <line>
      <![CDATA[    Pass: CDR呼叫方检测]]>
    </line>
    <line>
      <![CDATA[    Pass: CDR被叫方检测]]>
    </line>
    <line>
      <![CDATA[    Pass: CDR_Status检测]]>
    </line>
    <line>
      <![CDATA[    Pass: CDR源中继检测]]>
    </line>
    <line>
      <![CDATA[    Pass: CDR目的中继检测]]>
    </line>
    <line>
      <![CDATA[    Pass: CDR通讯类型检测]]>
    </line>
    <line>
      <![CDATA[  【执行操作】 2001拨打995503305通过sps外线呼入到分机1105]]>
    </line>
    <line>
      <![CDATA[    Pass: CDR呼叫方检测]]>
    </line>
    <line>
      <![CDATA[    Pass: CDR被叫方检测]]>
    </line>
    <line>
      <![CDATA[    Pass: CDR_Status检测]]>
    </line>
    <line>
      <![CDATA[    Pass: CDR源中继检测]]>
    </line>
    <line>
      <![CDATA[    Pass: CDR目的中继检测]]>
    </line>
    <line>
      <![CDATA[    Pass: CDR通讯类型检测]]>
    </line>
    <line>
      <![CDATA[  【执行操作】 设置分机1000具有拨打时间特征码的权限]]>
    </line>
    <line>
      <![CDATA[  【执行操作】 编辑InRoute1,启用时间条件，workday_24hour到分机1101]]>
    </line>
    <line>
      <![CDATA[  【执行操作】 3001拨打3000通过sip外线呼入1101]]>
    </line>
    <line>
      <![CDATA[    Pass: CDR呼叫方检测]]>
    </line>
    <line>
      <![CDATA[    Pass: CDR被叫方检测]]>
    </line>
    <line>
      <![CDATA[    Pass: CDR_Status检测]]>
    </line>
    <line>
      <![CDATA[    Pass: CDR源中继检测]]>
    </line>
    <line>
      <![CDATA[    Pass: CDR目的中继检测]]>
    </line>
    <line>
      <![CDATA[    Pass: CDR通讯类型检测]]>
    </line>
    <line>
      <![CDATA[  【执行操作】 编辑InRoute1，添加[Holiday]到会议室Conference1]]>
    </line>
    <line>
      <![CDATA[  【执行操作】 3001拨打3000通过sip外线呼入到会议室6400]]>
    </line>
    <line>
      <![CDATA[    Pass: CDR呼叫方检测]]>
    </line>
    <line>
      <![CDATA[    Pass: CDR被叫方检测]]>
    </line>
    <line>
      <![CDATA[    Pass: CDR_Status检测]]>
    </line>
    <line>
      <![CDATA[    Pass: CDR源中继检测]]>
    </line>
    <line>
      <![CDATA[    Pass: CDR目的中继检测]]>
    </line>
    <line>
      <![CDATA[    Pass: CDR通讯类型检测]]>
    </line>
    <line>
      <![CDATA[  【执行操作】 分机1000拨打特征码*801强制启用工作时间]]>
    </line>
    <line>
      <![CDATA[  【执行操作】 建立通话验证特征码启用生效：3001拨打3000通过sip外线呼入，预期呼入到1101]]>
    </line>
    <line>
      <![CDATA[    Pass: CDR呼叫方检测]]>
    </line>
    <line>
      <![CDATA[    Pass: CDR被叫方检测]]>
    </line>
    <line>
      <![CDATA[    Pass: CDR_Status检测]]>
    </line>
    <line>
      <![CDATA[    Pass: CDR源中继检测]]>
    </line>
    <line>
      <![CDATA[    Pass: CDR目的中继检测]]>
    </line>
    <line>
      <![CDATA[    Pass: CDR通讯类型检测]]>
    </line>
    <line>
      <![CDATA[  【执行操作】 编辑InRoute1禁用时间条件]]>
    </line>
    <line>
      <![CDATA[  【执行操作】 建立通话验证禁用时间条件：3001拨打3000通过sip外线呼入，预期呼入到1000]]>
    </line>
    <line>
      <![CDATA[    Pass: CDR呼叫方检测]]>
    </line>
    <line>
      <![CDATA[    Pass: CDR被叫方检测]]>
    </line>
    <line>
      <![CDATA[    Pass: CDR_Status检测]]>
    </line>
    <line>
      <![CDATA[    Pass: CDR源中继检测]]>
    </line>
    <line>
      <![CDATA[    Pass: CDR目的中继检测]]>
    </line>
    <line>
      <![CDATA[    Pass: CDR通讯类型检测]]>
    </line>
    <line>
      <![CDATA[  【执行操作】 表格删除：DIDtest-取消删除]]>
    </line>
    <line>
      <![CDATA[    Pass: 表格删除：DIDtest-取消删除]]>
    </line>
    <line>
      <![CDATA[  【执行操作】 表格删除：DIDtest-确定删除]]>
    </line>
    <line>
      <![CDATA[    Pass: 表格删除：DIDtest-确定删除]]>
    </line>
    <line>
      <![CDATA[  【执行操作】 删除：DeleteTest-取消删除]]>
    </line>
    <line>
      <![CDATA[    Pass: 删除：DeleteTest-取消删除]]>
    </line>
    <line>
      <![CDATA[  【执行操作】 删除：DeleteTest-确定删除]]>
    </line>
    <line>
      <![CDATA[    Pass: 删除：DeleteTest-确定删除]]>
    </line>
    <line>
      <![CDATA[【测试类场景恢复】执行完毕：======  Inbound  ======

]]>
    </line>
    <line>
      <![CDATA[【测试类场景初始化】开始执行：======  Outbound  ======]]>
    </line>
    <line>
      <![CDATA[    Pass: 1000分机注册]]>
    </line>
    <line>
      <![CDATA[  【执行操作】 1000拨打13001通过sip外线呼出]]>
    </line>
    <line>
      <![CDATA[    Pass: CDR呼叫方检测]]>
    </line>
    <line>
      <![CDATA[    Pass: CDR被叫方检测]]>
    </line>
    <line>
      <![CDATA[    Pass: CDR_Status检测]]>
    </line>
    <line>
      <![CDATA[    Pass: CDR源中继检测]]>
    </line>
    <line>
      <![CDATA[    Pass: CDR目的中继检测]]>
    </line>
    <line>
      <![CDATA[    Pass: CDR通讯类型检测]]>
    </line>
    <line>
      <![CDATA[    <a href="file:///F:\MyProject\SwebTest\SwebTest\pic\ 录音失败.jpg" target="_blank">Error:  录音失败</a>]]>
    </line>
    <line>
      <![CDATA[  【执行操作】 1000拨打23001通过iax外线呼出]]>
    </line>
    <line>
      <![CDATA[    Pass: CDR呼叫方检测]]>
    </line>
    <line>
      <![CDATA[    Pass: CDR被叫方检测]]>
    </line>
    <line>
      <![CDATA[    Pass: CDR_Status检测]]>
    </line>
    <line>
      <![CDATA[    Pass: CDR源中继检测]]>
    </line>
    <line>
      <![CDATA[    Pass: CDR目的中继检测]]>
    </line>
    <line>
      <![CDATA[    Pass: CDR通讯类型检测]]>
    </line>
    <line>
      <![CDATA[  【执行操作】 1000拨打32000通过sps外线呼出]]>
    </line>
    <line>
      <![CDATA[    Pass: CDR呼叫方检测]]>
    </line>
    <line>
      <![CDATA[    Pass: CDR被叫方检测]]>
    </line>
    <line>
      <![CDATA[    Pass: CDR_Status检测]]>
    </line>
    <line>
      <![CDATA[    Pass: CDR源中继检测]]>
    </line>
    <line>
      <![CDATA[    Pass: CDR目的中继检测]]>
    </line>
    <line>
      <![CDATA[    Pass: CDR通讯类型检测]]>
    </line>
    <line>
      <![CDATA[  【执行操作】 1000拨打42000通过spx外线呼出]]>
    </line>
    <line>
      <![CDATA[    Pass: CDR呼叫方检测]]>
    </line>
    <line>
      <![CDATA[    <a href="file:///F:\MyProject\SwebTest\SwebTest\pic\CDR被叫方检测 【预期：42000 实际：32000】.jpg" target="_blank">Error: CDR被叫方检测 【预期：42000 实际：32000】</a>]]>
    </line>
    <line>
      <![CDATA[  【执行操作】 1000拨打52000通过PSTN外线呼出]]>
    </line>
    <line>
      <![CDATA[    Pass: CDR呼叫方检测]]>
    </line>
    <line>
      <![CDATA[    Pass: CDR被叫方检测]]>
    </line>
    <line>
      <![CDATA[    Pass: CDR_Status检测]]>
    </line>
    <line>
      <![CDATA[    Pass: CDR源中继检测]]>
    </line>
    <line>
      <![CDATA[    Pass: CDR目的中继检测]]>
    </line>
    <line>
      <![CDATA[    Pass: CDR通讯类型检测]]>
    </line>
    <line>
      <![CDATA[  【执行操作】 1000拨打62000通过BRI外线呼出]]>
    </line>
    <line>
      <![CDATA[    Pass: CDR呼叫方检测]]>
    </line>
    <line>
      <![CDATA[    Pass: CDR被叫方检测]]>
    </line>
    <line>
      <![CDATA[    Pass: CDR_Status检测]]>
    </line>
    <line>
      <![CDATA[    Pass: CDR源中继检测]]>
    </line>
    <line>
      <![CDATA[    Pass: CDR目的中继检测]]>
    </line>
    <line>
      <![CDATA[    Pass: CDR通讯类型检测]]>
    </line>
    <line>
      <![CDATA[  【执行操作】 新建呼出路由DialPattern，Pattern:91.，strip：2，Prepend：123456，选择SIP外线/所有分机]]>
    </line>
    <line>
      <![CDATA[  【执行操作】 1000拨打9101通过sip外线呼出]]>
    </line>
    <line>
      <![CDATA[    Pass: CDR呼叫方检测]]>
    </line>
    <line>
      <![CDATA[    Pass: CDR被叫方检测]]>
    </line>
    <line>
      <![CDATA[    Pass: CDR_Status检测]]>
    </line>
    <line>
      <![CDATA[    Pass: CDR源中继检测]]>
    </line>
    <line>
      <![CDATA[    Pass: CDR目的中继检测]]>
    </line>
    <line>
      <![CDATA[    Pass: CDR通讯类型检测]]>
    </line>
    <line>
      <![CDATA[  【执行操作】 新建呼出路由Password，Pattern:92.，strip：2，外线:SPS，分机：1000]]>
    </line>
    <line>
      <![CDATA[  【执行操作】 编辑呼出路由Password，Passwoed：Single Pin--123]]>
    </line>
    <line>
      <![CDATA[  【执行操作】 1000拨打928888通过SPS外线呼出]]>
    </line>
    <line>
      <![CDATA[    Pass: CDR呼叫方检测]]>
    </line>
    <line>
      <![CDATA[    Pass: CDR被叫方检测]]>
    </line>
    <line>
      <![CDATA[    <a href="file:///F:\MyProject\SwebTest\SwebTest\pic\CDR_Status检测 【预期：Answered 实际：No Answer】.jpg" target="_blank">Error: CDR_Status检测 【预期：Answered 实际：No Answer】</a>]]>
    </line>
    <line>
      <![CDATA[  【执行操作】 新建呼出路由Rrmemory_hunt，Pattern:93.，strip：2，外线:SPS、SIP，分机：1000]]>
    </line>
    <line>
      <![CDATA[  【执行操作】 编辑呼出路由Rrmemory_hunt，启用循环抓取]]>
    </line>
    <line>
      <![CDATA[  【执行操作】 1000拨打933001，第1次预期通过SPS外线呼出]]>
    </line>
    <line>
      <![CDATA[    Pass: CDR呼叫方检测]]>
    </line>
    <line>
      <![CDATA[    <a href="file:///F:\MyProject\SwebTest\SwebTest\pic\CDR被叫方检测 【预期：933001 实际：928888】.jpg" target="_blank">Error: CDR被叫方检测 【预期：933001 实际：928888】</a>]]>
    </line>
    <line>
      <![CDATA[  【执行操作】 编辑呼出路由Password：取消密码设置，TimeCondition选择Outbound]]>
    </line>
    <line>
      <![CDATA[  【执行操作】 1000拨打929999，通过sps外线呼出，预期：呼出失败]]>
    </line>
    <line>
      <![CDATA[    Pass: 预期1000为HangUp]]>
    </line>
    <line>
      <![CDATA[  【执行操作】 编辑呼出路由Password，TimeCondition选择CheckAll]]>
    </line>
    <line>
      <![CDATA[  【执行操作】 1000拨打929999，通过sps外线呼出，预期：呼出成功]]>
    </line>
    <line>
      <![CDATA[    Pass: CDR呼叫方检测]]>
    </line>
    <line>
      <![CDATA[    <a href="file:///F:\MyProject\SwebTest\SwebTest\pic\CDR被叫方检测 【预期：9299999 实际：928888】.jpg" target="_blank">Error: CDR被叫方检测 【预期：9299999 实际：928888】</a>]]>
    </line>
    <line>
      <![CDATA[  【执行操作】 表格删除：Rrmemory_hunt-取消删除]]>
    </line>
    <line>
      <![CDATA[    Pass: 表格删除：Rrmemory_hunt-取消删除]]>
    </line>
    <line>
      <![CDATA[  【执行操作】 表格删除：Rrmemory_hunt-确定删除]]>
    </line>
    <line>
      <![CDATA[    Pass: 表格删除：Rrmemory_hunt-确定删除]]>
    </line>
    <line>
      <![CDATA[  【执行操作】 删除：Prepend-取消删除]]>
    </line>
    <line>
      <![CDATA[    Pass: 删除：Prepend-取消删除]]>
    </line>
    <line>
      <![CDATA[  【执行操作】 删除：Prepend-确定删除]]>
    </line>
    <line>
      <![CDATA[    Pass: 删除：Prepend-确定删除]]>
    </line>
    <line>
      <![CDATA[【测试类场景恢复】执行完毕：======  Outbound  ======

]]>
    </line>
    <line>
      <![CDATA[【测试类场景初始化】开始执行：======  OutboundRestriction  ======]]>
    </line>
    <line>
      <![CDATA[    Pass: 1100分机注册]]>
    </line>
    <line>
      <![CDATA[    Pass: 1102分机注册]]>
    </line>
    <line>
      <![CDATA[  【执行操作】  删除所有Outbound Restriction]]>
    </line>
    <line>
      <![CDATA[    Pass:   删除所有Outbound Restriction]]>
    </line>
    <line>
      <![CDATA[  【执行操作】 新建呼出限制OutRestriction1，2分钟不能超过5通]]>
    </line>
    <line>
      <![CDATA[    Pass: 预期1100呼出失败]]>
    </line>
    <line>
      <![CDATA[  【执行操作】 检查分机1100被限制呼出，取消呼出限制]]>
    </line>
    <line>
      <![CDATA[    Pass:  查看分机1100状态已被限制，并取消限制]]>
    </line>
    <line>
      <![CDATA[  【执行操作】 分机1100取消呼出限制后能正常呼出]]>
    </line>
    <line>
      <![CDATA[    Pass: CDR呼叫方检测]]>
    </line>
    <line>
      <![CDATA[    Pass: CDR被叫方检测]]>
    </line>
    <line>
      <![CDATA[    Pass: CDR_Status检测]]>
    </line>
    <line>
      <![CDATA[    Pass: CDR源中继检测]]>
    </line>
    <line>
      <![CDATA[    Pass: CDR目的中继检测]]>
    </line>
    <line>
      <![CDATA[    Pass: CDR通讯类型检测]]>
    </line>
    <line>
      <![CDATA[  【执行操作】 新建呼出限制：OutRestriction2，分机1102，2分钟呼出不能超过2通]]>
    </line>
    <line>
      <![CDATA[    Pass: 预期1102呼出失败]]>
    </line>
    <line>
      <![CDATA[  【执行操作】 检查分机1102被限制呼出，取消呼出限制]]>
    </line>
    <line>
      <![CDATA[    Pass:  查看分机1102状态已被限制，并取消限制]]>
    </line>
    <line>
      <![CDATA[  【执行操作】 分机1102取消呼出限制后能正常呼出]]>
    </line>
    <line>
      <![CDATA[    Pass: CDR呼叫方检测]]>
    </line>
    <line>
      <![CDATA[    Pass: CDR被叫方检测]]>
    </line>
    <line>
      <![CDATA[    Pass: CDR_Status检测]]>
    </line>
    <line>
      <![CDATA[    Pass: CDR源中继检测]]>
    </line>
    <line>
      <![CDATA[    Pass: CDR目的中继检测]]>
    </line>
    <line>
      <![CDATA[    Pass: CDR通讯类型检测]]>
    </line>
    <line>
      <![CDATA[  【执行操作】 表格删除：OutRestriction1-取消删除]]>
    </line>
    <line>
      <![CDATA[    Pass: 表格删除：OutRestriction1-取消删除]]>
    </line>
    <line>
      <![CDATA[  【执行操作】 表格删除：OutRestriction1-确定删除]]>
    </line>
    <line>
      <![CDATA[    Pass: 表格删除：OutRestriction1-确定删除]]>
    </line>
    <line>
      <![CDATA[  【执行操作】 删除：OutRestriction2-取消删除]]>
    </line>
    <line>
      <![CDATA[    Pass: 删除：OutRestriction2-取消删除]]>
    </line>
    <line>
      <![CDATA[  【执行操作】 删除：OutRestriction2-确定删除]]>
    </line>
    <line>
      <![CDATA[    Pass: 删除：OutRestriction2-确定删除]]>
    </line>
    <line>
      <![CDATA[【测试类场景恢复】执行完毕：======  OutboundRestriction  ======

]]>
    </line>
    <line>
      <![CDATA[【测试类场景初始化】开始执行：======  AutoCLIP  =======]]>
    </line>
    <line>
      <![CDATA[    Pass: 1000分机注册]]>
    </line>
    <line>
      <![CDATA[    Pass: 1101分机注册]]>
    </line>
    <line>
      <![CDATA[  【执行操作】 ----AutoCLIP选择所有外线,其它默认----]]>
    </line>
    <line>
      <![CDATA[  【执行操作】 1101拨打13001通过sip外线呼出]]>
    </line>
    <line>
      <![CDATA[    Pass: AutoCLIP List--Extension Number检测]]>
    </line>
    <line>
      <![CDATA[    Pass: AutoCLIP List--Called Number检测]]>
    </line>
    <line>
      <![CDATA[    Pass: AutoCLIP List--Trunk检测]]>
    </line>
    <line>
      <![CDATA[  【执行操作】 3001拨打3000通过sip外线呼入--预期：分机1101接听]]>
    </line>
    <line>
      <![CDATA[    Pass: CDR呼叫方检测]]>
    </line>
    <line>
      <![CDATA[    Pass: CDR被叫方检测]]>
    </line>
    <line>
      <![CDATA[    Pass: CDR_Status检测]]>
    </line>
    <line>
      <![CDATA[    Pass: CDR源中继检测]]>
    </line>
    <line>
      <![CDATA[    Pass: CDR目的中继检测]]>
    </line>
    <line>
      <![CDATA[    Pass: CDR通讯类型检测]]>
    </line>
    <line>
      <![CDATA[  【执行操作】 删除AutoCLIP List的所有记录]]>
    </line>
    <line>
      <![CDATA[  【执行操作】 删除AutoCLIP List后，3001拨打3000通过sip外线呼入--预期：分机1000接听]]>
    </line>
    <line>
      <![CDATA[    Pass: CDR呼叫方检测]]>
    </line>
    <line>
      <![CDATA[    Pass: CDR被叫方检测]]>
    </line>
    <line>
      <![CDATA[    Pass: CDR_Status检测]]>
    </line>
    <line>
      <![CDATA[    Pass: CDR源中继检测]]>
    </line>
    <line>
      <![CDATA[    Pass: CDR目的中继检测]]>
    </line>
    <line>
      <![CDATA[    Pass: CDR通讯类型检测]]>
    </line>
    <line>
      <![CDATA[  【执行操作】 ----启用Delete Used Records----]]>
    </line>
    <line>
      <![CDATA[  【执行操作】 1101拨打13001通过sip外线呼出]]>
    </line>
    <line>
      <![CDATA[    Pass: AutoCLIP List--Extension Number检测]]>
    </line>
    <line>
      <![CDATA[    Pass: AutoCLIP List--Called Number检测]]>
    </line>
    <line>
      <![CDATA[    Pass: AutoCLIP List--Trunk检测]]>
    </line>
    <line>
      <![CDATA[  【执行操作】 3001拨打3000通过sip外线第1次呼入--预期：分机1101接听]]>
    </line>
    <line>
      <![CDATA[    Pass: CDR呼叫方检测]]>
    </line>
    <line>
      <![CDATA[    Pass: CDR被叫方检测]]>
    </line>
    <line>
      <![CDATA[    Pass: CDR_Status检测]]>
    </line>
    <line>
      <![CDATA[    Pass: CDR源中继检测]]>
    </line>
    <line>
      <![CDATA[    Pass: CDR目的中继检测]]>
    </line>
    <line>
      <![CDATA[    Pass: CDR通讯类型检测]]>
    </line>
    <line>
      <![CDATA[  【执行操作】 3001拨打3000通过sip外线第2次呼入--预期：分机1000接听]]>
    </line>
    <line>
      <![CDATA[    Pass: CDR呼叫方检测]]>
    </line>
    <line>
      <![CDATA[    Pass: CDR被叫方检测]]>
    </line>
    <line>
      <![CDATA[    Pass: CDR_Status检测]]>
    </line>
    <line>
      <![CDATA[    Pass: CDR源中继检测]]>
    </line>
    <line>
      <![CDATA[    Pass: CDR目的中继检测]]>
    </line>
    <line>
      <![CDATA[    Pass: CDR通讯类型检测]]>
    </line>
    <line>
      <![CDATA[  【执行操作】 ----启用Only Keep Missed Call Records----]]>
    </line>
    <line>
      <![CDATA[  【执行操作】 1101拨打13001通过sip外线呼出，被叫接听--预期不会生成cliplist]]>
    </line>
    <line>
      <![CDATA[    Error: 被叫接听，检查AutoCLIP List生成了记录]]>
    </line>
    <line>
      <![CDATA[  【执行操作】 1101拨打13001通过sip外线呼出，被叫未接--预期生成cliplist]]>
    </line>
    <line>
      <![CDATA[    Pass:  被叫未接，检查AutoCLIP List生成记录]]>
    </line>
    <line>
      <![CDATA[  【执行操作】 ----启用Match Outgoing Trunk----]]>
    </line>
    <line>
      <![CDATA[  【执行操作】 1101拨打13001通过sip外线呼出]]>
    </line>
    <line>
      <![CDATA[    Pass: AutoCLIP List--Extension Number检测]]>
    </line>
    <line>
      <![CDATA[    Pass: AutoCLIP List--Called Number检测]]>
    </line>
    <line>
      <![CDATA[    Pass: AutoCLIP List--Trunk检测]]>
    </line>
    <line>
      <![CDATA[  【执行操作】 3001拨打3000通过sip外线呼入--预期：分机1101接听]]>
    </line>
    <line>
      <![CDATA[    Pass: CDR呼叫方检测]]>
    </line>
    <line>
      <![CDATA[    Pass: CDR被叫方检测]]>
    </line>
    <line>
      <![CDATA[    Pass: CDR_Status检测]]>
    </line>
    <line>
      <![CDATA[    Pass: CDR源中继检测]]>
    </line>
    <line>
      <![CDATA[    Pass: CDR目的中继检测]]>
    </line>
    <line>
      <![CDATA[    Pass: CDR通讯类型检测]]>
    </line>
    <line>
      <![CDATA[  【执行操作】 3001拨打3100通过iax外线呼入--预期：分机1000接听]]>
    </line>
    <line>
      <![CDATA[    Pass: CDR呼叫方检测]]>
    </line>
    <line>
      <![CDATA[    Pass: CDR被叫方检测]]>
    </line>
    <line>
      <![CDATA[    Pass: CDR_Status检测]]>
    </line>
    <line>
      <![CDATA[    Pass: CDR源中继检测]]>
    </line>
    <line>
      <![CDATA[    Pass: CDR目的中继检测]]>
    </line>
    <line>
      <![CDATA[    Pass: CDR通讯类型检测]]>
    </line>
    <line>
      <![CDATA[  【执行操作】 ----不启用AutoCLIP----]]>
    </line>
    <line>
      <![CDATA[  【执行操作】 1101拨打13001通过sip外线呼出]]>
    </line>
    <line>
      <![CDATA[  【执行操作】 3001拨打3000通过sip外线呼入--预期：分机1000接听]]>
    </line>
    <line>
      <![CDATA[    Pass: CDR呼叫方检测]]>
    </line>
    <line>
      <![CDATA[    Pass: CDR被叫方检测]]>
    </line>
    <line>
      <![CDATA[    Pass: CDR_Status检测]]>
    </line>
    <line>
      <![CDATA[    Pass: CDR源中继检测]]>
    </line>
    <line>
      <![CDATA[    Pass: CDR目的中继检测]]>
    </line>
    <line>
      <![CDATA[    Pass: CDR通讯类型检测]]>
    </line>
    <line>
      <![CDATA[【测试类场景恢复】执行完毕：======   AutoCLIP   ======

]]>
    </line>
    <line>
      <![CDATA[【测试类场景初始化】开始执行：======  PickupGroup  ======]]>
    </line>
    <line>
      <![CDATA[    Pass: 1000分机注册]]>
    </line>
    <line>
      <![CDATA[    Pass: 1100分机注册]]>
    </line>
    <line>
      <![CDATA[    Pass: 1105分机注册]]>
    </line>
    <line>
      <![CDATA[  【执行操作】 删除所有PickupGroup]]>
    </line>
    <line>
      <![CDATA[    Pass:  删除所有PickupGroup]]>
    </line>
    <line>
      <![CDATA[  【执行操作】 新建截答组PickupGroup1,成员分机1000、1105]]>
    </line>
    <line>
      <![CDATA[  【执行操作】 1100拨打1000,1105按*4截答--预期截答成功]]>
    </line>
    <line>
      <![CDATA[    Pass: CDR呼叫方检测]]>
    </line>
    <line>
      <![CDATA[    Pass: CDR被叫方检测]]>
    </line>
    <line>
      <![CDATA[    Pass: CDR_Status检测]]>
    </line>
    <line>
      <![CDATA[    Pass: CDR通讯类型检测]]>
    </line>
    <line>
      <![CDATA[  【执行操作】 1000拨打1100,1105按*4截答--预期截答失败]]>
    </line>
    <line>
      <![CDATA[    Pass: CDR呼叫方检测]]>
    </line>
    <line>
      <![CDATA[    Pass: CDR被叫方检测]]>
    </line>
    <line>
      <![CDATA[    Pass: CDR_Status检测]]>
    </line>
    <line>
      <![CDATA[    Pass: CDR通讯类型检测]]>
    </line>
    <line>
      <![CDATA[  【执行操作】 1000拨打1100,1105按*041100截答--预期截答成功]]>
    </line>
    <line>
      <![CDATA[    Pass: CDR呼叫方检测]]>
    </line>
    <line>
      <![CDATA[    Pass: CDR被叫方检测]]>
    </line>
    <line>
      <![CDATA[    Pass: CDR_Status检测]]>
    </line>
    <line>
      <![CDATA[    Pass: CDR通讯类型检测]]>
    </line>
    <line>
      <![CDATA[  【执行操作】 新建截答组PickupExGroup,成员：ExtensionGroup1]]>
    </line>
    <line>
      <![CDATA[  【执行操作】 3001拨打3000通过sip外线呼入--预期分机1000响铃]]>
    </line>
    <line>
      <![CDATA[  【执行操作】 1105按*4截答--预期截答成功]]>
    </line>
    <line>
      <![CDATA[    Pass: CDR呼叫方检测]]>
    </line>
    <line>
      <![CDATA[    Pass: CDR被叫方检测]]>
    </line>
    <line>
      <![CDATA[    Pass: CDR_Status检测]]>
    </line>
    <line>
      <![CDATA[    Pass: CDR源中继检测]]>
    </line>
    <line>
      <![CDATA[    Pass: CDR通讯类型检测]]>
    </line>
    <line>
      <![CDATA[  【执行操作】 表格删除：PickupGroup1-取消删除]]>
    </line>
    <line>
      <![CDATA[    Pass: 表格删除：PickupGroup1-取消删除]]>
    </line>
    <line>
      <![CDATA[  【执行操作】 表格删除：PickupGroup1-确定删除]]>
    </line>
    <line>
      <![CDATA[    Pass: 表格删除：PickupGroup1-确定删除]]>
    </line>
    <line>
      <![CDATA[  【执行操作】 删除：PickupExGroup-取消删除]]>
    </line>
    <line>
      <![CDATA[    Pass: 删除：PickupExGroup-取消删除]]>
    </line>
    <line>
      <![CDATA[  【执行操作】 删除：PickupExGroup-确定删除]]>
    </line>
    <line>
      <![CDATA[    Pass: 删除：PickupExGroup-确定删除]]>
    </line>
    <line>
      <![CDATA[【测试类场景恢复】执行完毕：======  PickupGroup  ======

]]>
    </line>
    <line>
      <![CDATA[【测试类场景初始化】开始执行：======  PagingIntercom  ======]]>
    </line>
    <line>
      <![CDATA[    Pass: 1000分机注册]]>
    </line>
    <line>
      <![CDATA[    Pass: 1100分机注册]]>
    </line>
    <line>
      <![CDATA[    Pass: 1101分机注册]]>
    </line>
    <line>
      <![CDATA[    Pass: 1105分机注册]]>
    </line>
    <line>
      <![CDATA[  【执行操作】 删除所有广播组]]>
    </line>
    <line>
      <![CDATA[    Pass:  删除所有广播组]]>
    </line>
    <line>
      <![CDATA[  【执行操作】 新建广播组Paging6300：单工，不启用*Answer，成员：1100,1105]]>
    </line>
    <line>
      <![CDATA[  【执行操作】 1000拨打6300，预期分机1100、1105自动应答]]>
    </line>
    <line>
      <![CDATA[    Pass:  1100--Talking]]>
    </line>
    <line>
      <![CDATA[    Pass:  1105--Talking]]>
    </line>
    <line>
      <![CDATA[    Pass: CDR呼叫方检测]]>
    </line>
    <line>
      <![CDATA[    Pass: CDR被叫方检测]]>
    </line>
    <line>
      <![CDATA[    Pass: CDR_Status检测]]>
    </line>
    <line>
      <![CDATA[    Pass: CDR通讯类型检测]]>
    </line>
    <line>
      <![CDATA[  【执行操作】 新建广播组Paging6301：双工，启用*Answer成员：ExtensionGroup1]]>
    </line>
    <line>
      <![CDATA[  【执行操作】 1000拨打6301，预期分机1100、1101、1105自动应答]]>
    </line>
    <line>
      <![CDATA[    Pass:  1100--Talking]]>
    </line>
    <line>
      <![CDATA[    Pass:  1101--Talking]]>
    </line>
    <line>
      <![CDATA[    Pass:  1105--Talking]]>
    </line>
    <line>
      <![CDATA[  【执行操作】 1101按*Answer--预期1100、1105会挂断通话]]>
    </line>
    <line>
      <![CDATA[    Pass:  1100--Hungup]]>
    </line>
    <line>
      <![CDATA[    Pass:  1101--Talking]]>
    </line>
    <line>
      <![CDATA[    Pass:  1105--Hungup]]>
    </line>
    <line>
      <![CDATA[    Pass: CDR呼叫方检测]]>
    </line>
    <line>
      <![CDATA[    Pass: CDR被叫方检测]]>
    </line>
    <line>
      <![CDATA[    Pass: CDR_Status检测]]>
    </line>
    <line>
      <![CDATA[    Pass: CDR通讯类型检测]]>
    </line>
    <line>
      <![CDATA[  【执行操作】 1000拨打*51105]]>
    </line>
    <line>
      <![CDATA[    Pass: CDR呼叫方检测]]>
    </line>
    <line>
      <![CDATA[    Pass: CDR被叫方检测]]>
    </line>
    <line>
      <![CDATA[    Pass: CDR_Status检测]]>
    </line>
    <line>
      <![CDATA[    Pass: CDR通讯类型检测]]>
    </line>
    <line>
      <![CDATA[  【执行操作】 表格删除：Paging6300-取消删除]]>
    </line>
    <line>
      <![CDATA[    Pass: 表格删除：Paging6300-取消删除]]>
    </line>
    <line>
      <![CDATA[  【执行操作】 表格删除：Paging6300-确定删除]]>
    </line>
    <line>
      <![CDATA[    Pass: 表格删除：Paging6300-确定删除]]>
    </line>
    <line>
      <![CDATA[  【执行操作】 删除：Paging6301-取消删除]]>
    </line>
    <line>
      <![CDATA[    Pass: 删除：Paging6301-取消删除]]>
    </line>
    <line>
      <![CDATA[  【执行操作】 删除：Paging6301-确定删除]]>
    </line>
    <line>
      <![CDATA[    Pass: 删除：Paging6301-确定删除]]>
    </line>
    <line>
      <![CDATA[【测试类场景恢复】执行完毕：======  PagingIntercom  ======

]]>
    </line>
    <line>
      <![CDATA[【测试类场景初始化】开始执行：======  SpeedDial  ======]]>
    </line>
    <line>
      <![CDATA[    Pass: 1000分机注册]]>
    </line>
    <line>
      <![CDATA[  【执行操作】 删除所有速拨码]]>
    </line>
    <line>
      <![CDATA[    Pass:  删除所有速拨码]]>
    </line>
    <line>
      <![CDATA[  【执行操作】 设置速拨特征码为*999]]>
    </line>
    <line>
      <![CDATA[  【执行操作】 新建速拨码：dialcode:1,PhoneNumber：13001]]>
    </line>
    <line>
      <![CDATA[    Pass: 添加speed_dial_code]]>
    </line>
    <line>
      <![CDATA[    Pass: 添加speed_dial_phoneNumber]]>
    </line>
    <line>
      <![CDATA[  【执行操作】 新建速拨码：dialcode:1234567,PhoneNumber：31234567]]>
    </line>
    <line>
      <![CDATA[    Pass: 添加speed_dial_code]]>
    </line>
    <line>
      <![CDATA[    Pass: 添加speed_dial_phoneNumber]]>
    </line>
    <line>
      <![CDATA[  【执行操作】 1000拨打*9991通过sip外线呼出]]>
    </line>
    <line>
      <![CDATA[    Pass: CDR呼叫方检测]]>
    </line>
    <line>
      <![CDATA[    Pass: CDR被叫方检测]]>
    </line>
    <line>
      <![CDATA[    Pass: CDR_Status检测]]>
    </line>
    <line>
      <![CDATA[    Pass: CDR源中继检测]]>
    </line>
    <line>
      <![CDATA[    Pass: CDR目的中继检测]]>
    </line>
    <line>
      <![CDATA[    Pass: CDR通讯类型检测]]>
    </line>
    <line>
      <![CDATA[  【执行操作】 1000拨打*9991234567通过sps外线呼出]]>
    </line>
    <line>
      <![CDATA[    Pass: CDR呼叫方检测]]>
    </line>
    <line>
      <![CDATA[    <a href="file:///F:\MyProject\SwebTest\SwebTest\pic\CDR被叫方检测 【预期：31234567 实际：13001】.jpg" target="_blank">Error: CDR被叫方检测 【预期：31234567 实际：13001】</a>]]>
    </line>
    <line>
      <![CDATA[  【执行操作】 导出速拨码]]>
    </line>
    <line>
      <![CDATA[  【执行操作】 表格删除：速拨码为1-取消删除]]>
    </line>
    <line>
      <![CDATA[    Pass: 表格删除：速拨码为1-取消删除]]>
    </line>
    <line>
      <![CDATA[  【执行操作】 表格删除：速拨码为1-确定删除]]>
    </line>
    <line>
      <![CDATA[    Pass: 表格删除：速拨码为1-确定删除]]>
    </line>
    <line>
      <![CDATA[  【执行操作】 删除：速拨码为1234567-取消删除]]>
    </line>
    <line>
      <![CDATA[    Pass: 删除：速拨码为1234567-取消删除]]>
    </line>
    <line>
      <![CDATA[  【执行操作】 删除：速拨码为1234567-确定删除]]>
    </line>
    <line>
      <![CDATA[    Pass: 删除：速拨码为1234567-确定删除]]>
    </line>
    <line>
      <![CDATA[  【执行操作】 导入速拨码]]>
    </line>
    <line>
      <![CDATA[    Pass: 导入速拨码]]>
    </line>
    <line>
      <![CDATA[【测试类场景恢复】执行完毕：======  SpeedDial  ======

]]>
    </line>
    <line>
      <![CDATA[【测试类场景初始化】开始执行：======  RingGroup  ======]]>
    </line>
    <line>
      <![CDATA[  【执行操作】 删除所有RingGroup]]>
    </line>
    <line>
      <![CDATA[    Pass:  删除所有RingGroup]]>
    </line>
    <line>
      <![CDATA[  【执行操作】 添加RingGroup1：6200，选择分机1000,1100,1105，其它默认]]>
    </line>
    <line>
      <![CDATA[    Pass: 1000分机注册]]>
    </line>
    <line>
      <![CDATA[    Pass: 1100分机注册]]>
    </line>
    <line>
      <![CDATA[    Pass: 1101分机注册]]>
    </line>
    <line>
      <![CDATA[    Pass: 1102分机注册]]>
    </line>
    <line>
      <![CDATA[    Pass: 1105分机注册]]>
    </line>
    <line>
      <![CDATA[  【执行操作】 新建RingGroup6201,Mem:ExtensionGroup1,其它默认]]>
    </line>
    <line>
      <![CDATA[  【执行操作】 1000拨打6201，分机1105接听]]>
    </line>
    <line>
      <![CDATA[    Pass:  分机1100、1101、1105同时响铃]]>
    </line>
    <line>
      <![CDATA[    Pass: CDR呼叫方检测]]>
    </line>
    <line>
      <![CDATA[    Pass: CDR被叫方检测]]>
    </line>
    <line>
      <![CDATA[    Pass: CDR_Status检测]]>
    </line>
    <line>
      <![CDATA[    Pass: CDR通讯类型检测]]>
    </line>
    <line>
      <![CDATA[  【执行操作】 编辑RingGroup6201，成员响铃时间：15s，Failover：分机1102]]>
    </line>
    <line>
      <![CDATA[  【执行操作】 1000拨打6201，预期1100、1101、1105响铃15s后挂断，1102开始响铃]]>
    </line>
    <line>
      <![CDATA[    Pass:  1100--Ring]]>
    </line>
    <line>
      <![CDATA[    Pass:  1101--Ring]]>
    </line>
    <line>
      <![CDATA[    Pass:  1105--Ring]]>
    </line>
    <line>
      <![CDATA[    Pass:  1102--Idle]]>
    </line>
    <line>
      <![CDATA[    Pass:  1102--Ring]]>
    </line>
    <line>
      <![CDATA[  【执行操作】 1102接听]]>
    </line>
    <line>
      <![CDATA[    Pass: CDR呼叫方检测]]>
    </line>
    <line>
      <![CDATA[    Pass: CDR被叫方检测]]>
    </line>
    <line>
      <![CDATA[    Pass: CDR_Status检测]]>
    </line>
    <line>
      <![CDATA[    Pass: CDR通讯类型检测]]>
    </line>
    <line>
      <![CDATA[  【执行操作】 新建响铃组RingSequentially6202，Sequentially,每个成员20s,成员：1000、1100、1101、1105]]>
    </line>
    <line>
      <![CDATA[  【执行操作】 编辑呼入路由Inroute1到RingSequentially6202]]>
    </line>
    <line>
      <![CDATA[  【执行操作】 2000拨打99999通过sps外线呼入到RingSequentially6202]]>
    </line>
    <line>
      <![CDATA[    Pass:  1000--Ring20s--Hungup]]>
    </line>
    <line>
      <![CDATA[    Pass:  1100--Ring20s--Hungup]]>
    </line>
    <line>
      <![CDATA[    Pass:  1101--Ring20s--Hungup]]>
    </line>
    <line>
      <![CDATA[    Pass:  1105--Ring--Answer]]>
    </line>
    <line>
      <![CDATA[  【执行操作】 轮到1105响铃的时候，1105接听]]>
    </line>
    <line>
      <![CDATA[    Pass: CDR呼叫方检测]]>
    </line>
    <line>
      <![CDATA[    Pass: CDR被叫方检测]]>
    </line>
    <line>
      <![CDATA[    Pass: CDR_Status检测]]>
    </line>
    <line>
      <![CDATA[    Pass: CDR源中继检测]]>
    </line>
    <line>
      <![CDATA[    Pass: CDR目的中继检测]]>
    </line>
    <line>
      <![CDATA[    Pass: CDR通讯类型检测]]>
    </line>
    <line>
      <![CDATA[  【执行操作】 表格删除：RingGroup6201-取消删除]]>
    </line>
    <line>
      <![CDATA[    Pass: 表格删除：RingGroup6201-取消删除]]>
    </line>
    <line>
      <![CDATA[  【执行操作】 表格删除：RingGroup6201-确定删除]]>
    </line>
    <line>
      <![CDATA[    Pass: 表格删除：RingGroup6201-确定删除]]>
    </line>
    <line>
      <![CDATA[  【执行操作】 删除：RingSequentially6202-取消删除]]>
    </line>
    <line>
      <![CDATA[    Pass: 删除：RingSequentially6202-取消删除]]>
    </line>
    <line>
      <![CDATA[  【执行操作】 删除：RingSequentially6202-确定删除]]>
    </line>
    <line>
      <![CDATA[    Pass: 删除：RingSequentially6202-确定删除]]>
    </line>
    <line>
      <![CDATA[  【执行操作】 恢复呼入路由InRoute1到分机1000]]>
    </line>
    <line>
      <![CDATA[【测试类场景恢复】执行完毕：======  RingGroup  ======

]]>
    </line>
    <line>
      <![CDATA[【测试类场景初始化】开始执行：======  CustomPrompts  ======]]>
    </line>
    <line>
      <![CDATA[    Pass: 1000分机注册]]>
    </line>
    <line>
      <![CDATA[  【执行操作】 删除所有提示音]]>
    </line>
    <line>
      <![CDATA[    Pass:  删除所有提示音]]>
    </line>
    <line>
      <![CDATA[  【执行操作】 分机1000录制提示音prompt1]]>
    </line>
    <line>
      <![CDATA[    Pass: CDR呼叫方检测]]>
    </line>
    <line>
      <![CDATA[    Pass: CDR被叫方检测]]>
    </line>
    <line>
      <![CDATA[    Pass: CDR_Status检测]]>
    </line>
    <line>
      <![CDATA[    Pass: CDR通讯类型检测]]>
    </line>
    <line>
      <![CDATA[    Pass: 生成自定义提示音]]>
    </line>
    <line>
      <![CDATA[  【执行操作】 分机1000播放提示音prompt1]]>
    </line>
    <line>
      <![CDATA[    Pass: CDR呼叫方检测]]>
    </line>
    <line>
      <![CDATA[    Pass: CDR被叫方检测]]>
    </line>
    <line>
      <![CDATA[    Pass: CDR_Status检测]]>
    </line>
    <line>
      <![CDATA[    Pass: CDR通讯类型检测]]>
    </line>
    <line>
      <![CDATA[  【执行操作】 分机1000重新录制提示音prompt1]]>
    </line>
    <line>
      <![CDATA[    Pass: CDR呼叫方检测]]>
    </line>
    <line>
      <![CDATA[    Pass: CDR被叫方检测]]>
    </line>
    <line>
      <![CDATA[    Pass: CDR_Status检测]]>
    </line>
    <line>
      <![CDATA[    Pass: CDR通讯类型检测]]>
    </line>
    <line>
      <![CDATA[  【执行操作】 上传提示音autotestprompt]]>
    </line>
    <line>
      <![CDATA[    Pass: 导入提示音autotestprompt]]>
    </line>
    <line>
      <![CDATA[【测试类场景恢复】执行完毕：======  CustomPrompts  ======

]]>
    </line>
    <line>
      <![CDATA[【测试类场景初始化】开始执行：======  IVR  ======]]>
    </line>
    <line>
      <![CDATA[  【执行操作】 删除所有IVR]]>
    </line>
    <line>
      <![CDATA[    Pass:  删除所有IVR]]>
    </line>
    <line>
      <![CDATA[  【执行操作】 添加IVR1：6500,按1到分机1000]]>
    </line>
    <line>
      <![CDATA[  【执行操作】 编辑IVR1:按1到分机1000]]>
    </line>
    <line>
      <![CDATA[  【执行操作】 新建IVR6502,默认设置]]>
    </line>
    <line>
      <![CDATA[    Pass: 1000分机注册]]>
    </line>
    <line>
      <![CDATA[    Pass: 1103分机注册]]>
    </line>
    <line>
      <![CDATA[    Pass: 1105分机注册]]>
    </line>
    <line>
      <![CDATA[  【执行操作】 新建IVRtest1，提示音选择autotestprompt，勾选Dial Extensions，勾选Dial Outbound Routes，勾选Dial to Check Voicemail按0到分机1000，按1到1000的Voicemail，按5到Dial by Name，按#到hungup，按*到Select an Option，Timeout到customPrompt：prompt1，Invalid到分机1105]]>
    </line>
    <line>
      <![CDATA[  【执行操作】 编辑呼入路由Inbound1，呼入到IVRtest1]]>
    </line>
    <line>
      <![CDATA[  【执行操作】 3001拨打3000通过sip外线呼入IVRtest1,直拨分机1103]]>
    </line>
    <line>
      <![CDATA[  【执行操作】 3001拨打3000通过sip外线呼入IVRtest1,直拨3333通过sps外线呼出]]>
    </line>
    <line>
      <![CDATA[  【执行操作】 2001拨打99999通过sps外线呼入IVRtest1,按0到分机1000]]>
    </line>
    <line>
      <![CDATA[    Pass: CDR呼叫方检测]]>
    </line>
    <line>
      <![CDATA[    <a href="file:///F:\MyProject\SwebTest\SwebTest\pic\CDR被叫方检测 【预期：1000 [6501(1000)] 实际：1000 [1000]】.jpg" target="_blank">Error: CDR被叫方检测 【预期：1000 [6501(1000)] 实际：1000 [1000]】</a>]]>
    </line>
    <line>
      <![CDATA[  【执行操作】 2001拨打99999通过sps外线呼入IVRtest1,按1到voicemail-1000]]>
    </line>
    <line>
      <![CDATA[    Pass: CDR呼叫方检测]]>
    </line>
    <line>
      <![CDATA[    <a href="file:///F:\MyProject\SwebTest\SwebTest\pic\CDR被叫方检测 【预期：6501(1000) 实际：1000 [1000]】.jpg" target="_blank">Error: CDR被叫方检测 【预期：6501(1000) 实际：1000 [1000]】</a>]]>
    </line>
    <line>
      <![CDATA[  【执行操作】 1000拨打6501，按5到DialbyName,按957到分机1103]]>
    </line>
    <line>
      <![CDATA[    <a href="file:///F:\MyProject\SwebTest\SwebTest\pic\预期1103为Ring状态 【预期：2 实际：0】.jpg" target="_blank">Error: 预期1103为Ring状态 【预期：2 实际：0】</a>]]>
    </line>
    <line>
      <![CDATA[  【执行操作】 2001拨打99999通过sps外线呼入IVRtest1,按#挂断通话]]>
    </line>
    <line>
      <![CDATA[    <a href="file:///F:\MyProject\SwebTest\SwebTest\pic\CDR呼叫方检测 【预期：2001 [2001] 实际：1000 [1000]】.jpg" target="_blank">Error: CDR呼叫方检测 【预期：2001 [2001] 实际：1000 [1000]】</a>]]>
    </line>
    <line>
      <![CDATA[  【执行操作】 2001拨打99999通过sps外线呼入IVRtest1，按*到SelecttoOption--预期1105响铃]]>
    </line>
    <line>
      <![CDATA[    Pass: CDR呼叫方检测]]>
    </line>
    <line>
      <![CDATA[    <a href="file:///F:\MyProject\SwebTest\SwebTest\pic\CDR被叫方检测 【预期：1105 [6501(1105)] 实际：1000 [1000]】.jpg" target="_blank">Error: CDR被叫方检测 【预期：1105 [6501(1105)] 实际：1000 [1000]】</a>]]>
    </line>
    <line>
      <![CDATA[  【执行操作】 1103拨打6501，超时到prompt1]]>
    </line>
    <line>
      <![CDATA[  【执行操作】 1000拨打6501，按a错误按键到分机1105]]>
    </line>
    <line>
      <![CDATA[    Pass: CDR呼叫方检测]]>
    </line>
    <line>
      <![CDATA[    <a href="file:///F:\MyProject\SwebTest\SwebTest\pic\CDR被叫方检测 【预期：1105 [6501(1105)] 实际：6501】.jpg" target="_blank">Error: CDR被叫方检测 【预期：1105 [6501(1105)] 实际：6501】</a>]]>
    </line>
    <line>
      <![CDATA[  【执行操作】 2001拨打99999通过sps外线呼入IVRtest1,直接拨打*02查看1000的语音留言]]>
    </line>
    <line>
      <![CDATA[    Pass: CDR呼叫方检测]]>
    </line>
    <line>
      <![CDATA[    <a href="file:///F:\MyProject\SwebTest\SwebTest\pic\CDR被叫方检测 【预期：6501(*02) 实际：1000 [1000]】.jpg" target="_blank">Error: CDR被叫方检测 【预期：6501(*02) 实际：1000 [1000]】</a>]]>
    </line>
    <line>
      <![CDATA[  【执行操作】 编辑呼入路由Inbound1，呼入到分机1000]]>
    </line>
    <line>
      <![CDATA[【测试类场景恢复】执行完毕：======  IVR ======

]]>
    </line>
    <line>
      <![CDATA[【测试类场景初始化】开始执行：======  Queue  ======]]>
    </line>
    <line>
      <![CDATA[  【执行操作】 删除所有Queue]]>
    </line>
    <line>
      <![CDATA[    Pass:  删除所有Queue]]>
    </line>
    <line>
      <![CDATA[  【执行操作】 添加Queue1：6700，选择分机1000、1100、1105，其它默认 ]]>
    </line>
    <line>
      <![CDATA[    Pass: 1000分机注册]]>
    </line>
    <line>
      <![CDATA[    Pass: 1100分机注册]]>
    </line>
    <line>
      <![CDATA[    Pass: 1101分机注册]]>
    </line>
    <line>
      <![CDATA[    Pass: 1102分机注册]]>
    </line>
    <line>
      <![CDATA[    Pass: 1105分机注册]]>
    </line>
    <line>
      <![CDATA[  【执行操作】 新建Queue6701,Password:123，FailoverDestination：分机1000，Static Agents：空]]>
    </line>
    <line>
      <![CDATA[  【执行操作】 新建Queue6702,Ring Strategy：RingAll，Static Agents：ExtensionGroup1，Agent Announcement：prompt1，Caller Max Wait Time:100,按9到分机1000]]>
    </line>
    <line>
      <![CDATA[  【执行操作】 编辑呼入路由Inbound1到Queue6702]]>
    </line>
    <line>
      <![CDATA[  【执行操作】 1105拨打6701，预期到FailDestination--1000]]>
    </line>
    <line>
      <![CDATA[    Pass: CDR呼叫方检测]]>
    </line>
    <line>
      <![CDATA[    Pass: CDR被叫方检测]]>
    </line>
    <line>
      <![CDATA[    Pass: CDR_Status检测]]>
    </line>
    <line>
      <![CDATA[    Pass: CDR通讯类型检测]]>
    </line>
    <line>
      <![CDATA[  【执行操作】 1100拨打6701*加入队列6701，密码：123]]>
    </line>
    <line>
      <![CDATA[    Pass: 动态坐席1100输入密码123]]>
    </line>
    <line>
      <![CDATA[  【执行操作】 1105拨打6701，预期动态坐席1100接听]]>
    </line>
    <line>
      <![CDATA[    <a href="file:///F:\MyProject\SwebTest\SwebTest\pic\CDR呼叫方检测 【预期：1105 [1105] 实际：1100 [1100]】.jpg" target="_blank">Error: CDR呼叫方检测 【预期：1105 [1105] 实际：1100 [1100]】</a>]]>
    </line>
    <line>
      <![CDATA[  【执行操作】 1100拨打6700**退出队列6701]]>
    </line>
    <line>
      <![CDATA[    Pass: 动态坐席1100退出队列6701]]>
    </line>
    <line>
      <![CDATA[  【执行操作】 1105拨打6701，预期FailDestina-1000接听]]>
    </line>
    <line>
      <![CDATA[    Pass: CDR呼叫方检测]]>
    </line>
    <line>
      <![CDATA[    Pass: CDR被叫方检测]]>
    </line>
    <line>
      <![CDATA[    Pass: CDR_Status检测]]>
    </line>
    <line>
      <![CDATA[    Pass: CDR通讯类型检测]]>
    </line>
    <line>
      <![CDATA[  【执行操作】 3001拨打3000通过sip外线呼入到Queue6702,1100接听]]>
    </line>
    <line>
      <![CDATA[    Pass: 1000预期响铃]]>
    </line>
    <line>
      <![CDATA[    Pass: 1100预期响铃]]>
    </line>
    <line>
      <![CDATA[    Pass: 1101预期响铃]]>
    </line>
    <line>
      <![CDATA[    Pass: 1105预期响铃]]>
    </line>
    <line>
      <![CDATA[    Pass: CDR呼叫方检测]]>
    </line>
    <line>
      <![CDATA[    <a href="file:///F:\MyProject\SwebTest\SwebTest\pic\CDR被叫方检测 【预期：1100 [6702(1100)] 实际：1000 [6702(1100)]】.jpg" target="_blank">Error: CDR被叫方检测 【预期：1100 [6702(1100)] 实际：1000 [6702(1100)]】</a>]]>
    </line>
    <line>
      <![CDATA[  【执行操作】 2001拨打99999通过sps外线呼入到Queue6702,100s内无人接就挂断通话]]>
    </line>
    <line>
      <![CDATA[    Pass: 1000预期响铃]]>
    </line>
    <line>
      <![CDATA[    Pass: 1100预期响铃]]>
    </line>
    <line>
      <![CDATA[    Pass: 1101预期响铃]]>
    </line>
    <line>
      <![CDATA[    Pass: 1105预期响铃]]>
    </line>
    <line>
      <![CDATA[    Pass: 2001预期HangUp]]>
    </line>
    <line>
      <![CDATA[  【执行操作】 2001拨打99999通过sps外线呼入到Queue6702,按9到分机1000]]>
    </line>
    <line>
      <![CDATA[    Pass: 1000预期响铃]]>
    </line>
    <line>
      <![CDATA[    Pass: 1100预期响铃]]>
    </line>
    <line>
      <![CDATA[    Pass: 1101预期响铃]]>
    </line>
    <line>
      <![CDATA[    Pass: 1105预期响铃]]>
    </line>
    <line>
      <![CDATA[    Pass: 1100预期挂断]]>
    </line>
    <line>
      <![CDATA[    Pass: 1101预期挂断]]>
    </line>
    <line>
      <![CDATA[    Pass: 1105预期挂断]]>
    </line>
    <line>
      <![CDATA[    Pass: 1000预期响铃]]>
    </line>
    <line>
      <![CDATA[    Pass: CDR呼叫方检测]]>
    </line>
    <line>
      <![CDATA[    Pass: CDR被叫方检测]]>
    </line>
    <line>
      <![CDATA[    Pass: CDR_Status检测]]>
    </line>
    <line>
      <![CDATA[    Pass: CDR源中继检测]]>
    </line>
    <line>
      <![CDATA[    Pass: CDR通讯类型检测]]>
    </line>
    <line>
      <![CDATA[  【执行操作】 编辑Queue6701,启用Empty，不启用Leave When Empty]]>
    </line>
    <line>
      <![CDATA[  【执行操作】 1100拨打6701--预期：队列无有效坐席，仍可成功呼入队列]]>
    </line>
    <line>
      <![CDATA[    Pass: 1100预期Talking状态]]>
    </line>
    <line>
      <![CDATA[    Pass: CDR呼叫方检测]]>
    </line>
    <line>
      <![CDATA[    <a href="file:///F:\MyProject\SwebTest\SwebTest\pic\CDR被叫方检测 【预期：6701 实际：1000 [6701(1000)]】.jpg" target="_blank">Error: CDR被叫方检测 【预期：6701 实际：1000 [6701(1000)]】</a>]]>
    </line>
    <line>
      <![CDATA[  【执行操作】 编辑Queue6701，启用Empty，启用Leave When Empty]]>
    </line>
    <line>
      <![CDATA[  【执行操作】 1100拨打6701--预期：队列无有效坐席--failover 1000分机响铃]]>
    </line>
    <line>
      <![CDATA[    Pass: 1000预期响铃]]>
    </line>
    <line>
      <![CDATA[    Pass: CDR呼叫方检测]]>
    </line>
    <line>
      <![CDATA[    Pass: CDR被叫方检测]]>
    </line>
    <line>
      <![CDATA[    Pass: CDR_Status检测]]>
    </line>
    <line>
      <![CDATA[    Pass: CDR通讯类型检测]]>
    </line>
    <line>
      <![CDATA[  【执行操作】 编辑6701，成员选择1105，1101,1102，响铃策略线性响铃]]>
    </line>
    <line>
      <![CDATA[  【执行操作】 1000拨打6701，轮到1102响铃时接听]]>
    </line>
    <line>
      <![CDATA[    <a href="file:///F:\MyProject\SwebTest\SwebTest\pic\1105预期响铃 【预期：2 实际：4】.jpg" target="_blank">Error: 1105预期响铃 【预期：2 实际：4】</a>]]>
    </line>
    <line>
      <![CDATA[  【执行操作】 恢复呼入路由InRoute1到分机1000]]>
    </line>
    <line>
      <![CDATA[【测试类场景恢复】执行完毕：======  Queue  ======

]]>
    </line>
    <line>
      <![CDATA[【测试类场景初始化】开始执行：======  Conference  ======]]>
    </line>
    <line>
      <![CDATA[  【执行操作】 被测设备注册分机1000、1100、1105，辅助1：分机3001，辅助2：分机2001]]>
    </line>
    <line>
      <![CDATA[    Pass: 1000分机注册]]>
    </line>
    <line>
      <![CDATA[    Pass: 1100分机注册]]>
    </line>
    <line>
      <![CDATA[    Pass: 1105分机注册]]>
    </line>
    <line>
      <![CDATA[  【执行操作】 删除所有Conference]]>
    </line>
    <line>
      <![CDATA[    Pass:  删除所有Conference]]>
    </line>
    <line>
      <![CDATA[  【执行操作】 添加Conference1:6400]]>
    </line>
    <line>
      <![CDATA[  【执行操作】 新建Conference6401，默认设置]]>
    </line>
    <line>
      <![CDATA[  【执行操作】 新建Conference6402，与会者密码123，启用等候管理员，提示音：分机号码，Allow Participant to Invite：不启用，管理员密码：456，管理员：1000、1100]]>
    </line>
    <line>
      <![CDATA[  【执行操作】 编辑呼入路由InRoute1到Conference6402]]>
    </line>
    <line>
      <![CDATA[  【执行操作】 1000拨打6401呼入到会议室6401]]>
    </line>
    <line>
      <![CDATA[    Pass: 预期会议室6401有1个成员]]>
    </line>
    <line>
      <![CDATA[  【执行操作】 1100拨打6401呼入到会议室6401]]>
    </line>
    <line>
      <![CDATA[    Pass: 预期会议室6401有2个成员]]>
    </line>
    <line>
      <![CDATA[  【执行操作】 1105拨打6401呼入到会议室6401]]>
    </line>
    <line>
      <![CDATA[    Pass: 预期会议室6401有3个成员]]>
    </line>
    <line>
      <![CDATA[  【执行操作】 1000退出会议室6401]]>
    </line>
    <line>
      <![CDATA[    Pass: 预期会议室6401有2个成员]]>
    </line>
    <line>
      <![CDATA[    Pass: 预期会议室6401有0个成员]]>
    </line>
    <line>
      <![CDATA[    Pass: CDR呼叫方检测]]>
    </line>
    <line>
      <![CDATA[    Pass: CDR被叫方检测]]>
    </line>
    <line>
      <![CDATA[    Pass: CDR_Status检测]]>
    </line>
    <line>
      <![CDATA[    Pass: CDR通讯类型检测]]>
    </line>
    <line>
      <![CDATA[  【执行操作】 3001拨打3000通过sip外线呼入6402，输入与会密码123]]>
    </line>
    <line>
      <![CDATA[    Pass: 预期会议室6402有1个成员]]>
    </line>
    <line>
      <![CDATA[  【执行操作】 2001拨打99999通过sps外线呼入6402，输入管理员密码456]]>
    </line>
    <line>
      <![CDATA[    Pass: 预期会议室6402有2个成员]]>
    </line>
    <line>
      <![CDATA[  【执行操作】 1000拨打6402呼入6402，无需密码]]>
    </line>
    <line>
      <![CDATA[    Pass: 预期会议室6402有3个成员]]>
    </line>
    <line>
      <![CDATA[  【执行操作】 1105拨打6402呼入6402，输入与会者密码123]]>
    </line>
    <line>
      <![CDATA[    Pass: 预期会议室6402有4个成员]]>
    </line>
    <line>
      <![CDATA[  【执行操作】 1105按#1100，邀请1100加入会议，预期：邀请失败]]>
    </line>
    <line>
      <![CDATA[    Pass: 1100预期不会响铃]]>
    </line>
    <line>
      <![CDATA[  【执行操作】 挂断所有通话,所有成员退出会议室6402]]>
    </line>
    <line>
      <![CDATA[    Pass: 预期会议室6402有0个成员]]>
    </line>
    <line>
      <![CDATA[    Pass: CDR呼叫方检测]]>
    </line>
    <line>
      <![CDATA[    Pass: CDR被叫方检测]]>
    </line>
    <line>
      <![CDATA[    Pass: CDR_Status检测]]>
    </line>
    <line>
      <![CDATA[    Pass: CDR通讯类型检测]]>
    </line>
    <line>
      <![CDATA[  【执行操作】 1105呼入到会议室6401]]>
    </line>
    <line>
      <![CDATA[  【执行操作】 1105按#...1100邀请分机1100加入会议室]]>
    </line>
    <line>
      <![CDATA[    Pass: 1100预期响铃]]>
    </line>
    <line>
      <![CDATA[    Pass: CDR呼叫方检测]]>
    </line>
    <line>
      <![CDATA[    Pass: CDR被叫方检测]]>
    </line>
    <line>
      <![CDATA[    Pass: CDR_Status检测]]>
    </line>
    <line>
      <![CDATA[    Pass: CDR通讯类型检测]]>
    </line>
    <line>
      <![CDATA[  【执行操作】 表格删除：Conference6401-取消删除]]>
    </line>
    <line>
      <![CDATA[    Pass: 表格删除：Conference6401-取消删除]]>
    </line>
    <line>
      <![CDATA[  【执行操作】 表格删除：Conference6401-确定删除]]>
    </line>
    <line>
      <![CDATA[    Pass: 表格删除：Conference6401-确定删除]]>
    </line>
    <line>
      <![CDATA[  【执行操作】 删除：Conference6402-取消删除]]>
    </line>
    <line>
      <![CDATA[    Pass: 删除：Conference6402-取消删除]]>
    </line>
    <line>
      <![CDATA[  【执行操作】 删除：Conference6402-确定删除]]>
    </line>
    <line>
      <![CDATA[    Pass: 删除：Conference6402-确定删除]]>
    </line>
    <line>
      <![CDATA[  【执行操作】 恢复呼入路由InRoute1到分机1000]]>
    </line>
    <line>
      <![CDATA[【测试类场景恢复】执行完毕：======  Conference  ======

]]>
    </line>
    <line>
      <![CDATA[【测试类场景初始化】开始执行：======  Callback  ======]]>
    </line>
    <line>
      <![CDATA[  【执行操作】 被测设备注册分机1000，辅助1：分机3001，辅助2：分机2000]]>
    </line>
    <line>
      <![CDATA[    Pass: 1000分机注册]]>
    </line>
    <line>
      <![CDATA[  【执行操作】 删除所有Callback]]>
    </line>
    <line>
      <![CDATA[    Pass:  删除所有Callback]]>
    </line>
    <line>
      <![CDATA[  【执行操作】 创建Callback1，Destination：分机1000，其它默认]]>
    </line>
    <line>
      <![CDATA[  【执行操作】 创建Callback2，CallbackThrough：SPS1，DelayBeforeCallback：10，Strip：1，Prepend：311，Destination：IVR1（6500）]]>
    </line>
    <line>
      <![CDATA[  【执行操作】 编辑呼入路由Inbound1到Callback1]]>
    </line>
    <line>
      <![CDATA[  【执行操作】 3001拨打3000通过sip外线呼入，等待2秒挂断通话]]>
    </line>
    <line>
      <![CDATA[    <a href="file:///F:\MyProject\SwebTest\SwebTest\pic\预期3001会响铃 【预期：2 实际：4】.jpg" target="_blank">Error: 预期3001会响铃 【预期：2 实际：4】</a>]]>
    </line>
    <line>
      <![CDATA[  【执行操作】 2000拨打99999通过sps外线呼入，等待2秒挂断通话]]>
    </line>
    <line>
      <![CDATA[    <a href="file:///F:\MyProject\SwebTest\SwebTest\pic\预期2000会响铃 【预期：2 实际：4】.jpg" target="_blank">Error: 预期2000会响铃 【预期：2 实际：4】</a>]]>
    </line>
    <line>
      <![CDATA[  【执行操作】 编辑呼入路由Inbound1到Callback2]]>
    </line>
    <line>
      <![CDATA[  【执行操作】 3001拨打3000通过sip外线呼入,等待2秒挂断通话--预期通过sps外线回拨到分机2000]]>
    </line>
    <line>
      <![CDATA[    <a href="file:///F:\MyProject\SwebTest\SwebTest\pic\预期辅助2的2000分机响铃 【预期：2 实际：4】.jpg" target="_blank">Error: 预期辅助2的2000分机响铃 【预期：2 实际：4】</a>]]>
    </line>
    <line>
      <![CDATA[  【执行操作】 恢复呼入路由InRoute1到分机1000]]>
    </line>
    <line>
      <![CDATA[【测试类场景恢复】执行完毕：======  Callback  ======

]]>
    </line>
    <line>
      <![CDATA[【测试类场景初始化】开始执行：======  Extension  ======]]>
    </line>
    <line>
      <![CDATA[  【执行操作】 初始化特征码设置]]>
    </line>
    <line>
      <![CDATA[  【执行操作】 被测设备注册分机1000,1100,1101,1105，辅助2:2000]]>
    </line>
    <line>
      <![CDATA[    Pass: 1000分机注册]]>
    </line>
    <line>
      <![CDATA[    Pass: 1100分机注册]]>
    </line>
    <line>
      <![CDATA[    Pass: 1101分机注册]]>
    </line>
    <line>
      <![CDATA[    Pass: 1105分机注册]]>
    </line>
    <line>
      <![CDATA[  【执行操作】 SIP内部分机互打：1000拨打1105,1105接听]]>
    </line>
    <line>
      <![CDATA[    Pass: CDR呼叫方检测]]>
    </line>
    <line>
      <![CDATA[    Pass: CDR被叫方检测]]>
    </line>
    <line>
      <![CDATA[    Pass: CDR_Status检测]]>
    </line>
    <line>
      <![CDATA[    Pass: CDR通讯类型检测]]>
    </line>
    <line>
      <![CDATA[    <a href="file:///F:\MyProject\SwebTest\SwebTest\pic\ 录音失败.jpg" target="_blank">Error:  录音失败</a>]]>
    </line>
    <line>
      <![CDATA[  【执行操作】 SIP内部分机互打：1000拨打1105，1105未接]]>
    </line>
    <line>
      <![CDATA[    Pass: CDR呼叫方检测]]>
    </line>
    <line>
      <![CDATA[    Pass: CDR被叫方检测]]>
    </line>
    <line>
      <![CDATA[    Pass: CDR_Status检测]]>
    </line>
    <line>
      <![CDATA[    Pass: CDR通讯类型检测]]>
    </line>
    <line>
      <![CDATA[  【执行操作】 FXS分机：1000拨打1106，预期辅助2的2000分机响铃]]>
    </line>
    <line>
      <![CDATA[    Pass: CDR呼叫方检测]]>
    </line>
    <line>
      <![CDATA[    Pass: CDR被叫方检测]]>
    </line>
    <line>
      <![CDATA[    Pass: CDR_Status检测]]>
    </line>
    <line>
      <![CDATA[    Pass: CDR通讯类型检测]]>
    </line>
    <line>
      <![CDATA[  【执行操作】 FXS分机：2000拨打51000，预期1000分机接听]]>
    </line>
    <line>
      <![CDATA[    Pass: CDR呼叫方检测]]>
    </line>
    <line>
      <![CDATA[    Pass: CDR被叫方检测]]>
    </line>
    <line>
      <![CDATA[    Pass: CDR_Status检测]]>
    </line>
    <line>
      <![CDATA[    Pass: CDR通讯类型检测]]>
    </line>
    <line>
      <![CDATA[  【执行操作】 1000拨打1100,1100按*31105转移给分机1105]]>
    </line>
    <line>
      <![CDATA[    Pass: 预期1105响铃]]>
    </line>
    <line>
      <![CDATA[    Pass: 1100预期为Talking状态]]>
    </line>
    <line>
      <![CDATA[    Pass: 预期1105为Talking]]>
    </line>
    <line>
      <![CDATA[    Pass: 预期1000为Talking]]>
    </line>
    <line>
      <![CDATA[    Pass: CDR呼叫方检测]]>
    </line>
    <line>
      <![CDATA[    Pass: CDR被叫方检测]]>
    </line>
    <line>
      <![CDATA[    Pass: CDR_Status检测]]>
    </line>
    <line>
      <![CDATA[    Pass: CDR通讯类型检测]]>
    </line>
    <line>
      <![CDATA[  【执行操作】 1000拨打1100,1100按*31105转移给分机1105，超时恢复通话]]>
    </line>
    <line>
      <![CDATA[    Pass: 预期1105响铃]]>
    </line>
    <line>
      <![CDATA[    Pass: 1100预期为Talking状态]]>
    </line>
    <line>
      <![CDATA[    Pass: CDR呼叫方检测]]>
    </line>
    <line>
      <![CDATA[    Pass: CDR被叫方检测]]>
    </line>
    <line>
      <![CDATA[    Pass: CDR_Status检测]]>
    </line>
    <line>
      <![CDATA[    Pass: CDR通讯类型检测]]>
    </line>
    <line>
      <![CDATA[  【执行操作】 1000拨打1100,1100按*031105转移给分机1105]]>
    </line>
    <line>
      <![CDATA[    Pass: 预期1105响铃]]>
    </line>
    <line>
      <![CDATA[    Pass: 1100预期为HangUp状态]]>
    </line>
    <line>
      <![CDATA[    Pass: CDR呼叫方检测]]>
    </line>
    <line>
      <![CDATA[    Pass: CDR被叫方检测]]>
    </line>
    <line>
      <![CDATA[    Pass: CDR_Status检测]]>
    </line>
    <line>
      <![CDATA[    Pass: CDR通讯类型检测]]>
    </line>
    <line>
      <![CDATA[  【执行操作】 1000拨打1100,1100按*6将通话停泊]]>
    </line>
    <line>
      <![CDATA[    Pass: 预期1100为HangUp状态]]>
    </line>
    <line>
      <![CDATA[  【执行操作】 1000拨打6900,恢复通话]]>
    </line>
    <line>
      <![CDATA[    Pass: 预期1100为Talking状态]]>
    </line>
    <line>
      <![CDATA[    Pass: 预期1000为Talking状态]]>
    </line>
    <line>
      <![CDATA[    Pass: CDR呼叫方检测]]>
    </line>
    <line>
      <![CDATA[    Pass: CDR被叫方检测]]>
    </line>
    <line>
      <![CDATA[    Pass: CDR_Status检测]]>
    </line>
    <line>
      <![CDATA[    Pass: CDR通讯类型检测]]>
    </line>
    <line>
      <![CDATA[  【执行操作】 1000拨打1100,1100按*066950将通话停泊]]>
    </line>
    <line>
      <![CDATA[    Pass: 预期1100为HangUp状态]]>
    </line>
    <line>
      <![CDATA[  【执行操作】 1105拨打6950,恢复通话]]>
    </line>
    <line>
      <![CDATA[    Pass: 预期1100为Talking状态]]>
    </line>
    <line>
      <![CDATA[    Pass: 预期1000为Talking状态]]>
    </line>
    <line>
      <![CDATA[    Pass: CDR呼叫方检测]]>
    </line>
    <line>
      <![CDATA[    Pass: CDR被叫方检测]]>
    </line>
    <line>
      <![CDATA[    Pass: CDR_Status检测]]>
    </line>
    <line>
      <![CDATA[    Pass: CDR通讯类型检测]]>
    </line>
    <line>
      <![CDATA[  【执行操作】 1100拨打*711105将通话总是转移到1105]]>
    </line>
    <line>
      <![CDATA[  【执行操作】 1000拨打1100,预期1105响铃接听]]>
    </line>
    <line>
      <![CDATA[    Pass: 预期1105响铃]]>
    </line>
    <line>
      <![CDATA[    Pass: CDR呼叫方检测]]>
    </line>
    <line>
      <![CDATA[    Pass: CDR被叫方检测]]>
    </line>
    <line>
      <![CDATA[    Pass: CDR_Status检测]]>
    </line>
    <line>
      <![CDATA[    Pass: CDR通讯类型检测]]>
    </line>
    <line>
      <![CDATA[  【执行操作】 1100拨打*071取消通话总是转移]]>
    </line>
    <line>
      <![CDATA[  【执行操作】 1000拨打1100,预期1100响铃接听]]>
    </line>
    <line>
      <![CDATA[    Pass: 预期1105为HangUp]]>
    </line>
    <line>
      <![CDATA[    Pass: 预期1100响铃]]>
    </line>
    <line>
      <![CDATA[    Pass: CDR呼叫方检测]]>
    </line>
    <line>
      <![CDATA[    Pass: CDR被叫方检测]]>
    </line>
    <line>
      <![CDATA[    Pass: CDR_Status检测]]>
    </line>
    <line>
      <![CDATA[    Pass: CDR通讯类型检测]]>
    </line>
    <line>
      <![CDATA[  【执行操作】 1100拨打*721105忙时转移到1105]]>
    </line>
    <line>
      <![CDATA[  【执行操作】 1000拨打1100,预期1100响铃接听]]>
    </line>
    <line>
      <![CDATA[  【执行操作】 1100保持通话，1101拨打1100--预期1105响铃]]>
    </line>
    <line>
      <![CDATA[    Pass: 预期1105响铃]]>
    </line>
    <line>
      <![CDATA[    Pass: CDR呼叫方检测]]>
    </line>
    <line>
      <![CDATA[    Pass: CDR被叫方检测]]>
    </line>
    <line>
      <![CDATA[    Pass: CDR_Status检测]]>
    </line>
    <line>
      <![CDATA[    Pass: CDR通讯类型检测]]>
    </line>
    <line>
      <![CDATA[  【执行操作】 1100拨打*072取消忙时转移]]>
    </line>
    <line>
      <![CDATA[  【执行操作】 1000拨打1100,预期1100响铃接听]]>
    </line>
    <line>
      <![CDATA[    Pass: 预期1100为Ring]]>
    </line>
    <line>
      <![CDATA[  【执行操作】 1100保持通话，1101拨打1100--预期1101挂断]]>
    </line>
    <line>
      <![CDATA[    <a href="file:///F:\MyProject\SwebTest\SwebTest\pic\预期1101挂断状态 【预期：4 实际：3】.jpg" target="_blank">Error: 预期1101挂断状态 【预期：4 实际：3】</a>]]>
    </line>
    <line>
      <![CDATA[  【执行操作】 1100拨打*731105无应答时转移到1105]]>
    </line>
    <line>
      <![CDATA[    Pass: 预期1100响铃状态]]>
    </line>
    <line>
      <![CDATA[  【执行操作】 1000拨打1100，超时不接，预期1105响铃]]>
    </line>
    <line>
      <![CDATA[    Pass: 预期1105响铃状态]]>
    </line>
    <line>
      <![CDATA[    Pass: CDR呼叫方检测]]>
    </line>
    <line>
      <![CDATA[    <a href="file:///F:\MyProject\SwebTest\SwebTest\pic\CDR被叫方检测 【预期：1105 [1105] 实际：1105 [1105(from 1100)]】.jpg" target="_blank">Error: CDR被叫方检测 【预期：1105 [1105] 实际：1105 [1105(from 1100)]】</a>]]>
    </line>
    <line>
      <![CDATA[  【执行操作】 1100拨打*073取消无应答转移]]>
    </line>
    <line>
      <![CDATA[  【执行操作】 1000拨打1100，超时不接，1000被挂断]]>
    </line>
    <line>
      <![CDATA[    Pass: 预期1000为HangUp]]>
    </line>
    <line>
      <![CDATA[    Pass: CDR呼叫方检测]]>
    </line>
    <line>
      <![CDATA[    Pass: CDR被叫方检测]]>
    </line>
    <line>
      <![CDATA[    Pass: CDR_Status检测]]>
    </line>
    <line>
      <![CDATA[    Pass: CDR通讯类型检测]]>
    </line>
    <line>
      <![CDATA[  【执行操作】 1100拨打*74启用免打扰]]>
    </line>
    <line>
      <![CDATA[  【执行操作】 1000拨打1100，预期无法呼入]]>
    </line>
    <line>
      <![CDATA[    <a href="file:///F:\MyProject\SwebTest\SwebTest\pic\预期1000为HangUp 【预期：4 实际：3】.jpg" target="_blank">Error: 预期1000为HangUp 【预期：4 实际：3】</a>]]>
    </line>
    <line>
      <![CDATA[  【执行操作】 1100拨打*074关闭免打扰]]>
    </line>
    <line>
      <![CDATA[  【执行操作】 1000拨打1100，预期正常呼入]]>
    </line>
    <line>
      <![CDATA[    Pass: 预期1100响铃]]>
    </line>
    <line>
      <![CDATA[    Pass: CDR呼叫方检测]]>
    </line>
    <line>
      <![CDATA[    Pass: CDR被叫方检测]]>
    </line>
    <line>
      <![CDATA[    Pass: CDR_Status检测]]>
    </line>
    <line>
      <![CDATA[    Pass: CDR通讯类型检测]]>
    </line>
    <line>
      <![CDATA[  【执行操作】 1100拨打*70恢复默认值]]>
    </line>
    <line>
      <![CDATA[  【执行操作】 1000拨打1105，1105未接，到voicemail]]>
    </line>
    <line>
      <![CDATA[    Pass: CDR呼叫方检测]]>
    </line>
    <line>
      <![CDATA[    Pass: CDR被叫方检测]]>
    </line>
    <line>
      <![CDATA[    Pass: CDR_Status检测]]>
    </line>
    <line>
      <![CDATA[    Pass: CDR通讯类型检测]]>
    </line>
    <line>
      <![CDATA[  【执行操作】 1000拨打1105，1105接听，1105按*1进行一键录音]]>
    </line>
    <line>
      <![CDATA[    Pass: CDR呼叫方检测]]>
    </line>
    <line>
      <![CDATA[    Pass: CDR被叫方检测]]>
    </line>
    <line>
      <![CDATA[    Pass: CDR_Status检测]]>
    </line>
    <line>
      <![CDATA[    Pass: CDR通讯类型检测]]>
    </line>
    <line>
      <![CDATA[  【执行操作】 分机1105登录，查看存在1000留下的语音留言]]>
    </line>
    <line>
      <![CDATA[    Pass: 语音留言检查:预期第1行的CallerID为1000(1000)]]>
    </line>
    <line>
      <![CDATA[  【执行操作】 分机1105登录，查看存在1键录音]]>
    </line>
    <line>
      <![CDATA[    Pass:  正确检测到录音文件]]>
    </line>
    <line>
      <![CDATA[【测试类场景恢复】执行完毕：======  Extension  ======

]]>
    </line>
    <line>
      <![CDATA[【测试类场景初始化】开始执行：======  Blacklist_Whitelist  =======]]>
    </line>
    <line>
      <![CDATA[    Pass: 1000分机注册]]>
    </line>
    <line>
      <![CDATA[    Pass: 1100分机注册]]>
    </line>
    <line>
      <![CDATA[    Pass: 1101分机注册]]>
    </line>
    <line>
      <![CDATA[    Pass: 1102分机注册]]>
    </line>
    <line>
      <![CDATA[  【执行操作】---设置呼入路由---]]>
    </line>
    <line>
      <![CDATA[  【执行操作】---黑名单Inroute,SPS---]]>
    </line>
    <line>
      <![CDATA[    Pass: 黑名单添加错误]]>
    </line>
    <line>
      <![CDATA[  【执行操作】辅助设备分机2000通过SPS拨打进入黑名单]]>
    </line>
    <line>
      <![CDATA[    Pass: SPS通话进入黑名单列表]]>
    </line>
    <line>
      <![CDATA[  【执行操作】---黑名单OutRoute,SIP---]]>
    </line>
    <line>
      <![CDATA[    Pass: 黑名单添加错误]]>
    </line>
    <line>
      <![CDATA[  【执行操作】被测设备分机1100通过SIP拨打进入黑名单]]>
    </line>
    <line>
      <![CDATA[    Pass: SIP通话进入黑名单列表]]>
    </line>
    <line>
      <![CDATA[  【执行操作】白名单SPS1，Both ]]>
    </line>
    <line>
      <![CDATA[    Pass: 白名单添加错误]]>
    </line>
    <line>
      <![CDATA[  【执行操作】辅助设备分机2000通过SPS拨打]]>
    </line>
    <line>
      <![CDATA[    Pass: SPS白名单呼入]]>
    </line>
    <line>
      <![CDATA[  【执行操作】--白名单SIP，OutRoute--]]>
    </line>
    <line>
      <![CDATA[    Pass: 白名单添加错误]]>
    </line>
    <line>
      <![CDATA[  【执行操作】被测设备分机1100通过SIP拨打]]>
    </line>
    <line>
      <![CDATA[    Pass: SIP白名单呼入]]>
    </line>
    <line>
      <![CDATA[  【执行操作】--编辑blackList2 为Inbound--]]>
    </line>
    <line>
      <![CDATA[    Pass: blackList2 编辑为Inbound]]>
    </line>
    <line>
      <![CDATA[  【执行操作】通过sip1外线呼叫分机1100]]>
    </line>
    <line>
      <![CDATA[    Pass: blackList2 编辑为Inbound呼入]]>
    </line>
    <line>
      <![CDATA[    Pass: CDR呼叫方检测]]>
    </line>
    <line>
      <![CDATA[    Pass: CDR被叫方检测]]>
    </line>
    <line>
      <![CDATA[    Pass: CDR_Status检测]]>
    </line>
    <line>
      <![CDATA[    Pass: CDR目的中继检测]]>
    </line>
    <line>
      <![CDATA[    Pass: CDR通讯类型检测]]>
    </line>
    <line>
      <![CDATA[  【执行操作】--编辑whiteList1 为Outbound--]]>
    </line>
    <line>
      <![CDATA[    Pass: whiteList1 编辑为Outbound]]>
    </line>
    <line>
      <![CDATA[  【执行操作】辅助设备分机2000通过SPS拨打]]>
    </line>
    <line>
      <![CDATA[    Pass: 白名单呼入失败]]>
    </line>
    <line>
      <![CDATA[  【执行操作】--删除黑名单--]]>
    </line>
    <line>
      <![CDATA[  【执行操作】删除黑名单blackList1]]>
    </line>
    <line>
      <![CDATA[  【执行操作】批量删除黑名单]]>
    </line>
    <line>
      <![CDATA[    Pass: 批量删除黑名单]]>
    </line>
    <line>
      <![CDATA[  【执行操作】--删除白名单--]]>
    </line>
    <line>
      <![CDATA[  【执行操作】删除黑名单blackList1]]>
    </line>
    <line>
      <![CDATA[  【执行操作】批量删除黑名单]]>
    </line>
    <line>
      <![CDATA[    Pass: 批量删除黑名单]]>
    </line>
    <line>
      <![CDATA[【测试类场景恢复】执行完毕：=======   Blacklist_Whitelist  =======

]]>
    </line>
    <line>
      <![CDATA[【测试类场景初始化】开始执行：======  Disa_PinList  ======]]>
    </line>
    <line>
      <![CDATA[    Pass: 1100分机注册]]>
    </line>
    <line>
      <![CDATA[  【执行操作】初始化DISA]]>
    </line>
    <line>
      <![CDATA[    Pass: 初始化DISA]]>
    </line>
    <line>
      <![CDATA[  【执行操作】初始化PIN LIST]]>
    </line>
    <line>
      <![CDATA[    Pass: 初始化PIN LIST]]>
    </line>
    <line>
      <![CDATA[  【执行操作】--创建PinList--]]>
    </line>
    <line>
      <![CDATA[  【执行操作】--创建DISA1--]]>
    </line>
    <line>
      <![CDATA[  【执行操作】--编辑呼入路由--]]>
    </line>
    <line>
      <![CDATA[  【执行操作】辅助设备2通过sps呼叫被测设备1100]]>
    </line>
    <line>
      <![CDATA[    Pass: 外线呼出进入pin1List]]>
    </line>
    <line>
      <![CDATA[    Pass: CDR呼叫方检测]]>
    </line>
    <line>
      <![CDATA[    Pass: CDR被叫方检测]]>
    </line>
    <line>
      <![CDATA[    Pass: CDR_Status检测]]>
    </line>
    <line>
      <![CDATA[    Pass: CDR源中继检测]]>
    </line>
    <line>
      <![CDATA[    Pass: CDR目的中继检测]]>
    </line>
    <line>
      <![CDATA[    Pass: CDR通讯类型检测]]>
    </line>
    <line>
      <![CDATA[    Pass: CDR检测]]>
    </line>
    <line>
      <![CDATA[  【执行操作】--编辑DISA1，Password：选择Single Pin--]]>
    </line>
    <line>
      <![CDATA[  【执行操作】辅助设备1通过SIP1拨打到被测设备，在进行二次拨号]]>
    </line>
    <line>
      <![CDATA[    Pass: 外线呼出进入pin1List]]>
    </line>
    <line>
      <![CDATA[    Pass: CDR呼叫方检测]]>
    </line>
    <line>
      <![CDATA[    Pass: CDR被叫方检测]]>
    </line>
    <line>
      <![CDATA[    Pass: CDR_Status检测]]>
    </line>
    <line>
      <![CDATA[    Pass: CDR源中继检测]]>
    </line>
    <line>
      <![CDATA[    Pass: CDR目的中继检测]]>
    </line>
    <line>
      <![CDATA[    Pass: CDR通讯类型检测]]>
    </line>
    <line>
      <![CDATA[    Pass: CDR检测]]>
    </line>
    <line>
      <![CDATA[  【执行操作】通过SIP1呼入,输入完pin码后，不输人数字等待15s后通话被挂断]]>
    </line>
    <line>
      <![CDATA[    Pass: 外线呼出进入pin1List]]>
    </line>
    <line>
      <![CDATA[  【执行操作】--删除DISA--]]>
    </line>
    <line>
      <![CDATA[  【执行操作】批量删除DISA]]>
    </line>
    <line>
      <![CDATA[    Pass: 批量删除DISA]]>
    </line>
    <line>
      <![CDATA[  【执行操作】 恢复呼入路由InRoute1到分机1000]]>
    </line>
    <line>
      <![CDATA[【测试类场景恢复】执行完毕：======  Disa_PinList  ======

]]>
    </line>
    <line>
      <![CDATA[【测试类场景初始化】开始执行：======  EmergencyNumber  ======]]>
    </line>
    <line>
      <![CDATA[    Pass: 1100分机注册]]>
    </line>
    <line>
      <![CDATA[    Pass: 1101分机注册]]>
    </line>
    <line>
      <![CDATA[    Pass: 1102分机注册]]>
    </line>
    <line>
      <![CDATA[  【执行操作】初始化EmergencyNumber]]>
    </line>
    <line>
      <![CDATA[    Pass: 初始化EmergencyNumber]]>
    </line>
    <line>
      <![CDATA[  【执行操作】----新增紧急号码----]]>
    </line>
    <line>
      <![CDATA[  【执行操作】分机B通过SPS外线呼出]]>
    </line>
    <line>
      <![CDATA[    Pass: 进入紧急呼叫]]>
    </line>
    <line>
      <![CDATA[    Pass: CDR呼叫方检测]]>
    </line>
    <line>
      <![CDATA[    Pass: CDR被叫方检测]]>
    </line>
    <line>
      <![CDATA[    Pass: CDR_Status检测]]>
    </line>
    <line>
      <![CDATA[    Pass: CDR呼叫方检测]]>
    </line>
    <line>
      <![CDATA[    Pass: CDR被叫方检测]]>
    </line>
    <line>
      <![CDATA[    Pass: CDR_Status检测]]>
    </line>
    <line>
      <![CDATA[    Pass: CDR呼叫方检测]]>
    </line>
    <line>
      <![CDATA[    Pass: CDR被叫方检测]]>
    </line>
    <line>
      <![CDATA[    Pass: CDR_Status检测]]>
    </line>
    <line>
      <![CDATA[  【执行操作】---编辑紧急号码---]]>
    </line>
    <line>
      <![CDATA[  【执行操作】分机B通过SPS外线呼出]]>
    </line>
    <line>
      <![CDATA[    Pass: 进入紧急呼叫]]>
    </line>
    <line>
      <![CDATA[  【执行操作】---删除紧急号码列表---]]>
    </line>
    <line>
      <![CDATA[  【执行操作】删除紧急呼叫]]>
    </line>
    <line>
      <![CDATA[    Pass: 删除紧急呼叫]]>
    </line>
    <line>
      <![CDATA[    Pass: 预期1100为HangUp]]>
    </line>
    <line>
      <![CDATA[  【执行操作】---批量删除紧急号码---]]>
    </line>
    <line>
      <![CDATA[【测试类场景恢复】执行完毕：======  EmergencyNumber  =======

]]>
    </line>
  </reporter-output>
  <suite name="PBXCORE" duration-ms="10088406" started-at="2017-11-09T08:15:52Z" finished-at="2017-11-09T11:04:00Z">
    <groups>
    </groups>
    <test name="pbxcore" duration-ms="10088406" started-at="2017-11-09T08:15:52Z" finished-at="2017-11-09T11:04:00Z">
      <class name="com.yeastar.swebtest.testcase.RegressionCase.pbxcore.Outbound">
        <test-method status="PASS" signature="BeforeClass()[pri:0, instance:com.yeastar.swebtest.testcase.RegressionCase.pbxcore.Outbound@13f88ab]" name="BeforeClass" is-config="true" duration-ms="48789" started-at="2017-11-09T16:48:02Z" finished-at="2017-11-09T16:48:51Z">
          <reporter-output>
            <line>
              <![CDATA[【测试类场景初始化】开始执行：======  Outbound  ======]]>
            </line>
            <line>
              <![CDATA[    Pass: 1000分机注册]]>
            </line>
          </reporter-output>
        </test-method> <!-- BeforeClass -->
        <test-method status="FAIL" signature="A_out1_sip()[pri:0, instance:com.yeastar.swebtest.testcase.RegressionCase.pbxcore.Outbound@13f88ab]" name="A_out1_sip" duration-ms="45038" started-at="2017-11-09T16:48:51Z" finished-at="2017-11-09T16:49:36Z">
          <exception class="java.lang.AssertionError">
            <message>
              <![CDATA[ 录音失败]]>
            </message>
            <full-stacktrace>
              <![CDATA[java.lang.AssertionError:  录音失败
	at com.yeastar.swebtest.tools.ysassert.YsAssert.fail(YsAssert.java:1086)
	at com.yeastar.swebtest.testcase.RegressionCase.pbxcore.Outbound.A_out1_sip(Outbound.java:62)
	at sun.reflect.NativeMethodAccessorImpl.invoke0(Native Method)
	at sun.reflect.NativeMethodAccessorImpl.invoke(NativeMethodAccessorImpl.java:62)
	at sun.reflect.DelegatingMethodAccessorImpl.invoke(DelegatingMethodAccessorImpl.java:43)
	at java.lang.reflect.Method.invoke(Method.java:498)
	at org.testng.internal.MethodInvocationHelper.invokeMethod(MethodInvocationHelper.java:85)
	at org.testng.internal.Invoker.invokeMethod(Invoker.java:639)
	at org.testng.internal.Invoker.invokeTestMethod(Invoker.java:816)
	at org.testng.internal.Invoker.invokeTestMethods(Invoker.java:1124)
	at org.testng.internal.TestMethodWorker.invokeTestMethods(TestMethodWorker.java:125)
	at org.testng.internal.TestMethodWorker.run(TestMethodWorker.java:108)
	at org.testng.TestRunner.privateRun(TestRunner.java:774)
	at org.testng.TestRunner.run(TestRunner.java:624)
	at org.testng.SuiteRunner.runTest(SuiteRunner.java:359)
	at org.testng.SuiteRunner.runSequentially(SuiteRunner.java:354)
	at org.testng.SuiteRunner.privateRun(SuiteRunner.java:312)
	at org.testng.SuiteRunner.run(SuiteRunner.java:261)
	at org.testng.SuiteRunnerWorker.runSuite(SuiteRunnerWorker.java:52)
	at org.testng.SuiteRunnerWorker.run(SuiteRunnerWorker.java:86)
	at org.testng.TestNG.runSuitesSequentially(TestNG.java:1215)
	at org.testng.TestNG.runSuitesLocally(TestNG.java:1140)
	at org.testng.TestNG.run(TestNG.java:1048)
	at org.apache.maven.surefire.testng.TestNGExecutor.run(TestNGExecutor.java:293)
	at org.apache.maven.surefire.testng.TestNGXmlTestSuite.execute(TestNGXmlTestSuite.java:84)
	at org.apache.maven.surefire.testng.TestNGProvider.invoke(TestNGProvider.java:91)
	at org.apache.maven.surefire.booter.ForkedBooter.invokeProviderInSameClassLoader(ForkedBooter.java:200)
	at org.apache.maven.surefire.booter.ForkedBooter.runSuitesInProcess(ForkedBooter.java:153)
	at org.apache.maven.surefire.booter.ForkedBooter.main(ForkedBooter.java:103)
]]>
            </full-stacktrace>
          </exception> <!-- java.lang.AssertionError -->
          <reporter-output>
            <line>
              <![CDATA[  【执行操作】 1000拨打13001通过sip外线呼出]]>
            </line>
            <line>
              <![CDATA[    Pass: CDR呼叫方检测]]>
            </line>
            <line>
              <![CDATA[    Pass: CDR被叫方检测]]>
            </line>
            <line>
              <![CDATA[    Pass: CDR_Status检测]]>
            </line>
            <line>
              <![CDATA[    Pass: CDR源中继检测]]>
            </line>
            <line>
              <![CDATA[    Pass: CDR目的中继检测]]>
            </line>
            <line>
              <![CDATA[    Pass: CDR通讯类型检测]]>
            </line>
            <line>
              <![CDATA[    <a href="file:///F:\MyProject\SwebTest\SwebTest\pic\ 录音失败.jpg" target="_blank">Error:  录音失败</a>]]>
            </line>
          </reporter-output>
        </test-method> <!-- A_out1_sip -->
        <test-method status="PASS" signature="A_out2_iax()[pri:0, instance:com.yeastar.swebtest.testcase.RegressionCase.pbxcore.Outbound@13f88ab]" name="A_out2_iax" duration-ms="41443" started-at="2017-11-09T16:49:36Z" finished-at="2017-11-09T16:50:18Z">
          <reporter-output>
            <line>
              <![CDATA[  【执行操作】 1000拨打23001通过iax外线呼出]]>
            </line>
            <line>
              <![CDATA[    Pass: CDR呼叫方检测]]>
            </line>
            <line>
              <![CDATA[    Pass: CDR被叫方检测]]>
            </line>
            <line>
              <![CDATA[    Pass: CDR_Status检测]]>
            </line>
            <line>
              <![CDATA[    Pass: CDR源中继检测]]>
            </line>
            <line>
              <![CDATA[    Pass: CDR目的中继检测]]>
            </line>
            <line>
              <![CDATA[    Pass: CDR通讯类型检测]]>
            </line>
          </reporter-output>
        </test-method> <!-- A_out2_iax -->
        <test-method status="PASS" signature="A_out3_sps()[pri:0, instance:com.yeastar.swebtest.testcase.RegressionCase.pbxcore.Outbound@13f88ab]" name="A_out3_sps" duration-ms="41777" started-at="2017-11-09T16:50:18Z" finished-at="2017-11-09T16:50:59Z">
          <reporter-output>
            <line>
              <![CDATA[  【执行操作】 1000拨打32000通过sps外线呼出]]>
            </line>
            <line>
              <![CDATA[    Pass: CDR呼叫方检测]]>
            </line>
            <line>
              <![CDATA[    Pass: CDR被叫方检测]]>
            </line>
            <line>
              <![CDATA[    Pass: CDR_Status检测]]>
            </line>
            <line>
              <![CDATA[    Pass: CDR源中继检测]]>
            </line>
            <line>
              <![CDATA[    Pass: CDR目的中继检测]]>
            </line>
            <line>
              <![CDATA[    Pass: CDR通讯类型检测]]>
            </line>
          </reporter-output>
        </test-method> <!-- A_out3_sps -->
        <test-method status="FAIL" signature="A_out4_spx()[pri:0, instance:com.yeastar.swebtest.testcase.RegressionCase.pbxcore.Outbound@13f88ab]" name="A_out4_spx" duration-ms="36827" started-at="2017-11-09T16:50:59Z" finished-at="2017-11-09T16:51:36Z">
          <exception class="java.lang.AssertionError">
            <message>
              <![CDATA[CDR被叫方检测 【预期：42000 实际：32000】]]>
            </message>
            <full-stacktrace>
              <![CDATA[java.lang.AssertionError: CDR被叫方检测 【预期：42000 实际：32000】
	at com.yeastar.swebtest.tools.ysassert.YsAssert.fail(YsAssert.java:1086)
	at com.yeastar.swebtest.tools.ysassert.YsAssert.failNotEquals(YsAssert.java:579)
	at com.yeastar.swebtest.tools.ysassert.YsAssert.assertEqualsImpl(YsAssert.java:142)
[...]
            </line>
            <line>
              <![CDATA[    Pass: Month编辑页面显示检查]]>
            </line>
            <line>
              <![CDATA[    Pass: Day编辑页面显示检查]]>
            </line>
          </reporter-output>
        </test-method> <!-- addTimeCondition3 -->
        <test-method status="PASS" signature="addTimeCondition4()[pri:0, instance:com.yeastar.swebtest.testcase.RegressionCase.pbxcore.TimeCondition@d41cee]" name="addTimeCondition4" duration-ms="58187" started-at="2017-11-09T16:30:41Z" finished-at="2017-11-09T16:31:39Z">
          <reporter-output>
            <line>
              <![CDATA[  【执行操作】 表格删除：workday_Advanced，取消删除]]>
            </line>
            <line>
              <![CDATA[    Pass: 表格删除：workday_Advanced，取消删除]]>
            </line>
            <line>
              <![CDATA[  【执行操作】 表格删除：workday_Advanced，确定删除]]>
            </line>
            <line>
              <![CDATA[    Pass: 表格删除：workday_Advanced，确定删除]]>
            </line>
            <line>
              <![CDATA[  【执行操作】 删除：workday_test，取消删除]]>
            </line>
            <line>
              <![CDATA[    Pass: 删除：workday_test，取消删除]]>
            </line>
            <line>
              <![CDATA[  【执行操作】 删除：workday_test，确定删除]]>
            </line>
            <line>
              <![CDATA[    Pass: 表格删除：workday_Advanced，确定删除]]>
            </line>
          </reporter-output>
        </test-method> <!-- addTimeCondition4 -->
        <test-method status="PASS" signature="AfterClass()[pri:0, instance:com.yeastar.swebtest.testcase.RegressionCase.pbxcore.TimeCondition@d41cee]" name="AfterClass" is-config="true" duration-ms="13614" started-at="2017-11-09T16:31:39Z" finished-at="2017-11-09T16:31:53Z">
          <reporter-output>
            <line>
              <![CDATA[【测试类场景恢复】执行完毕：======  时间条件—TimeCondition  ======

]]>
            </line>
          </reporter-output>
        </test-method> <!-- AfterClass -->
      </class> <!-- com.yeastar.swebtest.testcase.RegressionCase.pbxcore.TimeCondition -->
      <class name="com.yeastar.swebtest.testcase.RegressionCase.pbxcore.SpeedDial">
        <test-method status="PASS" signature="BeforeClass()[pri:0, instance:com.yeastar.swebtest.testcase.RegressionCase.pbxcore.SpeedDial@19e5ddf]" name="BeforeClass" is-config="true" duration-ms="41677" started-at="2017-11-09T17:32:02Z" finished-at="2017-11-09T17:32:44Z">
          <reporter-output>
            <line>
              <![CDATA[【测试类场景初始化】开始执行：======  SpeedDial  ======]]>
            </line>
            <line>
              <![CDATA[    Pass: 1000分机注册]]>
            </line>
          </reporter-output>
        </test-method> <!-- BeforeClass -->
        <test-method status="PASS" signature="A_add_1()[pri:0, instance:com.yeastar.swebtest.testcase.RegressionCase.pbxcore.SpeedDial@19e5ddf]" name="A_add_1" duration-ms="100242" started-at="2017-11-09T17:32:44Z" finished-at="2017-11-09T17:34:24Z">
          <reporter-output>
            <line>
              <![CDATA[  【执行操作】 删除所有速拨码]]>
            </line>
            <line>
              <![CDATA[    Pass:  删除所有速拨码]]>
            </line>
            <line>
              <![CDATA[  【执行操作】 设置速拨特征码为*999]]>
            </line>
            <line>
              <![CDATA[  【执行操作】 新建速拨码：dialcode:1,PhoneNumber：13001]]>
            </line>
            <line>
              <![CDATA[    Pass: 添加speed_dial_code]]>
            </line>
            <line>
              <![CDATA[    Pass: 添加speed_dial_phoneNumber]]>
            </line>
            <line>
              <![CDATA[  【执行操作】 新建速拨码：dialcode:1234567,PhoneNumber：31234567]]>
            </line>
            <line>
              <![CDATA[    Pass: 添加speed_dial_code]]>
            </line>
            <line>
              <![CDATA[    Pass: 添加speed_dial_phoneNumber]]>
            </line>
            <line>
              <![CDATA[  【执行操作】 1000拨打*9991通过sip外线呼出]]>
            </line>
            <line>
              <![CDATA[    Pass: CDR呼叫方检测]]>
            </line>
            <line>
              <![CDATA[    Pass: CDR被叫方检测]]>
            </line>
            <line>
              <![CDATA[    Pass: CDR_Status检测]]>
            </line>
            <line>
              <![CDATA[    Pass: CDR源中继检测]]>
            </line>
            <line>
              <![CDATA[    Pass: CDR目的中继检测]]>
            </line>
            <line>
              <![CDATA[    Pass: CDR通讯类型检测]]>
            </line>
          </reporter-output>
        </test-method> <!-- A_add_1 -->
        <test-method status="FAIL" signature="A_add_2()[pri:0, instance:com.yeastar.swebtest.testcase.RegressionCase.pbxcore.SpeedDial@19e5ddf]" name="A_add_2" duration-ms="23897" started-at="2017-11-09T17:34:24Z" finished-at="2017-11-09T17:34:48Z">
          <exception class="java.lang.AssertionError">
            <message>
              <![CDATA[CDR被叫方检测 【预期：31234567 实际：13001】]]>
            </message>
            <full-stacktrace>
              <![CDATA[java.lang.AssertionError: CDR被叫方检测 【预期：31234567 实际：13001】
	at com.yeastar.swebtest.tools.ysassert.YsAssert.fail(YsAssert.java:1086)
	at com.yeastar.swebtest.tools.ysassert.YsAssert.failNotEquals(YsAssert.java:579)
	at com.yeastar.swebtest.tools.ysassert.YsAssert.assertEqualsImpl(YsAssert.java:142)
	at com.yeastar.swebtest.tools.ysassert.YsAssert.assertEquals(YsAssert.java:116)
	at com.yeastar.swebtest.tools.ysassert.YsAssert.assertEquals(YsAssert.java:199)
	at com.yeastar.swebtest.driver.YSMethod.YS_Extension.checkCDR(YS_Extension.java:258)
	at com.yeastar.swebtest.driver.YSMethod.YS_Extension.checkCDR(YS_Extension.java:250)
	at com.yeastar.swebtest.testcase.RegressionCase.pbxcore.SpeedDial.A_add_2(SpeedDial.java:71)
	at sun.reflect.NativeMethodAccessorImpl.invoke0(Native Method)
	at sun.reflect.NativeMethodAccessorImpl.invoke(NativeMethodAccessorImpl.java:62)
	at sun.reflect.DelegatingMethodAccessorImpl.invoke(DelegatingMethodAccessorImpl.java:43)
	at java.lang.reflect.Method.invoke(Method.java:498)
	at org.testng.internal.MethodInvocationHelper.invokeMethod(MethodInvocationHelper.java:85)
	at org.testng.internal.Invoker.invokeMethod(Invoker.java:639)
	at org.testng.internal.Invoker.invokeTestMethod(Invoker.java:816)
	at org.testng.internal.Invoker.invokeTestMethods(Invoker.java:1124)
	at org.testng.internal.TestMethodWorker.invokeTestMethods(TestMethodWorker.java:125)
	at org.testng.internal.TestMethodWorker.run(TestMethodWorker.java:108)
	at org.testng.TestRunner.privateRun(TestRunner.java:774)
	at org.testng.TestRunner.run(TestRunner.java:624)
	at org.testng.SuiteRunner.runTest(SuiteRunner.java:359)
	at org.testng.SuiteRunner.runSequentially(SuiteRunner.java:354)
	at org.testng.SuiteRunner.privateRun(SuiteRunner.java:312)
	at org.testng.SuiteRunner.run(SuiteRunner.java:261)
	at org.testng.SuiteRunnerWorker.runSuite(SuiteRunnerWorker.java:52)
	at org.testng.SuiteRunnerWorker.run(SuiteRunnerWorker.java:86)
	at org.testng.TestNG.runSuitesSequentially(TestNG.java:1215)
	at org.testng.TestNG.runSuitesLocally(TestNG.java:1140)
	at org.testng.TestNG.run(TestNG.java:1048)
	at org.apache.maven.surefire.testng.TestNGExecutor.run(TestNGExecutor.java:293)
	at org.apache.maven.surefire.testng.TestNGXmlTestSuite.execute(TestNGXmlTestSuite.java:84)
	at org.apache.maven.surefire.testng.TestNGProvider.invoke(TestNGProvider.java:91)
	at org.apache.maven.surefire.booter.ForkedBooter.invokeProviderInSameClassLoader(ForkedBooter.java:200)
	at org.apache.maven.surefire.booter.ForkedBooter.runSuitesInProcess(ForkedBooter.java:153)
	at org.apache.maven.surefire.booter.ForkedBooter.main(ForkedBooter.java:103)
]]>
            </full-stacktrace>
          </exception> <!-- java.lang.AssertionError -->
          <reporter-output>
            <line>
              <![CDATA[  【执行操作】 1000拨打*9991234567通过sps外线呼出]]>
            </line>
            <line>
              <![CDATA[    Pass: CDR呼叫方检测]]>
            </line>
            <line>
              <![CDATA[    <a href="file:///F:\MyProject\SwebTest\SwebTest\pic\CDR被叫方检测 【预期：31234567 实际：13001】.jpg" target="_blank">Error: CDR被叫方检测 【预期：31234567 实际：13001】</a>]]>
            </line>
          </reporter-output>
        </test-method> <!-- A_add_2 -->
        <test-method status="PASS" signature="B_export()[pri:0, instance:com.yeastar.swebtest.testcase.RegressionCase.pbxcore.SpeedDial@19e5ddf]" name="B_export" duration-ms="1117" started-at="2017-11-09T17:34:48Z" finished-at="2017-11-09T17:34:49Z">
          <reporter-output>
            <line>
              <![CDATA[  【执行操作】 导出速拨码]]>
            </line>
          </reporter-output>
        </test-method> <!-- B_export -->
        <test-method status="PASS" signature="C_delete()[pri:0, instance:com.yeastar.swebtest.testcase.RegressionCase.pbxcore.SpeedDial@19e5ddf]" name="C_delete" duration-ms="54261" started-at="2017-11-09T17:34:49Z" finished-at="2017-11-09T17:35:43Z">
          <reporter-output>
            <line>
              <![CDATA[  【执行操作】 表格删除：速拨码为1-取消删除]]>
            </line>
            <line>
              <![CDATA[    Pass: 表格删除：速拨码为1-取消删除]]>
            </line>
            <line>
              <![CDATA[  【执行操作】 表格删除：速拨码为1-确定删除]]>
            </line>
            <line>
              <![CDATA[    Pass: 表格删除：速拨码为1-确定删除]]>
            </line>
            <line>
              <![CDATA[  【执行操作】 删除：速拨码为1234567-取消删除]]>
            </line>
            <line>
              <![CDATA[    Pass: 删除：速拨码为1234567-取消删除]]>
            </line>
            <line>
              <![CDATA[  【执行操作】 删除：速拨码为1234567-确定删除]]>
            </line>
            <line>
              <![CDATA[    Pass: 删除：速拨码为1234567-确定删除]]>
            </line>
          </reporter-output>
        </test-method> <!-- C_delete -->
        <test-method status="PASS" signature="D_import()[pri:0, instance:com.yeastar.swebtest.testcase.RegressionCase.pbxcore.SpeedDial@19e5ddf]" name="D_import" duration-ms="11150" started-at="2017-11-09T17:35:43Z" finished-at="2017-11-09T17:35:54Z">
          <reporter-output>
            <line>
              <![CDATA[  【执行操作】 导入速拨码]]>
            </line>
            <line>
              <![CDATA[    Pass: 导入速拨码]]>
            </line>
          </reporter-output>
        </test-method> <!-- D_import -->
        <test-method status="PASS" signature="AfterClass()[pri:0, instance:com.yeastar.swebtest.testcase.RegressionCase.pbxcore.SpeedDial@19e5ddf]" name="AfterClass" is-config="true" duration-ms="13224" started-at="2017-11-09T17:35:54Z" finished-at="2017-11-09T17:36:08Z">
          <reporter-output>
            <line>
              <![CDATA[【测试类场景恢复】执行完毕：======  SpeedDial  ======

]]>
            </line>
          </reporter-output>
        </test-method> <!-- AfterClass -->
      </class> <!-- com.yeastar.swebtest.testcase.RegressionCase.pbxcore.SpeedDial -->
      <class name="com.yeastar.swebtest.testcase.RegressionCase.pbxcore.Blacklist_Whitelist">
        <test-method status="PASS" signature="BeforeClass()[pri:0, instance:com.yeastar.swebtest.testcase.RegressionCase.pbxcore.Blacklist_Whitelist@181e022]" name="BeforeClass" is-config="true" duration-ms="63187" started-at="2017-11-09T18:40:18Z" finished-at="2017-11-09T18:41:21Z">
          <reporter-output>
            <line>
              <![CDATA[【测试类场景初始化】开始执行：======  Blacklist_Whitelist  =======]]>
            </line>
            <line>
              <![CDATA[    Pass: 1000分机注册]]>
            </line>
            <line>
              <![CDATA[    Pass: 1100分机注册]]>
            </line>
            <line>
              <![CDATA[    Pass: 1101分机注册]]>
            </line>
            <line>
              <![CDATA[    Pass: 1102分机注册]]>
            </line>
          </reporter-output>
        </test-method> <!-- BeforeClass -->
        <test-method status="PASS" signature="InitBlackList_WhiteList()[pri:0, instance:com.yeastar.swebtest.testcase.RegressionCase.pbxcore.Blacklist_Whitelist@181e022]" name="InitBlackList_WhiteList" is-config="true" duration-ms="27962" started-at="2017-11-09T18:41:21Z" finished-at="2017-11-09T18:41:49Z">
          <reporter-output>
          </reporter-output>
        </test-method> <!-- InitBlackList_WhiteList -->
        <test-method status="PASS" signature="A_SetInRoute()[pri:0, instance:com.yeastar.swebtest.testcase.RegressionCase.pbxcore.Blacklist_Whitelist@181e022]" name="A_SetInRoute" duration-ms="33006" started-at="2017-11-09T18:41:49Z" finished-at="2017-11-09T18:42:22Z">
          <reporter-output>
            <line>
              <![CDATA[  【执行操作】---设置呼入路由---]]>
            </line>
          </reporter-output>
        </test-method> <!-- A_SetInRoute -->
        <test-method status="PASS" signature="B_BlackListSPS()[pri:0, instance:com.yeastar.swebtest.testcase.RegressionCase.pbxcore.Blacklist_Whitelist@181e022]" name="B_BlackListSPS" duration-ms="58382" started-at="2017-11-09T18:42:22Z" finished-at="2017-11-09T18:43:20Z">
          <reporter-output>
            <line>
              <![CDATA[  【执行操作】---黑名单Inroute,SPS---]]>
            </line>
            <line>
              <![CDATA[    Pass: 黑名单添加错误]]>
            </line>
            <line>
              <![CDATA[  【执行操作】辅助设备分机2000通过SPS拨打进入黑名单]]>
            </line>
            <line>
              <![CDATA[    Pass: SPS通话进入黑名单列表]]>
            </line>
          </reporter-output>
        </test-method> <!-- B_BlackListSPS -->
        <test-method status="PASS" signature="C_BlackListSIP1()[pri:0, instance:com.yeastar.swebtest.testcase.RegressionCase.pbxcore.Blacklist_Whitelist@181e022]" name="C_BlackListSIP1" duration-ms="59030" started-at="2017-11-09T18:43:20Z" finished-at="2017-11-09T18:44:19Z">
          <reporter-output>
            <line>
              <![CDATA[  【执行操作】---黑名单OutRoute,SIP---]]>
            </line>
            <line>
              <![CDATA[    Pass: 黑名单添加错误]]>
            </line>
            <line>
              <![CDATA[  【执行操作】被测设备分机1100通过SIP拨打进入黑名单]]>
            </line>
            <line>
              <![CDATA[    Pass: SIP通话进入黑名单列表]]>
            </line>
          </reporter-output>
        </test-method> <!-- C_BlackListSIP1 -->
        <test-method status="PASS" signature="D_WhiteListSPS()[pri:0, instance:com.yeastar.swebtest.testcase.RegressionCase.pbxcore.Blacklist_Whitelist@181e022]" name="D_WhiteListSPS" duration-ms="59783" started-at="2017-11-09T18:44:19Z" finished-at="2017-11-09T18:45:19Z">
          <reporter-output>
            <line>
              <![CDATA[  【执行操作】白名单SPS1，Both ]]>
            </line>
            <line>
              <![CDATA[    Pass: 白名单添加错误]]>
            </line>
            <line>
              <![CDATA[  【执行操作】辅助设备分机2000通过SPS拨打]]>
            </line>
            <line>
              <![CDATA[    Pass: SPS白名单呼入]]>
            </line>
          </reporter-output>
        </test-method> <!-- D_WhiteListSPS -->
        <test-method status="PASS" signature="E_WhiteListSIP()[pri:0, instance:com.yeastar.swebtest.testcase.RegressionCase.pbxcore.Blacklist_Whitelist@181e022]" name="E_WhiteListSIP" duration-ms="61169" started-at="2017-11-09T18:45:19Z" finished-at="2017-11-09T18:46:20Z">
          <reporter-output>
            <line>
              <![CDATA[  【执行操作】--白名单SIP，OutRoute--]]>
            </line>
            <line>
              <![CDATA[    Pass: 白名单添加错误]]>
            </line>
            <line>
              <![CDATA[  【执行操作】被测设备分机1100通过SIP拨打]]>
            </line>
            <line>
              <![CDATA[    Pass: SIP白名单呼入]]>
            </line>
          </reporter-output>
        </test-method> <!-- E_WhiteListSIP -->
        <test-method status="PASS" signature="F_EditBlackList2()[pri:0, instance:com.yeastar.swebtest.testcase.RegressionCase.pbxcore.Blacklist_Whitelist@181e022]" name="F_EditBlackList2" duration-ms="89722" started-at="2017-11-09T18:46:20Z" finished-at="2017-11-09T18:47:50Z">
          <reporter-output>
            <line>
              <![CDATA[  【执行操作】--编辑blackList2 为Inbound--]]>
            </line>
            <line>
              <![CDATA[    Pass: blackList2 编辑为Inbound]]>
            </line>
            <line>
              <![CDATA[  【执行操作】通过sip1外线呼叫分机1100]]>
            </line>
            <line>
              <![CDATA[    Pass: blackList2 编辑为Inbound呼入]]>
            </line>
            <line>
              <![CDATA[    Pass: CDR呼叫方检测]]>
            </line>
            <line>
              <![CDATA[    Pass: CDR被叫方检测]]>
            </line>
            <line>
              <![CDATA[    Pass: CDR_Status检测]]>
            </line>
            <line>
              <![CDATA[    Pass: CDR目的中继检测]]>
            </line>
            <line>
              <![CDATA[    Pass: CDR通讯类型检测]]>
            </line>
          </reporter-output>
        </test-method> <!-- F_EditBlackList2 -->
        <test-method status="PASS" signature="G_EditWhiteList1()[pri:0, instance:com.yeastar.swebtest.testcase.RegressionCase.pbxcore.Blacklist_Whitelist@181e022]" name="G_EditWhiteList1" duration-ms="64193" started-at="2017-11-09T18:47:50Z" finished-at="2017-11-09T18:48:54Z">
          <reporter-output>
            <line>
              <![CDATA[  【执行操作】--编辑whiteList1 为Outbound--]]>
            </line>
            <line>
              <![CDATA[    Pass: whiteList1 编辑为Outbound]]>
            </line>
            <line>
              <![CDATA[  【执行操作】辅助设备分机2000通过SPS拨打]]>
            </line>
            <line>
              <![CDATA[    Pass: 白名单呼入失败]]>
            </line>
          </reporter-output>
        </test-method> <!-- G_EditWhiteList1 -->
        <test-method status="PASS" signature="I_DeleteBlackList()[pri:0, instance:com.yeastar.swebtest.testcase.RegressionCase.pbxcore.Blacklist_Whitelist@181e022]" name="I_DeleteBlackList" duration-ms="40709" started-at="2017-11-09T18:48:54Z" finished-at="2017-11-09T18:49:35Z">
          <reporter-output>
            <line>
              <![CDATA[  【执行操作】--删除黑名单--]]>
            </line>
            <line>
              <![CDATA[  【执行操作】删除黑名单blackList1]]>
            </line>
            <line>
              <![CDATA[  【执行操作】批量删除黑名单]]>
            </line>
            <line>
              <![CDATA[    Pass: 批量删除黑名单]]>
            </line>
          </reporter-output>
        </test-method> <!-- I_DeleteBlackList -->
        <test-method status="PASS" signature="H_Export()[pri:0, instance:com.yeastar.swebtest.testcase.RegressionCase.pbxcore.Blacklist_Whitelist@181e022]" name="H_Export" duration-ms="0" started-at="2017-11-09T18:48:54Z" finished-at="2017-11-09T18:48:54Z">
          <reporter-output>
          </reporter-output>
        </test-method> <!-- H_Export -->
        <test-method status="PASS" signature="J_DeleteWhiteList()[pri:0, instance:com.yeastar.swebtest.testcase.RegressionCase.pbxcore.Blacklist_Whitelist@181e022]" name="J_DeleteWhiteList" duration-ms="40671" started-at="2017-11-09T18:49:35Z" finished-at="2017-11-09T18:50:15Z">
          <reporter-output>
            <line>
              <![CDATA[  【执行操作】--删除白名单--]]>
            </line>
            <line>
              <![CDATA[  【执行操作】删除黑名单blackList1]]>
            </line>
            <line>
              <![CDATA[  【执行操作】批量删除黑名单]]>
            </line>
            <line>
              <![CDATA[    Pass: 批量删除黑名单]]>
            </line>
          </reporter-output>
        </test-method> <!-- J_DeleteWhiteList -->
        <test-method status="PASS" signature="AfterClass()[pri:0, instance:com.yeastar.swebtest.testcase.RegressionCase.pbxcore.Blacklist_Whitelist@181e022]" name="AfterClass" is-config="true" duration-ms="13361" started-at="2017-11-09T18:50:15Z" finished-at="2017-11-09T18:50:29Z">
          <reporter-output>
            <line>
              <![CDATA[【测试类场景恢复】执行完毕：=======   Blacklist_Whitelist  =======

]]>
            </line>
          </reporter-output>
        </test-method> <!-- AfterClass -->
      </class> <!-- com.yeastar.swebtest.testcase.RegressionCase.pbxcore.Blacklist_Whitelist -->
    </test> <!-- pbxcore -->
  </suite> <!-- PBXCORE -->
</testng-results>
