<?xml version="1.0" encoding="UTF-8"?>
<testsuite name="TestSuite" time="644.47" tests="27" errors="0" skipped="0" failures="3">
  <properties>
[...]
</properties>
  <testcase name="A_SettingSystemTime" classname="com.yeastar.swebtest.testcase.smokecase.pbxcase.Extension" time="130.648"/>
  <testcase name="B_CreateExtension" classname="com.yeastar.swebtest.testcase.smokecase.pbxcase.Extension" time="20.55"/>
  <testcase name="C_CreateFxsExtension" classname="com.yeastar.swebtest.testcase.smokecase.pbxcase.Extension" time="17.37"/>
  <testcase name="D_CreateBulkExtensions" classname="com.yeastar.swebtest.testcase.smokecase.pbxcase.Extension" time="25.273"/>
  <testcase name="E_RegisterExtension" classname="com.yeastar.swebtest.testcase.smokecase.pbxcase.Extension" time="65.118"/>
  <testcase name="F_ExportExtensions" classname="com.yeastar.swebtest.testcase.smokecase.pbxcase.Extension" time="3.918"/>
  <testcase name="G_DelExtension" classname="com.yeastar.swebtest.testcase.smokecase.pbxcase.Extension" time="11.67"/>
  <testcase name="H_DelExteiosns" classname="com.yeastar.swebtest.testcase.smokecase.pbxcase.Extension" time="10.744"/>
  <testcase name="I_ImportExtension" classname="com.yeastar.swebtest.testcase.smokecase.pbxcase.Extension" time="35.739"/>
  <testcase name="J_PstnCall" classname="com.yeastar.swebtest.testcase.smokecase.pbxcase.Extension" time="46.701"/>
  <testcase name="K_ExtensionGroupSetting" classname="com.yeastar.swebtest.testcase.smokecase.pbxcase.Extension" time="32.176"/>
  <testcase name="A_AddTrunk" classname="com.yeastar.swebtest.testcase.smokecase.pbxcase.NewTrunk" time="22.279"/>
  <testcase name="B_AddTrunkIAXTrunk" classname="com.yeastar.swebtest.testcase.smokecase.pbxcase.NewTrunk" time="18.454"/>
  <testcase name="C_AddSPX" classname="com.yeastar.swebtest.testcase.smokecase.pbxcase.NewTrunk" time="19.88"/>
  <testcase name="D_AddSPS" classname="com.yeastar.swebtest.testcase.smokecase.pbxcase.NewTrunk" time="16.82"/>
  <testcase name="A_RingGroup" classname="com.yeastar.swebtest.testcase.smokecase.pbxcase.CallFeature" time="21.424"/>
  <testcase name="B_Queue" classname="com.yeastar.swebtest.testcase.smokecase.pbxcase.CallFeature" time="15.65"/>
  <testcase name="C_Conference" classname="com.yeastar.swebtest.testcase.smokecase.pbxcase.CallFeature" time="6.262"/>
  <testcase name="D_PickupGroup" classname="com.yeastar.swebtest.testcase.smokecase.pbxcase.CallFeature" time="16.297"/>
  <testcase name="E_PagingIntercom" classname="com.yeastar.swebtest.testcase.smokecase.pbxcase.CallFeature" time="12.483"/>
  <testcase name="F_CallBack" classname="com.yeastar.swebtest.testcase.smokecase.pbxcase.CallFeature" time="20.378"/>
  <testcase name="F_PINList" classname="com.yeastar.swebtest.testcase.smokecase.pbxcase.CallFeature" time="15.478"/>
  <testcase name="A_JudgeStorage" classname="com.yeastar.swebtest.testcase.smokecase.pbxcase.Storage" time="13"/>
  <testcase name="B_AddNetworkDrive" classname="com.yeastar.swebtest.testcase.smokecase.pbxcase.Storage" time="13.868"/>
  <testcase name="C_SetFileShare" classname="com.yeastar.swebtest.testcase.smokecase.pbxcase.Storage" time="10.49">
    <failure message="Element not found {By.xpath: .//span[starts-with(@class,&quot;x-tab-inner x-tab-inner-default&quot;) and text()=&quot;File Share&quot;]}&#10;Expected: exist" type="com.codeborne.selenide.ex.ElementNotFound">com.codeborne.selenide.ex.ElementNotFound: Element not found {By.xpath: .//span[starts-with(@class,"x-tab-inner x-tab-inner-default") and text()="File Share"]}
Expected: exist
	at sun.reflect.GeneratedConstructorAccessor15.newInstance(Unknown Source)
	at sun.reflect.DelegatingConstructorAccessorImpl.newInstance(DelegatingConstructorAccessorImpl.java:45)
	at java.lang.reflect.Constructor.newInstance(Constructor.java:423)
	at org.openqa.selenium.remote.ErrorHandler.createThrowable(ErrorHandler.java:206)
	at org.openqa.selenium.remote.ErrorHandler.throwIfResponseFailed(ErrorHandler.java:158)
	at org.openqa.selenium.remote.RemoteWebDriver.execute(RemoteWebDriver.java:678)
	at org.openqa.selenium.remote.RemoteWebElement.execute(RemoteWebElement.java:327)
	at org.openqa.selenium.remote.RemoteWebElement.click(RemoteWebElement.java:85)
	at com.codeborne.selenide.commands.Click.click(Click.java:22)
	at com.codeborne.selenide.commands.Click.execute(Click.java:14)
	at com.codeborne.selenide.commands.Click.execute(Click.java:11)
	at com.codeborne.selenide.commands.Commands.execute(Commands.java:140)
	at com.codeborne.selenide.impl.SelenideElementProxy.dispatchAndRetry(SelenideElementProxy.java:86)
	at com.codeborne.selenide.impl.SelenideElementProxy.invoke(SelenideElementProxy.java:62)
	at com.sun.proxy.$Proxy4.click(Unknown Source)
	at com.yeastar.swebtest.testcase.smokecase.pbxcase.Storage.C_SetFileShare(Storage.java:49)
</failure>
    <system-out><![CDATA[执行操作:勾选Enable File Sharing
]]></system-out>
  </testcase>
  <testcase name="D_StorageLocations" classname="com.yeastar.swebtest.testcase.smokecase.pbxcase.Storage" time="10.378">
    <failure message="Element not found {By.xpath: .//span[starts-with(@class,&quot;x-tab-inner x-tab-inner-default&quot;) and text()=&quot;Preference&quot;]}&#10;Expected: exist" type="com.codeborne.selenide.ex.ElementNotFound">com.codeborne.selenide.ex.ElementNotFound: Element not found {By.xpath: .//span[starts-with(@class,"x-tab-inner x-tab-inner-default") and text()="Preference"]}
Expected: exist
	at sun.reflect.GeneratedConstructorAccessor15.newInstance(Unknown Source)
	at sun.reflect.DelegatingConstructorAccessorImpl.newInstance(DelegatingConstructorAccessorImpl.java:45)
	at java.lang.reflect.Constructor.newInstance(Constructor.java:423)
	at org.openqa.selenium.remote.ErrorHandler.createThrowable(ErrorHandler.java:206)
	at org.openqa.selenium.remote.ErrorHandler.throwIfResponseFailed(ErrorHandler.java:158)
	at org.openqa.selenium.remote.RemoteWebDriver.execute(RemoteWebDriver.java:678)
	at org.openqa.selenium.remote.RemoteWebElement.execute(RemoteWebElement.java:327)
	at org.openqa.selenium.remote.RemoteWebElement.click(RemoteWebElement.java:85)
	at com.codeborne.selenide.commands.Click.click(Click.java:22)
	at com.codeborne.selenide.commands.Click.execute(Click.java:14)
	at com.codeborne.selenide.commands.Click.execute(Click.java:11)
	at com.codeborne.selenide.commands.Commands.execute(Commands.java:140)
	at com.codeborne.selenide.impl.SelenideElementProxy.dispatchAndRetry(SelenideElementProxy.java:86)
	at com.codeborne.selenide.impl.SelenideElementProxy.invoke(SelenideElementProxy.java:62)
	at com.sun.proxy.$Proxy4.click(Unknown Source)
	at com.yeastar.swebtest.testcase.smokecase.pbxcase.Storage.D_StorageLocations(Storage.java:56)
</failure>
    <system-out><![CDATA[执行操作:Storage Locations中CDR、Recordings和Logs下拉选择TF/SD卡,Voicemail&One Touch Recordings下拉选择sharetest1
]]></system-out>
  </testcase>
  <testcase name="E_Recording_Settings" classname="com.yeastar.swebtest.testcase.smokecase.pbxcase.Storage" time="11.422">
    <failure message="Element not found {By.xpath: .//a[starts-with(@class,&quot;cp-link-before&quot;) and text()=&quot;Recording Settings&quot;]}&#10;Expected: exist" type="com.codeborne.selenide.ex.ElementNotFound">com.codeborne.selenide.ex.ElementNotFound: Element not found {By.xpath: .//a[starts-with(@class,"cp-link-before") and text()="Recording Settings"]}
Expected: exist
	at sun.reflect.GeneratedConstructorAccessor15.newInstance(Unknown Source)
	at sun.reflect.DelegatingConstructorAccessorImpl.newInstance(DelegatingConstructorAccessorImpl.java:45)
	at java.lang.reflect.Constructor.newInstance(Constructor.java:423)
	at org.openqa.selenium.remote.ErrorHandler.createThrowable(ErrorHandler.java:206)
	at org.openqa.selenium.remote.ErrorHandler.throwIfResponseFailed(ErrorHandler.java:158)
	at org.openqa.selenium.remote.RemoteWebDriver.execute(RemoteWebDriver.java:678)
	at org.openqa.selenium.remote.RemoteWebElement.execute(RemoteWebElement.java:327)
	at org.openqa.selenium.remote.RemoteWebElement.click(RemoteWebElement.java:85)
	at com.codeborne.selenide.commands.Click.click(Click.java:22)
	at com.codeborne.selenide.commands.Click.execute(Click.java:14)
	at com.codeborne.selenide.commands.Click.execute(Click.java:11)
	at com.codeborne.selenide.commands.Commands.execute(Commands.java:140)
	at com.codeborne.selenide.impl.SelenideElementProxy.dispatchAndRetry(SelenideElementProxy.java:86)
	at com.codeborne.selenide.impl.SelenideElementProxy.invoke(SelenideElementProxy.java:62)
	at com.sun.proxy.$Proxy4.click(Unknown Source)
	at com.yeastar.swebtest.testcase.smokecase.pbxcase.Storage.E_Recording_Settings(Storage.java:74)
</failure>
    <system-out><![CDATA[执行操作:Record Trunks全选所有Trunk、Record Extensions全选所有分机
]]></system-out>
  </testcase>
</testsuite>