<?xml version="1.0" encoding="UTF-8"?>
<testng-results skipped="20" failed="28" total="132" passed="84">
  <reporter-output>
    <line>
      <![CDATA[【测试类场景初始化】_2018年11月02日 09时08分21秒开始执行：======  Inbound  ======]]>
    </line>
    <line>
      <![CDATA[  【09时08分48秒 执行操作】Extjs： return Ext.get('ys-waiting').dom.style.display]]>
    </line>
    <line>
      <![CDATA[  【09时08分52秒 执行操作】Extjs： return Ext.get('ys-waiting').dom.style.display]]>
    </line>
    <line>
      <![CDATA[  【09时08分53秒 执行操作】Extjs： return Ext.get('ys-waiting').dom.style.display]]>
    </line>
    <line>
      <![CDATA[  【09时08分54秒 执行操作】Extjs： return Ext.get('ys-waiting').dom.style.display]]>
    </line>
    <line>
      <![CDATA[  【09时08分55秒 执行操作】Extjs： return Ext.get('ys-waiting').dom.style.display]]>
    </line>
    <line>
      <![CDATA[  【09时08分56秒 执行操作】Extjs： return Ext.get('ys-waiting').dom.style.display]]>
    </line>
    <line>
      <![CDATA[  【09时08分57秒 执行操作】Extjs： return Ext.get('ys-waiting').dom.style.display]]>
    </line>
    <line>
      <![CDATA[  【09时09分00秒 执行操作】Extjs： Ext.get(Ext.query('#control-panel_header-targetEl'+ ' .x-tool-close')[0].id).dom.click()]]>
    </line>
    <line>
      <![CDATA[  【09时09分03秒 执行操作】Extjs： Ext.getCmp('cdr-record').down('cdrandrecord-edit').lookupReference('showncol').setValue('0,1,2,6,4,5,6,7,8,9,10,11')]]>
    </line>
    <line>
      <![CDATA[  【09时09分05秒 执行操作】Extjs： Ext.get(Ext.query('#'+Ext.getCmp("cdr-record").down('cdrandrecord-edit').down('header').id + ' .x-tool-close')[0].id).dom.click()]]>
    </line>
    <line>
      <![CDATA[  【09时09分07秒 执行操作】Extjs： Ext.get(Ext.query('#cdr-record_header-targetEl'+ ' .x-tool-close')[0].id).dom.click()]]>
    </line>
    <line>
      <![CDATA[  【09时09分08秒 执行操作】pjsip init 0]]>
    </line>
    <line>
      <![CDATA[  【09时09分08秒 执行操作】pjisp main 0]]>
    </line>
    <line>
      <![CDATA[  【09时09分08秒 执行操作】pjs_init done]]>
    </line>
    <line>
      <![CDATA[  【09时09分14秒 执行操作】Extjs： return Ext.query('#'+Ext.query('#'+Ext.getCmp(Ext.getCmp('pbxmonitor').down('b-extenstatus').id).down('tableview').id + ' [data-recordindex]')[0].id + ' tr td div div')[0].getAttribute('data-qtip')]]>
    </line>
    <line>
      <![CDATA[  【09时09分20秒 执行操作】Extjs： return Ext.query('#'+Ext.query('#'+Ext.getCmp(Ext.getCmp('pbxmonitor').down('b-extenstatus').id).down('tableview').id + ' [data-recordindex]')[2].id + ' tr td div div')[0].getAttribute('data-qtip')]]>
    </line>
    <line>
      <![CDATA[  【09时09分26秒 执行操作】Extjs： return Ext.query('#'+Ext.query('#'+Ext.getCmp(Ext.getCmp('pbxmonitor').down('b-extenstatus').id).down('tableview').id + ' [data-recordindex]')[6].id + ' tr td div div')[0].getAttribute('data-qtip')]]>
    </line>
    <line>
      <![CDATA[  【09时09分30秒 执行操作】 3001拨打3000通过sip外线呼入到分机1000]]>
    </line>
    <line>
      <![CDATA[  【09时09分53秒 执行操作】Extjs： return Ext.get(Ext.getCmp('cdr-record').down('loadmask').id).dom.style.display]]>
    </line>
    <line>
      <![CDATA[  【09时09分56秒 执行操作】Extjs： return Ext.query('#'+Ext.query('#'+Ext.getCmp('cdr-record').down('grid').down('tableview').id + ' [data-recordindex]')[0].id + ' tr td')[1].textContent]]>
    </line>
    <line>
      <![CDATA[  【09时09分58秒 执行操作】Extjs： Ext.get(Ext.query('#cdr-record_header-targetEl'+ ' .x-tool-close')[0].id).dom.click()]]>
    </line>
    <line>
      <![CDATA[  【09时09分58秒 执行操作】 3001拨打3100通过iax外线呼入到分机1000]]>
    </line>
    <line>
      <![CDATA[  【09时10分19秒 执行操作】Extjs： return Ext.get(Ext.getCmp('cdr-record').down('loadmask').id).dom.style.display]]>
    </line>
    <line>
      <![CDATA[  【09时10分22秒 执行操作】Extjs： return Ext.query('#'+Ext.query('#'+Ext.getCmp('cdr-record').down('grid').down('tableview').id + ' [data-recordindex]')[0].id + ' tr td')[1].textContent]]>
    </line>
    <line>
      <![CDATA[  【09时10分23秒 执行操作】Extjs： Ext.get(Ext.query('#cdr-record_header-targetEl'+ ' .x-tool-close')[0].id).dom.click()]]>
    </line>
    <line>
      <![CDATA[  【09时10分24秒 执行操作】 2001拨打99999通过sps外线呼入到分机1000]]>
    </line>
    <line>
      <![CDATA[  【09时10分44秒 执行操作】Extjs： return Ext.get(Ext.getCmp('cdr-record').down('loadmask').id).dom.style.display]]>
    </line>
    <line>
      <![CDATA[  【09时10分47秒 执行操作】Extjs： return Ext.query('#'+Ext.query('#'+Ext.getCmp('cdr-record').down('grid').down('tableview').id + ' [data-recordindex]')[0].id + ' tr td')[1].textContent]]>
    </line>
    <line>
      <![CDATA[    Pass: CDR呼叫方检测]]>
    </line>
    <line>
      <![CDATA[  【09时10分49秒 执行操作】Extjs： return Ext.query('#'+Ext.query('#'+Ext.getCmp('cdr-record').down('grid').down('tableview').id + ' [data-recordindex]')[0].id + ' tr td')[2].textContent]]>
    </line>
    <line>
      <![CDATA[    Pass: CDR被叫方检测]]>
    </line>
    <line>
      <![CDATA[  【09时10分50秒 执行操作】Extjs： return Ext.query('#'+Ext.query('#'+Ext.getCmp('cdr-record').down('grid').down('tableview').id + ' [data-recordindex]')[0].id + ' tr td')[5].textContent]]>
    </line>
    <line>
      <![CDATA[    Pass: CDR_Status检测]]>
    </line>
    <line>
      <![CDATA[  【09时10分52秒 执行操作】Extjs： return Ext.query('#'+Ext.query('#'+Ext.getCmp('cdr-record').down('grid').down('tableview').id + ' [data-recordindex]')[0].id + ' tr td')[6].textContent]]>
    </line>
    <line>
      <![CDATA[    Pass: CDR源中继检测]]>
    </line>
    <line>
      <![CDATA[  【09时10分53秒 执行操作】Extjs： return Ext.query('#'+Ext.query('#'+Ext.getCmp('cdr-record').down('grid').down('tableview').id + ' [data-recordindex]')[0].id + ' tr td')[7].textContent]]>
    </line>
    <line>
      <![CDATA[    Pass: CDR目的中继检测]]>
    </line>
    <line>
      <![CDATA[  【09时10分55秒 执行操作】Extjs： return Ext.query('#'+Ext.query('#'+Ext.getCmp('cdr-record').down('grid').down('tableview').id + ' [data-recordindex]')[0].id + ' tr td')[8].textContent]]>
    </line>
    <line>
      <![CDATA[    Pass: CDR通讯类型检测]]>
    </line>
    <line>
      <![CDATA[  【09时10分56秒 执行操作】Extjs： Ext.get(Ext.query('#cdr-record_header-targetEl'+ ' .x-tool-close')[0].id).dom.click()]]>
    </line>
    <line>
      <![CDATA[  【09时10分57秒 执行操作】 2001拨打88888通过spx外线呼入到分机1000]]>
    </line>
    <line>
      <![CDATA[  【09时11分17秒 执行操作】Extjs： return Ext.get(Ext.getCmp('cdr-record').down('loadmask').id).dom.style.display]]>
    </line>
    <line>
      <![CDATA[  【09时11分20秒 执行操作】Extjs： return Ext.query('#'+Ext.query('#'+Ext.getCmp('cdr-record').down('grid').down('tableview').id + ' [data-recordindex]')[0].id + ' tr td')[1].textContent]]>
    </line>
    <line>
      <![CDATA[    Pass: CDR呼叫方检测]]>
    </line>
    <line>
      <![CDATA[  【09时11分22秒 执行操作】Extjs： return Ext.query('#'+Ext.query('#'+Ext.getCmp('cdr-record').down('grid').down('tableview').id + ' [data-recordindex]')[0].id + ' tr td')[2].textContent]]>
    </line>
    <line>
      <![CDATA[    Pass: CDR被叫方检测]]>
    </line>
    <line>
      <![CDATA[  【09时11分23秒 执行操作】Extjs： return Ext.query('#'+Ext.query('#'+Ext.getCmp('cdr-record').down('grid').down('tableview').id + ' [data-recordindex]')[0].id + ' tr td')[5].textContent]]>
    </line>
    <line>
      <![CDATA[    Pass: CDR_Status检测]]>
    </line>
    <line>
      <![CDATA[  【09时11分25秒 执行操作】Extjs： return Ext.query('#'+Ext.query('#'+Ext.getCmp('cdr-record').down('grid').down('tableview').id + ' [data-recordindex]')[0].id + ' tr td')[6].textContent]]>
    </line>
    <line>
      <![CDATA[    Pass: CDR源中继检测]]>
    </line>
    <line>
      <![CDATA[  【09时11分26秒 执行操作】Extjs： return Ext.query('#'+Ext.query('#'+Ext.getCmp('cdr-record').down('grid').down('tableview').id + ' [data-recordindex]')[0].id + ' tr td')[7].textContent]]>
    </line>
    <line>
      <![CDATA[    Pass: CDR目的中继检测]]>
    </line>
    <line>
      <![CDATA[  【09时11分28秒 执行操作】Extjs： return Ext.query('#'+Ext.query('#'+Ext.getCmp('cdr-record').down('grid').down('tableview').id + ' [data-recordindex]')[0].id + ' tr td')[8].textContent]]>
    </line>
    <line>
      <![CDATA[    Pass: CDR通讯类型检测]]>
    </line>
    <line>
      <![CDATA[  【09时11分29秒 执行操作】Extjs： Ext.get(Ext.query('#cdr-record_header-targetEl'+ ' .x-tool-close')[0].id).dom.click()]]>
    </line>
    <line>
      <![CDATA[  【09时11分30秒 执行操作】 2001拨打2010通过fxo外线呼入到分机1000]]>
    </line>
    <line>
      <![CDATA[  【09时11分50秒 执行操作】Extjs： return Ext.get(Ext.getCmp('cdr-record').down('loadmask').id).dom.style.display]]>
    </line>
    <line>
      <![CDATA[  【09时11分53秒 执行操作】Extjs： return Ext.query('#'+Ext.query('#'+Ext.getCmp('cdr-record').down('grid').down('tableview').id + ' [data-recordindex]')[0].id + ' tr td')[1].textContent]]>
    </line>
    <line>
      <![CDATA[    Pass: CDR呼叫方检测]]>
    </line>
    <line>
      <![CDATA[  【09时11分55秒 执行操作】Extjs： return Ext.query('#'+Ext.query('#'+Ext.getCmp('cdr-record').down('grid').down('tableview').id + ' [data-recordindex]')[0].id + ' tr td')[2].textContent]]>
    </line>
    <line>
      <![CDATA[    Pass: CDR被叫方检测]]>
    </line>
    <line>
      <![CDATA[  【09时11分56秒 执行操作】Extjs： return Ext.query('#'+Ext.query('#'+Ext.getCmp('cdr-record').down('grid').down('tableview').id + ' [data-recordindex]')[0].id + ' tr td')[5].textContent]]>
    </line>
    <line>
      <![CDATA[    Pass: CDR_Status检测]]>
    </line>
    <line>
      <![CDATA[  【09时11分58秒 执行操作】Extjs： return Ext.query('#'+Ext.query('#'+Ext.getCmp('cdr-record').down('grid').down('tableview').id + ' [data-recordindex]')[0].id + ' tr td')[6].textContent]]>
    </line>
    <line>
      <![CDATA[    Pass: CDR源中继检测]]>
    </line>
    <line>
      <![CDATA[  【09时11分59秒 执行操作】Extjs： return Ext.query('#'+Ext.query('#'+Ext.getCmp('cdr-record').down('grid').down('tableview').id + ' [data-recordindex]')[0].id + ' tr td')[7].textContent]]>
    </line>
    <line>
      <![CDATA[    Pass: CDR目的中继检测]]>
    </line>
    <line>
      <![CDATA[  【09时12分01秒 执行操作】Extjs： return Ext.query('#'+Ext.query('#'+Ext.getCmp('cdr-record').down('grid').down('tableview').id + ' [data-recordindex]')[0].id + ' tr td')[8].textContent]]>
    </line>
    <line>
      <![CDATA[    Pass: CDR通讯类型检测]]>
    </line>
    <line>
      <![CDATA[  【09时12分02秒 执行操作】Extjs： Ext.get(Ext.query('#cdr-record_header-targetEl'+ ' .x-tool-close')[0].id).dom.click()]]>
    </line>
    <line>
      <![CDATA[  【09时12分03秒 执行操作】 2001拨打66666通过bri外线呼入到分机1000]]>
    </line>
    <line>
      <![CDATA[  【09时12分24秒 执行操作】Extjs： return Ext.get(Ext.getCmp('cdr-record').down('loadmask').id).dom.style.display]]>
    </line>
    <line>
      <![CDATA[  【09时12分27秒 执行操作】Extjs： return Ext.query('#'+Ext.query('#'+Ext.getCmp('cdr-record').down('grid').down('tableview').id + ' [data-recordindex]')[0].id + ' tr td')[1].textContent]]>
    </line>
    <line>
      <![CDATA[    Pass: CDR呼叫方检测]]>
    </line>
    <line>
      <![CDATA[  【09时12分28秒 执行操作】Extjs： return Ext.query('#'+Ext.query('#'+Ext.getCmp('cdr-record').down('grid').down('tableview').id + ' [data-recordindex]')[0].id + ' tr td')[2].textContent]]>
    </line>
    <line>
      <![CDATA[    Pass: CDR被叫方检测]]>
    </line>
    <line>
      <![CDATA[  【09时12分30秒 执行操作】Extjs： return Ext.query('#'+Ext.query('#'+Ext.getCmp('cdr-record').down('grid').down('tableview').id + ' [data-recordindex]')[0].id + ' tr td')[5].textContent]]>
    </line>
    <line>
      <![CDATA[    Pass: CDR_Status检测]]>
    </line>
    <line>
      <![CDATA[  【09时12分31秒 执行操作】Extjs： return Ext.query('#'+Ext.query('#'+Ext.getCmp('cdr-record').down('grid').down('tableview').id + ' [data-recordindex]')[0].id + ' tr td')[6].textContent]]>
    </line>
    <line>
      <![CDATA[    Pass: CDR源中继检测]]>
    </line>
    <line>
      <![CDATA[  【09时12分33秒 执行操作】Extjs： return Ext.query('#'+Ext.query('#'+Ext.getCmp('cdr-record').down('grid').down('tableview').id + ' [data-recordindex]')[0].id + ' tr td')[7].textContent]]>
    </line>
    <line>
      <![CDATA[    Pass: CDR目的中继检测]]>
    </line>
    <line>
      <![CDATA[  【09时12分34秒 执行操作】Extjs： return Ext.query('#'+Ext.query('#'+Ext.getCmp('cdr-record').down('grid').down('tableview').id + ' [data-recordindex]')[0].id + ' tr td')[8].textContent]]>
    </line>
    <line>
      <![CDATA[    Pass: CDR通讯类型检测]]>
    </line>
    <line>
      <![CDATA[  【09时12分36秒 执行操作】Extjs： Ext.get(Ext.query('#cdr-record_header-targetEl'+ ' .x-tool-close')[0].id).dom.click()]]>
    </line>
    <line>
      <![CDATA[  【09时12分37秒 执行操作】 2001拨打77777通过E1外线呼入到分机1000]]>
    </line>
    <line>
      <![CDATA[  【09时12分57秒 执行操作】Extjs： return Ext.get(Ext.getCmp('cdr-record').down('loadmask').id).dom.style.display]]>
    </line>
    <line>
      <![CDATA[  【09时13分00秒 执行操作】Extjs： return Ext.query('#'+Ext.query('#'+Ext.getCmp('cdr-record').down('grid').down('tableview').id + ' [data-recordindex]')[0].id + ' tr td')[1].textContent]]>
    </line>
    <line>
      <![CDATA[    Pass: CDR呼叫方检测]]>
    </line>
    <line>
      <![CDATA[  【09时13分01秒 执行操作】Extjs： return Ext.query('#'+Ext.query('#'+Ext.getCmp('cdr-record').down('grid').down('tableview').id + ' [data-recordindex]')[0].id + ' tr td')[2].textContent]]>
    </line>
    <line>
      <![CDATA[    Pass: CDR被叫方检测]]>
    </line>
    <line>
      <![CDATA[  【09时13分03秒 执行操作】Extjs： return Ext.query('#'+Ext.query('#'+Ext.getCmp('cdr-record').down('grid').down('tableview').id + ' [data-recordindex]')[0].id + ' tr td')[5].textContent]]>
    </line>
    <line>
      <![CDATA[    Pass: CDR_Status检测]]>
    </line>
    <line>
      <![CDATA[  【09时13分04秒 执行操作】Extjs： return Ext.query('#'+Ext.query('#'+Ext.getCmp('cdr-record').down('grid').down('tableview').id + ' [data-recordindex]')[0].id + ' tr td')[6].textContent]]>
    </line>
    <line>
      <![CDATA[    Pass: CDR源中继检测]]>
    </line>
    <line>
      <![CDATA[  【09时13分06秒 执行操作】Extjs： return Ext.query('#'+Ext.query('#'+Ext.getCmp('cdr-record').down('grid').down('tableview').id + ' [data-recordindex]')[0].id + ' tr td')[7].textContent]]>
    </line>
    <line>
      <![CDATA[    Pass: CDR目的中继检测]]>
    </line>
    <line>
      <![CDATA[  【09时13分07秒 执行操作】Extjs： return Ext.query('#'+Ext.query('#'+Ext.getCmp('cdr-record').down('grid').down('tableview').id + ' [data-recordindex]')[0].id + ' tr td')[8].textContent]]>
    </line>
    <line>
      <![CDATA[    Pass: CDR通讯类型检测]]>
    </line>
    <line>
      <![CDATA[  【09时13分09秒 执行操作】Extjs： Ext.get(Ext.query('#cdr-record_header-targetEl'+ ' .x-tool-close')[0].id).dom.click()]]>
    </line>
    <line>
      <![CDATA[  【09时13分09秒 执行操作】 编辑呼入路由InRoute1，Caller ID：2002]]>
    </line>
    <line>
      <![CDATA[  【09时13分16秒 执行操作】Extjs： return Ext.get(Ext.getCmp('control-panel').down('inrouter').down('loadmask').id).dom.style.display]]>
    </line>
    <line>
      <![CDATA[  【09时13分24秒 执行操作】Extjs： return Ext.getCmp('control-panel').down('inrouter').getStore().getCount()]]>
    </line>
    <line>
      <![CDATA[  【09时13分25秒 执行操作】Extjs： return Ext.query('#'+Ext.query('#'+Ext.getCmp('control-panel').down('inrouter').id + ' [data-recordindex]')[0].id + ' tr td')[1].textContent]]>
    </line>
    <line>
      <![CDATA[  【09时13分31秒 执行操作】Extjs： Ext.query('#'+Ext.query('#'+Ext.getCmp('control-panel').down('inrouter').id + ' [data-recordindex]')[0].id + ' tr td img')[0].click()]]>
    </line>
    <line>
      <![CDATA[  【09时13分35秒 执行操作】Extjs： return Ext.get('ys-waiting').dom.style.display]]>
    </line>
    <line>
      <![CDATA[  【09时13分36秒 执行操作】Extjs： return Ext.get('ys-waiting').dom.style.display]]>
    </line>
    <line>
      <![CDATA[  【09时13分37秒 执行操作】Extjs： return Ext.get('ys-waiting').dom.style.display]]>
    </line>
    <line>
      <![CDATA[  【09时13分38秒 执行操作】Extjs： return Ext.get('ys-waiting').dom.style.display]]>
    </line>
    <line>
      <![CDATA[  【09时13分59秒 执行操作】 2002拨打99999通过sps外线呼入到分机1000]]>
    </line>
    <line>
      <![CDATA[  【09时14分21秒 执行操作】Extjs： return Ext.get(Ext.getCmp('cdr-record').down('loadmask').id).dom.style.display]]>
    </line>
    <line>
      <![CDATA[  【09时14分24秒 执行操作】Extjs： return Ext.query('#'+Ext.query('#'+Ext.getCmp('cdr-record').down('grid').down('tableview').id + ' [data-recordindex]')[0].id + ' tr td')[1].textContent]]>
    </line>
    <line>
      <![CDATA[    Pass: CDR呼叫方检测]]>
    </line>
    <line>
      <![CDATA[  【09时14分26秒 执行操作】Extjs： return Ext.query('#'+Ext.query('#'+Ext.getCmp('cdr-record').down('grid').down('tableview').id + ' [data-recordindex]')[0].id + ' tr td')[2].textContent]]>
    </line>
    <line>
      <![CDATA[    Pass: CDR被叫方检测]]>
    </line>
    <line>
      <![CDATA[  【09时14分27秒 执行操作】Extjs： return Ext.query('#'+Ext.query('#'+Ext.getCmp('cdr-record').down('grid').down('tableview').id + ' [data-recordindex]')[0].id + ' tr td')[5].textContent]]>
    </line>
    <line>
      <![CDATA[    Pass: CDR_Status检测]]>
    </line>
    <line>
      <![CDATA[  【09时14分29秒 执行操作】Extjs： return Ext.query('#'+Ext.query('#'+Ext.getCmp('cdr-record').down('grid').down('tableview').id + ' [data-recordindex]')[0].id + ' tr td')[6].textContent]]>
    </line>
    <line>
      <![CDATA[    Pass: CDR源中继检测]]>
    </line>
    <line>
      <![CDATA[  【09时14分30秒 执行操作】Extjs： return Ext.query('#'+Ext.query('#'+Ext.getCmp('cdr-record').down('grid').down('tableview').id + ' [data-recordindex]')[0].id + ' tr td')[7].textContent]]>
    </line>
    <line>
      <![CDATA[    Pass: CDR目的中继检测]]>
    </line>
    <line>
      <![CDATA[  【09时14分32秒 执行操作】Extjs： return Ext.query('#'+Ext.query('#'+Ext.getCmp('cdr-record').down('grid').down('tableview').id + ' [data-recordindex]')[0].id + ' tr td')[8].textContent]]>
    </line>
    <line>
      <![CDATA[    Pass: CDR通讯类型检测]]>
    </line>
    <line>
      <![CDATA[  【09时14分33秒 执行操作】Extjs： Ext.get(Ext.query('#cdr-record_header-targetEl'+ ' .x-tool-close')[0].id).dom.click()]]>
    </line>
    <line>
      <![CDATA[  【09时14分34秒 执行操作】 2001拨打99999通过sps外线呼入--预期：无法呼入，CDR不会生成]]>
    </line>
    <line>
      <![CDATA[  【09时14分54秒 执行操作】Extjs： return Ext.get(Ext.getCmp('cdr-record').down('loadmask').id).dom.style.display]]>
    </line>
    <line>
      <![CDATA[  【09时14分57秒 执行操作】Extjs： return Ext.query('#'+Ext.query('#'+Ext.getCmp('cdr-record').down('grid').down('tableview').id + ' [data-recordindex]')[0].id + ' tr td')[1].textContent]]>
    </line>
    <line>
      <![CDATA[    Pass: CDR呼叫方检测]]>
    </line>
    <line>
      <![CDATA[  【09时14分59秒 执行操作】Extjs： return Ext.query('#'+Ext.query('#'+Ext.getCmp('cdr-record').down('grid').down('tableview').id + ' [data-recordindex]')[0].id + ' tr td')[2].textContent]]>
    </line>
    <line>
      <![CDATA[    Pass: CDR被叫方检测]]>
    </line>
    <line>
      <![CDATA[  【09时15分01秒 执行操作】Extjs： return Ext.query('#'+Ext.query('#'+Ext.getCmp('cdr-record').down('grid').down('tableview').id + ' [data-recordindex]')[0].id + ' tr td')[5].textContent]]>
    </line>
    <line>
      <![CDATA[    Pass: CDR_Status检测]]>
    </line>
    <line>
      <![CDATA[  【09时15分02秒 执行操作】Extjs： return Ext.query('#'+Ext.query('#'+Ext.getCmp('cdr-record').down('grid').down('tableview').id + ' [data-recordindex]')[0].id + ' tr td')[6].textContent]]>
    </line>
    <line>
      <![CDATA[    Pass: CDR源中继检测]]>
    </line>
    <line>
      <![CDATA[  【09时15分04秒 执行操作】Extjs： return Ext.query('#'+Ext.query('#'+Ext.getCmp('cdr-record').down('grid').down('tableview').id + ' [data-recordindex]')[0].id + ' tr td')[7].textContent]]>
    </line>
    <line>
      <![CDATA[    Pass: CDR目的中继检测]]>
    </line>
    <line>
      <![CDATA[  【09时15分05秒 执行操作】Extjs： return Ext.query('#'+Ext.query('#'+Ext.getCmp('cdr-record').down('grid').down('tableview').id + ' [data-recordindex]')[0].id + ' tr td')[8].textContent]]>
    </line>
    <line>
      <![CDATA[    Pass: CDR通讯类型检测]]>
    </line>
    <line>
      <![CDATA[  【09时15分07秒 执行操作】Extjs： Ext.get(Ext.query('#cdr-record_header-targetEl'+ ' .x-tool-close')[0].id).dom.click()]]>
    </line>
    <line>
      <![CDATA[  【09时15分07秒 执行操作】 新建呼入路由DIDtest，DID Pattern：5503301-5503305，选择SPS外线，Extension Range：1101-1105]]>
    </line>
    <line>
      <![CDATA[  【09时15分09秒 执行操作】Extjs： return Ext.get('ys-waiting').dom.style.display]]>
    </line>
    <line>
      <![CDATA[  【09时15分10秒 执行操作】Extjs： return Ext.get('ys-waiting').dom.style.display]]>
    </line>
    <line>
      <![CDATA[  【09时15分11秒 执行操作】Extjs： return Ext.get('ys-waiting').dom.style.display]]>
    </line>
    <line>
      <![CDATA[  【09时15分13秒 执行操作】Extjs： return Ext.get('ys-waiting').dom.style.display]]>
    </line>
    <line>
      <![CDATA[  【09时15分14秒 执行操作】Extjs： return Ext.get('ys-waiting').dom.style.display]]>
    </line>
    <line>
      <![CDATA[  【09时15分16秒 执行操作】Extjs： return  Ext.getCmp('st-ir-trunkinfo').getStore().findRecord('trunkname', "SPS1", 0, false, false, true).data.id]]>
    </line>
    <line>
      <![CDATA[  【09时15分17秒 执行操作】Extjs： Ext.getCmp('st-ir-trunkinfo').setValue('37')]]>
    </line>
    <line>
      <![CDATA[  【09时15分18秒 执行操作】Extjs： Ext.getCmp('st-ir-desttype').setValue('E')]]>
    </line>
    <line>
      <![CDATA[  【09时15分22秒 执行操作】Extjs： return Ext.get(Ext.getCmp('control-panel').down('inrouter').down('loadmask').id).dom.style.display]]>
    </line>
    <line>
      <![CDATA[  【09时15分32秒 执行操作】 2001拨打995503301通过sps外线呼入到分机1101]]>
    </line>
    <line>
      <![CDATA[  【09时15分53秒 执行操作】Extjs： return Ext.get(Ext.getCmp('cdr-record').down('loadmask').id).dom.style.display]]>
    </line>
    <line>
      <![CDATA[  【09时15分56秒 执行操作】Extjs： return Ext.query('#'+Ext.query('#'+Ext.getCmp('cdr-record').down('grid').down('tableview').id + ' [data-recordindex]')[0].id + ' tr td')[1].textContent]]>
    </line>
    <line>
      <![CDATA[    Pass: CDR呼叫方检测]]>
    </line>
    <line>
      <![CDATA[  【09时15分57秒 执行操作】Extjs： return Ext.query('#'+Ext.query('#'+Ext.getCmp('cdr-record').down('grid').down('tableview').id + ' [data-recordindex]')[0].id + ' tr td')[2].textContent]]>
    </line>
    <line>
      <![CDATA[    Pass: CDR被叫方检测]]>
    </line>
    <line>
      <![CDATA[  【09时15分59秒 执行操作】Extjs： return Ext.query('#'+Ext.query('#'+Ext.getCmp('cdr-record').down('grid').down('tableview').id + ' [data-recordindex]')[0].id + ' tr td')[5].textContent]]>
    </line>
    <line>
      <![CDATA[    Pass: CDR_Status检测]]>
    </line>
    <line>
      <![CDATA[  【09时16分00秒 执行操作】Extjs： return Ext.query('#'+Ext.query('#'+Ext.getCmp('cdr-record').down('grid').down('tableview').id + ' [data-recordindex]')[0].id + ' tr td')[6].textContent]]>
    </line>
    <line>
      <![CDATA[    Pass: CDR源中继检测]]>
    </line>
    <line>
      <![CDATA[  【09时16分02秒 执行操作】Extjs： return Ext.query('#'+Ext.query('#'+Ext.getCmp('cdr-record').down('grid').down('tableview').id + ' [data-recordindex]')[0].id + ' tr td')[7].textContent]]>
    </line>
    <line>
      <![CDATA[    Pass: CDR目的中继检测]]>
    </line>
    <line>
      <![CDATA[  【09时16分03秒 执行操作】Extjs： return Ext.query('#'+Ext.query('#'+Ext.getCmp('cdr-record').down('grid').down('tableview').id + ' [data-recordindex]')[0].id + ' tr td')[8].textContent]]>
    </line>
    <line>
      <![CDATA[    Pass: CDR通讯类型检测]]>
    </line>
    <line>
      <![CDATA[  【09时16分05秒 执行操作】Extjs： Ext.get(Ext.query('#cdr-record_header-targetEl'+ ' .x-tool-close')[0].id).dom.click()]]>
    </line>
    <line>
      <![CDATA[  【09时16分05秒 执行操作】 2001拨打995503305通过sps外线呼入到分机1105]]>
    </line>
    <line>
      <![CDATA[  【09时16分26秒 执行操作】Extjs： return Ext.get(Ext.getCmp('cdr-record').down('loadmask').id).dom.style.display]]>
    </line>
    <line>
      <![CDATA[  【09时16分29秒 执行操作】Extjs： return Ext.query('#'+Ext.query('#'+Ext.getCmp('cdr-record').down('grid').down('tableview').id + ' [data-recordindex]')[0].id + ' tr td')[1].textContent]]>
    </line>
    <line>
      <![CDATA[    Pass: CDR呼叫方检测]]>
    </line>
    <line>
      <![CDATA[  【09时16分30秒 执行操作】Extjs： return Ext.query('#'+Ext.query('#'+Ext.getCmp('cdr-record').down('grid').down('tableview').id + ' [data-recordindex]')[0].id + ' tr td')[2].textContent]]>
    </line>
    <line>
      <![CDATA[    Pass: CDR被叫方检测]]>
    </line>
    <line>
      <![CDATA[  【09时16分32秒 执行操作】Extjs： return Ext.query('#'+Ext.query('#'+Ext.getCmp('cdr-record').down('grid').down('tableview').id + ' [data-recordindex]')[0].id + ' tr td')[5].textContent]]>
    </line>
    <line>
      <![CDATA[    Pass: CDR_Status检测]]>
    </line>
    <line>
      <![CDATA[  【09时16分33秒 执行操作】Extjs： return Ext.query('#'+Ext.query('#'+Ext.getCmp('cdr-record').down('grid').down('tableview').id + ' [data-recordindex]')[0].id + ' tr td')[6].textContent]]>
    </line>
    <line>
      <![CDATA[    Pass: CDR源中继检测]]>
    </line>
    <line>
      <![CDATA[  【09时16分35秒 执行操作】Extjs： return Ext.query('#'+Ext.query('#'+Ext.getCmp('cdr-record').down('grid').down('tableview').id + ' [data-recordindex]')[0].id + ' tr td')[7].textContent]]>
    </line>
    <line>
      <![CDATA[    Pass: CDR目的中继检测]]>
    </line>
    <line>
      <![CDATA[  【09时16分36秒 执行操作】Extjs： return Ext.query('#'+Ext.query('#'+Ext.getCmp('cdr-record').down('grid').down('tableview').id + ' [data-recordindex]')[0].id + ' tr td')[8].textContent]]>
    </line>
    <line>
      <![CDATA[    Pass: CDR通讯类型检测]]>
    </line>
    <line>
      <![CDATA[  【09时16分38秒 执行操作】Extjs： Ext.get(Ext.query('#cdr-record_header-targetEl'+ ' .x-tool-close')[0].id).dom.click()]]>
    </line>
    <line>
      <![CDATA[  【09时16分38秒 执行操作】 设置分机1000具有拨打时间特征码的权限]]>
    </line>
    <line>
      <![CDATA[  【09时16分48秒 执行操作】Extjs： Ext.getCmp('st-feature-enbforcetime').setValue(true)]]>
    </line>
    <line>
      <![CDATA[  【09时16分52秒 执行操作】Extjs： return  Ext.getCmp('st-feature-extenspermission').getStore().findRecord('username', "1000", 0, false, false, true).data.id]]>
    </line>
    <line>
      <![CDATA[  【09时16分53秒 执行操作】Extjs： Ext.getCmp('st-feature-extenspermission').setValue('60')]]>
    </line>
    <line>
      <![CDATA[  【09时16分54秒 执行操作】 编辑InRoute1,启用时间条件，workday_24hour到分机1101]]>
    </line>
    <line>
      <![CDATA[  【09时16分56秒 执行操作】Extjs： return Ext.getCmp('control-panel').down('inrouter').getStore().getCount()]]>
    </line>
    <line>
      <![CDATA[  【09时16分58秒 执行操作】Extjs： return Ext.query('#'+Ext.query('#'+Ext.getCmp('control-panel').down('inrouter').id + ' [data-recordindex]')[0].id + ' tr td')[1].textContent]]>
    </line>
    <line>
      <![CDATA[  【09时17分04秒 执行操作】Extjs： Ext.query('#'+Ext.query('#'+Ext.getCmp('control-panel').down('inrouter').id + ' [data-recordindex]')[0].id + ' tr td img')[0].click()]]>
    </line>
    <line>
      <![CDATA[  【09时17分07秒 执行操作】Extjs： return Ext.get('ys-waiting').dom.style.display]]>
    </line>
    <line>
      <![CDATA[  【09时17分08秒 执行操作】Extjs： return Ext.get('ys-waiting').dom.style.display]]>
    </line>
    <line>
      <![CDATA[  【09时17分09秒 执行操作】Extjs： return Ext.get('ys-waiting').dom.style.display]]>
    </line>
    <line>
      <![CDATA[  【09时17分10秒 执行操作】Extjs： return Ext.get('ys-waiting').dom.style.display]]>
    </line>
    <line>
      <![CDATA[  【09时17分15秒 执行操作】Extjs： Ext.getCmp('st-ir-enabletimecondition').setValue('true')]]>
    </line>
    <line>
      <![CDATA[  【09时17分20秒 执行操作】Extjs： return  Ext.getCmp('combo-3528').getStore().findRecord('name', "workday_24hour", 0, false, false, true).data.id]]>
    </line>
    <line>
      <![CDATA[  【09时17分21秒 执行操作】Extjs： Ext.getCmp('combo-3528').setValue('17')]]>
    </line>
    <line>
      <![CDATA[  【09时17分24秒 执行操作】Extjs： Ext.getCmp('combo-3529').setValue('e')]]>
    </line>
    <line>
      <![CDATA[  【09时17分27秒 执行操作】Extjs： return  Ext.getCmp('combo-3530').getStore().findRecord('username', "1101", 0, false, false, true).data.id]]>
    </line>
    <line>
      <![CDATA[  【09时17分28秒 执行操作】Extjs： Ext.getCmp('combo-3530').setValue('62')]]>
    </line>
    <line>
      <![CDATA[  【09时17分36秒 执行操作】 3001拨打3000通过sip外线呼入1101]]>
    </line>
    <line>
      <![CDATA[  【09时17分57秒 执行操作】Extjs： return Ext.get(Ext.getCmp('cdr-record').down('loadmask').id).dom.style.display]]>
    </line>
    <line>
      <![CDATA[  【09时18分00秒 执行操作】Extjs： return Ext.query('#'+Ext.query('#'+Ext.getCmp('cdr-record').down('grid').down('tableview').id + ' [data-recordindex]')[0].id + ' tr td')[1].textContent]]>
    </line>
    <line>
      <![CDATA[    <a href="file:///F:\MyProject\SwebTest\pic\CDR呼叫方检测 【预期：3001 [3001] 实际：2001 [2001]】.jpg" target="_blank">Error: CDR呼叫方检测 【预期：3001 [3001] 实际：2001 [2001]】</a>]]>
    </line>
    <line>
      <![CDATA[  【09时18分02秒 执行操作】Extjs： Ext.get(Ext.query('#cdr-record_header-targetEl'+ ' .x-tool-close')[0].id).dom.click()]]>
    </line>
    <line>
      <![CDATA[  【09时18分03秒 执行操作】 编辑InRoute1，添加[Holiday]到会议室Conference1]]>
    </line>
    <line>
      <![CDATA[  【09时18分05秒 执行操作】Extjs： return Ext.getCmp('control-panel').down('inrouter').getStore().getCount()]]>
    </line>
    <line>
      <![CDATA[  【09时18分06秒 执行操作】Extjs： return Ext.query('#'+Ext.query('#'+Ext.getCmp('control-panel').down('inrouter').id + ' [data-recordindex]')[0].id + ' tr td')[1].textContent]]>
    </line>
    <line>
      <![CDATA[  【09时18分12秒 执行操作】Extjs： Ext.query('#'+Ext.query('#'+Ext.getCmp('control-panel').down('inrouter').id + ' [data-recordindex]')[0].id + ' tr td img')[0].click()]]>
    </line>
    <line>
      <![CDATA[  【09时18分16秒 执行操作】Extjs： return Ext.get('ys-waiting').dom.style.display]]>
    </line>
    <line>
      <![CDATA[  【09时18分17秒 执行操作】Extjs： return Ext.get('ys-waiting').dom.style.display]]>
    </line>
    <line>
      <![CDATA[  【09时18分18秒 执行操作】Extjs： return Ext.get('ys-waiting').dom.style.display]]>
    </line>
    <line>
      <![CDATA[  【09时18分24秒 执行操作】Extjs： return  Ext.getCmp('combo-3688').getStore().findRecord('name', "[Holiday]", 0, false, false, true).data.id]]>
    </line>
    <line>
      <![CDATA[  【09时18分25秒 执行操作】Extjs： Ext.getCmp('combo-3688').setValue('h')]]>
    </line>
    <line>
      <![CDATA[  【09时18分28秒 执行操作】Extjs： Ext.getCmp('combo-3689').setValue('c')]]>
    </line>
    <line>
      <![CDATA[  【09时18分32秒 执行操作】Extjs： return  Ext.getCmp('combo-3690').getStore().findRecord('name', "Conference1", 0, false, false, true).data.id]]>
    </line>
    <line>
      <![CDATA[  【09时18分33秒 执行操作】Extjs： Ext.getCmp('combo-3690').setValue('5')]]>
    </line>
    <line>
      <![CDATA[  【09时18分46秒 执行操作】 3001拨打3000通过sip外线呼入到会议室6400]]>
    </line>
    <line>
      <![CDATA[  【09时19分06秒 执行操作】Extjs： return Ext.get(Ext.getCmp('cdr-record').down('loadmask').id).dom.style.display]]>
    </line>
    <line>
      <![CDATA[  【09时19分09秒 执行操作】Extjs： return Ext.query('#'+Ext.query('#'+Ext.getCmp('cdr-record').down('grid').down('tableview').id + ' [data-recordindex]')[0].id + ' tr td')[1].textContent]]>
    </line>
    <line>
      <![CDATA[    <a href="file:///F:\MyProject\SwebTest\pic\CDR呼叫方检测 【预期：3001 [3001] 实际：2001 [2001]】.jpg" target="_blank">Error: CDR呼叫方检测 【预期：3001 [3001] 实际：2001 [2001]】</a>]]>
    </line>
    <line>
      <![CDATA[  【09时19分11秒 执行操作】Extjs： Ext.get(Ext.query('#cdr-record_header-targetEl'+ ' .x-tool-close')[0].id).dom.click()]]>
    </line>
    <line>
      <![CDATA[  【09时19分12秒 执行操作】 分机1000拨打特征码*802强制启用工作时间]]>
    </line>
    <line>
      <![CDATA[  【09时19分15秒 执行操作】Extjs： return Ext.query('#'+Ext.query('#'+Ext.getCmp(Ext.getCmp('pbxmonitor').down('b-extenstatus').id).down('tableview').id + ' [data-recordindex]')[0].id + ' tr td div div')[0].getAttribute('data-qtip')]]>
    </line>
    <line>
      <![CDATA[  【09时19分17秒 执行操作】Extjs： return Ext.query('#'+Ext.query('#'+Ext.getCmp(Ext.getCmp('pbxmonitor').down('b-extenstatus').id).down('tableview').id + ' [data-recordindex]')[0].id + ' tr td div div')[0].getAttribute('data-qtip')]]>
    </line>
    <line>
      <![CDATA[  【09时19分20秒 执行操作】Extjs： return Ext.query('#'+Ext.query('#'+Ext.getCmp(Ext.getCmp('pbxmonitor').down('b-extenstatus').id).down('tableview').id + ' [data-recordindex]')[0].id + ' tr td div div')[0].getAttribute('data-qtip')]]>
    </line>
    <line>
      <![CDATA[  【09时19分22秒 执行操作】Extjs： return Ext.query('#'+Ext.query('#'+Ext.getCmp(Ext.getCmp('pbxmonitor').down('b-extenstatus').id).down('tableview').id + ' [data-recordindex]')[0].id + ' tr td div div')[0].getAttribute('data-qtip')]]>
    </line>
    <line>
      <![CDATA[  【09时19分25秒 执行操作】Extjs： return Ext.query('#'+Ext.query('#'+Ext.getCmp(Ext.getCmp('pbxmonitor').down('b-extenstatus').id).down('tableview').id + ' [data-recordindex]')[0].id + ' tr td div div')[0].getAttribute('data-qtip')]]>
    </line>
    <line>
      <![CDATA[  【09时19分32秒 执行操作】 建立通话验证特征码启用生效：3001拨打3000通过sip外线呼入，预期呼入到1101]]>
    </line>
    <line>
      <![CDATA[  【09时19分53秒 执行操作】Extjs： return Ext.get(Ext.getCmp('cdr-record').down('loadmask').id).dom.style.display]]>
    </line>
    <line>
      <![CDATA[  【09时19分56秒 执行操作】Extjs： return Ext.query('#'+Ext.query('#'+Ext.getCmp('cdr-record').down('grid').down('tableview').id + ' [data-recordindex]')[0].id + ' tr td')[1].textContent]]>
    </line>
    <line>
      <![CDATA[    <a href="file:///F:\MyProject\SwebTest\pic\CDR呼叫方检测 【预期：3001 [3001] 实际：1000 [1000]】.jpg" target="_blank">Error: CDR呼叫方检测 【预期：3001 [3001] 实际：1000 [1000]】</a>]]>
    </line>
    <line>
      <![CDATA[  【09时19分58秒 执行操作】Extjs： Ext.get(Ext.query('#cdr-record_header-targetEl'+ ' .x-tool-close')[0].id).dom.click()]]>
    </line>
    <line>
      <![CDATA[  【09时19分58秒 执行操作】 编辑InRoute1禁用时间条件]]>
    </line>
    <line>
      <![CDATA[  【09时20分00秒 执行操作】Extjs： return Ext.getCmp('control-panel').down('inrouter').getStore().getCount()]]>
    </line>
    <line>
      <![CDATA[  【09时20分02秒 执行操作】Extjs： return Ext.query('#'+Ext.query('#'+Ext.getCmp('control-panel').down('inrouter').id + ' [data-recordindex]')[0].id + ' tr td')[1].textContent]]>
    </line>
    <line>
      <![CDATA[  【09时20分08秒 执行操作】Extjs： Ext.query('#'+Ext.query('#'+Ext.getCmp('control-panel').down('inrouter').id + ' [data-recordindex]')[0].id + ' tr td img')[0].click()]]>
    </line>
    <line>
      <![CDATA[  【09时20分11秒 执行操作】Extjs： return Ext.get('ys-waiting').dom.style.display]]>
    </line>
    <line>
      <![CDATA[  【09时20分12秒 执行操作】Extjs： return Ext.get('ys-waiting').dom.style.display]]>
    </line>
    <line>
      <![CDATA[  【09时20分13秒 执行操作】Extjs： return Ext.get('ys-waiting').dom.style.display]]>
    </line>
    <line>
      <![CDATA[  【09时20分14秒 执行操作】Extjs： return Ext.get('ys-waiting').dom.style.display]]>
    </line>
    <line>
      <![CDATA[  【09时20分16秒 执行操作】Extjs： Ext.getCmp('st-ir-enabletimecondition').setValue('false')]]>
    </line>
    <line>
      <![CDATA[  【09时20分25秒 执行操作】 建立通话验证禁用时间条件：3001拨打3000通过sip外线呼入，预期呼入到1000]]>
    </line>
    <line>
      <![CDATA[  【09时20分46秒 执行操作】Extjs： return Ext.get(Ext.getCmp('cdr-record').down('loadmask').id).dom.style.display]]>
    </line>
    <line>
      <![CDATA[  【09时20分49秒 执行操作】Extjs： return Ext.query('#'+Ext.query('#'+Ext.getCmp('cdr-record').down('grid').down('tableview').id + ' [data-recordindex]')[0].id + ' tr td')[1].textContent]]>
    </line>
    <line>
      <![CDATA[    <a href="file:///F:\MyProject\SwebTest\pic\CDR呼叫方检测 【预期：3001 [3001] 实际：1000 [1000]】.jpg" target="_blank">Error: CDR呼叫方检测 【预期：3001 [3001] 实际：1000 [1000]】</a>]]>
    </line>
    <line>
      <![CDATA[  【09时20分51秒 执行操作】Extjs： Ext.get(Ext.query('#cdr-record_header-targetEl'+ ' .x-tool-close')[0].id).dom.click()]]>
    </line>
    <line>
      <![CDATA[  【09时20分52秒 执行操作】 表格删除：DIDtest-取消删除]]>
    </line>
    <line>
      <![CDATA[  【09时20分53秒 执行操作】Extjs： return Ext.getCmp('control-panel').down('inrouter').getStore().getCount()]]>
    </line>
    <line>
      <![CDATA[  【09时20分55秒 执行操作】Extjs： return Ext.query('#'+Ext.query('#'+Ext.getCmp('control-panel').down('inrouter').id + ' [data-recordindex]')[0].id + ' tr td')[1].textContent]]>
    </line>
    <line>
      <![CDATA[  【09时20分56秒 执行操作】Extjs： return Ext.query('#'+Ext.query('#'+Ext.getCmp('control-panel').down('inrouter').id + ' [data-recordindex]')[1].id + ' tr td')[1].textContent]]>
    </line>
    <line>
      <![CDATA[  【09时20分57秒 执行操作】Extjs： return Ext.getCmp('control-panel').down('inrouter').getStore().getCount()]]>
    </line>
    <line>
      <![CDATA[  【09时21分03秒 执行操作】Extjs： Ext.query('#'+Ext.query('#'+Ext.getCmp('control-panel').down('inrouter').id + ' [data-recordindex]')[1].id + ' tr td img')[1].click()]]>
    </line>
    <line>
      <![CDATA[  【09时21分08秒 执行操作】Extjs： return Ext.get(Ext.getCmp('control-panel').down('inrouter').down('loadmask').id).dom.style.display]]>
    </line>
    <line>
      <![CDATA[  【09时21分11秒 执行操作】Extjs： return Ext.getCmp('control-panel').down('inrouter').getStore().getCount()]]>
    </line>
    <line>
      <![CDATA[    Pass: 表格删除：DIDtest-取消删除]]>
    </line>
    <line>
      <![CDATA[  【09时21分11秒 执行操作】 表格删除：DIDtest-确定删除]]>
    </line>
    <line>
      <![CDATA[  【09时21分17秒 执行操作】Extjs： Ext.query('#'+Ext.query('#'+Ext.getCmp('control-panel').down('inrouter').id + ' [data-recordindex]')[1].id + ' tr td img')[1].click()]]>
    </line>
    <line>
      <![CDATA[  【09时21分22秒 执行操作】Extjs： return Ext.get(Ext.getCmp('control-panel').down('inrouter').down('loadmask').id).dom.style.display]]>
    </line>
    <line>
      <![CDATA[  【09时21分24秒 执行操作】Extjs： return Ext.getCmp('control-panel').down('inrouter').getStore().getCount()]]>
    </line>
    <line>
      <![CDATA[    Pass: 表格删除：DIDtest-确定删除]]>
    </line>
    <line>
      <![CDATA[  【09时21分24秒 执行操作】 删除：InRoute1-取消删除]]>
    </line>
    <line>
      <![CDATA[  【09时21分25秒 执行操作】Extjs： return Ext.getCmp('control-panel').down('inrouter').getStore().getCount()]]>
    </line>
    <line>
      <![CDATA[  【09时21分26秒 执行操作】Extjs： return Ext.getCmp('control-panel').down('inrouter').getStore().getCount()]]>
    </line>
    <line>
      <![CDATA[  【09时21分28秒 执行操作】Extjs： return Ext.query('#'+Ext.query('#'+Ext.getCmp('control-panel').down('inrouter').id + ' [data-recordindex]')[0].id + ' tr td')[1].textContent]]>
    </line>
    <line>
      <![CDATA[  【09时21分29秒 执行操作】Extjs： Ext.query('#'+Ext.query('#'+Ext.getCmp('control-panel').down('inrouter').id + ' [data-recordindex]')[0].id + ' tr td div div')[0].click()]]>
    </line>
    <line>
      <![CDATA[  【09时21分32秒 执行操作】Extjs： return Ext.get(Ext.getCmp('control-panel').down('inrouter').down('loadmask').id).dom.style.display]]>
    </line>
    <line>
      <![CDATA[  【09时21分34秒 执行操作】Extjs： return Ext.getCmp('control-panel').down('inrouter').getStore().getCount()]]>
    </line>
    <line>
      <![CDATA[    Pass: 删除：InRoute1-取消删除]]>
    </line>
    <line>
      <![CDATA[  【09时21分34秒 执行操作】 删除：InRoute1-确定删除]]>
    </line>
    <line>
      <![CDATA[  【09时21分37秒 执行操作】Extjs： return Ext.get(Ext.getCmp('control-panel').down('inrouter').down('loadmask').id).dom.style.display]]>
    </line>
    <line>
      <![CDATA[  【09时21分39秒 执行操作】Extjs： return Ext.getCmp('control-panel').down('inrouter').getStore().getCount()]]>
    </line>
    <line>
      <![CDATA[    Pass: 删除：InRoute1-确定删除]]>
    </line>
    <line>
      <![CDATA[  【09时21分40秒 执行操作】 删除所有呼入路由]]>
    </line>
    <line>
      <![CDATA[  【09时21分44秒 执行操作】Extjs： Ext.getCmp('control-panel').down('inrouter').down('mypagingtoolbar').plugins[0].setValue('100')]]>
    </line>
    <line>
      <![CDATA[  【09时21分45秒 执行操作】Extjs： Ext.getCmp('control-panel').down('inrouter').down('mypagingtoolbar').store.setPageSize(100)]]>
    </line>
    <line>
      <![CDATA[  【09时21分46秒 执行操作】Extjs： Ext.getCmp('control-panel').down('inrouter').down('mypagingtoolbar').store.loadPage(1)]]>
    </line>
    <line>
      <![CDATA[  【09时21分48秒 执行操作】Extjs： return Ext.get(Ext.getCmp('control-panel').down('inrouter').down('loadmask').id).dom.style.display]]>
    </line>
    <line>
      <![CDATA[  【09时21分51秒 执行操作】Extjs： return Ext.getCmp('control-panel').down('inrouter').getStore().getCount()]]>
    </line>
    <line>
      <![CDATA[  【09时21分51秒 执行操作】deletes  删除所有呼入路由: 0]]>
    </line>
    <line>
      <![CDATA[  【09时21分52秒 执行操作】Extjs： return Ext.getCmp('control-panel').down('inrouter').getStore().getCount()]]>
    </line>
    <line>
      <![CDATA[  【09时21分53秒 执行操作】Extjs： return Ext.getCmp('control-panel').down('inrouter').getStore().getCount()]]>
    </line>
    <line>
      <![CDATA[    Pass:  删除所有呼入路由]]>
    </line>
    <line>
      <![CDATA[  【09时21分53秒 执行操作】 添加呼入路由InRoute1]]>
    </line>
    <line>
      <![CDATA[  【09时21分54秒 执行操作】Extjs： return Ext.get('ys-waiting').dom.style.display]]>
    </line>
    <line>
      <![CDATA[  【09时21分55秒 执行操作】Extjs： return Ext.get('ys-waiting').dom.style.display]]>
    </line>
    <line>
      <![CDATA[  【09时21分56秒 执行操作】Extjs： return Ext.get('ys-waiting').dom.style.display]]>
    </line>
    <line>
      <![CDATA[  【09时21分57秒 执行操作】Extjs： return Ext.get('ys-waiting').dom.style.display]]>
    </line>
    <line>
      <![CDATA[  【09时21分58秒 执行操作】Extjs： return Ext.get('ys-waiting').dom.style.display]]>
    </line>
    <line>
      <![CDATA[  【09时22分01秒 执行操作】Extjs： return Ext.getCmp('st-ir-trunkinfo').getStore().getCount()]]>
    </line>
    <line>
      <![CDATA[  【09时22分02秒 执行操作】Extjs： return Ext.getCmp('st-ir-trunkinfo').getStore().getAt(0).id]]>
    </line>
    <line>
      <![CDATA[  【09时22分03秒 执行操作】Extjs： return Ext.getCmp('st-ir-trunkinfo').getStore().getAt(1).id]]>
    </line>
    <line>
      <![CDATA[  【09时22分04秒 执行操作】Extjs： return Ext.getCmp('st-ir-trunkinfo').getStore().getAt(2).id]]>
    </line>
    <line>
      <![CDATA[  【09时22分05秒 执行操作】Extjs： return Ext.getCmp('st-ir-trunkinfo').getStore().getAt(3).id]]>
    </line>
    <line>
      <![CDATA[  【09时22分06秒 执行操作】Extjs： return Ext.getCmp('st-ir-trunkinfo').getStore().getAt(4).id]]>
    </line>
    <line>
      <![CDATA[  【09时22分07秒 执行操作】Extjs： return Ext.getCmp('st-ir-trunkinfo').getStore().getAt(5).id]]>
    </line>
    <line>
      <![CDATA[  【09时22分08秒 执行操作】Extjs： return Ext.getCmp('st-ir-trunkinfo').getStore().getAt(6).id]]>
    </line>
    <line>
      <![CDATA[  【09时22分09秒 执行操作】Extjs： return Ext.getCmp('st-ir-trunkinfo').getStore().getAt(7).id]]>
    </line>
    <line>
      <![CDATA[  【09时22分10秒 执行操作】Extjs： return Ext.getCmp('st-ir-trunkinfo').getStore().getAt(8).id]]>
    </line>
    <line>
      <![CDATA[  【09时22分11秒 执行操作】Extjs： return Ext.getCmp('st-ir-trunkinfo').getStore().getAt(9).id]]>
    </line>
    <line>
      <![CDATA[  【09时22分12秒 执行操作】Extjs： return Ext.getCmp('st-ir-trunkinfo').getStore().getAt(10).id]]>
    </line>
    <line>
      <![CDATA[  【09时22分13秒 执行操作】Extjs： return Ext.getCmp('st-ir-trunkinfo').getStore().getAt(11).id]]>
    </line>
    <line>
      <![CDATA[  【09时22分14秒 执行操作】Extjs： return Ext.getCmp('st-ir-trunkinfo').getStore().getAt(12).id]]>
    </line>
    <line>
      <![CDATA[  【09时22分15秒 执行操作】Extjs： return Ext.getCmp('st-ir-trunkinfo').getStore().getAt(13).id]]>
    </line>
    <line>
      <![CDATA[  【09时22分16秒 执行操作】Extjs： Ext.getCmp('st-ir-trunkinfo').setValue('35,36,38,37,11,10,9,8,7,6,5,3,2,4')]]>
    </line>
    <line>
      <![CDATA[  【09时22分17秒 执行操作】Extjs： Ext.getCmp('st-ir-desttype').setValue('e')]]>
    </line>
    <line>
      <![CDATA[  【09时22分18秒 执行操作】Extjs： return  Ext.getCmp('st-ir-dest').getStore().findRecord('username', "1000", 0, false, false, true).data.id]]>
    </line>
    <line>
      <![CDATA[  【09时22分19秒 执行操作】Extjs： Ext.getCmp('st-ir-dest').setValue('60')]]>
    </line>
    <line>
      <![CDATA[  【09时22分26秒 执行操作】Extjs： return Ext.get(Ext.getCmp('control-panel').down('inrouter').down('loadmask').id).dom.style.display]]>
    </line>
    <line>
      <![CDATA[【测试类场景恢复】_2018年11月02日 09时22分43秒执行完毕：======  Inbound  ======

]]>
    </line>
    <line>
      <![CDATA[【测试类场景初始化】_2018年11月02日 09时23分00秒开始执行：======  Outbound  ======]]>
    </line>
    <line>
      <![CDATA[  【09时23分26秒 执行操作】Extjs： return Ext.get('ys-waiting').dom.style.display]]>
    </line>
    <line>
      <![CDATA[  【09时23分30秒 执行操作】Extjs： return Ext.get('ys-waiting').dom.style.display]]>
    </line>
    <line>
      <![CDATA[  【09时23分31秒 执行操作】Extjs： return Ext.get('ys-waiting').dom.style.display]]>
    </line>
    <line>
      <![CDATA[  【09时23分32秒 执行操作】Extjs： return Ext.get('ys-waiting').dom.style.display]]>
    </line>
    <line>
      <![CDATA[  【09时23分33秒 执行操作】Extjs： return Ext.get('ys-waiting').dom.style.display]]>
    </line>
    <line>
      <![CDATA[  【09时23分34秒 执行操作】Extjs： return Ext.get('ys-waiting').dom.style.display]]>
    </line>
    <line>
      <![CDATA[  【09时23分35秒 执行操作】Extjs： return Ext.get('ys-waiting').dom.style.display]]>
    </line>
    <line>
      <![CDATA[  【09时23分38秒 执行操作】Extjs： Ext.get(Ext.query('#control-panel_header-targetEl'+ ' .x-tool-close')[0].id).dom.click()]]>
    </line>
    <line>
      <![CDATA[  【09时23分41秒 执行操作】Extjs： Ext.getCmp('cdr-record').down('cdrandrecord-edit').lookupReference('showncol').setValue('0,1,2,6,4,5,6,7,8,9,10,11')]]>
    </line>
    <line>
      <![CDATA[  【09时23分43秒 执行操作】Extjs： Ext.get(Ext.query('#'+Ext.getCmp("cdr-record").down('cdrandrecord-edit').down('header').id + ' .x-tool-close')[0].id).dom.click()]]>
    </line>
    <line>
      <![CDATA[  【09时23分45秒 执行操作】Extjs： Ext.get(Ext.query('#cdr-record_header-targetEl'+ ' .x-tool-close')[0].id).dom.click()]]>
    </line>
    <line>
      <![CDATA[  【09时23分46秒 执行操作】pjsip init 0]]>
    </line>
    <line>
      <![CDATA[  【09时23分46秒 执行操作】pjisp main 0]]>
    </line>
    <line>
      <![CDATA[  【09时23分46秒 执行操作】pjs_init done]]>
    </line>
    <line>
      <![CDATA[  【09时23分52秒 执行操作】Extjs： return Ext.query('#'+Ext.query('#'+Ext.getCmp(Ext.getCmp('pbxmonitor').down('b-extenstatus').id).down('tableview').id + ' [data-recordindex]')[0].id + ' tr td div div')[0].getAttribute('data-qtip')]]>
    </line>
    <line>
      <![CDATA[  【09时24分01秒 执行操作】 1000拨打13001通过sip外线呼出]]>
    </line>
    <line>
      <![CDATA[  【09时24分04秒 执行操作】Extjs： return Ext.query('#'+Ext.query('#'+Ext.getCmp(Ext.getCmp('pbxmonitor').down('b-extenstatus').id).down('tableview').id + ' [data-recordindex]')[0].id + ' tr td div div')[0].getAttribute('data-qtip')]]>
    </line>
    <line>
      <![CDATA[  【09时24分06秒 执行操作】Extjs： return Ext.query('#'+Ext.query('#'+Ext.getCmp(Ext.getCmp('pbxmonitor').down('b-extenstatus').id).down('tableview').id + ' [data-recordindex]')[0].id + ' tr td div div')[0].getAttribute('data-qtip')]]>
    </line>
    <line>
      <![CDATA[  【09时24分09秒 执行操作】Extjs： return Ext.query('#'+Ext.query('#'+Ext.getCmp(Ext.getCmp('pbxmonitor').down('b-extenstatus').id).down('tableview').id + ' [data-recordindex]')[0].id + ' tr td div div')[0].getAttribute('data-qtip')]]>
    </line>
    <line>
      <![CDATA[  【09时24分11秒 执行操作】Extjs： return Ext.query('#'+Ext.query('#'+Ext.getCmp(Ext.getCmp('pbxmonitor').down('b-extenstatus').id).down('tableview').id + ' [data-recordindex]')[0].id + ' tr td div div')[0].getAttribute('data-qtip')]]>
    </line>
    <line>
      <![CDATA[  【09时24分14秒 执行操作】Extjs： return Ext.query('#'+Ext.query('#'+Ext.getCmp(Ext.getCmp('pbxmonitor').down('b-extenstatus').id).down('tableview').id + ' [data-recordindex]')[0].id + ' tr td div div')[0].getAttribute('data-qtip')]]>
    </line>
    <line>
      <![CDATA[  【09时24分34秒 执行操作】Extjs： return Ext.get(Ext.getCmp('cdr-record').down('loadmask').id).dom.style.display]]>
    </line>
    <line>
      <![CDATA[  【09时24分37秒 执行操作】Extjs： return Ext.query('#'+Ext.query('#'+Ext.getCmp('cdr-record').down('grid').down('tableview').id + ' [data-recordindex]')[0].id + ' tr td')[1].textContent]]>
    </line>
    <line>
      <![CDATA[    Pass: CDR呼叫方检测]]>
    </line>
    <line>
      <![CDATA[  【09时24分38秒 执行操作】Extjs： return Ext.query('#'+Ext.query('#'+Ext.getCmp('cdr-record').down('grid').down('tableview').id + ' [data-recordindex]')[0].id + ' tr td')[2].textContent]]>
    </line>
    <line>
      <![CDATA[    <a href="file:///F:\MyProject\SwebTest\pic\CDR被叫方检测 【预期：13001 实际：*802】.jpg" target="_blank">Error: CDR被叫方检测 【预期：13001 实际：*802】</a>]]>
    </line>
    <line>
      <![CDATA[  【09时24分40秒 执行操作】Extjs： Ext.get(Ext.query('#cdr-record_header-targetEl'+ ' .x-tool-close')[0].id).dom.click()]]>
    </line>
    <line>
      <![CDATA[  【09时24分41秒 执行操作】 1000拨打23001通过iax外线呼出]]>
    </line>
    <line>
      <![CDATA[  【09时24分44秒 执行操作】Extjs： return Ext.query('#'+Ext.query('#'+Ext.getCmp(Ext.getCmp('pbxmonitor').down('b-extenstatus').id).down('tableview').id + ' [data-recordindex]')[0].id + ' tr td div div')[0].getAttribute('data-qtip')]]>
    </line>
    <line>
      <![CDATA[  【09时24分47秒 执行操作】Extjs： return Ext.query('#'+Ext.query('#'+Ext.getCmp(Ext.getCmp('pbxmonitor').down('b-extenstatus').id).down('tableview').id + ' [data-recordindex]')[0].id + ' tr td div div')[0].getAttribute('data-qtip')]]>
    </line>
    <line>
      <![CDATA[  【09时24分49秒 执行操作】Extjs： return Ext.query('#'+Ext.query('#'+Ext.getCmp(Ext.getCmp('pbxmonitor').down('b-extenstatus').id).down('tableview').id + ' [data-recordindex]')[0].id + ' tr td div div')[0].getAttribute('data-qtip')]]>
    </line>
    <line>
      <![CDATA[  【09时24分52秒 执行操作】Extjs： return Ext.query('#'+Ext.query('#'+Ext.getCmp(Ext.getCmp('pbxmonitor').down('b-extenstatus').id).down('tableview').id + ' [data-recordindex]')[0].id + ' tr td div div')[0].getAttribute('data-qtip')]]>
    </line>
    <line>
      <![CDATA[  【09时24分54秒 执行操作】Extjs： return Ext.query('#'+Ext.query('#'+Ext.getCmp(Ext.getCmp('pbxmonitor').down('b-extenstatus').id).down('tableview').id + ' [data-recordindex]')[0].id + ' tr td div div')[0].getAttribute('data-qtip')]]>
    </line>
    <line>
      <![CDATA[    <a href="file:///F:\MyProject\SwebTest\pic\预期1000为Talking状态 【预期：3 实际：4】.jpg" target="_blank">Error: 预期1000为Talking状态 【预期：3 实际：4】</a>]]>
    </line>
    <line>
      <![CDATA[  【09时25分16秒 执行操作】 1000拨打32000通过sps外线呼出]]>
    </line>
    <line>
      <![CDATA[  【09时25分19秒 执行操作】Extjs： return Ext.query('#'+Ext.query('#'+Ext.getCmp(Ext.getCmp('pbxmonitor').down('b-extenstatus').id).down('tableview').id + ' [data-recordindex]')[0].id + ' tr td div div')[0].getAttribute('data-qtip')]]>
    </line>
    <line>
      <![CDATA[  【09时25分21秒 执行操作】Extjs： return Ext.query('#'+Ext.query('#'+Ext.getCmp(Ext.getCmp('pbxmonitor').down('b-extenstatus').id).down('tableview').id + ' [data-recordindex]')[0].id + ' tr td div div')[0].getAttribute('data-qtip')]]>
    </line>
    <line>
      <![CDATA[  【09时25分24秒 执行操作】Extjs： return Ext.query('#'+Ext.query('#'+Ext.getCmp(Ext.getCmp('pbxmonitor').down('b-extenstatus').id).down('tableview').id + ' [data-recordindex]')[0].id + ' tr td div div')[0].getAttribute('data-qtip')]]>
    </line>
    <line>
      <![CDATA[  【09时25分26秒 执行操作】Extjs： return Ext.query('#'+Ext.query('#'+Ext.getCmp(Ext.getCmp('pbxmonitor').down('b-extenstatus').id).down('tableview').id + ' [data-recordindex]')[0].id + ' tr td div div')[0].getAttribute('data-qtip')]]>
    </line>
    <line>
      <![CDATA[  【09时25分29秒 执行操作】Extjs： return Ext.query('#'+Ext.query('#'+Ext.getCmp(Ext.getCmp('pbxmonitor').down('b-extenstatus').id).down('tableview').id + ' [data-recordindex]')[0].id + ' tr td div div')[0].getAttribute('data-qtip')]]>
    </line>
    <line>
      <![CDATA[    Pass: 预期1000为Talking状态]]>
    </line>
    <line>
      <![CDATA[  【09时25分50秒 执行操作】Extjs： return Ext.get(Ext.getCmp('cdr-record').down('loadmask').id).dom.style.display]]>
    </line>
    <line>
      <![CDATA[  【09时25分53秒 执行操作】Extjs： return Ext.query('#'+Ext.query('#'+Ext.getCmp('cdr-record').down('grid').down('tableview').id + ' [data-recordindex]')[0].id + ' tr td')[1].textContent]]>
    </line>
    <line>
      <![CDATA[    Pass: CDR呼叫方检测]]>
    </line>
    <line>
      <![CDATA[  【09时25分54秒 执行操作】Extjs： return Ext.query('#'+Ext.query('#'+Ext.getCmp('cdr-record').down('grid').down('tableview').id + ' [data-recordindex]')[0].id + ' tr td')[2].textContent]]>
    </line>
    <line>
      <![CDATA[    Pass: CDR被叫方检测]]>
    </line>
    <line>
      <![CDATA[  【09时25分56秒 执行操作】Extjs： return Ext.query('#'+Ext.query('#'+Ext.getCmp('cdr-record').down('grid').down('tableview').id + ' [data-recordindex]')[0].id + ' tr td')[5].textContent]]>
    </line>
    <line>
      <![CDATA[    Pass: CDR_Status检测]]>
    </line>
    <line>
      <![CDATA[  【09时25分57秒 执行操作】Extjs： return Ext.query('#'+Ext.query('#'+Ext.getCmp('cdr-record').down('grid').down('tableview').id + ' [data-recordindex]')[0].id + ' tr td')[6].textContent]]>
    </line>
    <line>
      <![CDATA[    Pass: CDR源中继检测]]>
    </line>
    <line>
      <![CDATA[  【09时25分59秒 执行操作】Extjs： return Ext.query('#'+Ext.query('#'+Ext.getCmp('cdr-record').down('grid').down('tableview').id + ' [data-recordindex]')[0].id + ' tr td')[7].textContent]]>
    </line>
    <line>
      <![CDATA[    Pass: CDR目的中继检测]]>
    </line>
    <line>
      <![CDATA[  【09时26分00秒 执行操作】Extjs： return Ext.query('#'+Ext.query('#'+Ext.getCmp('cdr-record').down('grid').down('tableview').id + ' [data-recordindex]')[0].id + ' tr td')[8].textContent]]>
    </line>
    <line>
      <![CDATA[    Pass: CDR通讯类型检测]]>
    </line>
    <line>
      <![CDATA[  【09时26分02秒 执行操作】Extjs： Ext.get(Ext.query('#cdr-record_header-targetEl'+ ' .x-tool-close')[0].id).dom.click()]]>
    </line>
    <line>
      <![CDATA[  【09时26分02秒 执行操作】 1000拨打42000通过spx外线呼出]]>
    </line>
    <line>
      <![CDATA[  【09时26分06秒 执行操作】Extjs： return Ext.query('#'+Ext.query('#'+Ext.getCmp(Ext.getCmp('pbxmonitor').down('b-extenstatus').id).down('tableview').id + ' [data-recordindex]')[0].id + ' tr td div div')[0].getAttribute('data-qtip')]]>
    </line>
    <line>
      <![CDATA[    Pass: 预期1000为Talking状态]]>
    </line>
    <line>
      <![CDATA[  【09时26分26秒 执行操作】Extjs： return Ext.get(Ext.getCmp('cdr-record').down('loadmask').id).dom.style.display]]>
    </line>
    <line>
      <![CDATA[  【09时26分29秒 执行操作】Extjs： return Ext.query('#'+Ext.query('#'+Ext.getCmp('cdr-record').down('grid').down('tableview').id + ' [data-recordindex]')[0].id + ' tr td')[1].textContent]]>
    </line>
    <line>
      <![CDATA[    Pass: CDR呼叫方检测]]>
    </line>
    <line>
      <![CDATA[  【09时26分31秒 执行操作】Extjs： return Ext.query('#'+Ext.query('#'+Ext.getCmp('cdr-record').down('grid').down('tableview').id + ' [data-recordindex]')[0].id + ' tr td')[2].textContent]]>
    </line>
    <line>
      <![CDATA[    Pass: CDR被叫方检测]]>
    </line>
    <line>
      <![CDATA[  【09时26分32秒 执行操作】Extjs： return Ext.query('#'+Ext.query('#'+Ext.getCmp('cdr-record').down('grid').down('tableview').id + ' [data-recordindex]')[0].id + ' tr td')[5].textContent]]>
    </line>
    <line>
      <![CDATA[    Pass: CDR_Status检测]]>
    </line>
    <line>
      <![CDATA[  【09时26分34秒 执行操作】Extjs： return Ext.query('#'+Ext.query('#'+Ext.getCmp('cdr-record').down('grid').down('tableview').id + ' [data-recordindex]')[0].id + ' tr td')[6].textContent]]>
    </line>
    <line>
      <![CDATA[    Pass: CDR源中继检测]]>
    </line>
    <line>
      <![CDATA[  【09时26分36秒 执行操作】Extjs： return Ext.query('#'+Ext.query('#'+Ext.getCmp('cdr-record').down('grid').down('tableview').id + ' [data-recordindex]')[0].id + ' tr td')[7].textContent]]>
    </line>
    <line>
      <![CDATA[    Pass: CDR目的中继检测]]>
    </line>
    <line>
      <![CDATA[  【09时26分37秒 执行操作】Extjs： return Ext.query('#'+Ext.query('#'+Ext.getCmp('cdr-record').down('grid').down('tableview').id + ' [data-recordindex]')[0].id + ' tr td')[8].textContent]]>
    </line>
    <line>
      <![CDATA[    Pass: CDR通讯类型检测]]>
    </line>
    <line>
      <![CDATA[  【09时26分39秒 执行操作】Extjs： Ext.get(Ext.query('#cdr-record_header-targetEl'+ ' .x-tool-close')[0].id).dom.click()]]>
    </line>
    <line>
      <![CDATA[  【09时26分39秒 执行操作】 1000拨打52000通过PSTN外线呼出]]>
    </line>
    <line>
      <![CDATA[  【09时26分42秒 执行操作】Extjs： return Ext.query('#'+Ext.query('#'+Ext.getCmp(Ext.getCmp('pbxmonitor').down('b-extenstatus').id).down('tableview').id + ' [data-recordindex]')[0].id + ' tr td div div')[0].getAttribute('data-qtip')]]>
    </line>
    <line>
      <![CDATA[  【09时26分45秒 执行操作】Extjs： return Ext.query('#'+Ext.query('#'+Ext.getCmp(Ext.getCmp('pbxmonitor').down('b-extenstatus').id).down('tableview').id + ' [data-recordindex]')[0].id + ' tr td div div')[0].getAttribute('data-qtip')]]>
    </line>
    <line>
      <![CDATA[    Pass: 预期1000为Talking状态]]>
    </line>
    <line>
      <![CDATA[  【09时27分07秒 执行操作】Extjs： return Ext.get(Ext.getCmp('cdr-record').down('loadmask').id).dom.style.display]]>
    </line>
    <line>
      <![CDATA[  【09时27分10秒 执行操作】Extjs： return Ext.query('#'+Ext.query('#'+Ext.getCmp('cdr-record').down('grid').down('tableview').id + ' [data-recordindex]')[0].id + ' tr td')[1].textContent]]>
    </line>
    <line>
      <![CDATA[    Pass: CDR呼叫方检测]]>
    </line>
    <line>
      <![CDATA[  【09时27分11秒 执行操作】Extjs： return Ext.query('#'+Ext.query('#'+Ext.getCmp('cdr-record').down('grid').down('tableview').id + ' [data-recordindex]')[0].id + ' tr td')[2].textContent]]>
    </line>
    <line>
      <![CDATA[    Pass: CDR被叫方检测]]>
    </line>
    <line>
      <![CDATA[  【09时27分13秒 执行操作】Extjs： return Ext.query('#'+Ext.query('#'+Ext.getCmp('cdr-record').down('grid').down('tableview').id + ' [data-recordindex]')[0].id + ' tr td')[5].textContent]]>
    </line>
    <line>
      <![CDATA[    Pass: CDR_Status检测]]>
    </line>
    <line>
      <![CDATA[  【09时27分14秒 执行操作】Extjs： return Ext.query('#'+Ext.query('#'+Ext.getCmp('cdr-record').down('grid').down('tableview').id + ' [data-recordindex]')[0].id + ' tr td')[6].textContent]]>
    </line>
    <line>
      <![CDATA[    Pass: CDR源中继检测]]>
    </line>
    <line>
      <![CDATA[  【09时27分16秒 执行操作】Extjs： return Ext.query('#'+Ext.query('#'+Ext.getCmp('cdr-record').down('grid').down('tableview').id + ' [data-recordindex]')[0].id + ' tr td')[7].textContent]]>
    </line>
    <line>
      <![CDATA[    Pass: CDR目的中继检测]]>
    </line>
    <line>
      <![CDATA[  【09时27分17秒 执行操作】Extjs： return Ext.query('#'+Ext.query('#'+Ext.getCmp('cdr-record').down('grid').down('tableview').id + ' [data-recordindex]')[0].id + ' tr td')[8].textContent]]>
    </line>
    <line>
      <![CDATA[    Pass: CDR通讯类型检测]]>
    </line>
    <line>
      <![CDATA[  【09时27分19秒 执行操作】Extjs： Ext.get(Ext.query('#cdr-record_header-targetEl'+ ' .x-tool-close')[0].id).dom.click()]]>
    </line>
    <line>
      <![CDATA[  【09时27分19秒 执行操作】 1000拨打62000通过BRI外线呼出]]>
    </line>
    <line>
      <![CDATA[  【09时27分23秒 执行操作】Extjs： return Ext.query('#'+Ext.query('#'+Ext.getCmp(Ext.getCmp('pbxmonitor').down('b-extenstatus').id).down('tableview').id + ' [data-recordindex]')[0].id + ' tr td div div')[0].getAttribute('data-qtip')]]>
    </line>
    <line>
      <![CDATA[  【09时27分25秒 执行操作】Extjs： return Ext.query('#'+Ext.query('#'+Ext.getCmp(Ext.getCmp('pbxmonitor').down('b-extenstatus').id).down('tableview').id + ' [data-recordindex]')[0].id + ' tr td div div')[0].getAttribute('data-qtip')]]>
    </line>
    <line>
      <![CDATA[  【09时27分28秒 执行操作】Extjs： return Ext.query('#'+Ext.query('#'+Ext.getCmp(Ext.getCmp('pbxmonitor').down('b-extenstatus').id).down('tableview').id + ' [data-recordindex]')[0].id + ' tr td div div')[0].getAttribute('data-qtip')]]>
    </line>
    <line>
      <![CDATA[  【09时27分30秒 执行操作】Extjs： return Ext.query('#'+Ext.query('#'+Ext.getCmp(Ext.getCmp('pbxmonitor').down('b-extenstatus').id).down('tableview').id + ' [data-recordindex]')[0].id + ' tr td div div')[0].getAttribute('data-qtip')]]>
    </line>
    <line>
      <![CDATA[  【09时27分33秒 执行操作】Extjs： return Ext.query('#'+Ext.query('#'+Ext.getCmp(Ext.getCmp('pbxmonitor').down('b-extenstatus').id).down('tableview').id + ' [data-recordindex]')[0].id + ' tr td div div')[0].getAttribute('data-qtip')]]>
    </line>
    <line>
      <![CDATA[    <a href="file:///F:\MyProject\SwebTest\pic\预期1000为Talking状态 【预期：3 实际：4】.jpg" target="_blank">Error: 预期1000为Talking状态 【预期：3 实际：4】</a>]]>
    </line>
    <line>
      <![CDATA[  【09时27分54秒 执行操作】 1000拨打72000通过E1外线呼出]]>
    </line>
    <line>
      <![CDATA[  【09时27分57秒 执行操作】Extjs： return Ext.query('#'+Ext.query('#'+Ext.getCmp(Ext.getCmp('pbxmonitor').down('b-extenstatus').id).down('tableview').id + ' [data-recordindex]')[0].id + ' tr td div div')[0].getAttribute('data-qtip')]]>
    </line>
    <line>
      <![CDATA[  【09时28分00秒 执行操作】Extjs： return Ext.query('#'+Ext.query('#'+Ext.getCmp(Ext.getCmp('pbxmonitor').down('b-extenstatus').id).down('tableview').id + ' [data-recordindex]')[0].id + ' tr td div div')[0].getAttribute('data-qtip')]]>
    </line>
    <line>
      <![CDATA[  【09时28分02秒 执行操作】Extjs： return Ext.query('#'+Ext.query('#'+Ext.getCmp(Ext.getCmp('pbxmonitor').down('b-extenstatus').id).down('tableview').id + ' [data-recordindex]')[0].id + ' tr td div div')[0].getAttribute('data-qtip')]]>
    </line>
    <line>
      <![CDATA[  【09时28分05秒 执行操作】Extjs： return Ext.query('#'+Ext.query('#'+Ext.getCmp(Ext.getCmp('pbxmonitor').down('b-extenstatus').id).down('tableview').id + ' [data-recordindex]')[0].id + ' tr td div div')[0].getAttribute('data-qtip')]]>
    </line>
    <line>
      <![CDATA[    Pass: 预期1000为Talking状态]]>
    </line>
    <line>
      <![CDATA[  【09时28分29秒 执行操作】Extjs： return Ext.get(Ext.getCmp('cdr-record').down('loadmask').id).dom.style.display]]>
    </line>
    <line>
      <![CDATA[  【09时28分32秒 执行操作】Extjs： return Ext.query('#'+Ext.query('#'+Ext.getCmp('cdr-record').down('grid').down('tableview').id + ' [data-recordindex]')[0].id + ' tr td')[1].textContent]]>
    </line>
    <line>
      <![CDATA[    Pass: CDR呼叫方检测]]>
    </line>
    <line>
      <![CDATA[  【09时28分34秒 执行操作】Extjs： return Ext.query('#'+Ext.query('#'+Ext.getCmp('cdr-record').down('grid').down('tableview').id + ' [data-recordindex]')[0].id + ' tr td')[2].textContent]]>
    </line>
    <line>
      <![CDATA[    Pass: CDR被叫方检测]]>
    </line>
    <line>
      <![CDATA[  【09时28分35秒 执行操作】Extjs： return Ext.query('#'+Ext.query('#'+Ext.getCmp('cdr-record').down('grid').down('tableview').id + ' [data-recordindex]')[0].id + ' tr td')[5].textContent]]>
    </line>
    <line>
      <![CDATA[    Pass: CDR_Status检测]]>
    </line>
    <line>
      <![CDATA[  【09时28分37秒 执行操作】Extjs： return Ext.query('#'+Ext.query('#'+Ext.getCmp('cdr-record').down('grid').down('tableview').id + ' [data-recordindex]')[0].id + ' tr td')[6].textContent]]>
    </line>
    <line>
      <![CDATA[    Pass: CDR源中继检测]]>
    </line>
    <line>
      <![CDATA[  【09时28分38秒 执行操作】Extjs： return Ext.query('#'+Ext.query('#'+Ext.getCmp('cdr-record').down('grid').down('tableview').id + ' [data-recordindex]')[0].id + ' tr td')[7].textContent]]>
    </line>
    <line>
      <![CDATA[    Pass: CDR目的中继检测]]>
    </line>
    <line>
      <![CDATA[  【09时28分40秒 执行操作】Extjs： return Ext.query('#'+Ext.query('#'+Ext.getCmp('cdr-record').down('grid').down('tableview').id + ' [data-recordindex]')[0].id + ' tr td')[8].textContent]]>
    </line>
    <line>
      <![CDATA[    Pass: CDR通讯类型检测]]>
    </line>
    <line>
      <![CDATA[  【09时28分41秒 执行操作】Extjs： Ext.get(Ext.query('#cdr-record_header-targetEl'+ ' .x-tool-close')[0].id).dom.click()]]>
    </line>
    <line>
      <![CDATA[  【09时28分42秒 执行操作】 新建呼出路由DialPattern，Pattern:01.，strip：2，Prepend：123456，选择SIP外线/所有分机]]>
    </line>
    <line>
      <![CDATA[  【09时28分44秒 执行操作】Extjs： return Ext.get('ys-waiting').dom.style.display]]>
    </line>
    <line>
      <![CDATA[  【09时28分45秒 执行操作】Extjs： return Ext.get('ys-waiting').dom.style.display]]>
    </line>
    <line>
      <![CDATA[  【09时28分48秒 执行操作】Extjs： Ext.getCmp('control-panel').down('outrouter-edit').down('grid').store.getAt(0).set('patterns','01.')]]>
    </line>
    <line>
      <![CDATA[  【09时28分49秒 执行操作】Extjs： Ext.getCmp('control-panel').down('outrouter-edit').down('grid').store.getAt(0).set('strip','2')]]>
    </line>
    <line>
      <![CDATA[  【09时28分50秒 执行操作】Extjs： Ext.getCmp('control-panel').down('outrouter-edit').down('grid').store.getAt(0).set('prepend','30')]]>
    </line>
    <line>
      <![CDATA[  【09时28分52秒 执行操作】Extjs： return  Ext.getCmp('st-or-trunkinfo').getStore().findRecord('trunkname', "SIP1", 0, false, false, true).data.id]]>
    </line>
    <line>
      <![CDATA[  【09时28分53秒 执行操作】Extjs： Ext.getCmp('st-or-trunkinfo').setValue('35')]]>
    </line>
    <line>
      <![CDATA[  【09时28分57秒 执行操作】Extjs： return Ext.get(Ext.getCmp('control-panel').down('outrouter').down('loadmask').id).dom.style.display]]>
    </line>
    <line>
      <![CDATA[  【09时29分06秒 执行操作】 1000拨打0101通过sip外线呼出]]>
    </line>
    <line>
      <![CDATA[  【09时29分09秒 执行操作】Extjs： return Ext.query('#'+Ext.query('#'+Ext.getCmp(Ext.getCmp('pbxmonitor').down('b-extenstatus').id).down('tableview').id + ' [data-recordindex]')[0].id + ' tr td div div')[0].getAttribute('data-qtip')]]>
    </line>
    <line>
      <![CDATA[  【09时29分12秒 执行操作】Extjs： return Ext.query('#'+Ext.query('#'+Ext.getCmp(Ext.getCmp('pbxmonitor').down('b-extenstatus').id).down('tableview').id + ' [data-recordindex]')[0].id + ' tr td div div')[0].getAttribute('data-qtip')]]>
    </line>
    <line>
      <![CDATA[  【09时29分14秒 执行操作】Extjs： return Ext.query('#'+Ext.query('#'+Ext.getCmp(Ext.getCmp('pbxmonitor').down('b-extenstatus').id).down('tableview').id + ' [data-recordindex]')[0].id + ' tr td div div')[0].getAttribute('data-qtip')]]>
    </line>
    <line>
      <![CDATA[  【09时29分17秒 执行操作】Extjs： return Ext.query('#'+Ext.query('#'+Ext.getCmp(Ext.getCmp('pbxmonitor').down('b-extenstatus').id).down('tableview').id + ' [data-recordindex]')[0].id + ' tr td div div')[0].getAttribute('data-qtip')]]>
    </line>
    <line>
      <![CDATA[  【09时29分19秒 执行操作】Extjs： return Ext.query('#'+Ext.query('#'+Ext.getCmp(Ext.getCmp('pbxmonitor').down('b-extenstatus').id).down('tableview').id + ' [data-recordindex]')[0].id + ' tr td div div')[0].getAttribute('data-qtip')]]>
    </line>
    <line>
      <![CDATA[    <a href="file:///F:\MyProject\SwebTest\pic\预期1000为Talking状态 【预期：3 实际：4】.jpg" target="_blank">Error: 预期1000为Talking状态 【预期：3 实际：4】</a>]]>
    </line>
    <line>
      <![CDATA[  【09时29分41秒 执行操作】 新建呼出路由Password，Pattern:02.，strip：2，外线:SPS，分机：1000]]>
    </line>
    <line>
      <![CDATA[  【09时29分43秒 执行操作】Extjs： return Ext.get('ys-waiting').dom.style.display]]>
    </line>
    <line>
      <![CDATA[  【09时29分44秒 执行操作】Extjs： return Ext.get('ys-waiting').dom.style.display]]>
    </line>
    <line>
      <![CDATA[  【09时29分46秒 执行操作】Extjs： Ext.getCmp('control-panel').down('outrouter-edit').down('grid').store.getAt(0).set('patterns','02.')]]>
    </line>
    <line>
      <![CDATA[  【09时29分47秒 执行操作】Extjs： Ext.getCmp('control-panel').down('outrouter-edit').down('grid').store.getAt(0).set('strip','2')]]>
    </line>
    <line>
      <![CDATA[  【09时29分49秒 执行操作】Extjs： return  Ext.getCmp('st-or-trunkinfo').getStore().findRecord('trunkname', "SPS1", 0, false, false, true).data.id]]>
    </line>
    <line>
      <![CDATA[  【09时29分51秒 执行操作】Extjs： Ext.getCmp('st-or-trunkinfo').setValue('37')]]>
    </line>
    <line>
      <![CDATA[  【09时29分52秒 执行操作】Extjs： return  Ext.getCmp('st-or-exteninfo').getStore().findRecord('username', "1000", 0, false, false, true).data.id]]>
    </line>
    <line>
      <![CDATA[  【09时29分53秒 执行操作】Extjs： Ext.getCmp('st-or-exteninfo').setValue('60')]]>
    </line>
    <line>
      <![CDATA[  【09时29分56秒 执行操作】Extjs： return Ext.get(Ext.getCmp('control-panel').down('outrouter').down('loadmask').id).dom.style.display]]>
    </line>
    <line>
      <![CDATA[  【09时30分00秒 执行操作】 编辑呼出路由Password，Passwoed：Single Pin--123]]>
    </line>
    <line>
      <![CDATA[  【09时30分01秒 执行操作】Extjs： return Ext.getCmp('control-panel').down('outrouter').getStore().getCount()]]>
    </line>
    <line>
      <![CDATA[  【09时30分02秒 执行操作】Extjs： return Ext.query('#'+Ext.query('#'+Ext.getCmp('control-panel').down('outrouter').id + ' [data-recordindex]')[0].id + ' tr td')[1].textContent]]>
    </line>
    <line>
      <![CDATA[  【09时30分04秒 执行操作】Extjs： return Ext.query('#'+Ext.query('#'+Ext.getCmp('control-panel').down('outrouter').id + ' [data-recordindex]')[1].id + ' tr td')[1].textContent]]>
    </line>
    <line>
      <![CDATA[  【09时30分05秒 执行操作】Extjs： return Ext.query('#'+Ext.query('#'+Ext.getCmp('control-panel').down('outrouter').id + ' [data-recordindex]')[2].id + ' tr td')[1].textContent]]>
    </line>
    <line>
      <![CDATA[  【09时30分07秒 执行操作】Extjs： return Ext.query('#'+Ext.query('#'+Ext.getCmp('control-panel').down('outrouter').id + ' [data-recordindex]')[3].id + ' tr td')[1].textContent]]>
    </line>
    <line>
      <![CDATA[  【09时30分08秒 执行操作】Extjs： return Ext.query('#'+Ext.query('#'+Ext.getCmp('control-panel').down('outrouter').id + ' [data-recordindex]')[4].id + ' tr td')[1].textContent]]>
    </line>
    <line>
      <![CDATA[  【09时30分10秒 执行操作】Extjs： return Ext.query('#'+Ext.query('#'+Ext.getCmp('control-panel').down('outrouter').id + ' [data-recordindex]')[5].id + ' tr td')[1].textContent]]>
    </line>
    <line>
      <![CDATA[  【09时30分11秒 执行操作】Extjs： return Ext.query('#'+Ext.query('#'+Ext.getCmp('control-panel').down('outrouter').id + ' [data-recordindex]')[6].id + ' tr td')[1].textContent]]>
    </line>
    <line>
      <![CDATA[  【09时30分13秒 执行操作】Extjs： return Ext.query('#'+Ext.query('#'+Ext.getCmp('control-panel').down('outrouter').id + ' [data-recordindex]')[7].id + ' tr td')[1].textContent]]>
    </line>
    <line>
      <![CDATA[  【09时30分15秒 执行操作】Extjs： return Ext.query('#'+Ext.query('#'+Ext.getCmp('control-panel').down('outrouter').id + ' [data-recordindex]')[8].id + ' tr td')[1].textContent]]>
    </line>
    <line>
      <![CDATA[  【09时30分21秒 执行操作】Extjs： Ext.query('#'+Ext.query('#'+Ext.getCmp('control-panel').down('outrouter').id + ' [data-recordindex]')[8].id + ' tr td img')[0].click()]]>
    </line>
    <line>
      <![CDATA[  【09时30分24秒 执行操作】Extjs： return Ext.get('ys-waiting').dom.style.display]]>
    </line>
    <line>
      <![CDATA[  【09时30分26秒 执行操作】Extjs： Ext.getCmp('st-or-pintype').setValue('singlepin')]]>
    </line>
    <line>
      <![CDATA[  【09时30分29秒 执行操作】Extjs： return Ext.get(Ext.getCmp('control-panel').down('outrouter').down('loadmask').id).dom.style.display]]>
    </line>
    <line>
      <![CDATA[  【09时30分38秒 执行操作】 1000拨打028888通过SPS外线呼出]]>
    </line>
    <line>
      <![CDATA[    Pass: 预期1000为Talking状态]]>
    </line>
    <line>
      <![CDATA[  【09时31分06秒 执行操作】Extjs： return Ext.get(Ext.getCmp('cdr-record').down('loadmask').id).dom.style.display]]>
    </line>
    <line>
      <![CDATA[  【09时31分09秒 执行操作】Extjs： return Ext.query('#'+Ext.query('#'+Ext.getCmp('cdr-record').down('grid').down('tableview').id + ' [data-recordindex]')[0].id + ' tr td')[1].textContent]]>
    </line>
    <line>
      <![CDATA[    Pass: CDR呼叫方检测]]>
    </line>
    <line>
      <![CDATA[  【09时31分11秒 执行操作】Extjs： return Ext.query('#'+Ext.query('#'+Ext.getCmp('cdr-record').down('grid').down('tableview').id + ' [data-recordindex]')[0].id + ' tr td')[2].textContent]]>
    </line>
    <line>
      <![CDATA[    Pass: CDR被叫方检测]]>
    </line>
    <line>
      <![CDATA[  【09时31分12秒 执行操作】Extjs： return Ext.query('#'+Ext.query('#'+Ext.getCmp('cdr-record').down('grid').down('tableview').id + ' [data-recordindex]')[0].id + ' tr td')[5].textContent]]>
    </line>
    <line>
      <![CDATA[    Pass: CDR_Status检测]]>
    </line>
    <line>
      <![CDATA[  【09时31分14秒 执行操作】Extjs： return Ext.query('#'+Ext.query('#'+Ext.getCmp('cdr-record').down('grid').down('tableview').id + ' [data-recordindex]')[0].id + ' tr td')[6].textContent]]>
    </line>
    <line>
      <![CDATA[    Pass: CDR源中继检测]]>
    </line>
    <line>
      <![CDATA[  【09时31分15秒 执行操作】Extjs： return Ext.query('#'+Ext.query('#'+Ext.getCmp('cdr-record').down('grid').down('tableview').id + ' [data-recordindex]')[0].id + ' tr td')[7].textContent]]>
    </line>
    <line>
      <![CDATA[    Pass: CDR目的中继检测]]>
    </line>
    <line>
      <![CDATA[  【09时31分17秒 执行操作】Extjs： return Ext.query('#'+Ext.query('#'+Ext.getCmp('cdr-record').down('grid').down('tableview').id + ' [data-recordindex]')[0].id + ' tr td')[8].textContent]]>
    </line>
    <line>
      <![CDATA[    Pass: CDR通讯类型检测]]>
    </line>
    <line>
      <![CDATA[  【09时31分18秒 执行操作】Extjs： Ext.get(Ext.query('#cdr-record_header-targetEl'+ ' .x-tool-close')[0].id).dom.click()]]>
    </line>
    <line>
      <![CDATA[  【09时31分24秒 执行操作】Extjs： return Ext.get(Ext.getCmp('cdr-record').down('loadmask').id).dom.style.display]]>
    </line>
    <line>
      <![CDATA[  【09时31分27秒 执行操作】Extjs： return Ext.query('#'+Ext.query('#'+Ext.getCmp('cdr-record').down('grid').down('tableview').id + ' [data-recordindex]')[0].id + ' tr td')[9].textContent]]>
    </line>
    <line>
      <![CDATA[    Pass: CDR检测]]>
    </line>
    <line>
      <![CDATA[  【09时31分28秒 执行操作】Extjs： Ext.get(Ext.query('#cdr-record_header-targetEl'+ ' .x-tool-close')[0].id).dom.click()]]>
    </line>
    <line>
      <![CDATA[  【09时31分29秒 执行操作】 新建呼出路由Rrmemory_hunt，Pattern:03.，strip：2，外线:SPS、SIP，分机：1000]]>
    </line>
    <line>
      <![CDATA[  【09时31分31秒 执行操作】Extjs： return Ext.get('ys-waiting').dom.style.display]]>
    </line>
    <line>
      <![CDATA[  【09时31分32秒 执行操作】Extjs： return Ext.get('ys-waiting').dom.style.display]]>
    </line>
    <line>
      <![CDATA[  【09时31分34秒 执行操作】Extjs： Ext.getCmp('control-panel').down('outrouter-edit').down('grid').store.getAt(0).set('patterns','03.')]]>
    </line>
    <line>
      <![CDATA[  【09时31分35秒 执行操作】Extjs： Ext.getCmp('control-panel').down('outrouter-edit').down('grid').store.getAt(0).set('strip','2')]]>
    </line>
    <line>
      <![CDATA[  【09时31分37秒 执行操作】Extjs： return  Ext.getCmp('st-or-trunkinfo').getStore().findRecord('trunkname', "SPS1", 0, false, false, true).data.id]]>
    </line>
    <line>
      <![CDATA[  【09时31分38秒 执行操作】Extjs： return  Ext.getCmp('st-or-trunkinfo').getStore().findRecord('trunkname', "SIP1", 0, false, false, true).data.id]]>
    </line>
    <line>
      <![CDATA[  【09时31分39秒 执行操作】Extjs： Ext.getCmp('st-or-trunkinfo').setValue('37,35')]]>
    </line>
    <line>
      <![CDATA[  【09时31分40秒 执行操作】Extjs： return  Ext.getCmp('st-or-exteninfo').getStore().findRecord('username', "1000", 0, false, false, true).data.id]]>
    </line>
    <line>
      <![CDATA[  【09时31分41秒 执行操作】Extjs： Ext.getCmp('st-or-exteninfo').setValue('60')]]>
    </line>
    <line>
      <![CDATA[  【09时31分45秒 执行操作】Extjs： return Ext.get(Ext.getCmp('control-panel').down('outrouter').down('loadmask').id).dom.style.display]]>
    </line>
    <line>
      <![CDATA[  【09时31分47秒 执行操作】 编辑呼出路由Rrmemory_hunt，启用循环抓取]]>
    </line>
    <line>
      <![CDATA[  【09时31分51秒 执行操作】Extjs： Ext.getCmp('control-panel').down('outrouter').down('mypagingtoolbar').plugins[0].setValue('25')]]>
    </line>
    <line>
      <![CDATA[  【09时31分52秒 执行操作】Extjs： Ext.getCmp('control-panel').down('outrouter').down('mypagingtoolbar').store.setPageSize(25)]]>
    </line>
    <line>
      <![CDATA[  【09时31分53秒 执行操作】Extjs： Ext.getCmp('control-panel').down('outrouter').down('mypagingtoolbar').store.loadPage(1)]]>
    </line>
    <line>
      <![CDATA[  【09时31分54秒 执行操作】Extjs： return Ext.getCmp('control-panel').down('outrouter').getStore().getCount()]]>
    </line>
    <line>
      <![CDATA[  【09时31分55秒 执行操作】Extjs： return Ext.query('#'+Ext.query('#'+Ext.getCmp('control-panel').down('outrouter').id + ' [data-recordindex]')[0].id + ' tr td')[1].textContent]]>
    </line>
    <line>
      <![CDATA[  【09时31分57秒 执行操作】Extjs： return Ext.query('#'+Ext.query('#'+Ext.getCmp('control-panel').down('outrouter').id + ' [data-recordindex]')[1].id + ' tr td')[1].textContent]]>
    </line>
    <line>
      <![CDATA[  【09时31分59秒 执行操作】Extjs： return Ext.query('#'+Ext.query('#'+Ext.getCmp('control-panel').down('outrouter').id + ' [data-recordindex]')[2].id + ' tr td')[1].textContent]]>
    </line>
    <line>
      <![CDATA[  【09时32分00秒 执行操作】Extjs： return Ext.query('#'+Ext.query('#'+Ext.getCmp('control-panel').down('outrouter').id + ' [data-recordindex]')[3].id + ' tr td')[1].textContent]]>
    </line>
    <line>
      <![CDATA[  【09时32分02秒 执行操作】Extjs： return Ext.query('#'+Ext.query('#'+Ext.getCmp('control-panel').down('outrouter').id + ' [data-recordindex]')[4].id + ' tr td')[1].textContent]]>
    </line>
    <line>
      <![CDATA[  【09时32分03秒 执行操作】Extjs： return Ext.query('#'+Ext.query('#'+Ext.getCmp('control-panel').down('outrouter').id + ' [data-recordindex]')[5].id + ' tr td')[1].textContent]]>
    </line>
    <line>
      <![CDATA[  【09时32分05秒 执行操作】Extjs： return Ext.query('#'+Ext.query('#'+Ext.getCmp('control-panel').down('outrouter').id + ' [data-recordindex]')[6].id + ' tr td')[1].textContent]]>
    </line>
    <line>
      <![CDATA[  【09时32分06秒 执行操作】Extjs： return Ext.query('#'+Ext.query('#'+Ext.getCmp('control-panel').down('outrouter').id + ' [data-recordindex]')[7].id + ' tr td')[1].textContent]]>
    </line>
    <line>
      <![CDATA[  【09时32分08秒 执行操作】Extjs： return Ext.query('#'+Ext.query('#'+Ext.getCmp('control-panel').down('outrouter').id + ' [data-recordindex]')[8].id + ' tr td')[1].textContent]]>
    </line>
    <line>
      <![CDATA[  【09时32分09秒 执行操作】Extjs： return Ext.query('#'+Ext.query('#'+Ext.getCmp('control-panel').down('outrouter').id + ' [data-recordindex]')[9].id + ' tr td')[1].textContent]]>
    </line>
    <line>
      <![CDATA[  【09时32分15秒 执行操作】Extjs： Ext.query('#'+Ext.query('#'+Ext.getCmp('control-panel').down('outrouter').id + ' [data-recordindex]')[9].id + ' tr td img')[0].click()]]>
    </line>
    <line>
      <![CDATA[  【09时32分19秒 执行操作】Extjs： return Ext.get('ys-waiting').dom.style.display]]>
    </line>
    <line>
      <![CDATA[  【09时32分21秒 执行操作】Extjs： Ext.getCmp('st-or-adjusttrunk').setValue('true')]]>
    </line>
    <line>
      <![CDATA[  【09时32分23秒 执行操作】Extjs： return Ext.get(Ext.getCmp('control-panel').down('outrouter').down('loadmask').id).dom.style.display]]>
    </line>
    <line>
      <![CDATA[  【09时32分33秒 执行操作】 1000拨打033001，第1次预期通过SPS外线呼出]]>
    </line>
    <line>
      <![CDATA[    Pass: 预期1000为Talking状态]]>
    </line>
    <line>
      <![CDATA[  【09时32分54秒 执行操作】Extjs： return Ext.get(Ext.getCmp('cdr-record').down('loadmask').id).dom.style.display]]>
    </line>
    <line>
      <![CDATA[  【09时32分57秒 执行操作】Extjs： return Ext.query('#'+Ext.query('#'+Ext.getCmp('cdr-record').down('grid').down('tableview').id + ' [data-recordindex]')[0].id + ' tr td')[1].textContent]]>
    </line>
    <line>
      <![CDATA[    Pass: CDR呼叫方检测]]>
    </line>
    <line>
      <![CDATA[  【09时32分59秒 执行操作】Extjs： return Ext.query('#'+Ext.query('#'+Ext.getCmp('cdr-record').down('grid').down('tableview').id + ' [data-recordindex]')[0].id + ' tr td')[2].textContent]]>
    </line>
    <line>
      <![CDATA[    Pass: CDR被叫方检测]]>
    </line>
    <line>
      <![CDATA[  【09时33分00秒 执行操作】Extjs： return Ext.query('#'+Ext.query('#'+Ext.getCmp('cdr-record').down('grid').down('tableview').id + ' [data-recordindex]')[0].id + ' tr td')[5].textContent]]>
    </line>
    <line>
      <![CDATA[    Pass: CDR_Status检测]]>
    </line>
    <line>
      <![CDATA[  【09时33分02秒 执行操作】Extjs： return Ext.query('#'+Ext.query('#'+Ext.getCmp('cdr-record').down('grid').down('tableview').id + ' [data-recordindex]')[0].id + ' tr td')[6].textContent]]>
    </line>
    <line>
      <![CDATA[    Pass: CDR源中继检测]]>
    </line>
    <line>
      <![CDATA[  【09时33分03秒 执行操作】Extjs： return Ext.query('#'+Ext.query('#'+Ext.getCmp('cdr-record').down('grid').down('tableview').id + ' [data-recordindex]')[0].id + ' tr td')[7].textContent]]>
    </line>
    <line>
      <![CDATA[    Pass: CDR目的中继检测]]>
    </line>
    <line>
      <![CDATA[  【09时33分05秒 执行操作】Extjs： return Ext.query('#'+Ext.query('#'+Ext.getCmp('cdr-record').down('grid').down('tableview').id + ' [data-recordindex]')[0].id + ' tr td')[8].textContent]]>
    </line>
    <line>
      <![CDATA[    Pass: CDR通讯类型检测]]>
    </line>
    <line>
      <![CDATA[  【09时33分06秒 执行操作】Extjs： Ext.get(Ext.query('#cdr-record_header-targetEl'+ ' .x-tool-close')[0].id).dom.click()]]>
    </line>
    <line>
      <![CDATA[  【09时33分07秒 执行操作】 1000拨打033001，第2次预期通过SIP外线呼出]]>
    </line>
    <line>
      <![CDATA[    Pass: 预期1000为Talking状态]]>
    </line>
    <line>
      <![CDATA[  【09时33分28秒 执行操作】Extjs： return Ext.get(Ext.getCmp('cdr-record').down('loadmask').id).dom.style.display]]>
    </line>
    <line>
      <![CDATA[  【09时33分31秒 执行操作】Extjs： return Ext.query('#'+Ext.query('#'+Ext.getCmp('cdr-record').down('grid').down('tableview').id + ' [data-recordindex]')[0].id + ' tr td')[1].textContent]]>
    </line>
    <line>
      <![CDATA[    Pass: CDR呼叫方检测]]>
    </line>
    <line>
      <![CDATA[  【09时33分32秒 执行操作】Extjs： return Ext.query('#'+Ext.query('#'+Ext.getCmp('cdr-record').down('grid').down('tableview').id + ' [data-recordindex]')[0].id + ' tr td')[2].textContent]]>
    </line>
    <line>
      <![CDATA[    Pass: CDR被叫方检测]]>
    </line>
    <line>
[...]
	at sun.reflect.DelegatingConstructorAccessorImpl.newInstance(DelegatingConstructorAccessorImpl.java:45)
	at java.lang.reflect.Constructor.newInstance(Constructor.java:423)
	at org.openqa.selenium.remote.ErrorHandler.createThrowable(ErrorHandler.java:206)
	at org.openqa.selenium.remote.ErrorHandler.throwIfResponseFailed(ErrorHandler.java:158)
	at org.openqa.selenium.remote.RemoteWebDriver.execute(RemoteWebDriver.java:678)
	at org.openqa.selenium.remote.RemoteWebDriver.get(RemoteWebDriver.java:316)
	at org.openqa.selenium.remote.RemoteWebDriver$RemoteNavigation.to(RemoteWebDriver.java:969)
	at com.codeborne.selenide.impl.Navigator.navigateToAbsoluteUrl(Navigator.java:70)
	at com.codeborne.selenide.impl.Navigator.open(Navigator.java:32)
	at com.codeborne.selenide.Selenide.open(Selenide.java:82)
	at com.codeborne.selenide.Selenide.open(Selenide.java:56)
	at com.yeastar.swebtest.driver.SwebDriver.initialDriver(SwebDriver.java:72)
	at com.yeastar.swebtest.driver.SwebDriver.initialDriver(SwebDriver.java:33)
	at com.yeastar.swebtest.testcase.RegressionCase.pbxcase.Blacklist_Whitelist.A_Login(Blacklist_Whitelist.java:16)
	at sun.reflect.NativeMethodAccessorImpl.invoke0(Native Method)
	at sun.reflect.NativeMethodAccessorImpl.invoke(NativeMethodAccessorImpl.java:62)
	at sun.reflect.DelegatingMethodAccessorImpl.invoke(DelegatingMethodAccessorImpl.java:43)
	at java.lang.reflect.Method.invoke(Method.java:498)
	at org.testng.internal.MethodInvocationHelper.invokeMethod(MethodInvocationHelper.java:85)
	at org.testng.internal.Invoker.invokeConfigurationMethod(Invoker.java:510)
	at org.testng.internal.Invoker.invokeConfigurations(Invoker.java:211)
	at org.testng.internal.Invoker.invokeConfigurations(Invoker.java:138)
	at org.testng.internal.TestMethodWorker.invokeBeforeClassMethods(TestMethodWorker.java:170)
	at org.testng.internal.TestMethodWorker.run(TestMethodWorker.java:104)
	at org.testng.TestRunner.privateRun(TestRunner.java:774)
	at org.testng.TestRunner.run(TestRunner.java:624)
	at org.testng.SuiteRunner.runTest(SuiteRunner.java:359)
	at org.testng.SuiteRunner.runSequentially(SuiteRunner.java:354)
	at org.testng.SuiteRunner.privateRun(SuiteRunner.java:312)
	at org.testng.SuiteRunner.run(SuiteRunner.java:261)
	at org.testng.SuiteRunnerWorker.runSuite(SuiteRunnerWorker.java:52)
	at org.testng.SuiteRunnerWorker.run(SuiteRunnerWorker.java:86)
	at org.testng.TestNG.runSuitesSequentially(TestNG.java:1215)
	at org.testng.TestNG.runSuitesLocally(TestNG.java:1140)
	at org.testng.TestNG.run(TestNG.java:1048)
	at org.apache.maven.surefire.testng.TestNGExecutor.run(TestNGExecutor.java:293)
	at org.apache.maven.surefire.testng.TestNGXmlTestSuite.execute(TestNGXmlTestSuite.java:84)
	at org.apache.maven.surefire.testng.TestNGProvider.invoke(TestNGProvider.java:91)
	at org.apache.maven.surefire.booter.ForkedBooter.invokeProviderInSameClassLoader(ForkedBooter.java:200)
	at org.apache.maven.surefire.booter.ForkedBooter.runSuitesInProcess(ForkedBooter.java:153)
	at org.apache.maven.surefire.booter.ForkedBooter.main(ForkedBooter.java:103)
]]>
            </full-stacktrace>
          </exception> <!-- org.openqa.selenium.WebDriverException -->
          <reporter-output>
            <line>
              <![CDATA[【测试类场景初始化】_2018年11月02日 10时36分18秒开始执行：======  Blacklist_Whitelist  =======]]>
            </line>
          </reporter-output>
        </test-method> <!-- A_Login -->
        <test-method status="SKIP" signature="C_InitBlackList_WhiteList()[pri:0, instance:com.yeastar.swebtest.testcase.RegressionCase.pbxcase.Blacklist_Whitelist@729b1e]" name="C_InitBlackList_WhiteList" is-config="true" duration-ms="0" started-at="2018-11-02T10:36:47Z" finished-at="2018-11-02T10:36:47Z">
          <reporter-output>
          </reporter-output>
        </test-method> <!-- C_InitBlackList_WhiteList -->
        <test-method status="SKIP" signature="A0_Register()[pri:0, instance:com.yeastar.swebtest.testcase.RegressionCase.pbxcase.Blacklist_Whitelist@729b1e]" name="A0_Register" duration-ms="1" started-at="2018-11-02T10:36:47Z" finished-at="2018-11-02T10:36:47Z">
          <reporter-output>
          </reporter-output>
        </test-method> <!-- A0_Register -->
        <test-method status="SKIP" signature="AfterMethod()[pri:0, instance:com.yeastar.swebtest.testcase.RegressionCase.pbxcase.Blacklist_Whitelist@729b1e]" name="AfterMethod" is-config="true" duration-ms="0" started-at="2018-11-02T10:36:47Z" finished-at="2018-11-02T10:36:47Z">
          <reporter-output>
          </reporter-output>
        </test-method> <!-- AfterMethod -->
        <test-method status="SKIP" signature="AfterMethod()[pri:0, instance:com.yeastar.swebtest.testcase.RegressionCase.pbxcase.Blacklist_Whitelist@729b1e]" name="AfterMethod" is-config="true" duration-ms="0" started-at="2018-11-02T10:36:47Z" finished-at="2018-11-02T10:36:47Z">
          <reporter-output>
          </reporter-output>
        </test-method> <!-- AfterMethod -->
        <test-method status="SKIP" signature="A1_EditInRoute1()[pri:0, instance:com.yeastar.swebtest.testcase.RegressionCase.pbxcase.Blacklist_Whitelist@729b1e]" name="A1_EditInRoute1" duration-ms="0" started-at="2018-11-02T10:36:47Z" finished-at="2018-11-02T10:36:47Z">
          <reporter-output>
          </reporter-output>
        </test-method> <!-- A1_EditInRoute1 -->
        <test-method status="SKIP" signature="AfterMethod()[pri:0, instance:com.yeastar.swebtest.testcase.RegressionCase.pbxcase.Blacklist_Whitelist@729b1e]" name="AfterMethod" is-config="true" duration-ms="0" started-at="2018-11-02T10:36:47Z" finished-at="2018-11-02T10:36:47Z">
          <reporter-output>
          </reporter-output>
        </test-method> <!-- AfterMethod -->
        <test-method status="SKIP" signature="B1_blackList1_In_2001_add()[pri:0, instance:com.yeastar.swebtest.testcase.RegressionCase.pbxcase.Blacklist_Whitelist@729b1e]" name="B1_blackList1_In_2001_add" duration-ms="0" started-at="2018-11-02T10:36:47Z" finished-at="2018-11-02T10:36:47Z">
          <reporter-output>
          </reporter-output>
        </test-method> <!-- B1_blackList1_In_2001_add -->
        <test-method status="SKIP" signature="B2_blackList1_In_2001_call()[pri:0, instance:com.yeastar.swebtest.testcase.RegressionCase.pbxcase.Blacklist_Whitelist@729b1e]" name="B2_blackList1_In_2001_call" duration-ms="0" started-at="2018-11-02T10:36:47Z" finished-at="2018-11-02T10:36:47Z">
          <reporter-output>
          </reporter-output>
        </test-method> <!-- B2_blackList1_In_2001_call -->
        <test-method status="SKIP" signature="AfterMethod()[pri:0, instance:com.yeastar.swebtest.testcase.RegressionCase.pbxcase.Blacklist_Whitelist@729b1e]" name="AfterMethod" is-config="true" duration-ms="0" started-at="2018-11-02T10:36:47Z" finished-at="2018-11-02T10:36:47Z">
          <reporter-output>
          </reporter-output>
        </test-method> <!-- AfterMethod -->
        <test-method status="SKIP" signature="C1_blackList2_Out_3001_add()[pri:0, instance:com.yeastar.swebtest.testcase.RegressionCase.pbxcase.Blacklist_Whitelist@729b1e]" name="C1_blackList2_Out_3001_add" duration-ms="0" started-at="2018-11-02T10:36:47Z" finished-at="2018-11-02T10:36:47Z">
          <reporter-output>
          </reporter-output>
        </test-method> <!-- C1_blackList2_Out_3001_add -->
        <test-method status="SKIP" signature="AfterMethod()[pri:0, instance:com.yeastar.swebtest.testcase.RegressionCase.pbxcase.Blacklist_Whitelist@729b1e]" name="AfterMethod" is-config="true" duration-ms="0" started-at="2018-11-02T10:36:47Z" finished-at="2018-11-02T10:36:47Z">
          <reporter-output>
          </reporter-output>
        </test-method> <!-- AfterMethod -->
        <test-method status="SKIP" signature="AfterMethod()[pri:0, instance:com.yeastar.swebtest.testcase.RegressionCase.pbxcase.Blacklist_Whitelist@729b1e]" name="AfterMethod" is-config="true" duration-ms="0" started-at="2018-11-02T10:36:47Z" finished-at="2018-11-02T10:36:47Z">
          <reporter-output>
          </reporter-output>
        </test-method> <!-- AfterMethod -->
        <test-method status="SKIP" signature="C2_blackList2_Out_3001_call()[pri:0, instance:com.yeastar.swebtest.testcase.RegressionCase.pbxcase.Blacklist_Whitelist@729b1e]" name="C2_blackList2_Out_3001_call" duration-ms="0" started-at="2018-11-02T10:36:47Z" finished-at="2018-11-02T10:36:47Z">
          <reporter-output>
          </reporter-output>
        </test-method> <!-- C2_blackList2_Out_3001_call -->
        <test-method status="SKIP" signature="AfterMethod()[pri:0, instance:com.yeastar.swebtest.testcase.RegressionCase.pbxcase.Blacklist_Whitelist@729b1e]" name="AfterMethod" is-config="true" duration-ms="0" started-at="2018-11-02T10:36:47Z" finished-at="2018-11-02T10:36:47Z">
          <reporter-output>
          </reporter-output>
        </test-method> <!-- AfterMethod -->
        <test-method status="SKIP" signature="D1_whiteList1_Both_2001_add()[pri:0, instance:com.yeastar.swebtest.testcase.RegressionCase.pbxcase.Blacklist_Whitelist@729b1e]" name="D1_whiteList1_Both_2001_add" duration-ms="0" started-at="2018-11-02T10:36:47Z" finished-at="2018-11-02T10:36:47Z">
          <reporter-output>
          </reporter-output>
        </test-method> <!-- D1_whiteList1_Both_2001_add -->
        <test-method status="SKIP" signature="E1_whiteList2_Out_3001_add()[pri:0, instance:com.yeastar.swebtest.testcase.RegressionCase.pbxcase.Blacklist_Whitelist@729b1e]" name="E1_whiteList2_Out_3001_add" duration-ms="0" started-at="2018-11-02T10:36:47Z" finished-at="2018-11-02T10:36:47Z">
          <reporter-output>
          </reporter-output>
        </test-method> <!-- E1_whiteList2_Out_3001_add -->
        <test-method status="SKIP" signature="D2_whiteList1_Both_2001_call()[pri:0, instance:com.yeastar.swebtest.testcase.RegressionCase.pbxcase.Blacklist_Whitelist@729b1e]" name="D2_whiteList1_Both_2001_call" duration-ms="0" started-at="2018-11-02T10:36:47Z" finished-at="2018-11-02T10:36:47Z">
          <reporter-output>
          </reporter-output>
        </test-method> <!-- D2_whiteList1_Both_2001_call -->
        <test-method status="SKIP" signature="AfterMethod()[pri:0, instance:com.yeastar.swebtest.testcase.RegressionCase.pbxcase.Blacklist_Whitelist@729b1e]" name="AfterMethod" is-config="true" duration-ms="0" started-at="2018-11-02T10:36:47Z" finished-at="2018-11-02T10:36:47Z">
          <reporter-output>
          </reporter-output>
        </test-method> <!-- AfterMethod -->
        <test-method status="SKIP" signature="AfterMethod()[pri:0, instance:com.yeastar.swebtest.testcase.RegressionCase.pbxcase.Blacklist_Whitelist@729b1e]" name="AfterMethod" is-config="true" duration-ms="0" started-at="2018-11-02T10:36:47Z" finished-at="2018-11-02T10:36:47Z">
          <reporter-output>
          </reporter-output>
        </test-method> <!-- AfterMethod -->
        <test-method status="SKIP" signature="E2_whiteList2_Out_3001_call()[pri:0, instance:com.yeastar.swebtest.testcase.RegressionCase.pbxcase.Blacklist_Whitelist@729b1e]" name="E2_whiteList2_Out_3001_call" duration-ms="0" started-at="2018-11-02T10:36:47Z" finished-at="2018-11-02T10:36:47Z">
          <reporter-output>
          </reporter-output>
        </test-method> <!-- E2_whiteList2_Out_3001_call -->
        <test-method status="SKIP" signature="AfterMethod()[pri:0, instance:com.yeastar.swebtest.testcase.RegressionCase.pbxcase.Blacklist_Whitelist@729b1e]" name="AfterMethod" is-config="true" duration-ms="0" started-at="2018-11-02T10:36:47Z" finished-at="2018-11-02T10:36:47Z">
          <reporter-output>
          </reporter-output>
        </test-method> <!-- AfterMethod -->
        <test-method status="SKIP" signature="F1_blackList2_In_3001_edit()[pri:0, instance:com.yeastar.swebtest.testcase.RegressionCase.pbxcase.Blacklist_Whitelist@729b1e]" name="F1_blackList2_In_3001_edit" duration-ms="0" started-at="2018-11-02T10:36:47Z" finished-at="2018-11-02T10:36:47Z">
          <reporter-output>
          </reporter-output>
        </test-method> <!-- F1_blackList2_In_3001_edit -->
        <test-method status="SKIP" signature="AfterMethod()[pri:0, instance:com.yeastar.swebtest.testcase.RegressionCase.pbxcase.Blacklist_Whitelist@729b1e]" name="AfterMethod" is-config="true" duration-ms="0" started-at="2018-11-02T10:36:47Z" finished-at="2018-11-02T10:36:47Z">
          <reporter-output>
          </reporter-output>
        </test-method> <!-- AfterMethod -->
        <test-method status="SKIP" signature="AfterMethod()[pri:0, instance:com.yeastar.swebtest.testcase.RegressionCase.pbxcase.Blacklist_Whitelist@729b1e]" name="AfterMethod" is-config="true" duration-ms="0" started-at="2018-11-02T10:36:47Z" finished-at="2018-11-02T10:36:47Z">
          <reporter-output>
          </reporter-output>
        </test-method> <!-- AfterMethod -->
        <test-method status="SKIP" signature="F3_blackList2_In_3001_callin()[pri:0, instance:com.yeastar.swebtest.testcase.RegressionCase.pbxcase.Blacklist_Whitelist@729b1e]" name="F3_blackList2_In_3001_callin" duration-ms="1" started-at="2018-11-02T10:36:47Z" finished-at="2018-11-02T10:36:47Z">
          <reporter-output>
          </reporter-output>
        </test-method> <!-- F3_blackList2_In_3001_callin -->
        <test-method status="SKIP" signature="F2_blackList2_In_3001_callout()[pri:0, instance:com.yeastar.swebtest.testcase.RegressionCase.pbxcase.Blacklist_Whitelist@729b1e]" name="F2_blackList2_In_3001_callout" duration-ms="0" started-at="2018-11-02T10:36:47Z" finished-at="2018-11-02T10:36:47Z">
          <reporter-output>
          </reporter-output>
        </test-method> <!-- F2_blackList2_In_3001_callout -->
        <test-method status="SKIP" signature="G1_whiteList1_Out_2001_edit()[pri:0, instance:com.yeastar.swebtest.testcase.RegressionCase.pbxcase.Blacklist_Whitelist@729b1e]" name="G1_whiteList1_Out_2001_edit" duration-ms="0" started-at="2018-11-02T10:36:47Z" finished-at="2018-11-02T10:36:47Z">
          <reporter-output>
          </reporter-output>
        </test-method> <!-- G1_whiteList1_Out_2001_edit -->
        <test-method status="SKIP" signature="AfterMethod()[pri:0, instance:com.yeastar.swebtest.testcase.RegressionCase.pbxcase.Blacklist_Whitelist@729b1e]" name="AfterMethod" is-config="true" duration-ms="0" started-at="2018-11-02T10:36:47Z" finished-at="2018-11-02T10:36:47Z">
          <reporter-output>
          </reporter-output>
        </test-method> <!-- AfterMethod -->
        <test-method status="SKIP" signature="AfterMethod()[pri:0, instance:com.yeastar.swebtest.testcase.RegressionCase.pbxcase.Blacklist_Whitelist@729b1e]" name="AfterMethod" is-config="true" duration-ms="0" started-at="2018-11-02T10:36:47Z" finished-at="2018-11-02T10:36:47Z">
          <reporter-output>
          </reporter-output>
        </test-method> <!-- AfterMethod -->
        <test-method status="SKIP" signature="G2_whiteList1_Out_2001_callin()[pri:0, instance:com.yeastar.swebtest.testcase.RegressionCase.pbxcase.Blacklist_Whitelist@729b1e]" name="G2_whiteList1_Out_2001_callin" duration-ms="0" started-at="2018-11-02T10:36:47Z" finished-at="2018-11-02T10:36:47Z">
          <reporter-output>
          </reporter-output>
        </test-method> <!-- G2_whiteList1_Out_2001_callin -->
        <test-method status="SKIP" signature="G3_whiteList1_Out_2001_callout()[pri:0, instance:com.yeastar.swebtest.testcase.RegressionCase.pbxcase.Blacklist_Whitelist@729b1e]" name="G3_whiteList1_Out_2001_callout" duration-ms="1" started-at="2018-11-02T10:36:47Z" finished-at="2018-11-02T10:36:47Z">
          <reporter-output>
          </reporter-output>
        </test-method> <!-- G3_whiteList1_Out_2001_callout -->
        <test-method status="SKIP" signature="AfterMethod()[pri:0, instance:com.yeastar.swebtest.testcase.RegressionCase.pbxcase.Blacklist_Whitelist@729b1e]" name="AfterMethod" is-config="true" duration-ms="0" started-at="2018-11-02T10:36:47Z" finished-at="2018-11-02T10:36:47Z">
          <reporter-output>
          </reporter-output>
        </test-method> <!-- AfterMethod -->
        <test-method status="SKIP" signature="AfterMethod()[pri:0, instance:com.yeastar.swebtest.testcase.RegressionCase.pbxcase.Blacklist_Whitelist@729b1e]" name="AfterMethod" is-config="true" duration-ms="0" started-at="2018-11-02T10:36:47Z" finished-at="2018-11-02T10:36:47Z">
          <reporter-output>
          </reporter-output>
        </test-method> <!-- AfterMethod -->
        <test-method status="SKIP" signature="H_Export()[pri:0, instance:com.yeastar.swebtest.testcase.RegressionCase.pbxcase.Blacklist_Whitelist@729b1e]" name="H_Export" duration-ms="0" started-at="2018-11-02T10:36:47Z" finished-at="2018-11-02T10:36:47Z">
          <reporter-output>
          </reporter-output>
        </test-method> <!-- H_Export -->
        <test-method status="SKIP" signature="AfterMethod()[pri:0, instance:com.yeastar.swebtest.testcase.RegressionCase.pbxcase.Blacklist_Whitelist@729b1e]" name="AfterMethod" is-config="true" duration-ms="0" started-at="2018-11-02T10:36:47Z" finished-at="2018-11-02T10:36:47Z">
          <reporter-output>
          </reporter-output>
        </test-method> <!-- AfterMethod -->
        <test-method status="SKIP" signature="I_DeleteBlackList()[pri:0, instance:com.yeastar.swebtest.testcase.RegressionCase.pbxcase.Blacklist_Whitelist@729b1e]" name="I_DeleteBlackList" duration-ms="0" started-at="2018-11-02T10:36:47Z" finished-at="2018-11-02T10:36:47Z">
          <reporter-output>
          </reporter-output>
        </test-method> <!-- I_DeleteBlackList -->
        <test-method status="SKIP" signature="AfterMethod()[pri:0, instance:com.yeastar.swebtest.testcase.RegressionCase.pbxcase.Blacklist_Whitelist@729b1e]" name="AfterMethod" is-config="true" duration-ms="0" started-at="2018-11-02T10:36:47Z" finished-at="2018-11-02T10:36:47Z">
          <reporter-output>
          </reporter-output>
        </test-method> <!-- AfterMethod -->
        <test-method status="SKIP" signature="J_DeleteWhiteList()[pri:0, instance:com.yeastar.swebtest.testcase.RegressionCase.pbxcase.Blacklist_Whitelist@729b1e]" name="J_DeleteWhiteList" duration-ms="0" started-at="2018-11-02T10:36:47Z" finished-at="2018-11-02T10:36:47Z">
          <reporter-output>
          </reporter-output>
        </test-method> <!-- J_DeleteWhiteList -->
        <test-method status="SKIP" signature="AfterMethod()[pri:0, instance:com.yeastar.swebtest.testcase.RegressionCase.pbxcase.Blacklist_Whitelist@729b1e]" name="AfterMethod" is-config="true" duration-ms="0" started-at="2018-11-02T10:36:47Z" finished-at="2018-11-02T10:36:47Z">
          <reporter-output>
          </reporter-output>
        </test-method> <!-- AfterMethod -->
        <test-method status="SKIP" signature="K_Recovery()[pri:0, instance:com.yeastar.swebtest.testcase.RegressionCase.pbxcase.Blacklist_Whitelist@729b1e]" name="K_Recovery" duration-ms="1" started-at="2018-11-02T10:36:47Z" finished-at="2018-11-02T10:36:47Z">
          <reporter-output>
          </reporter-output>
        </test-method> <!-- K_Recovery -->
        <test-method status="SKIP" signature="AfterClass()[pri:0, instance:com.yeastar.swebtest.testcase.RegressionCase.pbxcase.Blacklist_Whitelist@729b1e]" name="AfterClass" is-config="true" duration-ms="0" started-at="2018-11-02T10:36:47Z" finished-at="2018-11-02T10:36:47Z">
          <reporter-output>
          </reporter-output>
        </test-method> <!-- AfterClass -->
        <test-method status="SKIP" signature="AfterMethod()[pri:0, instance:com.yeastar.swebtest.testcase.RegressionCase.pbxcase.Blacklist_Whitelist@729b1e]" name="AfterMethod" is-config="true" duration-ms="0" started-at="2018-11-02T10:36:47Z" finished-at="2018-11-02T10:36:47Z">
          <reporter-output>
          </reporter-output>
        </test-method> <!-- AfterMethod -->
      </class> <!-- com.yeastar.swebtest.testcase.RegressionCase.pbxcase.Blacklist_Whitelist -->
    </test> <!-- pbxcore -->
  </suite> <!-- PBXCORE -->
</testng-results>
