<?xml version="1.0" encoding="UTF-8"?>
<testsuite name="TestSuite" time="2,368.019" tests="53" errors="0" skipped="0" failures="0">
  <properties>
[...]
</properties>
  <testcase name="A1_Init" classname="com.yeastar.swebtest.testcase.DetailCase.pbxcase.IVR" time="102.084"/>
  <testcase name="A2_AddIVR" classname="com.yeastar.swebtest.testcase.DetailCase.pbxcase.IVR" time="20.695"/>
  <testcase name="A2_AddIVR" classname="com.yeastar.swebtest.testcase.DetailCase.pbxcase.IVR" time="39.408"/>
  <testcase name="A2_AddIVR" classname="com.yeastar.swebtest.testcase.DetailCase.pbxcase.IVR" time="30.139"/>
  <testcase name="A2_AddIVR" classname="com.yeastar.swebtest.testcase.DetailCase.pbxcase.IVR" time="36.904"/>
  <testcase name="A2_AddIVR" classname="com.yeastar.swebtest.testcase.DetailCase.pbxcase.IVR" time="30.057"/>
  <testcase name="A2_AddIVR" classname="com.yeastar.swebtest.testcase.DetailCase.pbxcase.IVR" time="38.072"/>
  <testcase name="A2_AddIVR" classname="com.yeastar.swebtest.testcase.DetailCase.pbxcase.IVR" time="36.823"/>
  <testcase name="A2_AddIVR" classname="com.yeastar.swebtest.testcase.DetailCase.pbxcase.IVR" time="31.041"/>
  <testcase name="A3_EditKeys" classname="com.yeastar.swebtest.testcase.DetailCase.pbxcase.IVR" time="89.662"/>
  <testcase name="B_EditInRoute1" classname="com.yeastar.swebtest.testcase.DetailCase.pbxcase.IVR" time="36.072"/>
  <testcase name="C0_backup" classname="com.yeastar.swebtest.testcase.DetailCase.pbxcase.IVR" time="37.562"/>
  <testcase name="C1_sip_key0_1000" classname="com.yeastar.swebtest.testcase.DetailCase.pbxcase.IVR" time="59.867"/>
  <testcase name="C2_sps_keyj_1100" classname="com.yeastar.swebtest.testcase.DetailCase.pbxcase.IVR" time="65.011"/>
  <testcase name="C3_iax_key0_1000" classname="com.yeastar.swebtest.testcase.DetailCase.pbxcase.IVR" time="54"/>
  <testcase name="C4_spx_key0_1000" classname="com.yeastar.swebtest.testcase.DetailCase.pbxcase.IVR" time="73.692"/>
  <testcase name="C5_fxo_key0_1000" classname="com.yeastar.swebtest.testcase.DetailCase.pbxcase.IVR" time="39.155"/>
  <testcase name="C6_bri_key0_1000" classname="com.yeastar.swebtest.testcase.DetailCase.pbxcase.IVR" time="39.018"/>
  <testcase name="C7_e1_key0_1000" classname="com.yeastar.swebtest.testcase.DetailCase.pbxcase.IVR" time="0"/>
  <testcase name="C8_gsm_key0_1000" classname="com.yeastar.swebtest.testcase.DetailCase.pbxcase.IVR" time="0"/>
  <testcase name="D1_key1_callback" classname="com.yeastar.swebtest.testcase.DetailCase.pbxcase.IVR" time="56.427"/>
  <testcase name="D2_key2_voicemail1" classname="com.yeastar.swebtest.testcase.DetailCase.pbxcase.IVR" time="67.885"/>
  <testcase name="D2_key2_voicemail2" classname="com.yeastar.swebtest.testcase.DetailCase.pbxcase.IVR" time="24.442"/>
  <testcase name="D2_key2_voicemail3" classname="com.yeastar.swebtest.testcase.DetailCase.pbxcase.IVR" time="21.212"/>
  <testcase name="D3_key3_ringgroup" classname="com.yeastar.swebtest.testcase.DetailCase.pbxcase.IVR" time="49.064"/>
  <testcase name="D4_key4_queue" classname="com.yeastar.swebtest.testcase.DetailCase.pbxcase.IVR" time="47.995"/>
  <testcase name="D5_key5_conference" classname="com.yeastar.swebtest.testcase.DetailCase.pbxcase.IVR" time="37.599"/>
  <testcase name="D6_key6_custom_prompt" classname="com.yeastar.swebtest.testcase.DetailCase.pbxcase.IVR" time="55.182"/>
  <testcase name="D7_key7_ivr" classname="com.yeastar.swebtest.testcase.DetailCase.pbxcase.IVR" time="49.124"/>
  <testcase name="D8_key8_fxs" classname="com.yeastar.swebtest.testcase.DetailCase.pbxcase.IVR" time="35.659"/>
  <testcase name="D90_key9_dialbyname" classname="com.yeastar.swebtest.testcase.DetailCase.pbxcase.IVR" time="57.652"/>
  <testcase name="D91_keyj_1100" classname="com.yeastar.swebtest.testcase.DetailCase.pbxcase.IVR" time="40.596"/>
  <testcase name="D92_keyx_1101" classname="com.yeastar.swebtest.testcase.DetailCase.pbxcase.IVR" time="48.695"/>
  <testcase name="D93_TimeOut" classname="com.yeastar.swebtest.testcase.DetailCase.pbxcase.IVR" time="113.138"/>
  <testcase name="D94_Invalid" classname="com.yeastar.swebtest.testcase.DetailCase.pbxcase.IVR" time="53.133"/>
  <testcase name="E1_DialExtension_1103" classname="com.yeastar.swebtest.testcase.DetailCase.pbxcase.IVR" time="45.139"/>
  <testcase name="E2_DialExtension_ringgroup1" classname="com.yeastar.swebtest.testcase.DetailCase.pbxcase.IVR" time="48.041"/>
  <testcase name="E3_DialExtension_disable" classname="com.yeastar.swebtest.testcase.DetailCase.pbxcase.IVR" time="36.989"/>
  <testcase name="F1_DialOut_sip" classname="com.yeastar.swebtest.testcase.DetailCase.pbxcase.IVR" time="37.81"/>
  <testcase name="F2_DialOut_sps" classname="com.yeastar.swebtest.testcase.DetailCase.pbxcase.IVR" time="40.575"/>
  <testcase name="F3_DialOut_iax" classname="com.yeastar.swebtest.testcase.DetailCase.pbxcase.IVR" time="37.79"/>
  <testcase name="F4_DialOut_spx" classname="com.yeastar.swebtest.testcase.DetailCase.pbxcase.IVR" time="37.639"/>
  <testcase name="F5_DialOut_fxo" classname="com.yeastar.swebtest.testcase.DetailCase.pbxcase.IVR" time="41.644"/>
  <testcase name="F6_DialOut_bri" classname="com.yeastar.swebtest.testcase.DetailCase.pbxcase.IVR" time="37.585"/>
  <testcase name="F7_DialOut_e1" classname="com.yeastar.swebtest.testcase.DetailCase.pbxcase.IVR" time="0"/>
  <testcase name="F8_DialOut_gsm" classname="com.yeastar.swebtest.testcase.DetailCase.pbxcase.IVR" time="0"/>
  <testcase name="F9_DialOut_disable" classname="com.yeastar.swebtest.testcase.DetailCase.pbxcase.IVR" time="32.721"/>
  <testcase name="G1_voicemail_enable" classname="com.yeastar.swebtest.testcase.DetailCase.pbxcase.IVR" time="53.296"/>
  <testcase name="G2_voicemail_disable" classname="com.yeastar.swebtest.testcase.DetailCase.pbxcase.IVR" time="31.072"/>
  <testcase name="H_prompt" classname="com.yeastar.swebtest.testcase.DetailCase.pbxcase.IVR" time="105.938"/>
  <testcase name="I_delete" classname="com.yeastar.swebtest.testcase.DetailCase.pbxcase.IVR" time="64.16"/>
  <testcase name="J_recovery" classname="com.yeastar.swebtest.testcase.DetailCase.pbxcase.IVR" time="66.048"/>
  <testcase name="K_editInbound2" classname="com.yeastar.swebtest.testcase.DetailCase.pbxcase.IVR" time="34.507"/>
</testsuite>