<?xml version="1.0" encoding="UTF-8"?>
<testsuite name="TestSuite" time="15.837" tests="4" errors="0" skipped="2" failures="1">
  <properties>
[...]
</properties>
  <testcase name="CaseNameRetry" classname="com.yeastar.swebtest.testcase.extendcase.MyTest" time="0.004"/>
  <testcase name="DCaseName" classname="com.yeastar.swebtest.testcase.extendcase.MyTest" time="0">
    <skipped/>
    <system-out><![CDATA[[INFO ] 2017-10-19 16:26:30,780 method:com.yeastar.swebtest.tools.retry.TestResultListener.onTestStart(TestResultListener.java:54)
DCaseName Start
执行操作:执行的操作
after error test ........
[INFO ] 2017-10-19 16:26:46,594 method:com.yeastar.swebtest.tools.retry.TestngRetry.retry(TestngRetry.java:33)
Retry for [DCaseName] on class [com.yeastar.swebtest.testcase.extendcase.MyTest] Retry 1 times
onTestSkipped.....
[INFO ] 2017-10-19 16:26:46,595 method:com.yeastar.swebtest.tools.retry.TestResultListener.onTestSkipped(TestResultListener.java:41)
DCaseName Skipped
]]></system-out>
  </testcase>
  <testcase name="DCaseName" classname="com.yeastar.swebtest.testcase.extendcase.MyTest" time="0">
    <skipped/>
    <system-out><![CDATA[[INFO ] 2017-10-19 16:26:46,596 method:com.yeastar.swebtest.tools.retry.TestResultListener.onTestStart(TestResultListener.java:54)
DCaseName Start
执行操作:执行的操作
after error test ........
[INFO ] 2017-10-19 16:27:02,372 method:com.yeastar.swebtest.tools.retry.TestngRetry.retry(TestngRetry.java:33)
Retry for [DCaseName] on class [com.yeastar.swebtest.testcase.extendcase.MyTest] Retry 2 times
onTestSkipped.....
[INFO ] 2017-10-19 16:27:02,372 method:com.yeastar.swebtest.tools.retry.TestResultListener.onTestSkipped(TestResultListener.java:41)
DCaseName Skipped
]]></system-out>
  </testcase>
  <testcase name="DCaseName" classname="com.yeastar.swebtest.testcase.extendcase.MyTest" time="15.833">
    <failure message="Element not found {By.xpath: .//div[starts-with(@id,&apos;callfeature&apos;)]//span[ text()=&apos;Conference&apos;]}&#10;Expected: visible" type="com.codeborne.selenide.ex.ElementNotFound">com.codeborne.selenide.ex.ElementNotFound: Element not found {By.xpath: .//div[starts-with(@id,'callfeature')]//span[ text()='Conference']}
Expected: visible
	at sun.reflect.GeneratedConstructorAccessor9.newInstance(Unknown Source)
	at sun.reflect.DelegatingConstructorAccessorImpl.newInstance(DelegatingConstructorAccessorImpl.java:45)
	at java.lang.reflect.Constructor.newInstance(Constructor.java:423)
	at org.openqa.selenium.remote.ErrorHandler.createThrowable(ErrorHandler.java:206)
	at org.openqa.selenium.remote.ErrorHandler.throwIfResponseFailed(ErrorHandler.java:158)
	at org.openqa.selenium.remote.RemoteWebDriver.execute(RemoteWebDriver.java:678)
	at org.openqa.selenium.remote.RemoteWebDriver.findElement(RemoteWebDriver.java:363)
	at org.openqa.selenium.remote.RemoteWebDriver.findElementByXPath(RemoteWebDriver.java:500)
	at org.openqa.selenium.By$ByXPath.findElement(By.java:361)
	at org.openqa.selenium.remote.RemoteWebDriver.findElement(RemoteWebDriver.java:355)
	at com.codeborne.selenide.impl.WebElementSelector.findElement(WebElementSelector.java:28)
	at com.codeborne.selenide.impl.ElementFinder.getWebElement(ElementFinder.java:56)
	at com.codeborne.selenide.impl.WebElementSource.checkCondition(WebElementSource.java:44)
	at com.codeborne.selenide.impl.WebElementSource.findAndAssertElementIsVisible(WebElementSource.java:72)
	at com.codeborne.selenide.commands.Click.execute(Click.java:14)
	at com.codeborne.selenide.commands.Click.execute(Click.java:11)
	at com.codeborne.selenide.commands.Commands.execute(Commands.java:140)
	at com.codeborne.selenide.impl.SelenideElementProxy.dispatchAndRetry(SelenideElementProxy.java:86)
	at com.codeborne.selenide.impl.SelenideElementProxy.invoke(SelenideElementProxy.java:62)
	at com.sun.proxy.$Proxy4.click(Unknown Source)
	at com.yeastar.swebtest.testcase.extendcase.MyTest.DCaseName(MyTest.java:194)
</failure>
    <system-out><![CDATA[[INFO ] 2017-10-19 16:27:02,372 method:com.yeastar.swebtest.tools.retry.TestResultListener.onTestStart(TestResultListener.java:54)
DCaseName Start
执行操作:执行的操作
after error test ........
onTestFailure....
[INFO ] 2017-10-19 16:27:18,202 method:com.yeastar.swebtest.tools.retry.TestResultListener.onTestFailure(TestResultListener.java:32)
DCaseName Failure
]]></system-out>
  </testcase>
</testsuite>