<?xml version="1.0" encoding="UTF-8"?>
<testsuite name="TestSuite" time="8,487.307" tests="197" errors="0" skipped="0" failures="43">
  <properties>
[...]
</properties>
  <testcase name="A1_addExtension" classname="com.yeastar.swebtest.testcase.RegressionCase.pbxcore.BeforeTest" time="65.767"/>
  <testcase name="A2_editExtenName1" classname="com.yeastar.swebtest.testcase.RegressionCase.pbxcore.BeforeTest" time="25.385"/>
  <testcase name="A3_editExtenName2" classname="com.yeastar.swebtest.testcase.RegressionCase.pbxcore.BeforeTest" time="26.735"/>
  <testcase name="A4_addExtensionGroup" classname="com.yeastar.swebtest.testcase.RegressionCase.pbxcore.BeforeTest" time="24.813"/>
  <testcase name="B_addtrunk" classname="com.yeastar.swebtest.testcase.RegressionCase.pbxcore.BeforeTest" time="53.724"/>
  <testcase name="C_addtrunk" classname="com.yeastar.swebtest.testcase.RegressionCase.pbxcore.BeforeTest" time="39.454">
    <failure message="IAX1æ³¨å†Œå¤±è´¥" type="java.lang.AssertionError">java.lang.AssertionError: IAX1æ³¨å†Œå¤±è´¥
	at com.yeastar.swebtest.tools.ysassert.YsAssert.fail(YsAssert.java:1086)
	at com.yeastar.swebtest.tools.ysassert.YsAssert.assertNotEquals(YsAssert.java:912)
	at com.yeastar.swebtest.driver.YSMethod.YS_Trunk.assertTrunkStatus(YS_Trunk.java:233)
	at com.yeastar.swebtest.driver.YSMethod.YS_Trunk.addTrunk(YS_Trunk.java:191)
	at com.yeastar.swebtest.testcase.RegressionCase.pbxcore.BeforeTest.C_addtrunk(BeforeTest.java:104)
</failure>
    <system-out><![CDATA[Ö´ĞĞ²Ù×÷: Ìí¼ÓiaxÍâÏßIAX1
Extjs£º  return Ext.get('ys-waiting').dom.style.display
Extjs£º  return Ext.get('ys-waiting').dom.style.display
Extjs£º  return Ext.get('ys-waiting').dom.style.display
Extjs£º  Ext.getCmp('type').setValue('IAX')
Extjs£º  Ext.getCmp('trunktype').setValue('voiptrunk')
Extjs£º  Ext.getCmp('allowcodec').setValue('alaw,ulaw,g729,ilbc')
Extjs£º  return Ext.get(Ext.getCmp('control-panel').down('trunk').down('loadmask').id).dom.style.display
Extjs£º  return Ext.getCmp('control-panel').down('trunk').down('trunklist').getStore().getCount()
Extjs£º  return Ext.query('#'+Ext.query('#'+Ext.getCmp('control-panel').down('trunk').down('trunklist').id + ' [data-recordindex]')[5].id + ' tr td')[1].textContent
Extjs£º  return Ext.query('#'+Ext.query('#'+Ext.getCmp('control-panel').down('trunk').down('trunklist').id + ' [data-recordindex]')[5].id + ' tr td')[1].textContent
Extjs£º  return Ext.query('#'+Ext.query('#'+Ext.getCmp('control-panel').down('trunk').down('trunklist').id + ' [data-recordindex]')[5].id + ' tr td')[2].textContent
Extjs£º  return Ext.query('#'+Ext.query('#'+Ext.getCmp('control-panel').down('trunk').down('trunklist').id + ' [data-recordindex]')[5].id + ' tr td')[3].textContent
Extjs£º  return Ext.getCmp('pbxmonitor').down('b-trunkstatus').getStore().getCount()
Extjs£º  return Ext.query('#'+Ext.query('#'+Ext.getCmp('pbxmonitor').down('b-trunkstatus').id + ' [data-recordindex]')[0].id + ' tr td')[1].textContent
Extjs£º  return Ext.query('#'+Ext.query('#'+Ext.getCmp('pbxmonitor').down('b-trunkstatus').id + ' [data-recordindex]')[1].id + ' tr td')[1].textContent
gridFindRowByColumn ascendingOrder name  IAX1
Extjs£º  return Ext.query('#'+Ext.query('#'+Ext.getCmp('pbxmonitor').down('b-trunkstatus').id + ' [data-recordindex]')[1].id + ' tr td div div')[0].getAttribute('data-qtip')
]]></system-out>
  </testcase>
  <testcase name="D_addtrunk" classname="com.yeastar.swebtest.testcase.RegressionCase.pbxcore.BeforeTest" time="40.967"/>
  <testcase name="E_addtrunk" classname="com.yeastar.swebtest.testcase.RegressionCase.pbxcore.BeforeTest" time="44.46"/>
  <testcase name="F_addInRoute" classname="com.yeastar.swebtest.testcase.RegressionCase.pbxcore.BeforeTest" time="54.19"/>
  <testcase name="G_addOutRoute1" classname="com.yeastar.swebtest.testcase.RegressionCase.pbxcore.BeforeTest" time="31.883"/>
  <testcase name="G_addOutRoute2" classname="com.yeastar.swebtest.testcase.RegressionCase.pbxcore.BeforeTest" time="14.353"/>
  <testcase name="G_addOutRoute3" classname="com.yeastar.swebtest.testcase.RegressionCase.pbxcore.BeforeTest" time="12.563"/>
  <testcase name="G_addOutRoute4" classname="com.yeastar.swebtest.testcase.RegressionCase.pbxcore.BeforeTest" time="14.425"/>
  <testcase name="G_addOutRoute5" classname="com.yeastar.swebtest.testcase.RegressionCase.pbxcore.BeforeTest" time="14.663"/>
  <testcase name="G_addOutRoute6" classname="com.yeastar.swebtest.testcase.RegressionCase.pbxcore.BeforeTest" time="14.735"/>
  <testcase name="G_addOutRoute7" classname="com.yeastar.swebtest.testcase.RegressionCase.pbxcore.BeforeTest" time="0"/>
  <testcase name="G_addOutRoute8" classname="com.yeastar.swebtest.testcase.RegressionCase.pbxcore.BeforeTest" time="0.001"/>
  <testcase name="H_addivr" classname="com.yeastar.swebtest.testcase.RegressionCase.pbxcore.BeforeTest" time="49.904"/>
  <testcase name="I_addringgroup" classname="com.yeastar.swebtest.testcase.RegressionCase.pbxcore.BeforeTest" time="32.585"/>
  <testcase name="J_addqueue" classname="com.yeastar.swebtest.testcase.RegressionCase.pbxcore.BeforeTest" time="39.308"/>
  <testcase name="K_addconference" classname="com.yeastar.swebtest.testcase.RegressionCase.pbxcore.BeforeTest" time="35.719"/>
  <testcase name="L_setRecord" classname="com.yeastar.swebtest.testcase.RegressionCase.pbxcore.BeforeTest" time="63.756"/>
  <testcase name="addTimeCondition1" classname="com.yeastar.swebtest.testcase.RegressionCase.pbxcore.TimeCondition" time="41.215"/>
  <testcase name="addTimeCondition2" classname="com.yeastar.swebtest.testcase.RegressionCase.pbxcore.TimeCondition" time="24.335"/>
  <testcase name="addTimeCondition3" classname="com.yeastar.swebtest.testcase.RegressionCase.pbxcore.TimeCondition" time="25.291"/>
  <testcase name="addTimeCondition4" classname="com.yeastar.swebtest.testcase.RegressionCase.pbxcore.TimeCondition" time="58.186"/>
  <testcase name="A_addHoliday1" classname="com.yeastar.swebtest.testcase.RegressionCase.pbxcore.Holiday" time="30.901"/>
  <testcase name="B_editHoliday" classname="com.yeastar.swebtest.testcase.RegressionCase.pbxcore.Holiday" time="16.997"/>
  <testcase name="C_deleteHoliday" classname="com.yeastar.swebtest.testcase.RegressionCase.pbxcore.Holiday" time="45.671"/>
  <testcase name="A_callfrom1_sip" classname="com.yeastar.swebtest.testcase.RegressionCase.pbxcore.Inbound" time="38.305">
    <failure message=" å½•éŸ³å¤±è´¥" type="java.lang.AssertionError">java.lang.AssertionError:  å½•éŸ³å¤±è´¥
	at com.yeastar.swebtest.tools.ysassert.YsAssert.fail(YsAssert.java:1086)
	at com.yeastar.swebtest.testcase.RegressionCase.pbxcore.Inbound.A_callfrom1_sip(Inbound.java:62)
</failure>
    <system-out><![CDATA[pjsip init 0
pjisp main 0
Extjs£º  return Ext.get('ys-waiting').dom.style.display
Extjs£º  Ext.getCmp('cdr-record').down('cdrandrecord-edit').lookupReference('showncol').setValue('0,1,2,6,4,5,6,7,8,9,10')
Extjs£º  Ext.get(Ext.query('#'+Ext.getCmp("cdr-record").down('cdrandrecord-edit').down('header').id + ' .x-tool-close')[0].id).dom.click()
Extjs£º  Ext.get(Ext.query('#cdr-record_header-targetEl'+ ' .x-tool-close')[0].id).dom.click()
find this 1000 IP:
xxxxxxx  5060
sip::::::.......sip:1000@192.168.11.198:5060.......0
Extjs£º  return Ext.query('#'+Ext.query('#'+Ext.getCmp(Ext.getCmp('pbxmonitor').down('b-extenstatus').id).down('tableview').id + ' [data-recordindex]')[0].id + ' tr td div div')[0].getAttribute('data-qtip')
find this 1101 IP:
xxxxxxx  5060
sip::::::.......sip:1101@192.168.11.198:5060.......1
Extjs£º  return Ext.query('#'+Ext.query('#'+Ext.getCmp(Ext.getCmp('pbxmonitor').down('b-extenstatus').id).down('tableview').id + ' [data-recordindex]')[2].id + ' tr td div div')[0].getAttribute('data-qtip')
find this 1105 IP:
xxxxxxx  5060
sip::::::.......sip:1105@192.168.11.198:5060.......2
Extjs£º  return Ext.query('#'+Ext.query('#'+Ext.getCmp(Ext.getCmp('pbxmonitor').down('b-extenstatus').id).down('tableview').id + ' [data-recordindex]')[6].id + ' tr td div div')[0].getAttribute('data-qtip')
find this 3001 IP:
xxxxxxx  5060
sip::::::.......sip:3001@192.168.11.196:5060.......3
find this 2001 IP:
xxxxxxx  5060
sip::::::.......sip:2001@192.168.11.197:5060.......4
find this 2002 IP:
xxxxxxx  5060
sip::::::.......sip:2002@192.168.11.197:5060.......5
Ö´ĞĞ²Ù×÷: 3001²¦´ò3000Í¨¹ısipÍâÏßºôÈëµ½·Ö»ú1000
find this 3001 IP:192.168.11.196
uri/./..........sip:3000@192.168.11.196:5060  3
CallstateCallBack callid:0 accId:3 code:1
CallstateCallBack : username :3001
Make call Auto 0
incomingcallback"3001" <sip:3001@192.168.11.198>callid:1accid:0accounts.size(): 6
CallstateCallBack callid:1 accId:0 code:4
CallstateCallBack : username :1000
CallstateCallBack callid:1 accId:0 code:5
CallstateCallBack : username :1000
CallstateCallBack callid:0 accId:3 code:4
CallstateCallBack : username :3001
CallstateCallBack callid:0 accId:3 code:5
CallstateCallBack : username :3001
find this 3001 IP:192.168.11.196
find this 1000 IP:192.168.11.198
CallstateCallBack callid:0 accId:3 code:6
CallstateCallBack : username :3001
CallstateCallBack callid:1 accId:0 code:6
CallstateCallBack : username :1000
SIP--Í¨»°Íê³É
Extjs£º  return Ext.get(Ext.getCmp('cdr-record').down('loadmask').id).dom.style.display
Extjs£º  return Ext.get(Ext.getCmp('cdr-record').down('loadmask').id).dom.style.display
Extjs£º  return Ext.query('#'+Ext.query('#'+Ext.getCmp('cdr-record').down('grid').down('tableview').id + ' [data-recordindex]')[0].id + ' tr td')[1].textContent
Extjs£º  return Ext.query('#'+Ext.query('#'+Ext.getCmp('cdr-record').down('grid').down('tableview').id + ' [data-recordindex]')[0].id + ' tr td')[2].textContent
Extjs£º  return Ext.query('#'+Ext.query('#'+Ext.getCmp('cdr-record').down('grid').down('tableview').id + ' [data-recordindex]')[0].id + ' tr td')[5].textContent
Extjs£º  return Ext.query('#'+Ext.query('#'+Ext.getCmp('cdr-record').down('grid').down('tableview').id + ' [data-recordindex]')[0].id + ' tr td')[6].textContent
Extjs£º  return Ext.query('#'+Ext.query('#'+Ext.getCmp('cdr-record').down('grid').down('tableview').id + ' [data-recordindex]')[0].id + ' tr td')[7].textContent
Extjs£º  return Ext.query('#'+Ext.query('#'+Ext.getCmp('cdr-record').down('grid').down('tableview').id + ' [data-recordindex]')[0].id + ' tr td')[8].textContent
Extjs£º  Ext.get(Ext.query('#cdr-record_header-targetEl'+ ' .x-tool-close')[0].id).dom.click()
Extjs£º  return Ext.get(Ext.getCmp('cdr-record').down('loadmask').id).dom.style.display
mmmmm-------https://192.168.11.198:8088/images/play-gray.png
]]></system-out>
    <system-err><![CDATA[Ê®Ò»ÔÂ 09, 2017 4:34:15 ÏÂÎç com.codeborne.selenide.impl.WebDriverThreadLocalContainer getAndCheckWebDriver
ĞÅÏ¢: Webdriver has been closed meanwhile. Let's re-create it.
Ê®Ò»ÔÂ 09, 2017 4:34:15 ÏÂÎç com.codeborne.selenide.impl.WebDriverThreadLocalContainer closeWebDriver
ĞÅÏ¢: Close webdriver: 1 -> ChromeDriver: chrome on XP (null)
Ê®Ò»ÔÂ 09, 2017 4:34:15 ÏÂÎç com.codeborne.selenide.impl.WebDriverThreadLocalContainer closeWebDriver
ĞÅÏ¢: Close proxy server: 1 -> null
Ê®Ò»ÔÂ 09, 2017 4:34:15 ÏÂÎç com.codeborne.selenide.impl.WebDriverThreadLocalContainer$CloseBrowser run
ĞÅÏ¢: Trying to close the browser ChromeDriver ...
Starting ChromeDriver 2.29.461591 (62ebf098771772160f391d75e589dc567915b233) on port 20360
Only local connections are allowed.
Ê®Ò»ÔÂ 09, 2017 4:34:19 ÏÂÎç com.codeborne.selenide.webdriver.WebDriverFactory createWebDriver
ĞÅÏ¢: BrowserName=chrome Version=57.0.2987.133 Platform=XP
Ê®Ò»ÔÂ 09, 2017 4:34:19 ÏÂÎç com.codeborne.selenide.webdriver.WebDriverFactory createWebDriver
ĞÅÏ¢: Selenide v. 4.4.2
Ê®Ò»ÔÂ 09, 2017 4:34:19 ÏÂÎç com.codeborne.selenide.webdriver.WebDriverFactory createWebDriver
ĞÅÏ¢: Selenium WebDriver v. 2.53.1 build time: 2016-06-30 19:26:09
Ê®Ò»ÔÂ 09, 2017 4:34:19 ÏÂÎç com.codeborne.selenide.impl.WebDriverThreadLocalContainer createDriver
ĞÅÏ¢: Create webdriver in current thread 1: ChromeDriver -> ChromeDriver: chrome on XP (0014c92cc42fce3cfad6fac8fa37f454)
]]></system-err>
  </testcase>
  <testcase name="A_callfrom2_iax" classname="com.yeastar.swebtest.testcase.RegressionCase.pbxcore.Inbound" time="31.299"/>
  <testcase name="A_callfrom3_sps" classname="com.yeastar.swebtest.testcase.RegressionCase.pbxcore.Inbound" time="31.512"/>
  <testcase name="A_callfrom4_spx" classname="com.yeastar.swebtest.testcase.RegressionCase.pbxcore.Inbound" time="28.02">
    <failure message="CDRæºä¸­ç»§æ£€æµ‹ ã€é¢„æœŸï¼šSPX1 å®é™…ï¼šSPS1ã€‘" type="java.lang.AssertionError">java.lang.AssertionError: CDRæºä¸­ç»§æ£€æµ‹ ã€é¢„æœŸï¼šSPX1 å®é™…ï¼šSPS1ã€‘
	at com.yeastar.swebtest.tools.ysassert.YsAssert.fail(YsAssert.java:1086)
	at com.yeastar.swebtest.tools.ysassert.YsAssert.failNotEquals(YsAssert.java:579)
	at com.yeastar.swebtest.tools.ysassert.YsAssert.assertEqualsImpl(YsAssert.java:142)
	at com.yeastar.swebtest.tools.ysassert.YsAssert.assertEquals(YsAssert.java:116)
	at com.yeastar.swebtest.tools.ysassert.YsAssert.assertEquals(YsAssert.java:199)
	at com.yeastar.swebtest.driver.YSMethod.YS_Extension.checkCDR(YS_Extension.java:261)
	at com.yeastar.swebtest.driver.YSMethod.YS_Extension.checkCDR(YS_Extension.java:250)
	at com.yeastar.swebtest.testcase.RegressionCase.pbxcore.Inbound.A_callfrom4_spx(Inbound.java:101)
</failure>
    <system-out><![CDATA[Ö´ĞĞ²Ù×÷: 2001²¦´ò88888Í¨¹ıspxÍâÏßºôÈëµ½·Ö»ú1000
find this 2001 IP:192.168.11.197
uri/./..........sip:88888@192.168.11.197:5060  4
CallstateCallBack callid:6 accId:4 code:1
CallstateCallBack : username :2001
Make call Auto 6
incomingcallback"2001" <sip:2001@192.168.11.198>callid:7accid:0accounts.size(): 6
CallstateCallBack callid:7 accId:0 code:4
CallstateCallBack : username :1000
CallstateCallBack callid:7 accId:0 code:5
CallstateCallBack : username :1000
CallstateCallBack callid:6 accId:4 code:4
CallstateCallBack : username :2001
CallstateCallBack callid:6 accId:4 code:5
CallstateCallBack : username :2001
CallstateCallBack callid:6 accId:4 code:6
CallstateCallBack : username :2001
CallstateCallBack callid:7 accId:0 code:6
CallstateCallBack : username :1000
Extjs£º  return Ext.get(Ext.getCmp('cdr-record').down('loadmask').id).dom.style.display
Extjs£º  return Ext.get(Ext.getCmp('cdr-record').down('loadmask').id).dom.style.display
Extjs£º  return Ext.query('#'+Ext.query('#'+Ext.getCmp('cdr-record').down('grid').down('tableview').id + ' [data-recordindex]')[0].id + ' tr td')[1].textContent
Extjs£º  return Ext.query('#'+Ext.query('#'+Ext.getCmp('cdr-record').down('grid').down('tableview').id + ' [data-recordindex]')[0].id + ' tr td')[2].textContent
Extjs£º  return Ext.query('#'+Ext.query('#'+Ext.getCmp('cdr-record').down('grid').down('tableview').id + ' [data-recordindex]')[0].id + ' tr td')[5].textContent
Extjs£º  return Ext.query('#'+Ext.query('#'+Ext.getCmp('cdr-record').down('grid').down('tableview').id + ' [data-recordindex]')[0].id + ' tr td')[6].textContent
]]></system-out>
  </testcase>
  <testcase name="A_callfrom5_fxo" classname="com.yeastar.swebtest.testcase.RegressionCase.pbxcore.Inbound" time="31.279"/>
  <testcase name="A_callfrom6_bri" classname="com.yeastar.swebtest.testcase.RegressionCase.pbxcore.Inbound" time="31.288"/>
  <testcase name="A_callfrom7_e1" classname="com.yeastar.swebtest.testcase.RegressionCase.pbxcore.Inbound" time="0"/>
  <testcase name="A_callfrom8_gsm" classname="com.yeastar.swebtest.testcase.RegressionCase.pbxcore.Inbound" time="0"/>
  <testcase name="B1_callerid" classname="com.yeastar.swebtest.testcase.RegressionCase.pbxcore.Inbound" time="46.344"/>
  <testcase name="B2_callerid" classname="com.yeastar.swebtest.testcase.RegressionCase.pbxcore.Inbound" time="71.095"/>
  <testcase name="C1_did1_sps" classname="com.yeastar.swebtest.testcase.RegressionCase.pbxcore.Inbound" time="26.572"/>
  <testcase name="C2_did1_sps" classname="com.yeastar.swebtest.testcase.RegressionCase.pbxcore.Inbound" time="63.522"/>
  <testcase name="F_timecondition1" classname="com.yeastar.swebtest.testcase.RegressionCase.pbxcore.Inbound" time="10.375"/>
  <testcase name="F_timecondition2" classname="com.yeastar.swebtest.testcase.RegressionCase.pbxcore.Inbound" time="76.077"/>
  <testcase name="F_timecondition3" classname="com.yeastar.swebtest.testcase.RegressionCase.pbxcore.Inbound" time="74.118"/>
  <testcase name="F_timecondition4" classname="com.yeastar.swebtest.testcase.RegressionCase.pbxcore.Inbound" time="55.966"/>
  <testcase name="F_timecondition5" classname="com.yeastar.swebtest.testcase.RegressionCase.pbxcore.Inbound" time="62.511"/>
  <testcase name="G_delete1" classname="com.yeastar.swebtest.testcase.RegressionCase.pbxcore.Inbound" time="81.088"/>
  <testcase name="A_out1_sip" classname="com.yeastar.swebtest.testcase.RegressionCase.pbxcore.Outbound" time="45.038">
    <failure message=" å½•éŸ³å¤±è´¥" type="java.lang.AssertionError">java.lang.AssertionError:  å½•éŸ³å¤±è´¥
	at com.yeastar.swebtest.tools.ysassert.YsAssert.fail(YsAssert.java:1086)
	at com.yeastar.swebtest.testcase.RegressionCase.pbxcore.Outbound.A_out1_sip(Outbound.java:62)
</failure>
    <system-out><![CDATA[pjsip init 0
pjisp main 0
Extjs£º  return Ext.get('ys-waiting').dom.style.display
Extjs£º  Ext.getCmp('cdr-record').down('cdrandrecord-edit').lookupReference('showncol').setValue('0,1,2,6,4,5,6,7,8,9,10')
Extjs£º  Ext.get(Ext.query('#'+Ext.getCmp("cdr-record").down('cdrandrecord-edit').down('header').id + ' .x-tool-close')[0].id).dom.click()
Extjs£º  Ext.get(Ext.query('#cdr-record_header-targetEl'+ ' .x-tool-close')[0].id).dom.click()
find this 1000 IP:
xxxxxxx  5060
sip::::::.......sip:1000@192.168.11.198:5060.......0
Extjs£º  return Ext.query('#'+Ext.query('#'+Ext.getCmp(Ext.getCmp('pbxmonitor').down('b-extenstatus').id).down('tableview').id + ' [data-recordindex]')[0].id + ' tr td div div')[0].getAttribute('data-qtip')
find this 3001 IP:
xxxxxxx  5060
sip::::::.......sip:3001@192.168.11.196:5060.......1
find this 2000 IP:
xxxxxxx  5060
sip::::::.......sip:2000@192.168.11.197:5060.......2
Ö´ĞĞ²Ù×÷: 1000²¦´ò13001Í¨¹ısipÍâÏßºô³ö
find this 1000 IP:192.168.11.198
uri/./..........sip:13001@192.168.11.198:5060  0
CallstateCallBack callid:0 accId:0 code:1
CallstateCallBack : username :1000
Make call Auto 0
incomingcallback"3000" <sip:3000@192.168.5.150>callid:1accid:1accounts.size(): 3
CallstateCallBack callid:1 accId:1 code:4
CallstateCallBack : username :3001
CallstateCallBack callid:1 accId:1 code:5
CallstateCallBack : username :3001
CallstateCallBack callid:0 accId:0 code:4
CallstateCallBack : username :1000
CallstateCallBack callid:0 accId:0 code:5
CallstateCallBack : username :1000
Extjs£º  return Ext.query('#'+Ext.query('#'+Ext.getCmp(Ext.getCmp('pbxmonitor').down('b-extenstatus').id).down('tableview').id + ' [data-recordindex]')[0].id + ' tr td div div')[0].getAttribute('data-qtip')
Extjs£º  return Ext.query('#'+Ext.query('#'+Ext.getCmp(Ext.getCmp('pbxmonitor').down('b-extenstatus').id).down('tableview').id + ' [data-recordindex]')[0].id + ' tr td div div')[0].getAttribute('data-qtip')
Extjs£º  return Ext.query('#'+Ext.query('#'+Ext.getCmp(Ext.getCmp('pbxmonitor').down('b-extenstatus').id).down('tableview').id + ' [data-recordindex]')[0].id + ' tr td div div')[0].getAttribute('data-qtip')
CallstateCallBack callid:1 accId:1 code:6
CallstateCallBack : username :3001
CallstateCallBack callid:0 accId:0 code:6
CallstateCallBack : username :1000
Extjs£º  return Ext.get(Ext.getCmp('cdr-record').down('loadmask').id).dom.style.display
Extjs£º  return Ext.query('#'+Ext.query('#'+Ext.getCmp('cdr-record').down('grid').down('tableview').id + ' [data-recordindex]')[0].id + ' tr td')[1].textContent
Extjs£º  return Ext.query('#'+Ext.query('#'+Ext.getCmp('cdr-record').down('grid').down('tableview').id + ' [data-recordindex]')[0].id + ' tr td')[2].textContent
Extjs£º  return Ext.query('#'+Ext.query('#'+Ext.getCmp('cdr-record').down('grid').down('tableview').id + ' [data-recordindex]')[0].id + ' tr td')[5].textContent
Extjs£º  return Ext.query('#'+Ext.query('#'+Ext.getCmp('cdr-record').down('grid').down('tableview').id + ' [data-recordindex]')[0].id + ' tr td')[6].textContent
Extjs£º  return Ext.query('#'+Ext.query('#'+Ext.getCmp('cdr-record').down('grid').down('tableview').id + ' [data-recordindex]')[0].id + ' tr td')[7].textContent
Extjs£º  return Ext.query('#'+Ext.query('#'+Ext.getCmp('cdr-record').down('grid').down('tableview').id + ' [data-recordindex]')[0].id + ' tr td')[8].textContent
Extjs£º  Ext.get(Ext.query('#cdr-record_header-targetEl'+ ' .x-tool-close')[0].id).dom.click()
Extjs£º  return Ext.get(Ext.getCmp('cdr-record').down('loadmask').id).dom.style.display
mmmmm-------https://192.168.11.198:8088/images/play-gray.png
]]></system-out>
    <system-err><![CDATA[Ê®Ò»ÔÂ 09, 2017 4:48:02 ÏÂÎç com.codeborne.selenide.impl.WebDriverThreadLocalContainer getAndCheckWebDriver
ĞÅÏ¢: Webdriver has been closed meanwhile. Let's re-create it.
Ê®Ò»ÔÂ 09, 2017 4:48:02 ÏÂÎç com.codeborne.selenide.impl.WebDriverThreadLocalContainer closeWebDriver
ĞÅÏ¢: Close webdriver: 1 -> ChromeDriver: chrome on XP (null)
Ê®Ò»ÔÂ 09, 2017 4:48:02 ÏÂÎç com.codeborne.selenide.impl.WebDriverThreadLocalContainer closeWebDriver
ĞÅÏ¢: Close proxy server: 1 -> null
Ê®Ò»ÔÂ 09, 2017 4:48:02 ÏÂÎç com.codeborne.selenide.impl.WebDriverThreadLocalContainer$CloseBrowser run
ĞÅÏ¢: Trying to close the browser ChromeDriver ...
Starting ChromeDriver 2.29.461591 (62ebf098771772160f391d75e589dc567915b233) on port 20486
Only local connections are allowed.
Ê®Ò»ÔÂ 09, 2017 4:48:06 ÏÂÎç com.codeborne.selenide.webdriver.WebDriverFactory createWebDriver
ĞÅÏ¢: BrowserName=chrome Version=57.0.2987.133 Platform=XP
Ê®Ò»ÔÂ 09, 2017 4:48:06 ÏÂÎç com.codeborne.selenide.webdriver.WebDriverFactory createWebDriver
ĞÅÏ¢: Selenide v. 4.4.2
Ê®Ò»ÔÂ 09, 2017 4:48:06 ÏÂÎç com.codeborne.selenide.webdriver.WebDriverFactory createWebDriver
ĞÅÏ¢: Selenium WebDriver v. 2.53.1 build time: 2016-06-30 19:26:09
Ê®Ò»ÔÂ 09, 2017 4:48:06 ÏÂÎç com.codeborne.selenide.impl.WebDriverThreadLocalContainer createDriver
ĞÅÏ¢: Create webdriver in current thread 1: ChromeDriver -> ChromeDriver: chrome on XP (d4209dd8535a1b6d33a56551e053a004)
]]></system-err>
  </testcase>
  <testcase name="A_out2_iax" classname="com.yeastar.swebtest.testcase.RegressionCase.pbxcore.Outbound" time="41.443"/>
  <testcase name="A_out3_sps" classname="com.yeastar.swebtest.testcase.RegressionCase.pbxcore.Outbound" time="41.774"/>
  <testcase name="A_out4_spx" classname="com.yeastar.swebtest.testcase.RegressionCase.pbxcore.Outbound" time="36.828">
    <failure message="CDRè¢«å«æ–¹æ£€æµ‹ ã€é¢„æœŸï¼š42000 å®é™…ï¼š32000ã€‘" type="java.lang.AssertionError">java.lang.AssertionError: CDRè¢«å«æ–¹æ£€æµ‹ ã€é¢„æœŸï¼š42000 å®é™…ï¼š32000ã€‘
	at com.yeastar.swebtest.tools.ysassert.YsAssert.fail(YsAssert.java:1086)
	at com.yeastar.swebtest.tools.ysassert.YsAssert.failNotEquals(YsAssert.java:579)
	at com.yeastar.swebtest.tools.ysassert.YsAssert.assertEqualsImpl(YsAssert.java:142)
	at com.yeastar.swebtest.tools.ysassert.YsAssert.assertEquals(YsAssert.java:116)
	at com.yeastar.swebtest.tools.ysassert.YsAssert.assertEquals(YsAssert.java:199)
	at com.yeastar.swebtest.driver.YSMethod.YS_Extension.checkCDR(YS_Extension.java:258)
	at com.yeastar.swebtest.driver.YSMethod.YS_Extension.checkCDR(YS_Extension.java:250)
	at com.yeastar.swebtest.testcase.RegressionCase.pbxcore.Outbound.A_out4_spx(Outbound.java:102)
</failure>
    <system-out><![CDATA[Ö´ĞĞ²Ù×÷: 1000²¦´ò42000Í¨¹ıspxÍâÏßºô³ö
find this 1000 IP:192.168.11.198
uri/./..........sip:42000@192.168.11.198:5060  0
CallstateCallBack callid:6 accId:0 code:1
CallstateCallBack : username :1000
Make call Auto 6
CallstateCallBack callid:6 accId:0 code:4
CallstateCallBack : username :1000
CallstateCallBack callid:6 accId:0 code:5
CallstateCallBack : username :1000
CallstateCallBack callid:6 accId:0 code:6
CallstateCallBack : username :1000
Extjs£º  return Ext.query('#'+Ext.query('#'+Ext.getCmp(Ext.getCmp('pbxmonitor').down('b-extenstatus').id).down('tableview').id + ' [data-recordindex]')[0].id + ' tr td div div')[0].getAttribute('data-qtip')
Extjs£º  return Ext.query('#'+Ext.query('#'+Ext.getCmp(Ext.getCmp('pbxmonitor').down('b-extenstatus').id).down('tableview').id + ' [data-recordindex]')[0].id + ' tr td div div')[0].getAttribute('data-qtip')
Extjs£º  return Ext.query('#'+Ext.query('#'+Ext.getCmp(Ext.getCmp('pbxmonitor').down('b-extenstatus').id).down('tableview').id + ' [data-recordindex]')[0].id + ' tr td div div')[0].getAttribute('data-qtip')
Extjs£º  return Ext.query('#'+Ext.query('#'+Ext.getCmp(Ext.getCmp('pbxmonitor').down('b-extenstatus').id).down('tableview').id + ' [data-recordindex]')[0].id + ' tr td div div')[0].getAttribute('data-qtip')
Extjs£º  return Ext.query('#'+Ext.query('#'+Ext.getCmp(Ext.getCmp('pbxmonitor').down('b-extenstatus').id).down('tableview').id + ' [data-recordindex]')[0].id + ' tr td div div')[0].getAttribute('data-qtip')
Extjs£º  return Ext.get(Ext.getCmp('cdr-record').down('loadmask').id).dom.style.display
Extjs£º  return Ext.query('#'+Ext.query('#'+Ext.getCmp('cdr-record').down('grid').down('tableview').id + ' [data-recordindex]')[0].id + ' tr td')[1].textContent
Extjs£º  return Ext.query('#'+Ext.query('#'+Ext.getCmp('cdr-record').down('grid').down('tableview').id + ' [data-recordindex]')[0].id + ' tr td')[2].textContent
]]></system-out>
  </testcase>
  <testcase name="A_out5_fxo" classname="com.yeastar.swebtest.testcase.RegressionCase.pbxcore.Outbound" time="41.459"/>
  <testcase name="A_out6_bri" classname="com.yeastar.swebtest.testcase.RegressionCase.pbxcore.Outbound" time="39.409"/>
  <testcase name="A_out7_E1" classname="com.yeastar.swebtest.testcase.RegressionCase.pbxcore.Outbound" time="0"/>
  <testcase name="A_out8_gsm" classname="com.yeastar.swebtest.testcase.RegressionCase.pbxcore.Outbound" time="0"/>
  <testcase name="B1_Prepend" classname="com.yeastar.swebtest.testcase.RegressionCase.pbxcore.Outbound" time="24.47"/>
  <testcase name="B2_Prepend" classname="com.yeastar.swebtest.testcase.RegressionCase.pbxcore.Outbound" time="40.456"/>
  <testcase name="C1_password" classname="com.yeastar.swebtest.testcase.RegressionCase.pbxcore.Outbound" time="54.719"/>
  <testcase name="C2_password" classname="com.yeastar.swebtest.testcase.RegressionCase.pbxcore.Outbound" time="33.731">
    <failure message="CDR_Statusæ£€æµ‹ ã€é¢„æœŸï¼šAnswered å®é™…ï¼šNo Answerã€‘" type="java.lang.AssertionError">java.lang.AssertionError: CDR_Statusæ£€æµ‹ ã€é¢„æœŸï¼šAnswered å®é™…ï¼šNo Answerã€‘
	at com.yeastar.swebtest.tools.ysassert.YsAssert.fail(YsAssert.java:1086)
	at com.yeastar.swebtest.tools.ysassert.YsAssert.failNotEquals(YsAssert.java:579)
	at com.yeastar.swebtest.tools.ysassert.YsAssert.assertEqualsImpl(YsAssert.java:142)
	at com.yeastar.swebtest.tools.ysassert.YsAssert.assertEquals(YsAssert.java:116)
	at com.yeastar.swebtest.tools.ysassert.YsAssert.assertEquals(YsAssert.java:199)
	at com.yeastar.swebtest.driver.YSMethod.YS_Extension.checkCDR(YS_Extension.java:259)
	at com.yeastar.swebtest.driver.YSMethod.YS_Extension.checkCDR(YS_Extension.java:250)
	at com.yeastar.swebtest.testcase.RegressionCase.pbxcore.Outbound.C2_password(Outbound.java:221)
</failure>
    <system-out><![CDATA[Ö´ĞĞ²Ù×÷: 1000²¦´ò928888Í¨¹ıSPSÍâÏßºô³ö
find this 1000 IP:192.168.11.198
uri/./..........sip:928888@192.168.11.198:5060  0
CallstateCallBack callid:12 accId:0 code:1
CallstateCallBack : username :1000
Make call Auto 12
CallstateCallBack callid:12 accId:0 code:4
CallstateCallBack : username :1000
CallstateCallBack callid:12 accId:0 code:5
CallstateCallBack : username :1000
find this 1000 IP:192.168.11.198
callId: 12send dtmf :1 num:
send dtmf end ...
callId: 12send dtmf :2 num:
send dtmf end ...
callId: 12send dtmf :3 num:
send dtmf end ...
callId: 12send dtmf :# num:
send dtmf end ...
CallstateCallBack callid:12 accId:0 code:6
CallstateCallBack : username :1000
Extjs£º  return Ext.get(Ext.getCmp('cdr-record').down('loadmask').id).dom.style.display
Extjs£º  return Ext.get(Ext.getCmp('cdr-record').down('loadmask').id).dom.style.display
Extjs£º  return Ext.query('#'+Ext.query('#'+Ext.getCmp('cdr-record').down('grid').down('tableview').id + ' [data-recordindex]')[0].id + ' tr td')[1].textContent
Extjs£º  return Ext.query('#'+Ext.query('#'+Ext.getCmp('cdr-record').down('grid').down('tableview').id + ' [data-recordindex]')[0].id + ' tr td')[2].textContent
Extjs£º  return Ext.query('#'+Ext.query('#'+Ext.getCmp('cdr-record').down('grid').down('tableview').id + ' [data-recordindex]')[0].id + ' tr td')[5].textContent
]]></system-out>
  </testcase>
  <testcase name="D1_rrmemory_hunt" classname="com.yeastar.swebtest.testcase.RegressionCase.pbxcore.Outbound" time="61.414"/>
  <testcase name="D2_rrmemory_hunt" classname="com.yeastar.swebtest.testcase.RegressionCase.pbxcore.Outbound" time="23.639">
    <failure message="CDRè¢«å«æ–¹æ£€æµ‹ ã€é¢„æœŸï¼š933001 å®é™…ï¼š928888ã€‘" type="java.lang.AssertionError">java.lang.AssertionError: CDRè¢«å«æ–¹æ£€æµ‹ ã€é¢„æœŸï¼š933001 å®é™…ï¼š928888ã€‘
	at com.yeastar.swebtest.tools.ysassert.YsAssert.fail(YsAssert.java:1086)
	at com.yeastar.swebtest.tools.ysassert.YsAssert.failNotEquals(YsAssert.java:579)
	at com.yeastar.swebtest.tools.ysassert.YsAssert.assertEqualsImpl(YsAssert.java:142)
	at com.yeastar.swebtest.tools.ysassert.YsAssert.assertEquals(YsAssert.java:116)
	at com.yeastar.swebtest.tools.ysassert.YsAssert.assertEquals(YsAssert.java:199)
	at com.yeastar.swebtest.driver.YSMethod.YS_Extension.checkCDR(YS_Extension.java:258)
	at com.yeastar.swebtest.driver.YSMethod.YS_Extension.checkCDR(YS_Extension.java:250)
	at com.yeastar.swebtest.testcase.RegressionCase.pbxcore.Outbound.D2_rrmemory_hunt(Outbound.java:257)
</failure>
    <system-out><![CDATA[Ö´ĞĞ²Ù×÷: 1000²¦´ò933001£¬µÚ1´ÎÔ¤ÆÚÍ¨¹ıSPSÍâÏßºô³ö
find this 1000 IP:192.168.11.198
uri/./..........sip:933001@192.168.11.198:5060  0
CallstateCallBack callid:13 accId:0 code:1
CallstateCallBack : username :1000
Make call Auto 13
CallstateCallBack callid:13 accId:0 code:4
CallstateCallBack : username :1000
CallstateCallBack callid:13 accId:0 code:5
CallstateCallBack : username :1000
CallstateCallBack callid:13 accId:0 code:6
CallstateCallBack : username :1000
Extjs£º  return Ext.get(Ext.getCmp('cdr-record').down('loadmask').id).dom.style.display
Extjs£º  return Ext.query('#'+Ext.query('#'+Ext.getCmp('cdr-record').down('grid').down('tableview').id + ' [data-recordindex]')[0].id + ' tr td')[1].textContent
Extjs£º  return Ext.query('#'+Ext.query('#'+Ext.getCmp('cdr-record').down('grid').down('tableview').id + ' [data-recordindex]')[0].id + ' tr td')[2].textContent
]]></system-out>
  </testcase>
  <testcase name="E_timecondition" classname="com.yeastar.swebtest.testcase.RegressionCase.pbxcore.Outbound" time="111.403">
    <failure message="CDRè¢«å«æ–¹æ£€æµ‹ ã€é¢„æœŸï¼š9299999 å®é™…ï¼š928888ã€‘" type="java.lang.AssertionError">java.lang.AssertionError: CDRè¢«å«æ–¹æ£€æµ‹ ã€é¢„æœŸï¼š9299999 å®é™…ï¼š928888ã€‘
	at com.yeastar.swebtest.tools.ysassert.YsAssert.fail(YsAssert.java:1086)
	at com.yeastar.swebtest.tools.ysassert.YsAssert.failNotEquals(YsAssert.java:579)
	at com.yeastar.swebtest.tools.ysassert.YsAssert.assertEqualsImpl(YsAssert.java:142)
	at com.yeastar.swebtest.tools.ysassert.YsAssert.assertEquals(YsAssert.java:116)
	at com.yeastar.swebtest.tools.ysassert.YsAssert.assertEquals(YsAssert.java:199)
	at com.yeastar.swebtest.driver.YSMethod.YS_Extension.checkCDR(YS_Extension.java:258)
	at com.yeastar.swebtest.driver.YSMethod.YS_Extension.checkCDR(YS_Extension.java:250)
	at com.yeastar.swebtest.testcase.RegressionCase.pbxcore.Outbound.E_timecondition(Outbound.java:311)
</failure>
    <system-out><![CDATA[Ö´ĞĞ²Ù×÷: ±à¼­ºô³öÂ·ÓÉPassword£ºÈ¡ÏûÃÜÂëÉèÖÃ£¬TimeConditionÑ¡ÔñOutbound
Extjs£º  return Ext.getCmp('control-panel').down('outrouter').getStore().getCount()
Extjs£º  return Ext.query('#'+Ext.query('#'+Ext.getCmp('control-panel').down('outrouter').id + ' [data-recordindex]')[0].id + ' tr td')[1].textContent
Extjs£º  return Ext.query('#'+Ext.query('#'+Ext.getCmp('control-panel').down('outrouter').id + ' [data-recordindex]')[1].id + ' tr td')[1].textContent
Extjs£º  return Ext.query('#'+Ext.query('#'+Ext.getCmp('control-panel').down('outrouter').id + ' [data-recordindex]')[2].id + ' tr td')[1].textContent
Extjs£º  return Ext.query('#'+Ext.query('#'+Ext.getCmp('control-panel').down('outrouter').id + ' [data-recordindex]')[3].id + ' tr td')[1].textContent
Extjs£º  return Ext.query('#'+Ext.query('#'+Ext.getCmp('control-panel').down('outrouter').id + ' [data-recordindex]')[4].id + ' tr td')[1].textContent
Extjs£º  return Ext.query('#'+Ext.query('#'+Ext.getCmp('control-panel').down('outrouter').id + ' [data-recordindex]')[5].id + ' tr td')[1].textContent
Extjs£º  return Ext.query('#'+Ext.query('#'+Ext.getCmp('control-panel').down('outrouter').id + ' [data-recordindex]')[6].id + ' tr td')[1].textContent
Extjs£º  return Ext.query('#'+Ext.query('#'+Ext.getCmp('control-panel').down('outrouter').id + ' [data-recordindex]')[7].id + ' tr td')[1].textContent
gridFindRowByColumn ascendingOrder name  Password
Extjs£º  Ext.query('#'+Ext.query('#'+Ext.getCmp('control-panel').down('outrouter').id + ' [data-recordindex]')[7].id + ' tr td img')[0].click()
Ext.query('#'+Ext.query('#'+Ext.getCmp('control-panel').down('outrouter').id + ' [data-recordindex]')[6].id + ' tr td img')[0].click()
Extjs£º  return Ext.get('ys-waiting').dom.style.display
Extjs£º  Ext.getCmp('st-or-pintype').setValue('none')
Extjs£º  return Ext.get(Ext.getCmp('control-panel').down('outrouter').down('loadmask').id).dom.style.display
Ö´ĞĞ²Ù×÷: 1000²¦´ò929999£¬Í¨¹ıspsÍâÏßºô³ö£¬Ô¤ÆÚ£ººô³öÊ§°Ü
find this 1000 IP:192.168.11.198
uri/./..........sip:9299999@192.168.11.198:5060  0
CallstateCallBack callid:14 accId:0 code:1
CallstateCallBack : username :1000
Make call Auto 14
CallstateCallBack callid:14 accId:0 code:6
CallstateCallBack : username :1000
Second-------get status succ--------------
Ö´ĞĞ²Ù×÷: ±à¼­ºô³öÂ·ÓÉPassword£¬TimeConditionÑ¡ÔñCheckAll
Extjs£º  return Ext.getCmp('control-panel').down('outrouter').getStore().getCount()
Extjs£º  return Ext.query('#'+Ext.query('#'+Ext.getCmp('control-panel').down('outrouter').id + ' [data-recordindex]')[0].id + ' tr td')[1].textContent
Extjs£º  return Ext.query('#'+Ext.query('#'+Ext.getCmp('control-panel').down('outrouter').id + ' [data-recordindex]')[1].id + ' tr td')[1].textContent
Extjs£º  return Ext.query('#'+Ext.query('#'+Ext.getCmp('control-panel').down('outrouter').id + ' [data-recordindex]')[2].id + ' tr td')[1].textContent
Extjs£º  return Ext.query('#'+Ext.query('#'+Ext.getCmp('control-panel').down('outrouter').id + ' [data-recordindex]')[3].id + ' tr td')[1].textContent
Extjs£º  return Ext.query('#'+Ext.query('#'+Ext.getCmp('control-panel').down('outrouter').id + ' [data-recordindex]')[4].id + ' tr td')[1].textContent
Extjs£º  return Ext.query('#'+Ext.query('#'+Ext.getCmp('control-panel').down('outrouter').id + ' [data-recordindex]')[5].id + ' tr td')[1].textContent
Extjs£º  return Ext.query('#'+Ext.query('#'+Ext.getCmp('control-panel').down('outrouter').id + ' [data-recordindex]')[6].id + ' tr td')[1].textContent
Extjs£º  return Ext.query('#'+Ext.query('#'+Ext.getCmp('control-panel').down('outrouter').id + ' [data-recordindex]')[7].id + ' tr td')[1].textContent
gridFindRowByColumn ascendingOrder name  Password
Extjs£º  Ext.query('#'+Ext.query('#'+Ext.getCmp('control-panel').down('outrouter').id + ' [data-recordindex]')[7].id + ' tr td img')[0].click()
Ext.query('#'+Ext.query('#'+Ext.getCmp('control-panel').down('outrouter').id + ' [data-recordindex]')[6].id + ' tr td img')[0].click()
Extjs£º  return Ext.get('ys-waiting').dom.style.display
Extjs£º  return Ext.get(Ext.getCmp('control-panel').down('outrouter').down('loadmask').id).dom.style.display
Ö´ĞĞ²Ù×÷: 1000²¦´ò929999£¬Í¨¹ıspsÍâÏßºô³ö£¬Ô¤ÆÚ£ººô³ö³É¹¦
find this 1000 IP:192.168.11.198
uri/./..........sip:9299999@192.168.11.198:5060  0
CallstateCallBack callid:15 accId:0 code:1
CallstateCallBack : username :1000
Make call Auto 15
CallstateCallBack callid:15 accId:0 code:4
CallstateCallBack : username :1000
CallstateCallBack callid:15 accId:0 code:5
CallstateCallBack : username :1000
CallstateCallBack callid:15 accId:0 code:6
CallstateCallBack : username :1000
Extjs£º  return Ext.get(Ext.getCmp('cdr-record').down('loadmask').id).dom.style.display
Extjs£º  return Ext.query('#'+Ext.query('#'+Ext.getCmp('cdr-record').down('grid').down('tableview').id + ' [data-recordindex]')[0].id + ' tr td')[1].textContent
Extjs£º  return Ext.query('#'+Ext.query('#'+Ext.getCmp('cdr-record').down('grid').down('tableview').id + ' [data-recordindex]')[0].id + ' tr td')[2].textContent
]]></system-out>
  </testcase>
  <testcase name="F_delete" classname="com.yeastar.swebtest.testcase.RegressionCase.pbxcore.Outbound" time="81.34"/>
  <testcase name="A_add_1" classname="com.yeastar.swebtest.testcase.RegressionCase.pbxcore.OutboundRestriction" time="236.976"/>
  <testcase name="A_add_2" classname="com.yeastar.swebtest.testcase.RegressionCase.pbxcore.OutboundRestriction" time="23.683"/>
  <testcase name="A_add_3" classname="com.yeastar.swebtest.testcase.RegressionCase.pbxcore.OutboundRestriction" time="31.394"/>
  <testcase name="B_add_1" classname="com.yeastar.swebtest.testcase.RegressionCase.pbxcore.OutboundRestriction" time="175.747"/>
  <testcase name="B_add_2" classname="com.yeastar.swebtest.testcase.RegressionCase.pbxcore.OutboundRestriction" time="29.624"/>
  <testcase name="B_add_3" classname="com.yeastar.swebtest.testcase.RegressionCase.pbxcore.OutboundRestriction" time="31.258"/>
  <testcase name="C_delete" classname="com.yeastar.swebtest.testcase.RegressionCase.pbxcore.OutboundRestriction" time="60.433"/>
  <testcase name="A1_clip_default" classname="com.yeastar.swebtest.testcase.RegressionCase.pbxcore.AutoCLIP" time="37.885"/>
  <testcase name="A2_makeCall" classname="com.yeastar.swebtest.testcase.RegressionCase.pbxcore.AutoCLIP" time="72.883"/>
  <testcase name="A3_makeCall" classname="com.yeastar.swebtest.testcase.RegressionCase.pbxcore.AutoCLIP" time="53.976"/>
  <testcase name="B_deleteUsedRecords" classname="com.yeastar.swebtest.testcase.RegressionCase.pbxcore.AutoCLIP" time="114.898"/>
  <testcase name="C_OnlyKeepMissedCallRecords" classname="com.yeastar.swebtest.testcase.RegressionCase.pbxcore.AutoCLIP" time="62.397"/>
  <testcase name="D_MatchOutgoingTrunk" classname="com.yeastar.swebtest.testcase.RegressionCase.pbxcore.AutoCLIP" time="114.678"/>
  <testcase name="E_Disable_AutoCLIP" classname="com.yeastar.swebtest.testcase.RegressionCase.pbxcore.AutoCLIP" time="84.969"/>
  <testcase name="A_add_pickupgroup1" classname="com.yeastar.swebtest.testcase.RegressionCase.pbxcore.PickupGroup" time="77.169"/>
  <testcase name="A_add_pickupgroup2" classname="com.yeastar.swebtest.testcase.RegressionCase.pbxcore.PickupGroup" time="30.414"/>
  <testcase name="A_add_pickupgroup3" classname="com.yeastar.swebtest.testcase.RegressionCase.pbxcore.PickupGroup" time="30.512"/>
  <testcase name="B_add_pickupgroup2" classname="com.yeastar.swebtest.testcase.RegressionCase.pbxcore.PickupGroup" time="54.54"/>
  <testcase name="C_delete" classname="com.yeastar.swebtest.testcase.RegressionCase.pbxcore.PickupGroup" time="54.32"/>
  <testcase name="A_add_paging1" classname="com.yeastar.swebtest.testcase.RegressionCase.pbxcore.PagingIntercom" time="71.912"/>
  <testcase name="A_add_paging2" classname="com.yeastar.swebtest.testcase.RegressionCase.pbxcore.PagingIntercom" time="66.521"/>
  <testcase name="B_intercom" classname="com.yeastar.swebtest.testcase.RegressionCase.pbxcore.PagingIntercom" time="33.804"/>
  <testcase name="C_delete" classname="com.yeastar.swebtest.testcase.RegressionCase.pbxcore.PagingIntercom" time="60.615"/>
  <testcase name="A_add_1" classname="com.yeastar.swebtest.testcase.RegressionCase.pbxcore.SpeedDial" time="100.245"/>
  <testcase name="A_add_2" classname="com.yeastar.swebtest.testcase.RegressionCase.pbxcore.SpeedDial" time="23.898">
    <failure message="CDRè¢«å«æ–¹æ£€æµ‹ ã€é¢„æœŸï¼š31234567 å®é™…ï¼š13001ã€‘" type="java.lang.AssertionError">java.lang.AssertionError: CDRè¢«å«æ–¹æ£€æµ‹ ã€é¢„æœŸï¼š31234567 å®é™…ï¼š13001ã€‘
	at com.yeastar.swebtest.tools.ysassert.YsAssert.fail(YsAssert.java:1086)
	at com.yeastar.swebtest.tools.ysassert.YsAssert.failNotEquals(YsAssert.java:579)
	at com.yeastar.swebtest.tools.ysassert.YsAssert.assertEqualsImpl(YsAssert.java:142)
	at com.yeastar.swebtest.tools.ysassert.YsAssert.assertEquals(YsAssert.java:116)
	at com.yeastar.swebtest.tools.ysassert.YsAssert.assertEquals(YsAssert.java:199)
	at com.yeastar.swebtest.driver.YSMethod.YS_Extension.checkCDR(YS_Extension.java:258)
	at com.yeastar.swebtest.driver.YSMethod.YS_Extension.checkCDR(YS_Extension.java:250)
	at com.yeastar.swebtest.testcase.RegressionCase.pbxcore.SpeedDial.A_add_2(SpeedDial.java:71)
</failure>
    <system-out><![CDATA[Ö´ĞĞ²Ù×÷: 1000²¦´ò*9991234567Í¨¹ıspsÍâÏßºô³ö
find this 1000 IP:192.168.11.198
uri/./..........sip:*9991234567@192.168.11.198:5060  0
CallstateCallBack callid:2 accId:0 code:1
CallstateCallBack : username :1000
Make call Auto 2
CallstateCallBack callid:2 accId:0 code:4
CallstateCallBack : username :1000
CallstateCallBack callid:2 accId:0 code:5
CallstateCallBack : username :1000
CallstateCallBack callid:2 accId:0 code:6
CallstateCallBack : username :1000
Extjs£º  return Ext.get(Ext.getCmp('cdr-record').down('loadmask').id).dom.style.display
Extjs£º  return Ext.query('#'+Ext.query('#'+Ext.getCmp('cdr-record').down('grid').down('tableview').id + ' [data-recordindex]')[0].id + ' tr td')[1].textContent
Extjs£º  return Ext.query('#'+Ext.query('#'+Ext.getCmp('cdr-record').down('grid').down('tableview').id + ' [data-recordindex]')[0].id + ' tr td')[2].textContent
]]></system-out>
  </testcase>
  <testcase name="B_export" classname="com.yeastar.swebtest.testcase.RegressionCase.pbxcore.SpeedDial" time="1.116"/>
  <testcase name="C_delete" classname="com.yeastar.swebtest.testcase.RegressionCase.pbxcore.SpeedDial" time="54.26"/>
  <testcase name="D_import" classname="com.yeastar.swebtest.testcase.RegressionCase.pbxcore.SpeedDial" time="11.15"/>
  <testcase name="A_add_RingGroup1" classname="com.yeastar.swebtest.testcase.RegressionCase.pbxcore.RingGroup" time="56.618"/>
  <testcase name="B_edit_RingGroup1" classname="com.yeastar.swebtest.testcase.RegressionCase.pbxcore.RingGroup" time="76.675"/>
  <testcase name="C_add_RingGroup2" classname="com.yeastar.swebtest.testcase.RegressionCase.pbxcore.RingGroup" time="144.146"/>
  <testcase name="D_delete" classname="com.yeastar.swebtest.testcase.RegressionCase.pbxcore.RingGroup" time="57.195"/>
  <testcase name="A_record" classname="com.yeastar.swebtest.testcase.RegressionCase.pbxcore.CustomPrompts" time="40.952"/>
  <testcase name="B_play" classname="com.yeastar.swebtest.testcase.RegressionCase.pbxcore.CustomPrompts" time="46.76"/>
  <testcase name="C_reRecord" classname="com.yeastar.swebtest.testcase.RegressionCase.pbxcore.CustomPrompts" time="46.587"/>
  <testcase name="D_upload" classname="com.yeastar.swebtest.testcase.RegressionCase.pbxcore.CustomPrompts" time="11.99"/>
  <testcase name="A_add" classname="com.yeastar.swebtest.testcase.RegressionCase.pbxcore.IVR" time="73.084">
    <failure message="Element not found {By.xpath: .//a[starts-with(@class,&apos;css_apply&apos;) and text()=&apos;Apply&apos;]}&#10;Expected: exist" type="com.codeborne.selenide.ex.ElementNotFound">com.codeborne.selenide.ex.ElementNotFound: Element not found {By.xpath: .//a[starts-with(@class,'css_apply') and text()='Apply']}
Expected: exist
	at sun.reflect.GeneratedConstructorAccessor26.newInstance(Unknown Source)
	at sun.reflect.DelegatingConstructorAccessorImpl.newInstance(DelegatingConstructorAccessorImpl.java:45)
	at java.lang.reflect.Constructor.newInstance(Constructor.java:423)
	at org.openqa.selenium.remote.ErrorHandler.createThrowable(ErrorHandler.java:206)
	at org.openqa.selenium.remote.ErrorHandler.throwIfResponseFailed(ErrorHandler.java:158)
	at org.openqa.selenium.remote.RemoteWebDriver.execute(RemoteWebDriver.java:678)
	at org.openqa.selenium.remote.RemoteWebElement.execute(RemoteWebElement.java:327)
	at org.openqa.selenium.remote.RemoteWebElement.click(RemoteWebElement.java:85)
	at com.codeborne.selenide.commands.Click.click(Click.java:22)
	at com.codeborne.selenide.commands.Click.execute(Click.java:14)
	at com.codeborne.selenide.commands.Click.execute(Click.java:11)
	at com.codeborne.selenide.commands.Commands.execute(Commands.java:140)
	at com.codeborne.selenide.impl.SelenideElementProxy.dispatchAndRetry(SelenideElementProxy.java:86)
	at com.codeborne.selenide.impl.SelenideElementProxy.invoke(SelenideElementProxy.java:62)
	at com.sun.proxy.$Proxy4.click(Unknown Source)
	at com.yeastar.swebtest.driver.SwebDriver.ys_apply(SwebDriver.java:625)
	at com.yeastar.swebtest.testcase.RegressionCase.pbxcore.IVR.A_add(IVR.java:107)
</failure>
    <system-out><![CDATA[pjsip init 0
pjisp main 0
Extjs£º  return Ext.get('ys-waiting').dom.style.display
Extjs£º  Ext.getCmp('cdr-record').down('cdrandrecord-edit').lookupReference('showncol').setValue('0,1,2,6,4,5,6,7,8,9,10')
Extjs£º  Ext.get(Ext.query('#'+Ext.getCmp("cdr-record").down('cdrandrecord-edit').down('header').id + ' .x-tool-close')[0].id).dom.click()
Extjs£º  Ext.get(Ext.query('#cdr-record_header-targetEl'+ ' .x-tool-close')[0].id).dom.click()
Extjs£º  return Ext.get('ys-waiting').dom.style.display
Ö´ĞĞ²Ù×÷: É¾³ıËùÓĞIVR
Ext.getCmp('control-panel').down('ivr').down('mypagingtoolbar').plugins[0].setValue('100')
Extjs£º  Ext.getCmp('control-panel').down('ivr').down('mypagingtoolbar').plugins[0].setValue('100')
Extjs£º  Ext.getCmp('control-panel').down('ivr').down('mypagingtoolbar').store.setPageSize(100)
Extjs£º  Ext.getCmp('control-panel').down('ivr').down('mypagingtoolbar').store.loadPage(1)
Extjs£º  return Ext.getCmp('control-panel').down('ivr').getStore().getCount()
Extjs£º  Ext.getCmp('control-panel').down('ivr').getSelectionModel().selectAll()
Extjs£º  return Ext.get(Ext.getCmp('control-panel').down('ivr').down('loadmask').id).dom.style.display
Extjs£º  return Ext.getCmp('control-panel').down('ivr').getStore().getCount()
Extjs£º  return Ext.getCmp('control-panel').down('ivr').getStore().getCount()
Ö´ĞĞ²Ù×÷: Ìí¼ÓIVR1£º6500,°´1µ½·Ö»ú1000
Extjs£º  return Ext.get(Ext.getCmp('control-panel').down('ivr').down('loadmask').id).dom.style.display
Ö´ĞĞ²Ù×÷: ±à¼­IVR1:°´1µ½·Ö»ú1000
Extjs£º  return Ext.getCmp('control-panel').down('ivr').getStore().getCount()
Extjs£º  Ext.query('#'+Ext.query('#'+Ext.getCmp('control-panel').down('ivr').id + ' [data-recordindex]')[0].id + ' tr td img')[0].click()
Ext.query('#'+Ext.query('#'+Ext.getCmp('control-panel').down('ivr').id + ' [data-recordindex]')[-1].id + ' tr td img')[0].click()
Extjs£º  Ext.getCmp('key1action').setValue('e')
Extjs£º  return  Ext.getCmp('key1dest').getStore().findRecord('username', "1000", 0, false, false, true).data.id
Extjs£º  Ext.getCmp('key1dest').setValue('24')
Extjs£º  return Ext.get(Ext.getCmp('control-panel').down('ivr').down('loadmask').id).dom.style.display
Ö´ĞĞ²Ù×÷: ĞÂ½¨IVR6502,Ä¬ÈÏÉèÖÃ
Extjs£º  return Ext.get(Ext.getCmp('control-panel').down('ivr').down('loadmask').id).dom.style.display
find this 1000 IP:
xxxxxxx  5060
sip::::::.......sip:1000@192.168.11.198:5060.......0
Extjs£º  return Ext.query('#'+Ext.query('#'+Ext.getCmp(Ext.getCmp('pbxmonitor').down('b-extenstatus').id).down('tableview').id + ' [data-recordindex]')[0].id + ' tr td div div')[0].getAttribute('data-qtip')
find this 1103 IP:
xxxxxxx  5060
sip::::::.......sip:1103@192.168.11.198:5060.......1
Extjs£º  return Ext.query('#'+Ext.query('#'+Ext.getCmp(Ext.getCmp('pbxmonitor').down('b-extenstatus').id).down('tableview').id + ' [data-recordindex]')[4].id + ' tr td div div')[0].getAttribute('data-qtip')
find this 1105 IP:
xxxxxxx  5060
sip::::::.......sip:1105@192.168.11.198:5060.......2
Extjs£º  return Ext.query('#'+Ext.query('#'+Ext.getCmp(Ext.getCmp('pbxmonitor').down('b-extenstatus').id).down('tableview').id + ' [data-recordindex]')[6].id + ' tr td div div')[0].getAttribute('data-qtip')
find this 3001 IP:
xxxxxxx  5060
sip::::::.......sip:3001@192.168.11.196:5060.......3
find this 2000 IP:
xxxxxxx  5060
sip::::::.......sip:2000@192.168.11.197:5060.......4
find this 2001 IP:
xxxxxxx  5060
sip::::::.......sip:2001@192.168.11.197:5060.......5
Ö´ĞĞ²Ù×÷: ĞÂ½¨IVRtest1£¬ÌáÊ¾ÒôÑ¡Ôñautotestprompt£¬¹´Ñ¡Dial Extensions£¬¹´Ñ¡Dial Outbound Routes£¬¹´Ñ¡Dial to Check Voicemail°´0µ½·Ö»ú1000£¬°´1µ½1000µÄVoicemail£¬°´5µ½Dial by Name£¬°´#µ½hungup£¬°´*µ½Select an Option£¬Timeoutµ½customPrompt£ºprompt1£¬Invalidµ½·Ö»ú1105
Extjs£º  return Ext.get('ys-waiting').dom.style.display
Extjs£º  return Ext.get('ys-waiting').dom.style.display
Extjs£º  return Ext.get('ys-waiting').dom.style.display
Extjs£º  return Ext.get('ys-waiting').dom.style.display
Extjs£º  return Ext.get('ys-waiting').dom.style.display
Extjs£º  return Ext.get('ys-waiting').dom.style.display
Extjs£º  Ext.getCmp('st-ivr-prompt0').setValue('autotestprompt')
Extjs£º  Ext.getCmp('st-ivr-enablenumber').setValue('true')
Extjs£º  Ext.getCmp('st-ivr-enableoutrouter').setValue('true')
Extjs£º  return Ext.getCmp('st-ivr-allowrouters').getStore().getCount()
Extjs£º  return Ext.getCmp('st-ivr-allowrouters').getStore().getAt(0).id
Extjs£º  return Ext.getCmp('st-ivr-allowrouters').getStore().getAt(1).id
Extjs£º  return Ext.getCmp('st-ivr-allowrouters').getStore().getAt(2).id
Extjs£º  return Ext.getCmp('st-ivr-allowrouters').getStore().getAt(3).id
Extjs£º  return Ext.getCmp('st-ivr-allowrouters').getStore().getAt(4).id
Extjs£º  return Ext.getCmp('st-ivr-allowrouters').getStore().getAt(5).id
Extjs£º  return Ext.getCmp('st-ivr-allowrouters').getStore().getAt(6).id
Extjs£º  Ext.getCmp('st-ivr-allowrouters').setValue('9,7,6,5,4,3,2')
Extjs£º  Ext.getCmp('st-ivr-enablecheckvoicemail').setValue('true')
Extjs£º  Ext.getCmp('key0action').setValue('e')
Extjs£º  Ext.getCmp('key1action').setValue('v')
Extjs£º  Ext.getCmp('key5action').setValue('D')
Extjs£º  Ext.getCmp('keysharpaction').setValue('h')
Extjs£º  Ext.getCmp('keystaraction').setValue('u')
Extjs£º  Ext.getCmp('timeoutaction').setValue('p')
Extjs£º  Ext.getCmp('invalidaction').setValue('e')
Extjs£º  return  Ext.getCmp('key0dest').getStore().findRecord('username', "1000", 0, false, false, true).data.id
Extjs£º  Ext.getCmp('key0dest').setValue('24')
Extjs£º  return  Ext.getCmp('key1dest').getStore().findRecord('username', "1000", 0, false, false, true).data.id
Extjs£º  Ext.getCmp('key1dest').setValue('24')
Extjs£º  return  Ext.getCmp('timeoutdest').getStore().findRecord('name', "prompt1", 0, false, false, true).data.id
Extjs£º  Ext.getCmp('timeoutdest').setValue('prompt1')
Extjs£º  return  Ext.getCmp('invaliddest').getStore().findRecord('username', "1105", 0, false, false, true).data.id
Extjs£º  Ext.getCmp('invaliddest').setValue('30')
Extjs£º  return Ext.get(Ext.getCmp('control-panel').down('ivr').down('loadmask').id).dom.style.display
]]></system-out>
    <system-err><![CDATA[Ê®Ò»ÔÂ 09, 2017 5:47:56 ÏÂÎç com.codeborne.selenide.impl.WebDriverThreadLocalContainer getAndCheckWebDriver
ĞÅÏ¢: Webdriver has been closed meanwhile. Let's re-create it.
Ê®Ò»ÔÂ 09, 2017 5:47:56 ÏÂÎç com.codeborne.selenide.impl.WebDriverThreadLocalContainer closeWebDriver
ĞÅÏ¢: Close webdriver: 1 -> ChromeDriver: chrome on XP (null)
Ê®Ò»ÔÂ 09, 2017 5:47:56 ÏÂÎç com.codeborne.selenide.impl.WebDriverThreadLocalContainer closeWebDriver
ĞÅÏ¢: Close proxy server: 1 -> null
Ê®Ò»ÔÂ 09, 2017 5:47:56 ÏÂÎç com.codeborne.selenide.impl.WebDriverThreadLocalContainer$CloseBrowser run
ĞÅÏ¢: Trying to close the browser ChromeDriver ...
Starting ChromeDriver 2.29.461591 (62ebf098771772160f391d75e589dc567915b233) on port 24654
Only local connections are allowed.
Ê®Ò»ÔÂ 09, 2017 5:47:59 ÏÂÎç com.codeborne.selenide.webdriver.WebDriverFactory createWebDriver
ĞÅÏ¢: BrowserName=chrome Version=57.0.2987.133 Platform=XP
Ê®Ò»ÔÂ 09, 2017 5:47:59 ÏÂÎç com.codeborne.selenide.webdriver.WebDriverFactory createWebDriver
ĞÅÏ¢: Selenide v. 4.4.2
Ê®Ò»ÔÂ 09, 2017 5:47:59 ÏÂÎç com.codeborne.selenide.webdriver.WebDriverFactory createWebDriver
ĞÅÏ¢: Selenium WebDriver v. 2.53.1 build time: 2016-06-30 19:26:09
Ê®Ò»ÔÂ 09, 2017 5:47:59 ÏÂÎç com.codeborne.selenide.impl.WebDriverThreadLocalContainer createDriver
ĞÅÏ¢: Create webdriver in current thread 1: ChromeDriver -> ChromeDriver: chrome on XP (07aa02a957b74864a213201f75c062f4)
]]></system-err>
  </testcase>
  <testcase name="B_editInbound1" classname="com.yeastar.swebtest.testcase.RegressionCase.pbxcore.IVR" time="15.571">
    <failure message="Element not found {By.xpath: .//div[starts-with(@id,&quot;control-panel&quot;)]//div[starts-with(@id,&quot;set-lefttree&quot;)]//span[text()=&quot;Call Control&quot;]}&#10;Expected: exist" type="com.codeborne.selenide.ex.ElementNotFound">com.codeborne.selenide.ex.ElementNotFound: Element not found {By.xpath: .//div[starts-with(@id,"control-panel")]//div[starts-with(@id,"set-lefttree")]//span[text()="Call Control"]}
Expected: exist
	at sun.reflect.GeneratedConstructorAccessor26.newInstance(Unknown Source)
	at sun.reflect.DelegatingConstructorAccessorImpl.newInstance(DelegatingConstructorAccessorImpl.java:45)
	at java.lang.reflect.Constructor.newInstance(Constructor.java:423)
	at org.openqa.selenium.remote.ErrorHandler.createThrowable(ErrorHandler.java:206)
	at org.openqa.selenium.remote.ErrorHandler.throwIfResponseFailed(ErrorHandler.java:158)
	at org.openqa.selenium.remote.RemoteWebDriver.execute(RemoteWebDriver.java:678)
	at org.openqa.selenium.remote.RemoteWebElement.execute(RemoteWebElement.java:327)
	at org.openqa.selenium.remote.RemoteWebElement.click(RemoteWebElement.java:85)
	at com.codeborne.selenide.commands.Click.click(Click.java:22)
	at com.codeborne.selenide.commands.Click.execute(Click.java:14)
	at com.codeborne.selenide.commands.Click.execute(Click.java:11)
	at com.codeborne.selenide.commands.Commands.execute(Commands.java:140)
	at com.codeborne.selenide.impl.SelenideElementProxy.dispatchAndRetry(SelenideElementProxy.java:86)
	at com.codeborne.selenide.impl.SelenideElementProxy.invoke(SelenideElementProxy.java:62)
	at com.sun.proxy.$Proxy4.click(Unknown Source)
	at com.yeastar.swebtest.testcase.RegressionCase.pbxcore.IVR.B_editInbound1(IVR.java:113)
</failure>
    <system-out><![CDATA[Ö´ĞĞ²Ù×÷: ±à¼­ºôÈëÂ·ÓÉInbound1£¬ºôÈëµ½IVRtest1
]]></system-out>
  </testcase>
  <testcase name="C_dialextensions" classname="com.yeastar.swebtest.testcase.RegressionCase.pbxcore.IVR" time="35.099">
    <failure message="Element not found {By.xpath: .//*[@src=&apos;images/taskbar-main.png&apos;]}&#10;Expected: exist" type="com.codeborne.selenide.ex.ElementNotFound">com.codeborne.selenide.ex.ElementNotFound: Element not found {By.xpath: .//*[@src='images/taskbar-main.png']}
Expected: exist
	at sun.reflect.GeneratedConstructorAccessor26.newInstance(Unknown Source)
	at sun.reflect.DelegatingConstructorAccessorImpl.newInstance(DelegatingConstructorAccessorImpl.java:45)
	at java.lang.reflect.Constructor.newInstance(Constructor.java:423)
	at org.openqa.selenium.remote.ErrorHandler.createThrowable(ErrorHandler.java:206)
	at org.openqa.selenium.remote.ErrorHandler.throwIfResponseFailed(ErrorHandler.java:158)
	at org.openqa.selenium.remote.RemoteWebDriver.execute(RemoteWebDriver.java:678)
	at org.openqa.selenium.remote.RemoteWebElement.execute(RemoteWebElement.java:327)
	at org.openqa.selenium.remote.RemoteWebElement.click(RemoteWebElement.java:85)
	at com.codeborne.selenide.commands.Click.click(Click.java:22)
	at com.codeborne.selenide.commands.Click.execute(Click.java:14)
	at com.codeborne.selenide.commands.Click.execute(Click.java:11)
	at com.codeborne.selenide.commands.Commands.execute(Commands.java:140)
	at com.codeborne.selenide.impl.SelenideElementProxy.dispatchAndRetry(SelenideElementProxy.java:86)
	at com.codeborne.selenide.impl.SelenideElementProxy.invoke(SelenideElementProxy.java:62)
	at com.sun.proxy.$Proxy4.click(Unknown Source)
	at com.yeastar.swebtest.tools.pjsip.PjsipApp.Pj_Answer_Call(PjsipApp.java:243)
	at com.yeastar.swebtest.tools.pjsip.PjsipApp.Pj_Answer_Call(PjsipApp.java:226)
	at com.yeastar.swebtest.testcase.RegressionCase.pbxcore.IVR.C_dialextensions(IVR.java:133)
</failure>
    <system-out><![CDATA[Ö´ĞĞ²Ù×÷: 3001²¦´ò3000Í¨¹ısipÍâÏßºôÈëIVRtest1,Ö±²¦·Ö»ú1103
find this 3001 IP:192.168.11.196
uri: sip:3000@192.168.11.196
CallstateCallBack callid:0 accId:3 code:1
CallstateCallBack : username :3001
incomingcallback"3001" <sip:3001@192.168.11.198>callid:1accid:0accounts.size(): 6
find this 3001 IP:192.168.11.196
callId: 0send dtmf :1 num:
send dtmf end ...
callId: 0send dtmf :1 num:
send dtmf end ...
callId: 0send dtmf :0 num:
send dtmf end ...
callId: 0send dtmf :3 num:
send dtmf end ...
callId: 0send dtmf :# num:
send dtmf end ...
third-------get status Timeout----------
·Ö»úÍ¨»°×´Ì¬£º0
find this 1103 IP:192.168.11.198
Answer Call  -1  1103
CallstateCallBack callid:1 accId:0 code:6
CallstateCallBack : username :1000
CallstateCallBack callid:0 accId:3 code:4
CallstateCallBack : username :3001
CallstateCallBack callid:0 accId:3 code:5
CallstateCallBack : username :3001
]]></system-out>
  </testcase>
  <testcase name="D_dialoutbound" classname="com.yeastar.swebtest.testcase.RegressionCase.pbxcore.IVR" time="45.626">
    <failure message="Element not found {By.xpath: .//*[@src=&apos;images/taskbar-main.png&apos;]}&#10;Expected: exist" type="com.codeborne.selenide.ex.ElementNotFound">com.codeborne.selenide.ex.ElementNotFound: Element not found {By.xpath: .//*[@src='images/taskbar-main.png']}
Expected: exist
	at sun.reflect.GeneratedConstructorAccessor26.newInstance(Unknown Source)
	at sun.reflect.DelegatingConstructorAccessorImpl.newInstance(DelegatingConstructorAccessorImpl.java:45)
	at java.lang.reflect.Constructor.newInstance(Constructor.java:423)
	at org.openqa.selenium.remote.ErrorHandler.createThrowable(ErrorHandler.java:206)
	at org.openqa.selenium.remote.ErrorHandler.throwIfResponseFailed(ErrorHandler.java:158)
	at org.openqa.selenium.remote.RemoteWebDriver.execute(RemoteWebDriver.java:678)
	at org.openqa.selenium.remote.RemoteWebElement.execute(RemoteWebElement.java:327)
	at org.openqa.selenium.remote.RemoteWebElement.click(RemoteWebElement.java:85)
	at com.codeborne.selenide.commands.Click.click(Click.java:22)
	at com.codeborne.selenide.commands.Click.execute(Click.java:14)
	at com.codeborne.selenide.commands.Click.execute(Click.java:11)
	at com.codeborne.selenide.commands.Commands.execute(Commands.java:140)
	at com.codeborne.selenide.impl.SelenideElementProxy.dispatchAndRetry(SelenideElementProxy.java:86)
	at com.codeborne.selenide.impl.SelenideElementProxy.invoke(SelenideElementProxy.java:62)
	at com.sun.proxy.$Proxy4.click(Unknown Source)
	at com.yeastar.swebtest.driver.YSMethod.YS_Extension.checkCDR(YS_Extension.java:253)
	at com.yeastar.swebtest.driver.YSMethod.YS_Extension.checkCDR(YS_Extension.java:250)
	at com.yeastar.swebtest.testcase.RegressionCase.pbxcore.IVR.D_dialoutbound(IVR.java:150)
</failure>
    <system-out><![CDATA[Ö´ĞĞ²Ù×÷: 3001²¦´ò3000Í¨¹ısipÍâÏßºôÈëIVRtest1,Ö±²¦3333Í¨¹ıspsÍâÏßºô³ö
find this 3001 IP:192.168.11.196
uri: sip:3000@192.168.11.196
CallstateCallBack callid:2 accId:3 code:1
CallstateCallBack : username :3001
incomingcallback"3001" <sip:3001@192.168.11.198>callid:3accid:0accounts.size(): 6
find this 3001 IP:192.168.11.196
callId: 2send dtmf :3 num:
send dtmf end ...
callId: 2send dtmf :3 num:
send dtmf end ...
callId: 2send dtmf :3 num:
send dtmf end ...
callId: 2send dtmf :3 num:
send dtmf end ...
callId: 2send dtmf :3 num:
send dtmf end ...
callId: 2send dtmf :# num:
send dtmf end ...
third-------get status Timeout----------
·Ö»úÍ¨»°×´Ì¬£º0
find this 2000 IP:192.168.11.197
Answer Call  -1  2000
CallstateCallBack callid:3 accId:0 code:6
CallstateCallBack : username :1000
CallstateCallBack callid:0 accId:3 code:6
CallstateCallBack : username :3001
CallstateCallBack callid:2 accId:3 code:6
CallstateCallBack : username :3001
]]></system-out>
  </testcase>
  <testcase name="E_key0toExtension" classname="com.yeastar.swebtest.testcase.RegressionCase.pbxcore.IVR" time="34.266">
    <failure message="CDRè¢«å«æ–¹æ£€æµ‹ ã€é¢„æœŸï¼š1000 [6501(1000)] å®é™…ï¼š1000 [1000]ã€‘" type="java.lang.AssertionError">java.lang.AssertionError: CDRè¢«å«æ–¹æ£€æµ‹ ã€é¢„æœŸï¼š1000 [6501(1000)] å®é™…ï¼š1000 [1000]ã€‘
	at com.yeastar.swebtest.tools.ysassert.YsAssert.fail(YsAssert.java:1086)
	at com.yeastar.swebtest.tools.ysassert.YsAssert.failNotEquals(YsAssert.java:579)
	at com.yeastar.swebtest.tools.ysassert.YsAssert.assertEqualsImpl(YsAssert.java:142)
	at com.yeastar.swebtest.tools.ysassert.YsAssert.assertEquals(YsAssert.java:116)
	at com.yeastar.swebtest.tools.ysassert.YsAssert.assertEquals(YsAssert.java:199)
	at com.yeastar.swebtest.driver.YSMethod.YS_Extension.checkCDR(YS_Extension.java:258)
	at com.yeastar.swebtest.driver.YSMethod.YS_Extension.checkCDR(YS_Extension.java:250)
	at com.yeastar.swebtest.testcase.RegressionCase.pbxcore.IVR.E_key0toExtension(IVR.java:163)
</failure>
    <system-out><![CDATA[Ö´ĞĞ²Ù×÷: 2001²¦´ò99999Í¨¹ıspsÍâÏßºôÈëIVRtest1,°´0µ½·Ö»ú1000
find this 2001 IP:192.168.11.197
uri: sip:99999@192.168.11.197
CallstateCallBack callid:4 accId:5 code:1
CallstateCallBack : username :2001
incomingcallback"2001" <sip:2001@192.168.11.198>callid:5accid:0accounts.size(): 6
find this 2001 IP:192.168.11.197
callId: 4send dtmf :0 num:
send dtmf end ...
Second-------get status succ--------------
find this 1000 IP:192.168.11.198
Answer Call  5  1000
CallstateCallBack callid:5 accId:0 code:4
CallstateCallBack : username :1000
CallstateCallBack callid:5 accId:0 code:5
CallstateCallBack : username :1000
CallstateCallBack callid:4 accId:5 code:4
CallstateCallBack : username :2001
CallstateCallBack callid:4 accId:5 code:5
CallstateCallBack : username :2001
Extjs£º  return Ext.query('#'+Ext.query('#'+Ext.getCmp(Ext.getCmp('pbxmonitor').down('b-extenstatus').id).down('tableview').id + ' [data-recordindex]')[0].id + ' tr td div div')[0].getAttribute('data-qtip')
Extjs£º  return Ext.query('#'+Ext.query('#'+Ext.getCmp(Ext.getCmp('pbxmonitor').down('b-extenstatus').id).down('tableview').id + ' [data-recordindex]')[0].id + ' tr td div div')[0].getAttribute('data-qtip')
Extjs£º  return Ext.query('#'+Ext.query('#'+Ext.getCmp(Ext.getCmp('pbxmonitor').down('b-extenstatus').id).down('tableview').id + ' [data-recordindex]')[0].id + ' tr td div div')[0].getAttribute('data-qtip')
CallstateCallBack callid:4 accId:5 code:6
CallstateCallBack : username :2001
CallstateCallBack callid:5 accId:0 code:6
CallstateCallBack : username :1000
Extjs£º  return Ext.get(Ext.getCmp('cdr-record').down('loadmask').id).dom.style.display
Extjs£º  return Ext.query('#'+Ext.query('#'+Ext.getCmp('cdr-record').down('grid').down('tableview').id + ' [data-recordindex]')[0].id + ' tr td')[1].textContent
Extjs£º  return Ext.query('#'+Ext.query('#'+Ext.getCmp('cdr-record').down('grid').down('tableview').id + ' [data-recordindex]')[0].id + ' tr td')[2].textContent
]]></system-out>
  </testcase>
  <testcase name="F_key1toVoicemail" classname="com.yeastar.swebtest.testcase.RegressionCase.pbxcore.IVR" time="35.002">
    <failure message="CDRè¢«å«æ–¹æ£€æµ‹ ã€é¢„æœŸï¼š6501(1000) å®é™…ï¼š1000 [1000]ã€‘" type="java.lang.AssertionError">java.lang.AssertionError: CDRè¢«å«æ–¹æ£€æµ‹ ã€é¢„æœŸï¼š6501(1000) å®é™…ï¼š1000 [1000]ã€‘
	at com.yeastar.swebtest.tools.ysassert.YsAssert.fail(YsAssert.java:1086)
	at com.yeastar.swebtest.tools.ysassert.YsAssert.failNotEquals(YsAssert.java:579)
	at com.yeastar.swebtest.tools.ysassert.YsAssert.assertEqualsImpl(YsAssert.java:142)
	at com.yeastar.swebtest.tools.ysassert.YsAssert.assertEquals(YsAssert.java:116)
	at com.yeastar.swebtest.tools.ysassert.YsAssert.assertEquals(YsAssert.java:199)
	at com.yeastar.swebtest.driver.YSMethod.YS_Extension.checkCDR(YS_Extension.java:258)
	at com.yeastar.swebtest.driver.YSMethod.YS_Extension.checkCDR(YS_Extension.java:250)
	at com.yeastar.swebtest.testcase.RegressionCase.pbxcore.IVR.F_key1toVoicemail(IVR.java:174)
</failure>
    <system-out><![CDATA[Ö´ĞĞ²Ù×÷: 2001²¦´ò99999Í¨¹ıspsÍâÏßºôÈëIVRtest1,°´1µ½voicemail-1000
find this 2001 IP:192.168.11.197
uri: sip:99999@192.168.11.197
CallstateCallBack callid:6 accId:5 code:1
CallstateCallBack : username :2001
incomingcallback"2001" <sip:2001@192.168.11.198>callid:7accid:0accounts.size(): 6
find this 2001 IP:192.168.11.197
callId: 6send dtmf :1 num:
send dtmf end ...
CallstateCallBack callid:7 accId:0 code:6
CallstateCallBack : username :1000
CallstateCallBack callid:6 accId:5 code:6
CallstateCallBack : username :2001
Extjs£º  return Ext.get(Ext.getCmp('cdr-record').down('loadmask').id).dom.style.display
Extjs£º  return Ext.query('#'+Ext.query('#'+Ext.getCmp('cdr-record').down('grid').down('tableview').id + ' [data-recordindex]')[0].id + ' tr td')[1].textContent
Extjs£º  return Ext.query('#'+Ext.query('#'+Ext.getCmp('cdr-record').down('grid').down('tableview').id + ' [data-recordindex]')[0].id + ' tr td')[2].textContent
]]></system-out>
  </testcase>
  <testcase name="G_key5toDialName" classname="com.yeastar.swebtest.testcase.RegressionCase.pbxcore.IVR" time="30.119">
    <failure message="é¢„æœŸ1103ä¸ºRingçŠ¶æ€ ã€é¢„æœŸï¼š2 å®é™…ï¼š0ã€‘" type="java.lang.AssertionError">java.lang.AssertionError: é¢„æœŸ1103ä¸ºRingçŠ¶æ€ ã€é¢„æœŸï¼š2 å®é™…ï¼š0ã€‘
	at com.yeastar.swebtest.tools.ysassert.YsAssert.fail(YsAssert.java:1086)
	at com.yeastar.swebtest.tools.ysassert.YsAssert.failNotEquals(YsAssert.java:579)
	at com.yeastar.swebtest.tools.ysassert.YsAssert.assertEqualsImpl(YsAssert.java:142)
	at com.yeastar.swebtest.tools.ysassert.YsAssert.assertEquals(YsAssert.java:116)
	at com.yeastar.swebtest.tools.ysassert.YsAssert.assertEquals(YsAssert.java:425)
	at com.yeastar.swebtest.testcase.RegressionCase.pbxcore.IVR.G_key5toDialName(IVR.java:187)
</failure>
    <system-out><![CDATA[Ö´ĞĞ²Ù×÷: 1000²¦´ò6501£¬°´5µ½DialbyName,°´957µ½·Ö»ú1103
find this 1000 IP:192.168.11.198
uri: sip:6501@192.168.11.198
CallstateCallBack callid:8 accId:0 code:1
CallstateCallBack : username :1000
CallstateCallBack callid:8 accId:0 code:4
CallstateCallBack : username :1000
CallstateCallBack callid:8 accId:0 code:5
CallstateCallBack : username :1000
find this 1000 IP:192.168.11.198
callId: 8send dtmf :5 num:
send dtmf end ...
CallstateCallBack callid:8 accId:0 code:6
CallstateCallBack : username :1000
find this 1000 IP:192.168.11.198
callId: 8send dtmf :9 num:
send dtmf end ...
callId: 8send dtmf :5 num:
send dtmf end ...
callId: 8send dtmf :7 num:
send dtmf end ...
find this 1000 IP:192.168.11.198
callId: 8send dtmf :1 num:
send dtmf end ...
third-------get status Timeout----------
·Ö»úÍ¨»°×´Ì¬£º0
]]></system-out>
  </testcase>
  <testcase name="H_keytoHangup" classname="com.yeastar.swebtest.testcase.RegressionCase.pbxcore.IVR" time="26.606">
    <failure message="CDRå‘¼å«æ–¹æ£€æµ‹ ã€é¢„æœŸï¼š2001 [2001] å®é™…ï¼š1000 [1000]ã€‘" type="java.lang.AssertionError">java.lang.AssertionError: CDRå‘¼å«æ–¹æ£€æµ‹ ã€é¢„æœŸï¼š2001 [2001] å®é™…ï¼š1000 [1000]ã€‘
	at com.yeastar.swebtest.tools.ysassert.YsAssert.fail(YsAssert.java:1086)
	at com.yeastar.swebtest.tools.ysassert.YsAssert.failNotEquals(YsAssert.java:579)
	at com.yeastar.swebtest.tools.ysassert.YsAssert.assertEqualsImpl(YsAssert.java:142)
	at com.yeastar.swebtest.tools.ysassert.YsAssert.assertEquals(YsAssert.java:116)
	at com.yeastar.swebtest.tools.ysassert.YsAssert.assertEquals(YsAssert.java:199)
	at com.yeastar.swebtest.driver.YSMethod.YS_Extension.checkCDR(YS_Extension.java:257)
	at com.yeastar.swebtest.driver.YSMethod.YS_Extension.checkCDR(YS_Extension.java:250)
	at com.yeastar.swebtest.testcase.RegressionCase.pbxcore.IVR.H_keytoHangup(IVR.java:202)
</failure>
    <system-out><![CDATA[Ö´ĞĞ²Ù×÷: 2001²¦´ò99999Í¨¹ıspsÍâÏßºôÈëIVRtest1,°´#¹Ò¶ÏÍ¨»°
find this 2001 IP:192.168.11.197
uri: sip:99999@192.168.11.197
CallstateCallBack callid:9 accId:5 code:1
CallstateCallBack : username :2001
incomingcallback"2001" <sip:2001@192.168.11.198>callid:10accid:0accounts.size(): 6
find this 2001 IP:192.168.11.197
callId: 9send dtmf :# num:
send dtmf end ...
third-------get status Timeout----------
·Ö»úÍ¨»°×´Ì¬£º1
Extjs£º  return Ext.get(Ext.getCmp('cdr-record').down('loadmask').id).dom.style.display
Extjs£º  return Ext.query('#'+Ext.query('#'+Ext.getCmp('cdr-record').down('grid').down('tableview').id + ' [data-recordindex]')[0].id + ' tr td')[1].textContent
]]></system-out>
  </testcase>
  <testcase name="I_keytoSelectOption" classname="com.yeastar.swebtest.testcase.RegressionCase.pbxcore.IVR" time="38.056">
    <failure message="CDRè¢«å«æ–¹æ£€æµ‹ ã€é¢„æœŸï¼š1105 [6501(1105)] å®é™…ï¼š1000 [1000]ã€‘" type="java.lang.AssertionError">java.lang.AssertionError: CDRè¢«å«æ–¹æ£€æµ‹ ã€é¢„æœŸï¼š1105 [6501(1105)] å®é™…ï¼š1000 [1000]ã€‘
	at com.yeastar.swebtest.tools.ysassert.YsAssert.fail(YsAssert.java:1086)
	at com.yeastar.swebtest.tools.ysassert.YsAssert.failNotEquals(YsAssert.java:579)
	at com.yeastar.swebtest.tools.ysassert.YsAssert.assertEqualsImpl(YsAssert.java:142)
	at com.yeastar.swebtest.tools.ysassert.YsAssert.assertEquals(YsAssert.java:116)
	at com.yeastar.swebtest.tools.ysassert.YsAssert.assertEquals(YsAssert.java:199)
	at com.yeastar.swebtest.driver.YSMethod.YS_Extension.checkCDR(YS_Extension.java:258)
	at com.yeastar.swebtest.driver.YSMethod.YS_Extension.checkCDR(YS_Extension.java:250)
	at com.yeastar.swebtest.testcase.RegressionCase.pbxcore.IVR.I_keytoSelectOption(IVR.java:216)
</failure>
    <system-out><![CDATA[Ö´ĞĞ²Ù×÷: 2001²¦´ò99999Í¨¹ıspsÍâÏßºôÈëIVRtest1£¬°´*µ½SelecttoOption--Ô¤ÆÚ1105ÏìÁå
find this 2001 IP:192.168.11.197
uri: sip:99999@192.168.11.197
CallstateCallBack callid:11 accId:5 code:1
CallstateCallBack : username :2001
incomingcallback"2001" <sip:2001@192.168.11.198>callid:12accid:0accounts.size(): 6
CallstateCallBack callid:10 accId:0 code:6
CallstateCallBack : username :1000
CallstateCallBack callid:9 accId:5 code:4
CallstateCallBack : username :2001
CallstateCallBack callid:9 accId:5 code:5
CallstateCallBack : username :2001
find this 2001 IP:192.168.11.197
callId: 9send dtmf :* num:
send dtmf end ...
third-------get status Timeout----------
·Ö»úÍ¨»°×´Ì¬£º0
find this 1105 IP:192.168.11.198
Answer Call  -1  1105
CallstateCallBack callid:12 accId:0 code:6
CallstateCallBack : username :1000
CallstateCallBack callid:9 accId:5 code:6
CallstateCallBack : username :2001
CallstateCallBack callid:11 accId:5 code:6
CallstateCallBack : username :2001
Extjs£º  return Ext.get(Ext.getCmp('cdr-record').down('loadmask').id).dom.style.display
Extjs£º  return Ext.query('#'+Ext.query('#'+Ext.getCmp('cdr-record').down('grid').down('tableview').id + ' [data-recordindex]')[0].id + ' tr td')[1].textContent
Extjs£º  return Ext.query('#'+Ext.query('#'+Ext.getCmp('cdr-record').down('grid').down('tableview').id + ' [data-recordindex]')[0].id + ' tr td')[2].textContent
]]></system-out>
  </testcase>
  <testcase name="J_keytoTimeout" classname="com.yeastar.swebtest.testcase.RegressionCase.pbxcore.IVR" time="69.31"/>
  <testcase name="K_keytoInvalid" classname="com.yeastar.swebtest.testcase.RegressionCase.pbxcore.IVR" time="35.159">
    <failure message="CDRè¢«å«æ–¹æ£€æµ‹ ã€é¢„æœŸï¼š1105 [6501(1105)] å®é™…ï¼š6501ã€‘" type="java.lang.AssertionError">java.lang.AssertionError: CDRè¢«å«æ–¹æ£€æµ‹ ã€é¢„æœŸï¼š1105 [6501(1105)] å®é™…ï¼š6501ã€‘
	at com.yeastar.swebtest.tools.ysassert.YsAssert.fail(YsAssert.java:1086)
	at com.yeastar.swebtest.tools.ysassert.YsAssert.failNotEquals(YsAssert.java:579)
	at com.yeastar.swebtest.tools.ysassert.YsAssert.assertEqualsImpl(YsAssert.java:142)
	at com.yeastar.swebtest.tools.ysassert.YsAssert.assertEquals(YsAssert.java:116)
	at com.yeastar.swebtest.tools.ysassert.YsAssert.assertEquals(YsAssert.java:199)
	at com.yeastar.swebtest.driver.YSMethod.YS_Extension.checkCDR(YS_Extension.java:258)
	at com.yeastar.swebtest.driver.YSMethod.YS_Extension.checkCDR(YS_Extension.java:250)
	at com.yeastar.swebtest.testcase.RegressionCase.pbxcore.IVR.K_keytoInvalid(IVR.java:250)
</failure>
    <system-out><![CDATA[Ö´ĞĞ²Ù×÷: 1000²¦´ò6501£¬°´a´íÎó°´¼üµ½·Ö»ú1105
find this 1000 IP:192.168.11.198
uri: sip:6501@192.168.11.198
CallstateCallBack callid:14 accId:0 code:1
CallstateCallBack : username :1000
CallstateCallBack callid:14 accId:0 code:4
CallstateCallBack : username :1000
CallstateCallBack callid:14 accId:0 code:5
CallstateCallBack : username :1000
find this 1000 IP:192.168.11.198
callId: 14send dtmf :a num:
send dtmf end ...
CallstateCallBack callid:14 accId:0 code:6
CallstateCallBack : username :1000
third-------get status Timeout----------
·Ö»úÍ¨»°×´Ì¬£º0
find this 1105 IP:192.168.11.198
Answer Call  -1  1105
Extjs£º  return Ext.get(Ext.getCmp('cdr-record').down('loadmask').id).dom.style.display
Extjs£º  return Ext.query('#'+Ext.query('#'+Ext.getCmp('cdr-record').down('grid').down('tableview').id + ' [data-recordindex]')[0].id + ' tr td')[1].textContent
Extjs£º  return Ext.query('#'+Ext.query('#'+Ext.getCmp('cdr-record').down('grid').down('tableview').id + ' [data-recordindex]')[0].id + ' tr td')[2].textContent
]]></system-out>
  </testcase>
  <testcase name="L_checkvoicemail" classname="com.yeastar.swebtest.testcase.RegressionCase.pbxcore.IVR" time="39.563">
    <failure message="CDRè¢«å«æ–¹æ£€æµ‹ ã€é¢„æœŸï¼š6501(*02) å®é™…ï¼š1000 [1000]ã€‘" type="java.lang.AssertionError">java.lang.AssertionError: CDRè¢«å«æ–¹æ£€æµ‹ ã€é¢„æœŸï¼š6501(*02) å®é™…ï¼š1000 [1000]ã€‘
	at com.yeastar.swebtest.tools.ysassert.YsAssert.fail(YsAssert.java:1086)
	at com.yeastar.swebtest.tools.ysassert.YsAssert.failNotEquals(YsAssert.java:579)
	at com.yeastar.swebtest.tools.ysassert.YsAssert.assertEqualsImpl(YsAssert.java:142)
	at com.yeastar.swebtest.tools.ysassert.YsAssert.assertEquals(YsAssert.java:116)
	at com.yeastar.swebtest.tools.ysassert.YsAssert.assertEquals(YsAssert.java:199)
	at com.yeastar.swebtest.driver.YSMethod.YS_Extension.checkCDR(YS_Extension.java:258)
	at com.yeastar.swebtest.driver.YSMethod.YS_Extension.checkCDR(YS_Extension.java:250)
	at com.yeastar.swebtest.testcase.RegressionCase.pbxcore.IVR.L_checkvoicemail(IVR.java:266)
</failure>
    <system-out><![CDATA[Ö´ĞĞ²Ù×÷: 2001²¦´ò99999Í¨¹ıspsÍâÏßºôÈëIVRtest1,Ö±½Ó²¦´ò*02²é¿´1000µÄÓïÒôÁôÑÔ
find this 2001 IP:192.168.11.197
uri: sip:99999@192.168.11.197
CallstateCallBack callid:15 accId:5 code:1
CallstateCallBack : username :2001
incomingcallback"2001" <sip:2001@192.168.11.198>callid:16accid:0accounts.size(): 6
find this 2001 IP:192.168.11.197
callId: 15send dtmf :* num:
send dtmf end ...
callId: 15send dtmf :0 num:
send dtmf end ...
callId: 15send dtmf :2 num:
send dtmf end ...
find this 2001 IP:192.168.11.197
callId: 15send dtmf :1 num:
send dtmf end ...
callId: 15send dtmf :0 num:
send dtmf end ...
callId: 15send dtmf :0 num:
send dtmf end ...
callId: 15send dtmf :0 num:
send dtmf end ...
callId: 15send dtmf :# num:
send dtmf end ...
find this 2001 IP:192.168.11.197
callId: 15send dtmf :1 num:
send dtmf end ...
callId: 15send dtmf :0 num:
send dtmf end ...
callId: 15send dtmf :0 num:
send dtmf end ...
callId: 15send dtmf :0 num:
send dtmf end ...
CallstateCallBack callid:16 accId:0 code:6
CallstateCallBack : username :1000
CallstateCallBack callid:15 accId:5 code:6
CallstateCallBack : username :2001
Extjs£º  return Ext.get(Ext.getCmp('cdr-record').down('loadmask').id).dom.style.display
Extjs£º  return Ext.query('#'+Ext.query('#'+Ext.getCmp('cdr-record').down('grid').down('tableview').id + ' [data-recordindex]')[0].id + ' tr td')[1].textContent
Extjs£º  return Ext.query('#'+Ext.query('#'+Ext.getCmp('cdr-record').down('grid').down('tableview').id + ' [data-recordindex]')[0].id + ' tr td')[2].textContent
Screen shot error: F:\MyProject\SwebTest\SwebTest\pic\CDR±»½Ğ·½¼ì²â ¡¾Ô¤ÆÚ£º6501(*02) Êµ¼Ê£º1000 [1000]¡¿.jpg
]]></system-out>
  </testcase>
  <testcase name="M_delete" classname="com.yeastar.swebtest.testcase.RegressionCase.pbxcore.IVR" time="16.122">
    <failure message="Element not found {By.xpath: .//div[starts-with(@id,&quot;control-panel&quot;)]//div[starts-with(@id,&quot;set-lefttree&quot;)]//span[text()=&quot;Call Features&quot;]}&#10;Expected: exist" type="com.codeborne.selenide.ex.ElementNotFound">com.codeborne.selenide.ex.ElementNotFound: Element not found {By.xpath: .//div[starts-with(@id,"control-panel")]//div[starts-with(@id,"set-lefttree")]//span[text()="Call Features"]}
Expected: exist
	at sun.reflect.GeneratedConstructorAccessor30.newInstance(Unknown Source)
	at sun.reflect.DelegatingConstructorAccessorImpl.newInstance(DelegatingConstructorAccessorImpl.java:45)
	at java.lang.reflect.Constructor.newInstance(Constructor.java:423)
	at org.openqa.selenium.remote.ErrorHandler.createThrowable(ErrorHandler.java:206)
	at org.openqa.selenium.remote.ErrorHandler.throwIfResponseFailed(ErrorHandler.java:158)
	at org.openqa.selenium.remote.RemoteWebDriver.execute(RemoteWebDriver.java:678)
	at org.openqa.selenium.remote.RemoteWebElement.execute(RemoteWebElement.java:327)
	at org.openqa.selenium.remote.RemoteWebElement.click(RemoteWebElement.java:85)
	at com.codeborne.selenide.commands.Click.click(Click.java:22)
	at com.codeborne.selenide.commands.Click.execute(Click.java:14)
	at com.codeborne.selenide.commands.Click.execute(Click.java:11)
	at com.codeborne.selenide.commands.Commands.execute(Commands.java:140)
	at com.codeborne.selenide.impl.SelenideElementProxy.dispatchAndRetry(SelenideElementProxy.java:86)
	at com.codeborne.selenide.impl.SelenideElementProxy.invoke(SelenideElementProxy.java:62)
	at com.sun.proxy.$Proxy4.click(Unknown Source)
	at com.yeastar.swebtest.testcase.RegressionCase.pbxcore.IVR.M_delete(IVR.java:274)
</failure>
  </testcase>
  <testcase name="N_editInbound2" classname="com.yeastar.swebtest.testcase.RegressionCase.pbxcore.IVR" time="15.687">
    <failure message="Element not found {By.xpath: .//div[starts-with(@id,&quot;control-panel&quot;)]//div[starts-with(@id,&quot;set-lefttree&quot;)]//span[text()=&quot;Call Control&quot;]}&#10;Expected: exist" type="com.codeborne.selenide.ex.ElementNotFound">com.codeborne.selenide.ex.ElementNotFound: Element not found {By.xpath: .//div[starts-with(@id,"control-panel")]//div[starts-with(@id,"set-lefttree")]//span[text()="Call Control"]}
Expected: exist
	at sun.reflect.GeneratedConstructorAccessor30.newInstance(Unknown Source)
	at sun.reflect.DelegatingConstructorAccessorImpl.newInstance(DelegatingConstructorAccessorImpl.java:45)
	at java.lang.reflect.Constructor.newInstance(Constructor.java:423)
	at org.openqa.selenium.remote.ErrorHandler.createThrowable(ErrorHandler.java:206)
	at org.openqa.selenium.remote.ErrorHandler.throwIfResponseFailed(ErrorHandler.java:158)
	at org.openqa.selenium.remote.RemoteWebDriver.execute(RemoteWebDriver.java:678)
	at org.openqa.selenium.remote.RemoteWebElement.execute(RemoteWebElement.java:327)
	at org.openqa.selenium.remote.RemoteWebElement.click(RemoteWebElement.java:85)
	at com.codeborne.selenide.commands.Click.click(Click.java:22)
	at com.codeborne.selenide.commands.Click.execute(Click.java:14)
	at com.codeborne.selenide.commands.Click.execute(Click.java:11)
	at com.codeborne.selenide.commands.Commands.execute(Commands.java:140)
	at com.codeborne.selenide.impl.SelenideElementProxy.dispatchAndRetry(SelenideElementProxy.java:86)
	at com.codeborne.selenide.impl.SelenideElementProxy.invoke(SelenideElementProxy.java:62)
	at com.sun.proxy.$Proxy4.click(Unknown Source)
	at com.yeastar.swebtest.testcase.RegressionCase.pbxcore.IVR.N_editInbound2(IVR.java:323)
</failure>
    <system-out><![CDATA[Ö´ĞĞ²Ù×÷: ±à¼­ºôÈëÂ·ÓÉInbound1£¬ºôÈëµ½·Ö»ú1000
]]></system-out>
  </testcase>
  <testcase name="A_add_queue6701" classname="com.yeastar.swebtest.testcase.RegressionCase.pbxcore.Queue" time="20.601"/>
  <testcase name="A_add_queue6702" classname="com.yeastar.swebtest.testcase.RegressionCase.pbxcore.Queue" time="31.122"/>
  <testcase name="A_editInbound" classname="com.yeastar.swebtest.testcase.RegressionCase.pbxcore.Queue" time="36.454"/>
[...]
Ö´ĞĞ²Ù×÷: ±»²âÉè±¸×¢²á·Ö»ú1000,1100,1101,1105£¬¸¨Öú2:2000
find this 1000 IP:
xxxxxxx  5060
sip::::::.......sip:1000@192.168.11.198:5060.......0
Extjs£º  return Ext.query('#'+Ext.query('#'+Ext.getCmp(Ext.getCmp('pbxmonitor').down('b-extenstatus').id).down('tableview').id + ' [data-recordindex]')[0].id + ' tr td div div')[0].getAttribute('data-qtip')
find this 1100 IP:
xxxxxxx  5060
sip::::::.......sip:1100@192.168.11.198:5060.......1
Extjs£º  return Ext.query('#'+Ext.query('#'+Ext.getCmp(Ext.getCmp('pbxmonitor').down('b-extenstatus').id).down('tableview').id + ' [data-recordindex]')[1].id + ' tr td div div')[0].getAttribute('data-qtip')
find this 1101 IP:
xxxxxxx  5060
sip::::::.......sip:1101@192.168.11.198:5060.......2
Extjs£º  return Ext.query('#'+Ext.query('#'+Ext.getCmp(Ext.getCmp('pbxmonitor').down('b-extenstatus').id).down('tableview').id + ' [data-recordindex]')[2].id + ' tr td div div')[0].getAttribute('data-qtip')
find this 1105 IP:
xxxxxxx  5060
sip::::::.......sip:1105@192.168.11.198:5060.......3
Extjs£º  return Ext.query('#'+Ext.query('#'+Ext.getCmp(Ext.getCmp('pbxmonitor').down('b-extenstatus').id).down('tableview').id + ' [data-recordindex]')[6].id + ' tr td div div')[0].getAttribute('data-qtip')
Extjs£º  return Ext.query('#'+Ext.query('#'+Ext.getCmp(Ext.getCmp('pbxmonitor').down('b-extenstatus').id).down('tableview').id + ' [data-recordindex]')[6].id + ' tr td div div')[0].getAttribute('data-qtip')
find this 2000 IP:
xxxxxxx  5060
sip::::::.......sip:2000@192.168.11.197:5060.......4
Ö´ĞĞ²Ù×÷: SIPÄÚ²¿·Ö»ú»¥´ò£º1000²¦´ò1105,1105½ÓÌı
find this 1000 IP:192.168.11.198
uri/./..........sip:1105@192.168.11.198:5060  0
CallstateCallBack callid:0 accId:0 code:1
CallstateCallBack : username :1000
Make call Auto 0
incomingcallback"1000" <sip:1000@192.168.11.198>callid:1accid:3accounts.size(): 5
CallstateCallBack callid:1 accId:3 code:4
CallstateCallBack : username :1105
CallstateCallBack callid:1 accId:3 code:5
CallstateCallBack : username :1105
CallstateCallBack callid:0 accId:0 code:4
CallstateCallBack : username :1000
CallstateCallBack callid:0 accId:0 code:5
CallstateCallBack : username :1000
Extjs£º  return Ext.query('#'+Ext.query('#'+Ext.getCmp(Ext.getCmp('pbxmonitor').down('b-extenstatus').id).down('tableview').id + ' [data-recordindex]')[0].id + ' tr td div div')[0].getAttribute('data-qtip')
Extjs£º  return Ext.query('#'+Ext.query('#'+Ext.getCmp(Ext.getCmp('pbxmonitor').down('b-extenstatus').id).down('tableview').id + ' [data-recordindex]')[0].id + ' tr td div div')[0].getAttribute('data-qtip')
Extjs£º  return Ext.query('#'+Ext.query('#'+Ext.getCmp(Ext.getCmp('pbxmonitor').down('b-extenstatus').id).down('tableview').id + ' [data-recordindex]')[0].id + ' tr td div div')[0].getAttribute('data-qtip')
CallstateCallBack callid:0 accId:0 code:6
CallstateCallBack : username :1000
CallstateCallBack callid:1 accId:3 code:6
CallstateCallBack : username :1105
Extjs£º  return Ext.get(Ext.getCmp('cdr-record').down('loadmask').id).dom.style.display
Extjs£º  return Ext.get(Ext.getCmp('cdr-record').down('loadmask').id).dom.style.display
Extjs£º  return Ext.query('#'+Ext.query('#'+Ext.getCmp('cdr-record').down('grid').down('tableview').id + ' [data-recordindex]')[0].id + ' tr td')[1].textContent
Extjs£º  return Ext.query('#'+Ext.query('#'+Ext.getCmp('cdr-record').down('grid').down('tableview').id + ' [data-recordindex]')[0].id + ' tr td')[2].textContent
Extjs£º  return Ext.query('#'+Ext.query('#'+Ext.getCmp('cdr-record').down('grid').down('tableview').id + ' [data-recordindex]')[0].id + ' tr td')[5].textContent
Extjs£º  return Ext.query('#'+Ext.query('#'+Ext.getCmp('cdr-record').down('grid').down('tableview').id + ' [data-recordindex]')[0].id + ' tr td')[8].textContent
Extjs£º  Ext.get(Ext.query('#cdr-record_header-targetEl'+ ' .x-tool-close')[0].id).dom.click()
Extjs£º  return Ext.get(Ext.getCmp('cdr-record').down('loadmask').id).dom.style.display
Extjs£º  return Ext.get(Ext.getCmp('cdr-record').down('loadmask').id).dom.style.display
mmmmm-------https://192.168.11.198:8088/images/play-gray.png
]]></system-out>
    <system-err><![CDATA[Ê®Ò»ÔÂ 09, 2017 6:23:20 ÏÂÎç com.codeborne.selenide.impl.WebDriverThreadLocalContainer getAndCheckWebDriver
ĞÅÏ¢: Webdriver has been closed meanwhile. Let's re-create it.
Ê®Ò»ÔÂ 09, 2017 6:23:20 ÏÂÎç com.codeborne.selenide.impl.WebDriverThreadLocalContainer closeWebDriver
ĞÅÏ¢: Close webdriver: 1 -> ChromeDriver: chrome on XP (null)
Ê®Ò»ÔÂ 09, 2017 6:23:20 ÏÂÎç com.codeborne.selenide.impl.WebDriverThreadLocalContainer closeWebDriver
ĞÅÏ¢: Close proxy server: 1 -> null
Ê®Ò»ÔÂ 09, 2017 6:23:20 ÏÂÎç com.codeborne.selenide.impl.WebDriverThreadLocalContainer$CloseBrowser run
ĞÅÏ¢: Trying to close the browser ChromeDriver ...
Starting ChromeDriver 2.29.461591 (62ebf098771772160f391d75e589dc567915b233) on port 31672
Only local connections are allowed.
Ê®Ò»ÔÂ 09, 2017 6:23:23 ÏÂÎç com.codeborne.selenide.webdriver.WebDriverFactory createWebDriver
ĞÅÏ¢: BrowserName=chrome Version=57.0.2987.133 Platform=XP
Ê®Ò»ÔÂ 09, 2017 6:23:23 ÏÂÎç com.codeborne.selenide.webdriver.WebDriverFactory createWebDriver
ĞÅÏ¢: Selenide v. 4.4.2
Ê®Ò»ÔÂ 09, 2017 6:23:23 ÏÂÎç com.codeborne.selenide.webdriver.WebDriverFactory createWebDriver
ĞÅÏ¢: Selenium WebDriver v. 2.53.1 build time: 2016-06-30 19:26:09
Ê®Ò»ÔÂ 09, 2017 6:23:23 ÏÂÎç com.codeborne.selenide.impl.WebDriverThreadLocalContainer createDriver
ĞÅÏ¢: Create webdriver in current thread 1: ChromeDriver -> ChromeDriver: chrome on XP (7676c088aee32d944dd107a6e283747a)
]]></system-err>
  </testcase>
  <testcase name="A2_sip" classname="com.yeastar.swebtest.testcase.RegressionCase.pbxcore.Extension" time="28.005"/>
  <testcase name="A3_fxs" classname="com.yeastar.swebtest.testcase.RegressionCase.pbxcore.Extension" time="36.297"/>
  <testcase name="A4_fxs" classname="com.yeastar.swebtest.testcase.RegressionCase.pbxcore.Extension" time="38.798"/>
  <testcase name="B1_AttendTranfer" classname="com.yeastar.swebtest.testcase.RegressionCase.pbxcore.Extension" time="51.015"/>
  <testcase name="B2_AttendTranferTimeout" classname="com.yeastar.swebtest.testcase.RegressionCase.pbxcore.Extension" time="53.963"/>
  <testcase name="B3_BlindTransfer" classname="com.yeastar.swebtest.testcase.RegressionCase.pbxcore.Extension" time="47.444"/>
  <testcase name="C1_callpark" classname="com.yeastar.swebtest.testcase.RegressionCase.pbxcore.Extension" time="46.28"/>
  <testcase name="C2_callpark" classname="com.yeastar.swebtest.testcase.RegressionCase.pbxcore.Extension" time="54.345"/>
  <testcase name="D1_callforward" classname="com.yeastar.swebtest.testcase.RegressionCase.pbxcore.Extension" time="32.439"/>
  <testcase name="D2_cancellForward" classname="com.yeastar.swebtest.testcase.RegressionCase.pbxcore.Extension" time="30.484"/>
  <testcase name="E1_whenbusy" classname="com.yeastar.swebtest.testcase.RegressionCase.pbxcore.Extension" time="56.348"/>
  <testcase name="E2_cancelWhenBusy" classname="com.yeastar.swebtest.testcase.RegressionCase.pbxcore.Extension" time="53.033">
    <failure message="é¢„æœŸ1101æŒ‚æ–­çŠ¶æ€ ã€é¢„æœŸï¼š4 å®é™…ï¼š3ã€‘" type="java.lang.AssertionError">java.lang.AssertionError: é¢„æœŸ1101æŒ‚æ–­çŠ¶æ€ ã€é¢„æœŸï¼š4 å®é™…ï¼š3ã€‘
	at com.yeastar.swebtest.tools.ysassert.YsAssert.fail(YsAssert.java:1086)
	at com.yeastar.swebtest.tools.ysassert.YsAssert.failNotEquals(YsAssert.java:579)
	at com.yeastar.swebtest.tools.ysassert.YsAssert.assertEqualsImpl(YsAssert.java:142)
	at com.yeastar.swebtest.tools.ysassert.YsAssert.assertEquals(YsAssert.java:116)
	at com.yeastar.swebtest.tools.ysassert.YsAssert.assertEquals(YsAssert.java:425)
	at com.yeastar.swebtest.testcase.RegressionCase.pbxcore.Extension.E2_cancelWhenBusy(Extension.java:337)
</failure>
    <system-out><![CDATA[Ö´ĞĞ²Ù×÷: 1100²¦´ò*072È¡ÏûÃ¦Ê±×ªÒÆ
find this 1100 IP:192.168.11.198
uri/./..........sip:*072@192.168.11.198:5060  1
CallstateCallBack callid:2 accId:1 code:1
CallstateCallBack : username :1100
Make call Auto 2
find this 1100 IP:192.168.11.198
uri/./..........sip:*073@192.168.11.198:5060  1
CallstateCallBack callid:3 accId:1 code:1
CallstateCallBack : username :1100
Make call Auto 3
CallstateCallBack callid:2 accId:1 code:4
CallstateCallBack : username :1100
CallstateCallBack callid:2 accId:1 code:5
CallstateCallBack : username :1100
CallstateCallBack callid:3 accId:1 code:4
CallstateCallBack : username :1100
CallstateCallBack callid:3 accId:1 code:5
CallstateCallBack : username :1100
CallstateCallBack callid:2 accId:1 code:6
CallstateCallBack : username :1100
CallstateCallBack callid:3 accId:1 code:6
CallstateCallBack : username :1100
Ö´ĞĞ²Ù×÷: 1000²¦´ò1100,Ô¤ÆÚ1100ÏìÁå½ÓÌı
find this 1000 IP:192.168.11.198
uri: sip:1100@192.168.11.198
CallstateCallBack callid:4 accId:0 code:1
CallstateCallBack : username :1000
incomingcallback"1000" <sip:1000@192.168.11.198>callid:5accid:1accounts.size(): 5
Second-------get status succ--------------
find this 1100 IP:192.168.11.198
Answer Call  5  1100
CallstateCallBack callid:5 accId:1 code:6
CallstateCallBack : username :1100
CallstateCallBack callid:4 accId:0 code:6
CallstateCallBack : username :1000
Extjs£º  return Ext.query('#'+Ext.query('#'+Ext.getCmp(Ext.getCmp('pbxmonitor').down('b-extenstatus').id).down('tableview').id + ' [data-recordindex]')[1].id + ' tr td div div')[0].getAttribute('data-qtip')
Extjs£º  return Ext.query('#'+Ext.query('#'+Ext.getCmp(Ext.getCmp('pbxmonitor').down('b-extenstatus').id).down('tableview').id + ' [data-recordindex]')[1].id + ' tr td div div')[0].getAttribute('data-qtip')
Extjs£º  return Ext.query('#'+Ext.query('#'+Ext.getCmp(Ext.getCmp('pbxmonitor').down('b-extenstatus').id).down('tableview').id + ' [data-recordindex]')[1].id + ' tr td div div')[0].getAttribute('data-qtip')
Extjs£º  return Ext.query('#'+Ext.query('#'+Ext.getCmp(Ext.getCmp('pbxmonitor').down('b-extenstatus').id).down('tableview').id + ' [data-recordindex]')[1].id + ' tr td div div')[0].getAttribute('data-qtip')
Extjs£º  return Ext.query('#'+Ext.query('#'+Ext.getCmp(Ext.getCmp('pbxmonitor').down('b-extenstatus').id).down('tableview').id + ' [data-recordindex]')[1].id + ' tr td div div')[0].getAttribute('data-qtip')
Ö´ĞĞ²Ù×÷: 1100±£³ÖÍ¨»°£¬1101²¦´ò1100--Ô¤ÆÚ1101¹Ò¶Ï
find this 1101 IP:192.168.11.198
uri/./..........sip:1100@192.168.11.198:5060  2
CallstateCallBack callid:6 accId:2 code:1
CallstateCallBack : username :1101
Make call Auto 6
incomingcallback"1101" <sip:1101@192.168.11.198>callid:7accid:1accounts.size(): 5
CallstateCallBack callid:7 accId:1 code:4
CallstateCallBack : username :1100
CallstateCallBack callid:7 accId:1 code:5
CallstateCallBack : username :1100
CallstateCallBack callid:6 accId:2 code:4
CallstateCallBack : username :1101
CallstateCallBack callid:6 accId:2 code:5
CallstateCallBack : username :1101
Extjs£º  return Ext.query('#'+Ext.query('#'+Ext.getCmp(Ext.getCmp('pbxmonitor').down('b-extenstatus').id).down('tableview').id + ' [data-recordindex]')[2].id + ' tr td div div')[0].getAttribute('data-qtip')
Extjs£º  return Ext.query('#'+Ext.query('#'+Ext.getCmp(Ext.getCmp('pbxmonitor').down('b-extenstatus').id).down('tableview').id + ' [data-recordindex]')[2].id + ' tr td div div')[0].getAttribute('data-qtip')
Extjs£º  return Ext.query('#'+Ext.query('#'+Ext.getCmp(Ext.getCmp('pbxmonitor').down('b-extenstatus').id).down('tableview').id + ' [data-recordindex]')[2].id + ' tr td div div')[0].getAttribute('data-qtip')
third-------get status Timeout----------
·Ö»úÍ¨»°×´Ì¬£º3
]]></system-out>
  </testcase>
  <testcase name="F1_NoAnswer" classname="com.yeastar.swebtest.testcase.RegressionCase.pbxcore.Extension" time="58.797">
    <failure message="CDRè¢«å«æ–¹æ£€æµ‹ ã€é¢„æœŸï¼š1105 [1105] å®é™…ï¼š1105 [1105(from 1100)]ã€‘" type="java.lang.AssertionError">java.lang.AssertionError: CDRè¢«å«æ–¹æ£€æµ‹ ã€é¢„æœŸï¼š1105 [1105] å®é™…ï¼š1105 [1105(from 1100)]ã€‘
	at com.yeastar.swebtest.tools.ysassert.YsAssert.fail(YsAssert.java:1086)
	at com.yeastar.swebtest.tools.ysassert.YsAssert.failNotEquals(YsAssert.java:579)
	at com.yeastar.swebtest.tools.ysassert.YsAssert.assertEqualsImpl(YsAssert.java:142)
	at com.yeastar.swebtest.tools.ysassert.YsAssert.assertEquals(YsAssert.java:116)
	at com.yeastar.swebtest.tools.ysassert.YsAssert.assertEquals(YsAssert.java:199)
	at com.yeastar.swebtest.driver.YSMethod.YS_Extension.checkCDR(YS_Extension.java:258)
	at com.yeastar.swebtest.driver.YSMethod.YS_Extension.checkCDR(YS_Extension.java:250)
	at com.yeastar.swebtest.testcase.RegressionCase.pbxcore.Extension.F1_NoAnswer(Extension.java:354)
</failure>
    <system-out><![CDATA[Ö´ĞĞ²Ù×÷: 1100²¦´ò*731105ÎŞÓ¦´ğÊ±×ªÒÆµ½1105
find this 1100 IP:192.168.11.198
uri/./..........sip:*731105@192.168.11.198:5060  1
CallstateCallBack callid:8 accId:1 code:1
CallstateCallBack : username :1100
Make call Auto 8
CallstateCallBack callid:8 accId:1 code:4
CallstateCallBack : username :1100
CallstateCallBack callid:8 accId:1 code:5
CallstateCallBack : username :1100
CallstateCallBack callid:8 accId:1 code:6
CallstateCallBack : username :1100
find this 1000 IP:192.168.11.198
uri: sip:1100@192.168.11.198
CallstateCallBack callid:9 accId:0 code:1
CallstateCallBack : username :1000
incomingcallback"1000" <sip:1000@192.168.11.198>callid:10accid:1accounts.size(): 5
Second-------get status succ--------------
Ö´ĞĞ²Ù×÷: 1000²¦´ò1100£¬³¬Ê±²»½Ó£¬Ô¤ÆÚ1105ÏìÁå
CallstateCallBack callid:10 accId:1 code:6
CallstateCallBack : username :1100
CallstateCallBack callid:9 accId:0 code:4
CallstateCallBack : username :1000
CallstateCallBack callid:9 accId:0 code:5
CallstateCallBack : username :1000
incomingcallback"1000" <sip:1000@192.168.11.198>callid:11accid:3accounts.size(): 5
Second-------get status succ--------------
find this 1105 IP:192.168.11.198
Answer Call  11  1105
CallstateCallBack callid:11 accId:3 code:4
CallstateCallBack : username :1105
CallstateCallBack callid:11 accId:3 code:5
CallstateCallBack : username :1105
CallstateCallBack callid:6 accId:2 code:6
CallstateCallBack : username :1101
CallstateCallBack callid:7 accId:1 code:6
CallstateCallBack : username :1100
CallstateCallBack callid:9 accId:0 code:6
CallstateCallBack : username :1000
CallstateCallBack callid:11 accId:3 code:6
CallstateCallBack : username :1105
Extjs£º  return Ext.get(Ext.getCmp('cdr-record').down('loadmask').id).dom.style.display
Extjs£º  return Ext.query('#'+Ext.query('#'+Ext.getCmp('cdr-record').down('grid').down('tableview').id + ' [data-recordindex]')[0].id + ' tr td')[1].textContent
Extjs£º  return Ext.query('#'+Ext.query('#'+Ext.getCmp('cdr-record').down('grid').down('tableview').id + ' [data-recordindex]')[0].id + ' tr td')[2].textContent
]]></system-out>
  </testcase>
  <testcase name="F2_NoAnswer" classname="com.yeastar.swebtest.testcase.RegressionCase.pbxcore.Extension" time="55.135"/>
  <testcase name="G1_dnd" classname="com.yeastar.swebtest.testcase.RegressionCase.pbxcore.Extension" time="26.77">
    <failure message="é¢„æœŸ1000ä¸ºHangUp ã€é¢„æœŸï¼š4 å®é™…ï¼š3ã€‘" type="java.lang.AssertionError">java.lang.AssertionError: é¢„æœŸ1000ä¸ºHangUp ã€é¢„æœŸï¼š4 å®é™…ï¼š3ã€‘
	at com.yeastar.swebtest.tools.ysassert.YsAssert.fail(YsAssert.java:1086)
	at com.yeastar.swebtest.tools.ysassert.YsAssert.failNotEquals(YsAssert.java:579)
	at com.yeastar.swebtest.tools.ysassert.YsAssert.assertEqualsImpl(YsAssert.java:142)
	at com.yeastar.swebtest.tools.ysassert.YsAssert.assertEquals(YsAssert.java:116)
	at com.yeastar.swebtest.tools.ysassert.YsAssert.assertEquals(YsAssert.java:425)
	at com.yeastar.swebtest.testcase.RegressionCase.pbxcore.Extension.G1_dnd(Extension.java:378)
</failure>
    <system-out><![CDATA[Ö´ĞĞ²Ù×÷: 1100²¦´ò*74ÆôÓÃÃâ´òÈÅ
find this 1100 IP:192.168.11.198
uri/./..........sip:*74@192.168.11.198:5060  1
CallstateCallBack callid:15 accId:1 code:1
CallstateCallBack : username :1100
Make call Auto 15
CallstateCallBack callid:15 accId:1 code:4
CallstateCallBack : username :1100
CallstateCallBack callid:15 accId:1 code:5
CallstateCallBack : username :1100
CallstateCallBack callid:15 accId:1 code:6
CallstateCallBack : username :1100
Ö´ĞĞ²Ù×÷: 1000²¦´ò1100£¬Ô¤ÆÚÎŞ·¨ºôÈë
find this 1000 IP:192.168.11.198
uri: sip:1100@192.168.11.198
CallstateCallBack callid:16 accId:0 code:1
CallstateCallBack : username :1000
CallstateCallBack callid:16 accId:0 code:4
CallstateCallBack : username :1000
CallstateCallBack callid:16 accId:0 code:5
CallstateCallBack : username :1000
third-------get status Timeout----------
·Ö»úÍ¨»°×´Ì¬£º3
]]></system-out>
  </testcase>
  <testcase name="G2_canceldnd" classname="com.yeastar.swebtest.testcase.RegressionCase.pbxcore.Extension" time="30.317"/>
  <testcase name="H1_resetToDefault" classname="com.yeastar.swebtest.testcase.RegressionCase.pbxcore.Extension" time="10.096"/>
  <testcase name="I_Voicemail" classname="com.yeastar.swebtest.testcase.RegressionCase.pbxcore.Extension" time="78.361"/>
  <testcase name="J_internal" classname="com.yeastar.swebtest.testcase.RegressionCase.pbxcore.Extension" time="49.326"/>
  <testcase name="K1_check_Voicemail" classname="com.yeastar.swebtest.testcase.RegressionCase.pbxcore.Extension" time="25.497"/>
  <testcase name="K2_Check_OneTouchRecord" classname="com.yeastar.swebtest.testcase.RegressionCase.pbxcore.Extension" time="4.782"/>
  <testcase name="A_SetInRoute" classname="com.yeastar.swebtest.testcase.RegressionCase.pbxcore.Blacklist_Whitelist" time="33.009"/>
  <testcase name="B_BlackListSPS" classname="com.yeastar.swebtest.testcase.RegressionCase.pbxcore.Blacklist_Whitelist" time="58.382"/>
  <testcase name="C_BlackListSIP1" classname="com.yeastar.swebtest.testcase.RegressionCase.pbxcore.Blacklist_Whitelist" time="59.028"/>
  <testcase name="D_WhiteListSPS" classname="com.yeastar.swebtest.testcase.RegressionCase.pbxcore.Blacklist_Whitelist" time="59.78"/>
  <testcase name="E_WhiteListSIP" classname="com.yeastar.swebtest.testcase.RegressionCase.pbxcore.Blacklist_Whitelist" time="61.168"/>
  <testcase name="F_EditBlackList2" classname="com.yeastar.swebtest.testcase.RegressionCase.pbxcore.Blacklist_Whitelist" time="89.725"/>
  <testcase name="G_EditWhiteList1" classname="com.yeastar.swebtest.testcase.RegressionCase.pbxcore.Blacklist_Whitelist" time="64.191"/>
  <testcase name="H_Export" classname="com.yeastar.swebtest.testcase.RegressionCase.pbxcore.Blacklist_Whitelist" time="0.053"/>
  <testcase name="I_DeleteBlackList" classname="com.yeastar.swebtest.testcase.RegressionCase.pbxcore.Blacklist_Whitelist" time="40.656"/>
  <testcase name="J_DeleteWhiteList" classname="com.yeastar.swebtest.testcase.RegressionCase.pbxcore.Blacklist_Whitelist" time="40.671"/>
  <testcase name="A_CreatePin" classname="com.yeastar.swebtest.testcase.RegressionCase.pbxcore.Disa_PinList" time="17.11"/>
  <testcase name="B_CreateDisa" classname="com.yeastar.swebtest.testcase.RegressionCase.pbxcore.Disa_PinList" time="36.106"/>
  <testcase name="C_EditInroute" classname="com.yeastar.swebtest.testcase.RegressionCase.pbxcore.Disa_PinList" time="86.507"/>
  <testcase name="D_EditDisa" classname="com.yeastar.swebtest.testcase.RegressionCase.pbxcore.Disa_PinList" time="98.688"/>
  <testcase name="E_Disa1" classname="com.yeastar.swebtest.testcase.RegressionCase.pbxcore.Disa_PinList" time="26.647"/>
  <testcase name="G_Delete" classname="com.yeastar.swebtest.testcase.RegressionCase.pbxcore.Disa_PinList" time="64.942"/>
  <testcase name="G_Recovery" classname="com.yeastar.swebtest.testcase.RegressionCase.pbxcore.Disa_PinList" time="33.045"/>
  <testcase name="A_EmergencyNumber" classname="com.yeastar.swebtest.testcase.RegressionCase.pbxcore.EmergencyNumber" time="118.458"/>
  <testcase name="B_EditEmergencyNumber" classname="com.yeastar.swebtest.testcase.RegressionCase.pbxcore.EmergencyNumber" time="80.316"/>
  <testcase name="C_DeleteEmergencyNumber" classname="com.yeastar.swebtest.testcase.RegressionCase.pbxcore.EmergencyNumber" time="54.354"/>
  <testcase name="D_BlukDelete" classname="com.yeastar.swebtest.testcase.RegressionCase.pbxcore.EmergencyNumber" time="44.856"/>
</testsuite>