<?xml version="1.0" encoding="UTF-8"?>
<!-- Generated by org.testng.reporters.JUnitXMLReporter -->
<testsuite hostname="Yeastar-PC" name="syscore" tests="30" failures="0" timestamp="6 Sep 2017 02:36:07 GMT" time="778.98" errors="0">
  <testcase name="A_DualSetting" time="8.721" classname="com.yeastar.swebtest.testcase.smokecase.syscase.Network"/>
  <testcase name="B_DualSetting" time="33.156" classname="com.yeastar.swebtest.testcase.smokecase.syscase.Network"/>
  <testcase name="B_SetService" time="15.606" classname="com.yeastar.swebtest.testcase.smokecase.syscase.Security"/>
  <testcase name="C_ConnectToSSH" time="0.672" classname="com.yeastar.swebtest.testcase.smokecase.syscase.Security"/>
  <testcase name="A_AddUserPermissionAdmin" time="24.671" classname="com.yeastar.swebtest.testcase.smokecase.syscase.UserPermission"/>
  <testcase name="B_CheckUserPermisson" time="5.417" classname="com.yeastar.swebtest.testcase.smokecase.syscase.UserPermission"/>
  <testcase name="C_AddUserPermissionCustom" time="44.773" classname="com.yeastar.swebtest.testcase.smokecase.syscase.UserPermission"/>
  <testcase name="D_CheckUserPerssion" time="7.585" classname="com.yeastar.swebtest.testcase.smokecase.syscase.UserPermission"/>
  <testcase name="E_Delete" time="13.226" classname="com.yeastar.swebtest.testcase.smokecase.syscase.UserPermission"/>
  <testcase name="F_CheckUserPerssion" time="5.02" classname="com.yeastar.swebtest.testcase.smokecase.syscase.UserPermission"/>
  <testcase name="G_DeleteAll" time="13.428" classname="com.yeastar.swebtest.testcase.smokecase.syscase.UserPermission"/>
  <testcase name="A_SetTimeZone" time="125.923" classname="com.yeastar.swebtest.testcase.smokecase.syscase.DateTime"/>
  <testcase name="B_CallTest" time="46.204" classname="com.yeastar.swebtest.testcase.smokecase.syscase.DateTime"/>
  <testcase name="A_AddContact" time="21.449" classname="com.yeastar.swebtest.testcase.smokecase.syscase.EventCenter"/>
  <testcase name="B_EventSettings" time="6.262" classname="com.yeastar.swebtest.testcase.smokecase.syscase.EventCenter"/>
  <testcase name="C_Answer" time="27.109" classname="com.yeastar.swebtest.testcase.smokecase.syscase.EventCenter"/>
  <testcase name="D_CheckEventLog" time="14.131" classname="com.yeastar.swebtest.testcase.smokecase.syscase.EventCenter"/>
  <testcase name="E_DeleteNotification" time="8.667" classname="com.yeastar.swebtest.testcase.smokecase.syscase.EventCenter"/>
  <testcase name="F_CheckLog" time="25.762" classname="com.yeastar.swebtest.testcase.smokecase.syscase.EventCenter"/>
  <testcase name="G_CheckLog" time="13.834" classname="com.yeastar.swebtest.testcase.smokecase.syscase.EventCenter"/>
  <testcase name="A_BackupRestore" time="13.939" classname="com.yeastar.swebtest.testcase.smokecase.syscase.Maintain"/>
  <testcase name="B_DownloadBackUptar" time="6.075" classname="com.yeastar.swebtest.testcase.smokecase.syscase.Maintain"/>
  <testcase name="E_DeleteBackUp" time="18.639" classname="com.yeastar.swebtest.testcase.smokecase.syscase.Maintain"/>
  <testcase name="F_UploadBackUp" time="0.0" classname="com.yeastar.swebtest.testcase.smokecase.syscase.Maintain"/>
  <testcase name="H_BackupSchedule" time="7.416" classname="com.yeastar.swebtest.testcase.smokecase.syscase.Maintain"/>
  <testcase name="L_DeleteSystemLog" time="9.994" classname="com.yeastar.swebtest.testcase.smokecase.syscase.Maintain"/>
  <testcase name="M_DownloadSystemLog" time="7.018" classname="com.yeastar.swebtest.testcase.smokecase.syscase.Maintain"/>
  <testcase name="N_DeleteAllSystemLog" time="7.207" classname="com.yeastar.swebtest.testcase.smokecase.syscase.Maintain"/>
  <testcase name="O_OperateLog" time="30.586" classname="com.yeastar.swebtest.testcase.smokecase.syscase.Maintain"/>
  <testcase name="Z_RecoverHttps" time="32.6" classname="com.yeastar.swebtest.testcase.smokecase.syscase.Maintain"/>
</testsuite> <!-- syscore -->
