<?xml version="1.0" encoding="UTF-8"?>
<testsuite name="TestSuite" time="4,674.607" tests="175" errors="0" skipped="0" failures="14">
  <properties>
[...]
</properties>
  <testcase name="CleanExtensions" classname="com.yeastar.swebtest.testcase.CheckToTest" time="82.809"/>
  <testcase name="A_SettingSystemTime" classname="com.yeastar.swebtest.testcase.smokecase.pbxcase.Extension" time="128.26"/>
  <testcase name="B_CreateExtension" classname="com.yeastar.swebtest.testcase.smokecase.pbxcase.Extension" time="19.474"/>
  <testcase name="C_CreateFxsExtension" classname="com.yeastar.swebtest.testcase.smokecase.pbxcase.Extension" time="16.624"/>
  <testcase name="D_CreateBulkExtensions" classname="com.yeastar.swebtest.testcase.smokecase.pbxcase.Extension" time="24.756"/>
  <testcase name="E_RegisterExtension" classname="com.yeastar.swebtest.testcase.smokecase.pbxcase.Extension" time="64.646"/>
  <testcase name="F_ExportExtensions" classname="com.yeastar.swebtest.testcase.smokecase.pbxcase.Extension" time="4.31"/>
  <testcase name="G_DelExtension" classname="com.yeastar.swebtest.testcase.smokecase.pbxcase.Extension" time="11.28"/>
  <testcase name="H_DelExteiosns" classname="com.yeastar.swebtest.testcase.smokecase.pbxcase.Extension" time="10.888"/>
  <testcase name="I_ImportExtension" classname="com.yeastar.swebtest.testcase.smokecase.pbxcase.Extension" time="35.776"/>
  <testcase name="J_PstnCall" classname="com.yeastar.swebtest.testcase.smokecase.pbxcase.Extension" time="46.663"/>
  <testcase name="K_ExtensionGroupSetting" classname="com.yeastar.swebtest.testcase.smokecase.pbxcase.Extension" time="32.178"/>
  <testcase name="A_AddTrunk" classname="com.yeastar.swebtest.testcase.smokecase.pbxcase.NewTrunk" time="19.905"/>
  <testcase name="B_AddTrunkIAXTrunk" classname="com.yeastar.swebtest.testcase.smokecase.pbxcase.NewTrunk" time="17.111"/>
  <testcase name="C_AddSPX" classname="com.yeastar.swebtest.testcase.smokecase.pbxcase.NewTrunk" time="15.343"/>
  <testcase name="D_AddSPS" classname="com.yeastar.swebtest.testcase.smokecase.pbxcase.NewTrunk" time="15.417"/>
  <testcase name="E_SetBriTrunk" classname="com.yeastar.swebtest.testcase.smokecase.pbxcase.NewTrunk" time="150.904">
    <failure message="Element not found {By.xpath: .//div[starts-with(@id,&apos;treepanel&apos;)]//span[text()=&apos;Trunks&apos;]}&#10;Expected: visible" type="com.codeborne.selenide.ex.ElementNotFound">com.codeborne.selenide.ex.ElementNotFound: Element not found {By.xpath: .//div[starts-with(@id,'treepanel')]//span[text()='Trunks']}
Expected: visible
	at sun.reflect.GeneratedConstructorAccessor13.newInstance(Unknown Source)
	at sun.reflect.DelegatingConstructorAccessorImpl.newInstance(DelegatingConstructorAccessorImpl.java:45)
	at java.lang.reflect.Constructor.newInstance(Constructor.java:423)
	at org.openqa.selenium.remote.ErrorHandler.createThrowable(ErrorHandler.java:206)
	at org.openqa.selenium.remote.ErrorHandler.throwIfResponseFailed(ErrorHandler.java:158)
	at org.openqa.selenium.remote.RemoteWebDriver.execute(RemoteWebDriver.java:678)
	at org.openqa.selenium.remote.RemoteWebDriver.findElement(RemoteWebDriver.java:363)
	at org.openqa.selenium.remote.RemoteWebDriver.findElementByXPath(RemoteWebDriver.java:500)
	at org.openqa.selenium.By$ByXPath.findElement(By.java:361)
	at org.openqa.selenium.remote.RemoteWebDriver.findElement(RemoteWebDriver.java:355)
	at com.codeborne.selenide.impl.WebElementSelector.findElement(WebElementSelector.java:28)
	at com.codeborne.selenide.impl.ElementFinder.getWebElement(ElementFinder.java:56)
	at com.codeborne.selenide.impl.WebElementSource.checkCondition(WebElementSource.java:44)
	at com.codeborne.selenide.impl.WebElementSource.findAndAssertElementIsVisible(WebElementSource.java:72)
	at com.codeborne.selenide.commands.Click.execute(Click.java:14)
	at com.codeborne.selenide.commands.Click.execute(Click.java:11)
	at com.codeborne.selenide.commands.Commands.execute(Commands.java:140)
	at com.codeborne.selenide.impl.SelenideElementProxy.dispatchAndRetry(SelenideElementProxy.java:86)
	at com.codeborne.selenide.impl.SelenideElementProxy.invoke(SelenideElementProxy.java:62)
	at com.sun.proxy.$Proxy5.click(Unknown Source)
	at com.yeastar.swebtest.testcase.smokecase.pbxcase.NewTrunk.E_SetBriTrunk(NewTrunk.java:83)
</failure>
    <system-out><![CDATA[return Ext.query('#'+Ext.query('#'+Ext.getCmp('control-panel').down('trunk').down('trunklist').id + ' [data-recordindex]')[1].id + ' tr td')[1].textContent
return Ext.query('#'+Ext.query('#'+Ext.getCmp('control-panel').down('trunk').down('trunklist').id + ' [data-recordindex]')[2].id + ' tr td')[1].textContent
return Ext.query('#'+Ext.query('#'+Ext.getCmp('control-panel').down('trunk').down('trunklist').id + ' [data-recordindex]')[3].id + ' tr td')[1].textContent
return Ext.query('#'+Ext.query('#'+Ext.getCmp('control-panel').down('trunk').down('trunklist').id + ' [data-recordindex]')[4].id + ' tr td')[1].textContent
return Ext.query('#'+Ext.query('#'+Ext.getCmp('control-panel').down('trunk').down('trunklist').id + ' [data-recordindex]')[5].id + ' tr td')[1].textContent
return Ext.query('#'+Ext.query('#'+Ext.getCmp('control-panel').down('trunk').down('trunklist').id + ' [data-recordindex]')[6].id + ' tr td')[1].textContent
return Ext.query('#'+Ext.query('#'+Ext.getCmp('control-panel').down('trunk').down('trunklist').id + ' [data-recordindex]')[7].id + ' tr td')[1].textContent
return Ext.query('#'+Ext.query('#'+Ext.getCmp('control-panel').down('trunk').down('trunklist').id + ' [data-recordindex]')[8].id + ' tr td')[1].textContent
return Ext.query('#'+Ext.query('#'+Ext.getCmp('control-panel').down('trunk').down('trunklist').id + ' [data-recordindex]')[9].id + ' tr td')[1].textContent
find bri BRI2-1 row=9
Ext.query('#'+Ext.query('#'+Ext.getCmp('control-panel').down('trunk').down('trunklist').id + ' [data-recordindex]')[9].id + ' tr td img')[0].click()
]]></system-out>
  </testcase>
  <testcase name="A_RingGroup" classname="com.yeastar.swebtest.testcase.smokecase.pbxcase.CallFeature" time="21.743"/>
  <testcase name="B_Queue" classname="com.yeastar.swebtest.testcase.smokecase.pbxcase.CallFeature" time="14.158"/>
  <testcase name="C_Conference" classname="com.yeastar.swebtest.testcase.smokecase.pbxcase.CallFeature" time="6.618"/>
  <testcase name="D_PickupGroup" classname="com.yeastar.swebtest.testcase.smokecase.pbxcase.CallFeature" time="16.335"/>
  <testcase name="E_PagingIntercom" classname="com.yeastar.swebtest.testcase.smokecase.pbxcase.CallFeature" time="11.118"/>
  <testcase name="F_CallBack" classname="com.yeastar.swebtest.testcase.smokecase.pbxcase.CallFeature" time="19.024"/>
  <testcase name="F_PINList" classname="com.yeastar.swebtest.testcase.smokecase.pbxcase.CallFeature" time="14.186"/>
  <testcase name="A_JudgeStorage" classname="com.yeastar.swebtest.testcase.smokecase.pbxcase.Storage" time="13.204"/>
  <testcase name="B_AddNetworkDrive" classname="com.yeastar.swebtest.testcase.smokecase.pbxcase.Storage" time="12.335"/>
  <testcase name="C_SetFileShare" classname="com.yeastar.swebtest.testcase.smokecase.pbxcase.Storage" time="0.342"/>
  <testcase name="D_StorageLocations" classname="com.yeastar.swebtest.testcase.smokecase.pbxcase.Storage" time="4.374"/>
  <testcase name="E_Recording_Settings" classname="com.yeastar.swebtest.testcase.smokecase.pbxcase.Storage" time="22.631"/>
  <testcase name="A_TimeCondition" classname="com.yeastar.swebtest.testcase.smokecase.pbxcase.OutboundRoutes" time="7.27"/>
  <testcase name="B_Holiday" classname="com.yeastar.swebtest.testcase.smokecase.pbxcase.OutboundRoutes" time="3.084"/>
  <testcase name="C_CreateOutRoutes" classname="com.yeastar.swebtest.testcase.smokecase.pbxcase.OutboundRoutes" time="42.416"/>
  <testcase name="D_CreateDISA" classname="com.yeastar.swebtest.testcase.smokecase.pbxcase.OutboundRoutes" time="19.128"/>
  <testcase name="E_CreateIVR" classname="com.yeastar.swebtest.testcase.smokecase.pbxcase.OutboundRoutes" time="44.61"/>
  <testcase name="G_CallSip" classname="com.yeastar.swebtest.testcase.smokecase.pbxcase.OutboundRoutes" time="44.79">
    <failure message="CDRè¢«å«æ–¹æ£€æµ‹ ã€é¢„æœŸï¼š903000 å®é™…ï¼š903000 [903000]ã€‘" type="java.lang.AssertionError">java.lang.AssertionError: CDRè¢«å«æ–¹æ£€æµ‹ ã€é¢„æœŸï¼š903000 å®é™…ï¼š903000 [903000]ã€‘
	at com.yeastar.swebtest.tools.ysassert.YsAssert.fail(YsAssert.java:1086)
	at com.yeastar.swebtest.tools.ysassert.YsAssert.failNotEquals(YsAssert.java:579)
	at com.yeastar.swebtest.tools.ysassert.YsAssert.assertEqualsImpl(YsAssert.java:142)
	at com.yeastar.swebtest.tools.ysassert.YsAssert.assertEquals(YsAssert.java:116)
	at com.yeastar.swebtest.tools.ysassert.YsAssert.assertEquals(YsAssert.java:199)
	at com.yeastar.swebtest.driver.YSMethod.YS_Extension.checkCDR(YS_Extension.java:285)
	at com.yeastar.swebtest.testcase.smokecase.pbxcase.OutboundRoutes.G_CallSip(OutboundRoutes.java:191)
</failure>
    <system-out><![CDATA[Ö´ĞĞ²Ù×÷:SipÍâÏßºô³ö 1000´ò 903000
find this 1000 IP:192.168.7.153
find this 3000 IP:192.168.7.151
uri/./..........sip:903000@192.168.7.153  0
CallstateCallBack callid:0 accId:0 code:1
CallstateCallBack : username :1000
incomingcallback"3030" <sip:3030@192.168.7.151>callid:1accid:1accounts.size()£º3
bbbbbbbbbbbbbbbbbbbbbbbb+3000 0
CallstateCallBack callid:1 accId:1 code:4
CallstateCallBack : username :3000
CallstateCallBack callid:1 accId:1 code:5
CallstateCallBack : username :3000
CallstateCallBack callid:0 accId:0 code:4
CallstateCallBack : username :1000
CallstateCallBack callid:0 accId:0 code:5
CallstateCallBack : username :1000
gridExtensonStatus..+ return Ext.query('#'+Ext.query('#'+Ext.getCmp(Ext.getCmp('pbxmonitor').down('b-extenstatus').id).down('tableview').id + ' [data-recordindex]')[1].id + ' tr td div div')[0].getAttribute('data-qtip')
gridExtensonStatus..+ return Ext.query('#'+Ext.query('#'+Ext.getCmp(Ext.getCmp('pbxmonitor').down('b-extenstatus').id).down('tableview').id + ' [data-recordindex]')[1].id + ' tr td div div')[0].getAttribute('data-qtip')
gridExtensonStatus..+ return Ext.query('#'+Ext.query('#'+Ext.getCmp(Ext.getCmp('pbxmonitor').down('b-extenstatus').id).down('tableview').id + ' [data-recordindex]')[1].id + ' tr td div div')[0].getAttribute('data-qtip')
CallstateCallBack callid:0 accId:0 code:6
CallstateCallBack : username :1000
CallstateCallBack callid:1 accId:1 code:6
CallstateCallBack : username :3000
return Ext.query('#'+Ext.query('#'+Ext.getCmp('cdr-record').down('grid').down('tableview').id + ' [data-recordindex]')[1].id + ' tr td')[1].textContent
return Ext.query('#'+Ext.query('#'+Ext.getCmp('cdr-record').down('grid').down('tableview').id + ' [data-recordindex]')[1].id + ' tr td')[2].textContent
]]></system-out>
  </testcase>
  <testcase name="H_CallFail" classname="com.yeastar.swebtest.testcase.smokecase.pbxcase.OutboundRoutes" time="15.001"/>
  <testcase name="I_CallIax" classname="com.yeastar.swebtest.testcase.smokecase.pbxcase.OutboundRoutes" time="38.783">
    <failure message="CDRè¢«å«æ–¹æ£€æµ‹ ã€é¢„æœŸï¼š903000 å®é™…ï¼š903000 [903000]ã€‘" type="java.lang.AssertionError">java.lang.AssertionError: CDRè¢«å«æ–¹æ£€æµ‹ ã€é¢„æœŸï¼š903000 å®é™…ï¼š903000 [903000]ã€‘
	at com.yeastar.swebtest.tools.ysassert.YsAssert.fail(YsAssert.java:1086)
	at com.yeastar.swebtest.tools.ysassert.YsAssert.failNotEquals(YsAssert.java:579)
	at com.yeastar.swebtest.tools.ysassert.YsAssert.assertEqualsImpl(YsAssert.java:142)
	at com.yeastar.swebtest.tools.ysassert.YsAssert.assertEquals(YsAssert.java:116)
	at com.yeastar.swebtest.tools.ysassert.YsAssert.assertEquals(YsAssert.java:199)
	at com.yeastar.swebtest.driver.YSMethod.YS_Extension.checkCDR(YS_Extension.java:285)
	at com.yeastar.swebtest.testcase.smokecase.pbxcase.OutboundRoutes.I_CallIax(OutboundRoutes.java:223)
</failure>
    <system-out><![CDATA[Ö´ĞĞ²Ù×÷:IAXÍâÏßºô³ö1000´ò903000
find this 1000 IP:192.168.7.153
find this 3000 IP:192.168.7.151
uri/./..........sip:903000@192.168.7.153  0
CallstateCallBack callid:2 accId:0 code:1
CallstateCallBack : username :1000
incomingcallback"3034" <sip:3034@192.168.7.151>callid:3accid:1accounts.size()£º3
bbbbbbbbbbbbbbbbbbbbbbbb+3000 2
CallstateCallBack callid:3 accId:1 code:4
CallstateCallBack : username :3000
CallstateCallBack callid:3 accId:1 code:5
CallstateCallBack : username :3000
CallstateCallBack callid:2 accId:0 code:4
CallstateCallBack : username :1000
CallstateCallBack callid:2 accId:0 code:5
CallstateCallBack : username :1000
gridExtensonStatus..+ return Ext.query('#'+Ext.query('#'+Ext.getCmp(Ext.getCmp('pbxmonitor').down('b-extenstatus').id).down('tableview').id + ' [data-recordindex]')[1].id + ' tr td div div')[0].getAttribute('data-qtip')
gridExtensonStatus..+ return Ext.query('#'+Ext.query('#'+Ext.getCmp(Ext.getCmp('pbxmonitor').down('b-extenstatus').id).down('tableview').id + ' [data-recordindex]')[1].id + ' tr td div div')[0].getAttribute('data-qtip')
gridExtensonStatus..+ return Ext.query('#'+Ext.query('#'+Ext.getCmp(Ext.getCmp('pbxmonitor').down('b-extenstatus').id).down('tableview').id + ' [data-recordindex]')[1].id + ' tr td div div')[0].getAttribute('data-qtip')
CallstateCallBack callid:2 accId:0 code:6
CallstateCallBack : username :1000
CallstateCallBack callid:3 accId:1 code:6
CallstateCallBack : username :3000
return Ext.query('#'+Ext.query('#'+Ext.getCmp('cdr-record').down('grid').down('tableview').id + ' [data-recordindex]')[1].id + ' tr td')[1].textContent
return Ext.query('#'+Ext.query('#'+Ext.getCmp('cdr-record').down('grid').down('tableview').id + ' [data-recordindex]')[1].id + ' tr td')[2].textContent
]]></system-out>
  </testcase>
  <testcase name="J_CallSps" classname="com.yeastar.swebtest.testcase.smokecase.pbxcase.OutboundRoutes" time="44.557">
    <failure message="CDRè¢«å«æ–¹æ£€æµ‹ ã€é¢„æœŸï¼š902000 å®é™…ï¼š902000 [902000]ã€‘" type="java.lang.AssertionError">java.lang.AssertionError: CDRè¢«å«æ–¹æ£€æµ‹ ã€é¢„æœŸï¼š902000 å®é™…ï¼š902000 [902000]ã€‘
	at com.yeastar.swebtest.tools.ysassert.YsAssert.fail(YsAssert.java:1086)
	at com.yeastar.swebtest.tools.ysassert.YsAssert.failNotEquals(YsAssert.java:579)
	at com.yeastar.swebtest.tools.ysassert.YsAssert.assertEqualsImpl(YsAssert.java:142)
	at com.yeastar.swebtest.tools.ysassert.YsAssert.assertEquals(YsAssert.java:116)
	at com.yeastar.swebtest.tools.ysassert.YsAssert.assertEquals(YsAssert.java:199)
	at com.yeastar.swebtest.driver.YSMethod.YS_Extension.checkCDR(YS_Extension.java:285)
	at com.yeastar.swebtest.testcase.smokecase.pbxcase.OutboundRoutes.J_CallSps(OutboundRoutes.java:240)
</failure>
    <system-out><![CDATA[Ö´ĞĞ²Ù×÷:SPSÍâÏßºô³ö1000´ò902000
find this 1000 IP:192.168.7.153
find this 2000 IP:192.168.7.152
uri/./..........sip:902000@192.168.7.153  0
CallstateCallBack callid:4 accId:0 code:1
CallstateCallBack : username :1000
incomingcallback"1000" <sip:1000@192.168.7.152>callid:5accid:2accounts.size()£º3
bbbbbbbbbbbbbbbbbbbbbbbb+2000 4
CallstateCallBack callid:5 accId:2 code:4
CallstateCallBack : username :2000
CallstateCallBack callid:5 accId:2 code:5
CallstateCallBack : username :2000
CallstateCallBack callid:4 accId:0 code:4
CallstateCallBack : username :1000
CallstateCallBack callid:4 accId:0 code:5
CallstateCallBack : username :1000
gridExtensonStatus..+ return Ext.query('#'+Ext.query('#'+Ext.getCmp(Ext.getCmp('pbxmonitor').down('b-extenstatus').id).down('tableview').id + ' [data-recordindex]')[1].id + ' tr td div div')[0].getAttribute('data-qtip')
gridExtensonStatus..+ return Ext.query('#'+Ext.query('#'+Ext.getCmp(Ext.getCmp('pbxmonitor').down('b-extenstatus').id).down('tableview').id + ' [data-recordindex]')[1].id + ' tr td div div')[0].getAttribute('data-qtip')
gridExtensonStatus..+ return Ext.query('#'+Ext.query('#'+Ext.getCmp(Ext.getCmp('pbxmonitor').down('b-extenstatus').id).down('tableview').id + ' [data-recordindex]')[1].id + ' tr td div div')[0].getAttribute('data-qtip')
gridExtensonStatus..+ return Ext.query('#'+Ext.query('#'+Ext.getCmp(Ext.getCmp('pbxmonitor').down('b-extenstatus').id).down('tableview').id + ' [data-recordindex]')[1].id + ' tr td div div')[0].getAttribute('data-qtip')
CallstateCallBack callid:5 accId:2 code:6
CallstateCallBack : username :2000
CallstateCallBack callid:4 accId:0 code:6
CallstateCallBack : username :1000
return Ext.query('#'+Ext.query('#'+Ext.getCmp('cdr-record').down('grid').down('tableview').id + ' [data-recordindex]')[1].id + ' tr td')[1].textContent
return Ext.query('#'+Ext.query('#'+Ext.getCmp('cdr-record').down('grid').down('tableview').id + ' [data-recordindex]')[1].id + ' tr td')[2].textContent
]]></system-out>
  </testcase>
  <testcase name="K_CallSpx" classname="com.yeastar.swebtest.testcase.smokecase.pbxcase.OutboundRoutes" time="39.364">
    <failure message="CDRè¢«å«æ–¹æ£€æµ‹ ã€é¢„æœŸï¼š902000 å®é™…ï¼š902000 [902000]ã€‘" type="java.lang.AssertionError">java.lang.AssertionError: CDRè¢«å«æ–¹æ£€æµ‹ ã€é¢„æœŸï¼š902000 å®é™…ï¼š902000 [902000]ã€‘
	at com.yeastar.swebtest.tools.ysassert.YsAssert.fail(YsAssert.java:1086)
	at com.yeastar.swebtest.tools.ysassert.YsAssert.failNotEquals(YsAssert.java:579)
	at com.yeastar.swebtest.tools.ysassert.YsAssert.assertEqualsImpl(YsAssert.java:142)
	at com.yeastar.swebtest.tools.ysassert.YsAssert.assertEquals(YsAssert.java:116)
	at com.yeastar.swebtest.tools.ysassert.YsAssert.assertEquals(YsAssert.java:199)
	at com.yeastar.swebtest.driver.YSMethod.YS_Extension.checkCDR(YS_Extension.java:285)
	at com.yeastar.swebtest.testcase.smokecase.pbxcase.OutboundRoutes.K_CallSpx(OutboundRoutes.java:259)
</failure>
    <system-out><![CDATA[Ö´ĞĞ²Ù×÷:SPXÍâÏßºô³ö1000´ò902000
find this 1000 IP:192.168.7.153
find this 2000 IP:192.168.7.152
uri/./..........sip:902000@192.168.7.153  0
CallstateCallBack callid:6 accId:0 code:1
CallstateCallBack : username :1000
incomingcallback"1000" <sip:1000@192.168.7.152>callid:7accid:2accounts.size()£º3
bbbbbbbbbbbbbbbbbbbbbbbb+2000 6
CallstateCallBack callid:7 accId:2 code:4
CallstateCallBack : username :2000
CallstateCallBack callid:7 accId:2 code:5
CallstateCallBack : username :2000
CallstateCallBack callid:6 accId:0 code:4
CallstateCallBack : username :1000
CallstateCallBack callid:6 accId:0 code:5
CallstateCallBack : username :1000
gridExtensonStatus..+ return Ext.query('#'+Ext.query('#'+Ext.getCmp(Ext.getCmp('pbxmonitor').down('b-extenstatus').id).down('tableview').id + ' [data-recordindex]')[1].id + ' tr td div div')[0].getAttribute('data-qtip')
gridExtensonStatus..+ return Ext.query('#'+Ext.query('#'+Ext.getCmp(Ext.getCmp('pbxmonitor').down('b-extenstatus').id).down('tableview').id + ' [data-recordindex]')[1].id + ' tr td div div')[0].getAttribute('data-qtip')
CallstateCallBack callid:6 accId:0 code:6
CallstateCallBack : username :1000
CallstateCallBack callid:7 accId:2 code:6
CallstateCallBack : username :2000
return Ext.query('#'+Ext.query('#'+Ext.getCmp('cdr-record').down('grid').down('tableview').id + ' [data-recordindex]')[1].id + ' tr td')[1].textContent
return Ext.query('#'+Ext.query('#'+Ext.getCmp('cdr-record').down('grid').down('tableview').id + ' [data-recordindex]')[1].id + ' tr td')[2].textContent
]]></system-out>
  </testcase>
  <testcase name="L_CallPstn" classname="com.yeastar.swebtest.testcase.smokecase.pbxcase.OutboundRoutes" time="48.956">
    <failure message="CDRè¢«å«æ–¹æ£€æµ‹ ã€é¢„æœŸï¼š903000 å®é™…ï¼š903000 [903000]ã€‘" type="java.lang.AssertionError">java.lang.AssertionError: CDRè¢«å«æ–¹æ£€æµ‹ ã€é¢„æœŸï¼š903000 å®é™…ï¼š903000 [903000]ã€‘
	at com.yeastar.swebtest.tools.ysassert.YsAssert.fail(YsAssert.java:1086)
	at com.yeastar.swebtest.tools.ysassert.YsAssert.failNotEquals(YsAssert.java:579)
	at com.yeastar.swebtest.tools.ysassert.YsAssert.assertEqualsImpl(YsAssert.java:142)
	at com.yeastar.swebtest.tools.ysassert.YsAssert.assertEquals(YsAssert.java:116)
	at com.yeastar.swebtest.tools.ysassert.YsAssert.assertEquals(YsAssert.java:199)
	at com.yeastar.swebtest.driver.YSMethod.YS_Extension.checkCDR(YS_Extension.java:285)
	at com.yeastar.swebtest.testcase.smokecase.pbxcase.OutboundRoutes.L_CallPstn(OutboundRoutes.java:278)
</failure>
    <system-out><![CDATA[Ö´ĞĞ²Ù×÷:PSTNÍâÏßºô³ö1000´ò903000
find this 1000 IP:192.168.7.153
find this 3000 IP:192.168.7.151
uri/./..........sip:903000@192.168.7.153  0
CallstateCallBack callid:8 accId:0 code:1
CallstateCallBack : username :1000
gridExtensonStatus..+ return Ext.query('#'+Ext.query('#'+Ext.getCmp(Ext.getCmp('pbxmonitor').down('b-extenstatus').id).down('tableview').id + ' [data-recordindex]')[1].id + ' tr td div div')[0].getAttribute('data-qtip')
CallstateCallBack callid:8 accId:0 code:4
CallstateCallBack : username :1000
CallstateCallBack callid:8 accId:0 code:5
CallstateCallBack : username :1000
gridExtensonStatus..+ return Ext.query('#'+Ext.query('#'+Ext.getCmp(Ext.getCmp('pbxmonitor').down('b-extenstatus').id).down('tableview').id + ' [data-recordindex]')[1].id + ' tr td div div')[0].getAttribute('data-qtip')
gridExtensonStatus..+ return Ext.query('#'+Ext.query('#'+Ext.getCmp(Ext.getCmp('pbxmonitor').down('b-extenstatus').id).down('tableview').id + ' [data-recordindex]')[1].id + ' tr td div div')[0].getAttribute('data-qtip')
gridExtensonStatus..+ return Ext.query('#'+Ext.query('#'+Ext.getCmp(Ext.getCmp('pbxmonitor').down('b-extenstatus').id).down('tableview').id + ' [data-recordindex]')[1].id + ' tr td div div')[0].getAttribute('data-qtip')
gridExtensonStatus..+ return Ext.query('#'+Ext.query('#'+Ext.getCmp(Ext.getCmp('pbxmonitor').down('b-extenstatus').id).down('tableview').id + ' [data-recordindex]')[1].id + ' tr td div div')[0].getAttribute('data-qtip')
CallstateCallBack callid:8 accId:0 code:6
CallstateCallBack : username :1000
return Ext.query('#'+Ext.query('#'+Ext.getCmp('cdr-record').down('grid').down('tableview').id + ' [data-recordindex]')[1].id + ' tr td')[1].textContent
return Ext.query('#'+Ext.query('#'+Ext.getCmp('cdr-record').down('grid').down('tableview').id + ' [data-recordindex]')[1].id + ' tr td')[2].textContent
]]></system-out>
  </testcase>
  <testcase name="M_CallBri" classname="com.yeastar.swebtest.testcase.smokecase.pbxcase.OutboundRoutes" time="46.46">
    <failure message="CDRè¢«å«æ–¹æ£€æµ‹ ã€é¢„æœŸï¼š902000 å®é™…ï¼š902000 [902000]ã€‘" type="java.lang.AssertionError">java.lang.AssertionError: CDRè¢«å«æ–¹æ£€æµ‹ ã€é¢„æœŸï¼š902000 å®é™…ï¼š902000 [902000]ã€‘
	at com.yeastar.swebtest.tools.ysassert.YsAssert.fail(YsAssert.java:1086)
	at com.yeastar.swebtest.tools.ysassert.YsAssert.failNotEquals(YsAssert.java:579)
	at com.yeastar.swebtest.tools.ysassert.YsAssert.assertEqualsImpl(YsAssert.java:142)
	at com.yeastar.swebtest.tools.ysassert.YsAssert.assertEquals(YsAssert.java:116)
	at com.yeastar.swebtest.tools.ysassert.YsAssert.assertEquals(YsAssert.java:199)
	at com.yeastar.swebtest.driver.YSMethod.YS_Extension.checkCDR(YS_Extension.java:285)
	at com.yeastar.swebtest.testcase.smokecase.pbxcase.OutboundRoutes.M_CallBri(OutboundRoutes.java:295)
</failure>
    <system-out><![CDATA[Ö´ĞĞ²Ù×÷:BRIÍâÏßºô³ö1000´ò903000
find this 1000 IP:192.168.7.153
find this 2000 IP:192.168.7.152
uri/./..........sip:902000@192.168.7.153  0
CallstateCallBack callid:9 accId:0 code:1
CallstateCallBack : username :1000
incomingcallback"1000" <sip:1000@192.168.7.152>callid:10accid:2accounts.size()£º3
bbbbbbbbbbbbbbbbbbbbbbbb+2000 9
CallstateCallBack callid:10 accId:2 code:4
CallstateCallBack : username :2000
CallstateCallBack callid:10 accId:2 code:5
CallstateCallBack : username :2000
CallstateCallBack callid:9 accId:0 code:4
CallstateCallBack : username :1000
CallstateCallBack callid:9 accId:0 code:5
CallstateCallBack : username :1000
gridExtensonStatus..+ return Ext.query('#'+Ext.query('#'+Ext.getCmp(Ext.getCmp('pbxmonitor').down('b-extenstatus').id).down('tableview').id + ' [data-recordindex]')[1].id + ' tr td div div')[0].getAttribute('data-qtip')
gridExtensonStatus..+ return Ext.query('#'+Ext.query('#'+Ext.getCmp(Ext.getCmp('pbxmonitor').down('b-extenstatus').id).down('tableview').id + ' [data-recordindex]')[1].id + ' tr td div div')[0].getAttribute('data-qtip')
gridExtensonStatus..+ return Ext.query('#'+Ext.query('#'+Ext.getCmp(Ext.getCmp('pbxmonitor').down('b-extenstatus').id).down('tableview').id + ' [data-recordindex]')[1].id + ' tr td div div')[0].getAttribute('data-qtip')
gridExtensonStatus..+ return Ext.query('#'+Ext.query('#'+Ext.getCmp(Ext.getCmp('pbxmonitor').down('b-extenstatus').id).down('tableview').id + ' [data-recordindex]')[1].id + ' tr td div div')[0].getAttribute('data-qtip')
CallstateCallBack callid:10 accId:2 code:6
CallstateCallBack : username :2000
CallstateCallBack callid:9 accId:0 code:6
CallstateCallBack : username :1000
return Ext.query('#'+Ext.query('#'+Ext.getCmp('cdr-record').down('grid').down('tableview').id + ' [data-recordindex]')[1].id + ' tr td')[1].textContent
return Ext.query('#'+Ext.query('#'+Ext.getCmp('cdr-record').down('grid').down('tableview').id + ' [data-recordindex]')[1].id + ' tr td')[2].textContent
]]></system-out>
  </testcase>
  <testcase name="N_CallE1" classname="com.yeastar.swebtest.testcase.smokecase.pbxcase.OutboundRoutes" time="0"/>
  <testcase name="O_CallGsm" classname="com.yeastar.swebtest.testcase.smokecase.pbxcase.OutboundRoutes" time="0.001"/>
  <testcase name="P_PinList" classname="com.yeastar.swebtest.testcase.smokecase.pbxcase.OutboundRoutes" time="18.091"/>
  <testcase name="Q_PinListCall" classname="com.yeastar.swebtest.testcase.smokecase.pbxcase.OutboundRoutes" time="34.548">
    <failure message="CDRè¢«å«æ–¹æ£€æµ‹ ã€é¢„æœŸï¼š903000 å®é™…ï¼š903000 [903000]ã€‘" type="java.lang.AssertionError">java.lang.AssertionError: CDRè¢«å«æ–¹æ£€æµ‹ ã€é¢„æœŸï¼š903000 å®é™…ï¼š903000 [903000]ã€‘
	at com.yeastar.swebtest.tools.ysassert.YsAssert.fail(YsAssert.java:1086)
	at com.yeastar.swebtest.tools.ysassert.YsAssert.failNotEquals(YsAssert.java:579)
	at com.yeastar.swebtest.tools.ysassert.YsAssert.assertEqualsImpl(YsAssert.java:142)
	at com.yeastar.swebtest.tools.ysassert.YsAssert.assertEquals(YsAssert.java:116)
	at com.yeastar.swebtest.tools.ysassert.YsAssert.assertEquals(YsAssert.java:199)
	at com.yeastar.swebtest.driver.YSMethod.YS_Extension.checkCDR(YS_Extension.java:285)
	at com.yeastar.swebtest.testcase.smokecase.pbxcase.OutboundRoutes.Q_PinListCall(OutboundRoutes.java:354)
</failure>
    <system-out><![CDATA[Ö´ĞĞ²Ù×÷:PinListÍâÏßºô³öÊ§°Ü1000´ò903000
find this 1000 IP:192.168.7.153
find this 3000 IP:192.168.7.151
uri/./..........sip:903000@192.168.7.153  0
CallstateCallBack callid:11 accId:0 code:1
CallstateCallBack : username :1000
In getAsteriskInfo
½ÓÊÕ·şÎñÆ÷µÄĞÅÏ¢1£ºAsterisk Call Manager/2.8.0 time:0
½ÓÊÕ·şÎñÆ÷µÄĞÅÏ¢1£ºResponse: Success time:0
½ÓÊÕ·şÎñÆ÷µÄĞÅÏ¢1£ºMessage: Authentication accepted time:0
½ÓÊÕ·şÎñÆ÷µÄĞÅÏ¢1£º time:0
½ÓÊÕ·şÎñÆ÷µÄĞÅÏ¢1£ºEvent: FullyBooted time:0
½ÓÊÕ·şÎñÆ÷µÄĞÅÏ¢1£ºPrivilege: system,all time:0
½ÓÊÕ·şÎñÆ÷µÄĞÅÏ¢1£ºStatus: Fully Booted time:0
½ÓÊÕ·şÎñÆ÷µÄĞÅÏ¢1£º time:0
½ÓÊÕ·şÎñÆ÷µÄĞÅÏ¢1£ºEvent: Reload time:0
½ÓÊÕ·şÎñÆ÷µÄĞÅÏ¢1£ºPrivilege: system,all time:1
½ÓÊÕ·şÎñÆ÷µÄĞÅÏ¢1£ºModule: All time:1
½ÓÊÕ·şÎñÆ÷µÄĞÅÏ¢1£ºStatus: 0 time:1
½ÓÊÕ·şÎñÆ÷µÄĞÅÏ¢1£º time:1
½ÓÊÕ·şÎñÆ÷µÄĞÅÏ¢1£ºEvent: Newchannel time:1
½ÓÊÕ·şÎñÆ÷µÄĞÅÏ¢1£ºPrivilege: call,all time:1
½ÓÊÕ·şÎñÆ÷µÄĞÅÏ¢1£ºChannel: PJSIP/1000-00000008 time:1
½ÓÊÕ·şÎñÆ÷µÄĞÅÏ¢1£ºChannelState: 4 time:1
½ÓÊÕ·şÎñÆ÷µÄĞÅÏ¢1£ºChannelStateDesc: Ring time:1
½ÓÊÕ·şÎñÆ÷µÄĞÅÏ¢1£ºCallerIDNum: 1000 time:1
CallstateCallBack callid:11 accId:0 code:4
CallstateCallBack : username :1000
½ÓÊÕ·şÎñÆ÷µÄĞÅÏ¢1£ºCallerIDName: 1000 time:1
CallstateCallBack callid:11 accId:0 code:5
CallstateCallBack : username :1000
½ÓÊÕ·şÎñÆ÷µÄĞÅÏ¢1£ºConnectedLineNum: <unknown> time:1
½ÓÊÕ·şÎñÆ÷µÄĞÅÏ¢1£ºConnectedLineName: <unknown> time:1
½ÓÊÕ·şÎñÆ÷µÄĞÅÏ¢1£ºLanguage: en time:1
½ÓÊÕ·şÎñÆ÷µÄĞÅÏ¢1£ºAccountCode:  time:1
½ÓÊÕ·şÎñÆ÷µÄĞÅÏ¢1£ºContext: DLPN_DialPlan1000 time:1
½ÓÊÕ·şÎñÆ÷µÄĞÅÏ¢1£ºExten: 903000 time:1
½ÓÊÕ·şÎñÆ÷µÄĞÅÏ¢1£ºPriority: 1 time:1
½ÓÊÕ·şÎñÆ÷µÄĞÅÏ¢1£ºUniqueid: 1503598912.18 time:1
½ÓÊÕ·şÎñÆ÷µÄĞÅÏ¢1£ºLinkedid: 1503598912.18 time:1
½ÓÊÕ·şÎñÆ÷µÄĞÅÏ¢1£º time:1
½ÓÊÕ·şÎñÆ÷µÄĞÅÏ¢1£ºEvent: Newexten time:1
½ÓÊÕ·şÎñÆ÷µÄĞÅÏ¢1£ºPrivilege: call,all time:1
½ÓÊÕ·şÎñÆ÷µÄĞÅÏ¢1£ºChannel: PJSIP/1000-00000008 time:1
½ÓÊÕ·şÎñÆ÷µÄĞÅÏ¢1£ºChannelState: 4 time:1
½ÓÊÕ·şÎñÆ÷µÄĞÅÏ¢1£ºChannelStateDesc: Ring time:1
½ÓÊÕ·şÎñÆ÷µÄĞÅÏ¢1£ºCallerIDNum: 1000 time:1
½ÓÊÕ·şÎñÆ÷µÄĞÅÏ¢1£ºCallerIDName: 1000 time:1
½ÓÊÕ·şÎñÆ÷µÄĞÅÏ¢1£ºConnectedLineNum: <unknown> time:1
½ÓÊÕ·şÎñÆ÷µÄĞÅÏ¢1£ºConnectedLineName: <unknown> time:1
½ÓÊÕ·şÎñÆ÷µÄĞÅÏ¢1£ºLanguage: en time:1
½ÓÊÕ·şÎñÆ÷µÄĞÅÏ¢1£ºAccountCode:  time:1
½ÓÊÕ·şÎñÆ÷µÄĞÅÏ¢1£ºContext: DLPN_DialPlan1000 time:1
½ÓÊÕ·şÎñÆ÷µÄĞÅÏ¢1£ºExten: 903000 time:1
½ÓÊÕ·şÎñÆ÷µÄĞÅÏ¢1£ºPriority: 1 time:1
½ÓÊÕ·şÎñÆ÷µÄĞÅÏ¢1£ºUniqueid: 1503598912.18 time:1
½ÓÊÕ·şÎñÆ÷µÄĞÅÏ¢1£ºLinkedid: 1503598912.18 time:1
½ÓÊÕ·şÎñÆ÷µÄĞÅÏ¢1£ºExtension: 903000 time:1
½ÓÊÕ·şÎñÆ÷µÄĞÅÏ¢1£ºApplication: YsWalkContext time:1
½ÓÊÕ·şÎñÆ÷µÄĞÅÏ¢1£ºAppData: blacklist-outbound,3000,1,1000,outbound time:1
½ÓÊÕ·şÎñÆ÷µÄĞÅÏ¢1£º time:1
½ÓÊÕ·şÎñÆ÷µÄĞÅÏ¢1£ºEvent: Newexten time:1
½ÓÊÕ·şÎñÆ÷µÄĞÅÏ¢1£ºPrivilege: call,all time:1
½ÓÊÕ·şÎñÆ÷µÄĞÅÏ¢1£ºChannel: PJSIP/1000-00000008 time:1
½ÓÊÕ·şÎñÆ÷µÄĞÅÏ¢1£ºChannelState: 4 time:1
½ÓÊÕ·şÎñÆ÷µÄĞÅÏ¢1£ºChannelStateDesc: Ring time:1
½ÓÊÕ·şÎñÆ÷µÄĞÅÏ¢1£ºCallerIDNum: 1000 time:1
½ÓÊÕ·şÎñÆ÷µÄĞÅÏ¢1£ºCallerIDName: 1000 time:1
½ÓÊÕ·şÎñÆ÷µÄĞÅÏ¢1£ºConnectedLineNum: <unknown> time:1
½ÓÊÕ·şÎñÆ÷µÄĞÅÏ¢1£ºConnectedLineName: <unknown> time:1
½ÓÊÕ·şÎñÆ÷µÄĞÅÏ¢1£ºLanguage: en time:1
½ÓÊÕ·şÎñÆ÷µÄĞÅÏ¢1£ºAccountCode:  time:1
½ÓÊÕ·şÎñÆ÷µÄĞÅÏ¢1£ºContext: DLPN_DialPlan1000 time:1
½ÓÊÕ·şÎñÆ÷µÄĞÅÏ¢1£ºExten: 903000 time:1
½ÓÊÕ·şÎñÆ÷µÄĞÅÏ¢1£ºPriority: 2 time:1
½ÓÊÕ·şÎñÆ÷µÄĞÅÏ¢1£ºUniqueid: 1503598912.18 time:1
½ÓÊÕ·şÎñÆ÷µÄĞÅÏ¢1£ºLinkedid: 1503598912.18 time:1
½ÓÊÕ·şÎñÆ÷µÄĞÅÏ¢1£ºExtension: 903000 time:1
½ÓÊÕ·şÎñÆ÷µÄĞÅÏ¢1£ºApplication: Authenticate time:1
½ÓÊÕ·şÎñÆ÷µÄĞÅÏ¢1£ºAppData: /etc/asterisk/pin_Pin1.conf,a time:1
Server Find Keyword....
TcpSocket end...
Q_PinListCall TcpSocket return: true
find this 1000 IP:192.168.7.153
callId: 11send dtmf :1 num:
send dtmf end ...
callId: 11send dtmf :2 num:
send dtmf end ...
callId: 11send dtmf :3 num:
send dtmf end ...
incomingcallback"3030" <sip:3030@192.168.7.151>callid:12accid:1accounts.size()£º3
bbbbbbbbbbbbbbbbbbbbbbbb+3000 11
CallstateCallBack callid:12 accId:1 code:4
CallstateCallBack : username :3000
CallstateCallBack callid:12 accId:1 code:5
CallstateCallBack : username :3000
CallstateCallBack callid:11 accId:0 code:6
CallstateCallBack : username :1000
CallstateCallBack callid:12 accId:1 code:6
CallstateCallBack : username :3000
return Ext.query('#'+Ext.query('#'+Ext.getCmp('cdr-record').down('grid').down('tableview').id + ' [data-recordindex]')[1].id + ' tr td')[1].textContent
return Ext.query('#'+Ext.query('#'+Ext.getCmp('cdr-record').down('grid').down('tableview').id + ' [data-recordindex]')[1].id + ' tr td')[2].textContent
]]></system-out>
  </testcase>
  <testcase name="R_PWD_None" classname="com.yeastar.swebtest.testcase.smokecase.pbxcase.OutboundRoutes" time="12.857"/>
  <testcase name="S_PinListCall" classname="com.yeastar.swebtest.testcase.smokecase.pbxcase.OutboundRoutes" time="23.097"/>
  <testcase name="T_RoutePermission" classname="com.yeastar.swebtest.testcase.smokecase.pbxcase.OutboundRoutes" time="21.663"/>
  <testcase name="A_EmailSettings" classname="com.yeastar.swebtest.testcase.smokecase.pbxcase.InboundRoutes" time="11.128"/>
  <testcase name="B_CreateInboundRoutes" classname="com.yeastar.swebtest.testcase.smokecase.pbxcase.InboundRoutes" time="79.931"/>
  <testcase name="C_RegisterExtensions" classname="com.yeastar.swebtest.testcase.smokecase.pbxcase.InboundRoutes" time="19.712"/>
  <testcase name="D_CallSip" classname="com.yeastar.swebtest.testcase.smokecase.pbxcase.InboundRoutes" time="49.214"/>
  <testcase name="E_CallIax" classname="com.yeastar.swebtest.testcase.smokecase.pbxcase.InboundRoutes" time="44.912"/>
  <testcase name="F_CallSps" classname="com.yeastar.swebtest.testcase.smokecase.pbxcase.InboundRoutes" time="93.69"/>
  <testcase name="G_CallSpx" classname="com.yeastar.swebtest.testcase.smokecase.pbxcase.InboundRoutes" time="48.826"/>
  <testcase name="H_CallGsm" classname="com.yeastar.swebtest.testcase.smokecase.pbxcase.InboundRoutes" time="0.001"/>
  <testcase name="I_CallPstn" classname="com.yeastar.swebtest.testcase.smokecase.pbxcase.InboundRoutes" time="48.454">
    <failure message="CDRè¢«å«æ–¹æ£€æµ‹ ã€é¢„æœŸï¼š903000 å®é™…ï¼š903000 [903000]ã€‘" type="java.lang.AssertionError">java.lang.AssertionError: CDRè¢«å«æ–¹æ£€æµ‹ ã€é¢„æœŸï¼š903000 å®é™…ï¼š903000 [903000]ã€‘
	at com.yeastar.swebtest.tools.ysassert.YsAssert.fail(YsAssert.java:1086)
	at com.yeastar.swebtest.tools.ysassert.YsAssert.failNotEquals(YsAssert.java:579)
	at com.yeastar.swebtest.tools.ysassert.YsAssert.assertEqualsImpl(YsAssert.java:142)
	at com.yeastar.swebtest.tools.ysassert.YsAssert.assertEquals(YsAssert.java:116)
	at com.yeastar.swebtest.tools.ysassert.YsAssert.assertEquals(YsAssert.java:199)
	at com.yeastar.swebtest.driver.YSMethod.YS_Extension.checkCDR(YS_Extension.java:285)
	at com.yeastar.swebtest.testcase.smokecase.pbxcase.InboundRoutes.I_CallPstn(InboundRoutes.java:231)
</failure>
    <system-out><![CDATA[Ö´ĞĞ²Ù×÷:A²¦´ò90+·Ö»úºÅÂë£¨Éè±¸3µÄ·Ö»ú£©£¬PSTNÍ¨»°
find this 2000 IP:192.168.7.152
find this 2010 IP:
uri: sip:2010@192.168.7.152:5060
CallstateCallBack callid:9 accId:3 code:1
CallstateCallBack : username :2000
Call id... 9
CallstateCallBack callid:9 accId:3 code:3
CallstateCallBack : username :2000
CallstateCallBack callid:9 accId:3 code:4
CallstateCallBack : username :2000
CallstateCallBack callid:9 accId:3 code:5
CallstateCallBack : username :2000
find this 2000 IP:192.168.7.152
callId: 9send dtmf :5 num:
send dtmf end ...
find this 2000 IP:192.168.7.152
callId: 9send dtmf :9 num:
send dtmf end ...
callId: 9send dtmf :0 num:
send dtmf end ...
callId: 9send dtmf :3 num:
send dtmf end ...
callId: 9send dtmf :0 num:
send dtmf end ...
callId: 9send dtmf :0 num:
send dtmf end ...
callId: 9send dtmf :0 num:
send dtmf end ...
find this 3000 IP:192.168.7.151
Answer Call  2  3000
incomingcallback"3030" <sip:3030@192.168.7.151>callid:10accid:4accounts.size()£º10
bbbbbbbbbbbbbbbbbbbbbbbb+3000 2
CallstateCallBack callid:10 accId:4 code:6
CallstateCallBack : username :3000
CallstateCallBack callid:9 accId:3 code:6
CallstateCallBack : username :2000
return Ext.query('#'+Ext.query('#'+Ext.getCmp('cdr-record').down('grid').down('tableview').id + ' [data-recordindex]')[1].id + ' tr td')[1].textContent
return Ext.query('#'+Ext.query('#'+Ext.getCmp('cdr-record').down('grid').down('tableview').id + ' [data-recordindex]')[1].id + ' tr td')[2].textContent
]]></system-out>
  </testcase>
  <testcase name="J_CallE1" classname="com.yeastar.swebtest.testcase.smokecase.pbxcase.InboundRoutes" time="0"/>
  <testcase name="K_SetDidSps" classname="com.yeastar.swebtest.testcase.smokecase.pbxcase.InboundRoutes" time="31.96"/>
  <testcase name="L_CallDidSps" classname="com.yeastar.swebtest.testcase.smokecase.pbxcase.InboundRoutes" time="30.07"/>
  <testcase name="A_FileShare" classname="com.yeastar.swebtest.testcase.smokecase.pbxcase.FileShare_CDR" time="0"/>
  <testcase name="B_DelCdr" classname="com.yeastar.swebtest.testcase.smokecase.pbxcase.FileShare_CDR" time="11.337"/>
  <testcase name="C_DownloadCDR" classname="com.yeastar.swebtest.testcase.smokecase.pbxcase.FileShare_CDR" time="0.213"/>
  <testcase name="D_Recording" classname="com.yeastar.swebtest.testcase.smokecase.pbxcase.FileShare_CDR" time="0.204"/>
  <testcase name="E_RecordingPlay" classname="com.yeastar.swebtest.testcase.smokecase.pbxcase.FileShare_CDR" time="39.786"/>
  <testcase name="F_Downloader" classname="com.yeastar.swebtest.testcase.smokecase.pbxcase.FileShare_CDR" time="23.644"/>
  <testcase name="G_DeleteallCDR" classname="com.yeastar.swebtest.testcase.smokecase.pbxcase.FileShare_CDR" time="0.213"/>
  <testcase name="H_PromprPreference" classname="com.yeastar.swebtest.testcase.smokecase.pbxcase.FileShare_CDR" time="70.928"/>
  <testcase name="I_Me_CDRRecording" classname="com.yeastar.swebtest.testcase.smokecase.pbxcase.FileShare_CDR" time="26.995"/>
  <testcase name="J_DownloaderPrompt" classname="com.yeastar.swebtest.testcase.smokecase.pbxcase.FileShare_CDR" time="28.801"/>
  <testcase name="K_DeleteSharetest" classname="com.yeastar.swebtest.testcase.smokecase.pbxcase.FileShare_CDR" time="23.105"/>
  <testcase name="A_AutoCLIP" classname="com.yeastar.swebtest.testcase.smokecase.pbxcase.CallControl" time="71.263"/>
  <testcase name="B_CallBri" classname="com.yeastar.swebtest.testcase.smokecase.pbxcase.CallControl" time="26.578"/>
  <testcase name="C_CallBri" classname="com.yeastar.swebtest.testcase.smokecase.pbxcase.CallControl" time="24.035"/>
  <testcase name="D_DeleteViewAutoCLIP" classname="com.yeastar.swebtest.testcase.smokecase.pbxcase.CallControl" time="11.859"/>
  <testcase name="E_CallBri" classname="com.yeastar.swebtest.testcase.smokecase.pbxcase.CallControl" time="11.623"/>
  <testcase name="A_PagingIntercom" classname="com.yeastar.swebtest.testcase.smokecase.pbxcase.CallFunction" time="42.848"/>
  <testcase name="B_AddBlacklist" classname="com.yeastar.swebtest.testcase.smokecase.pbxcase.CallFunction" time="50.772"/>
  <testcase name="C_ExportBlacklist" classname="com.yeastar.swebtest.testcase.smokecase.pbxcase.CallFunction" time="1.107"/>
  <testcase name="D_DeleteBlacklist" classname="com.yeastar.swebtest.testcase.smokecase.pbxcase.CallFunction" time="52.293"/>
  <testcase name="E_ImportBlacklist" classname="com.yeastar.swebtest.testcase.smokecase.pbxcase.CallFunction" time="11.265"/>
  <testcase name="F_AddWhitelist" classname="com.yeastar.swebtest.testcase.smokecase.pbxcase.CallFunction" time="58.054"/>
  <testcase name="H_DelWhitelist" classname="com.yeastar.swebtest.testcase.smokecase.pbxcase.CallFunction" time="21.061"/>
  <testcase name="I_ImportWhitelist" classname="com.yeastar.swebtest.testcase.smokecase.pbxcase.CallFunction" time="11.042"/>
  <testcase name="J_DelAllBlacklist" classname="com.yeastar.swebtest.testcase.smokecase.pbxcase.CallFunction" time="14.411"/>
  <testcase name="K_DelAllWhitelist" classname="com.yeastar.swebtest.testcase.smokecase.pbxcase.CallFunction" time="22.404"/>
  <testcase name="L_ExtensionPage" classname="com.yeastar.swebtest.testcase.smokecase.pbxcase.CallFunction" time="40.668"/>
  <testcase name="N_DeleteTest1Sps" classname="com.yeastar.swebtest.testcase.smokecase.pbxcase.CallFunction" time="21.545"/>
  <testcase name="O_BlacklistImport" classname="com.yeastar.swebtest.testcase.smokecase.pbxcase.CallFunction" time="21.267"/>
  <testcase name="P_ExtensionWhitelist" classname="com.yeastar.swebtest.testcase.smokecase.pbxcase.CallFunction" time="37.599"/>
  <testcase name="R_WhiteTest1Delete" classname="com.yeastar.swebtest.testcase.smokecase.pbxcase.CallFunction" time="12.413"/>
  <testcase name="S_WhiteImport" classname="com.yeastar.swebtest.testcase.smokecase.pbxcase.CallFunction" time="10.918"/>
  <testcase name="T_BlacklistDeleteAll" classname="com.yeastar.swebtest.testcase.smokecase.pbxcase.CallFunction" time="22.257"/>
  <testcase name="U_WhitelistDeleteAll" classname="com.yeastar.swebtest.testcase.smokecase.pbxcase.CallFunction" time="22.575"/>
  <testcase name="V_OnlyWhitelistCheck" classname="com.yeastar.swebtest.testcase.smokecase.pbxcase.CallFunction" time="7.2"/>
  <testcase name="W_OnlyWhitelistUnCheck" classname="com.yeastar.swebtest.testcase.smokecase.pbxcase.CallFunction" time="6.804"/>
  <testcase name="X_AddSpeedDial" classname="com.yeastar.swebtest.testcase.smokecase.pbxcase.CallFunction" time="69.202">
    <failure message="CDRè¢«å«æ–¹æ£€æµ‹ ã€é¢„æœŸï¼š902000 å®é™…ï¼š902000 [902000]ã€‘" type="java.lang.AssertionError">java.lang.AssertionError: CDRè¢«å«æ–¹æ£€æµ‹ ã€é¢„æœŸï¼š902000 å®é™…ï¼š902000 [902000]ã€‘
	at com.yeastar.swebtest.tools.ysassert.YsAssert.fail(YsAssert.java:1086)
	at com.yeastar.swebtest.tools.ysassert.YsAssert.failNotEquals(YsAssert.java:579)
	at com.yeastar.swebtest.tools.ysassert.YsAssert.assertEqualsImpl(YsAssert.java:142)
	at com.yeastar.swebtest.tools.ysassert.YsAssert.assertEquals(YsAssert.java:116)
	at com.yeastar.swebtest.tools.ysassert.YsAssert.assertEquals(YsAssert.java:199)
	at com.yeastar.swebtest.driver.YSMethod.YS_Extension.checkCDR(YS_Extension.java:285)
	at com.yeastar.swebtest.testcase.smokecase.pbxcase.CallFunction.X_AddSpeedDial(CallFunction.java:426)
</failure>
    <system-out><![CDATA[Ö´ĞĞ²Ù×÷:Ìí¼Ó¿ìËÙ²¦ºÅ£¬·Ö»ú1000²¦´ò*991
return Ext.query('#'+Ext.query('#'+Ext.getCmp('control-panel').down('speeddial').down('tableview').id + ' [data-recordindex]')[1].id + ' tr td')[1].textContent
return Ext.query('#'+Ext.query('#'+Ext.getCmp('control-panel').down('speeddial').down('tableview').id + ' [data-recordindex]')[1].id + ' tr td')[2].textContent
find this 1000 IP:192.168.7.153
uri/./..........sip:*991@192.168.7.153  0
CallstateCallBack callid:13 accId:0 code:1
CallstateCallBack : username :1000
incomingcallback"1000" <sip:1000@192.168.7.152>callid:14accid:4accounts.size()£º7
bbbbbbbbbbbbbbbbbbbbbbbb+2000 12
CallstateCallBack callid:14 accId:4 code:4
CallstateCallBack : username :2000
CallstateCallBack callid:14 accId:4 code:5
CallstateCallBack : username :2000
CallstateCallBack callid:13 accId:0 code:4
CallstateCallBack : username :1000
CallstateCallBack callid:13 accId:0 code:5
CallstateCallBack : username :1000
gridExtensonStatus..+ return Ext.query('#'+Ext.query('#'+Ext.getCmp(Ext.getCmp('pbxmonitor').down('b-extenstatus').id).down('tableview').id + ' [data-recordindex]')[1].id + ' tr td div div')[0].getAttribute('data-qtip')
CallstateCallBack callid:13 accId:0 code:6
CallstateCallBack : username :1000
CallstateCallBack callid:14 accId:4 code:6
CallstateCallBack : username :2000
return Ext.query('#'+Ext.query('#'+Ext.getCmp('cdr-record').down('grid').down('tableview').id + ' [data-recordindex]')[1].id + ' tr td')[1].textContent
return Ext.query('#'+Ext.query('#'+Ext.getCmp('cdr-record').down('grid').down('tableview').id + ' [data-recordindex]')[1].id + ' tr td')[2].textContent
]]></system-out>
  </testcase>
  <testcase name="Y_ExportSpeedDial" classname="com.yeastar.swebtest.testcase.smokecase.pbxcase.CallFunction" time="0.746"/>
  <testcase name="Z_DeleteSpeedDial" classname="com.yeastar.swebtest.testcase.smokecase.pbxcase.CallFunction" time="42.565"/>
  <testcase name="a_ImportSpeedDial" classname="com.yeastar.swebtest.testcase.smokecase.pbxcase.CallFunction" time="11.596"/>
  <testcase name="b_DeleteAllSpeedDial" classname="com.yeastar.swebtest.testcase.smokecase.pbxcase.CallFunction" time="30.577"/>
  <testcase name="A_SystemPrompt" classname="com.yeastar.swebtest.testcase.smokecase.pbxcase.VoicePrompts" time="45.678"/>
  <testcase name="B_MusicOnHold" classname="com.yeastar.swebtest.testcase.smokecase.pbxcase.VoicePrompts" time="17.434"/>
  <testcase name="C_DeleteMusicOnHold" classname="com.yeastar.swebtest.testcase.smokecase.pbxcase.VoicePrompts" time="15.665"/>
  <testcase name="D_CreateNewPlaylist" classname="com.yeastar.swebtest.testcase.smokecase.pbxcase.VoicePrompts" time="15.54"/>
  <testcase name="E_UploadMusicOnHold" classname="com.yeastar.swebtest.testcase.smokecase.pbxcase.VoicePrompts" time="29.886"/>
  <testcase name="F_SelectPlay1" classname="com.yeastar.swebtest.testcase.smokecase.pbxcase.VoicePrompts" time="17.326"/>
  <testcase name="G_DeleteMusicOnHold" classname="com.yeastar.swebtest.testcase.smokecase.pbxcase.VoicePrompts" time="9.596"/>
  <testcase name="H_RecordNew" classname="com.yeastar.swebtest.testcase.smokecase.pbxcase.VoicePrompts" time="34.41"/>
  <testcase name="I_UploadCustomPromts" classname="com.yeastar.swebtest.testcase.smokecase.pbxcase.VoicePrompts" time="21.096"/>
  <testcase name="J_SelectCustomPromts" classname="com.yeastar.swebtest.testcase.smokecase.pbxcase.VoicePrompts" time="25.064"/>
  <testcase name="K_DownloadCustom" classname="com.yeastar.swebtest.testcase.smokecase.pbxcase.VoicePrompts" time="6.082"/>
  <testcase name="L_DeleteCustom" classname="com.yeastar.swebtest.testcase.smokecase.pbxcase.VoicePrompts" time="6.18"/>
  <testcase name="M_DeleteAllCustom" classname="com.yeastar.swebtest.testcase.smokecase.pbxcase.VoicePrompts" time="15.323"/>
  <testcase name="F_Transfer" classname="com.yeastar.swebtest.testcase.smokecase.pbxcase.FeatureCode" time="66.318"/>
  <testcase name="G_Transfer" classname="com.yeastar.swebtest.testcase.smokecase.pbxcase.FeatureCode" time="59.486"/>
  <testcase name="H_CallPickup" classname="com.yeastar.swebtest.testcase.smokecase.pbxcase.FeatureCode" time="49.045"/>
  <testcase name="I_CallPickup" classname="com.yeastar.swebtest.testcase.smokecase.pbxcase.FeatureCode" time="46.436"/>
  <testcase name="J_CallParking" classname="com.yeastar.swebtest.testcase.smokecase.pbxcase.FeatureCode" time="72.974"/>
  <testcase name="K_CallParking" classname="com.yeastar.swebtest.testcase.smokecase.pbxcase.FeatureCode" time="85.452"/>
  <testcase name="A_addEmergencyNumber" classname="com.yeastar.swebtest.testcase.smokecase.pbxcase.EmergencyNumberTest" time="37.073"/>
  <testcase name="B_CallEmergencyNumber" classname="com.yeastar.swebtest.testcase.smokecase.pbxcase.EmergencyNumberTest" time="90.171">
    <failure message="CDRè¢«å«æ–¹æ£€æµ‹ ã€é¢„æœŸï¼š902000 å®é™…ï¼š902000 [902000]ã€‘" type="java.lang.AssertionError">java.lang.AssertionError: CDRè¢«å«æ–¹æ£€æµ‹ ã€é¢„æœŸï¼š902000 å®é™…ï¼š902000 [902000]ã€‘
	at com.yeastar.swebtest.tools.ysassert.YsAssert.fail(YsAssert.java:1086)
	at com.yeastar.swebtest.tools.ysassert.YsAssert.failNotEquals(YsAssert.java:579)
	at com.yeastar.swebtest.tools.ysassert.YsAssert.assertEqualsImpl(YsAssert.java:142)
	at com.yeastar.swebtest.tools.ysassert.YsAssert.assertEquals(YsAssert.java:116)
	at com.yeastar.swebtest.tools.ysassert.YsAssert.assertEquals(YsAssert.java:199)
	at com.yeastar.swebtest.driver.YSMethod.YS_Extension.checkCDR(YS_Extension.java:294)
	at com.yeastar.swebtest.testcase.smokecase.pbxcase.EmergencyNumberTest.B_CallEmergencyNumber(EmergencyNumberTest.java:77)
</failure>
    <system-out><![CDATA[Ö´ĞĞ²Ù×÷:·Ö»úCÍ¨¹ıPSTNÏßÂ·ºô³ö£¬Í¨»°ÖĞ¡£·Ö»ú1100Ö±½Ó²¦´ò½ô¼±ºÅÂë2001
find this 1102 IP:192.168.7.153
find this 2000 IP:192.168.7.152
uri/./..........sip:902000@192.168.7.153  2
CallstateCallBack callid:0 accId:2 code:1
CallstateCallBack : username :1102
gridExtensonStatus..+ return Ext.query('#'+Ext.query('#'+Ext.getCmp(Ext.getCmp('pbxmonitor').down('b-extenstatus').id).down('tableview').id + ' [data-recordindex]')[5].id + ' tr td div div')[0].getAttribute('data-qtip')
incomingcallback"2010" <sip:2010@192.168.7.152>callid:1accid:3accounts.size()£º5
bbbbbbbbbbbbbbbbbbbbbbbb+2000 0
CallstateCallBack callid:1 accId:3 code:4
CallstateCallBack : username :2000
CallstateCallBack callid:1 accId:3 code:5
CallstateCallBack : username :2000
CallstateCallBack callid:0 accId:2 code:4
CallstateCallBack : username :1102
CallstateCallBack callid:0 accId:2 code:5
CallstateCallBack : username :1102
gridExtensonStatus..+ return Ext.query('#'+Ext.query('#'+Ext.getCmp(Ext.getCmp('pbxmonitor').down('b-extenstatus').id).down('tableview').id + ' [data-recordindex]')[5].id + ' tr td div div')[0].getAttribute('data-qtip')
gridExtensonStatus..+ return Ext.query('#'+Ext.query('#'+Ext.getCmp(Ext.getCmp('pbxmonitor').down('b-extenstatus').id).down('tableview').id + ' [data-recordindex]')[5].id + ' tr td div div')[0].getAttribute('data-qtip')
gridExtensonStatus..+ return Ext.query('#'+Ext.query('#'+Ext.getCmp(Ext.getCmp('pbxmonitor').down('b-extenstatus').id).down('tableview').id + ' [data-recordindex]')[5].id + ' tr td div div')[0].getAttribute('data-qtip')
find this 1100 IP:192.168.7.153
find this 2001 IP:192.168.7.152
uri/./..........sip:2001@192.168.7.153  0
CallstateCallBack callid:2 accId:0 code:1
CallstateCallBack : username :1100
incomingcallback"1100dial2001" <sip:Emergency@192.168.7.153>callid:3accid:1accounts.size()£º5
bbbbbbbbbbbbbbbbbbbbbbbb+1101 -1
CallstateCallBack callid:3 accId:1 code:4
CallstateCallBack : username :1101
CallstateCallBack callid:3 accId:1 code:5
CallstateCallBack : username :1101
CallstateCallBack callid:0 accId:2 code:6
CallstateCallBack : username :1102
gridExtensonStatus..+ return Ext.query('#'+Ext.query('#'+Ext.getCmp(Ext.getCmp('pbxmonitor').down('b-extenstatus').id).down('tableview').id + ' [data-recordindex]')[3].id + ' tr td div div')[0].getAttribute('data-qtip')
CallstateCallBack callid:1 accId:3 code:6
CallstateCallBack : username :2000
gridExtensonStatus..+ return Ext.query('#'+Ext.query('#'+Ext.getCmp(Ext.getCmp('pbxmonitor').down('b-extenstatus').id).down('tableview').id + ' [data-recordindex]')[3].id + ' tr td div div')[0].getAttribute('data-qtip')
incomingcallback"2010" <sip:2010@192.168.7.152>callid:4accid:4accounts.size()£º5
bbbbbbbbbbbbbbbbbbbbbbbb+2001 2
CallstateCallBack callid:4 accId:4 code:4
CallstateCallBack : username :2001
CallstateCallBack callid:4 accId:4 code:5
CallstateCallBack : username :2001
gridExtensonStatus..+ return Ext.query('#'+Ext.query('#'+Ext.getCmp(Ext.getCmp('pbxmonitor').down('b-extenstatus').id).down('tableview').id + ' [data-recordindex]')[3].id + ' tr td div div')[0].getAttribute('data-qtip')
CallstateCallBack callid:2 accId:0 code:4
CallstateCallBack : username :1100
CallstateCallBack callid:2 accId:0 code:5
CallstateCallBack : username :1100
gridExtensonStatus..+ return Ext.query('#'+Ext.query('#'+Ext.getCmp(Ext.getCmp('pbxmonitor').down('b-extenstatus').id).down('tableview').id + ' [data-recordindex]')[3].id + ' tr td div div')[0].getAttribute('data-qtip')
CallstateCallBack callid:3 accId:1 code:6
CallstateCallBack : username :1101
gridExtensonStatus..+ return Ext.query('#'+Ext.query('#'+Ext.getCmp(Ext.getCmp('pbxmonitor').down('b-extenstatus').id).down('tableview').id + ' [data-recordindex]')[3].id + ' tr td div div')[0].getAttribute('data-qtip')
In getAsteriskInfo
½ÓÊÕ·şÎñÆ÷µÄĞÅÏ¢1£ºAsterisk Call Manager/2.8.0 time:0
½ÓÊÕ·şÎñÆ÷µÄĞÅÏ¢1£ºResponse: Success time:0
½ÓÊÕ·şÎñÆ÷µÄĞÅÏ¢1£ºMessage: Authentication accepted time:0
½ÓÊÕ·şÎñÆ÷µÄĞÅÏ¢1£º time:0
½ÓÊÕ·şÎñÆ÷µÄĞÅÏ¢1£ºEvent: FullyBooted time:0
½ÓÊÕ·şÎñÆ÷µÄĞÅÏ¢1£ºPrivilege: system,all time:0
½ÓÊÕ·şÎñÆ÷µÄĞÅÏ¢1£ºStatus: Fully Booted time:0
½ÓÊÕ·şÎñÆ÷µÄĞÅÏ¢1£º time:0
½ÓÊÕ·şÎñÆ÷µÄĞÅÏ¢1£ºEvent: Newchannel time:0
½ÓÊÕ·şÎñÆ÷µÄĞÅÏ¢1£ºPrivilege: call,all time:0
½ÓÊÕ·şÎñÆ÷µÄĞÅÏ¢1£ºChannel: PJSIP/1100-00000044 time:0
½ÓÊÕ·şÎñÆ÷µÄĞÅÏ¢1£ºChannelState: 4 time:0
½ÓÊÕ·şÎñÆ÷µÄĞÅÏ¢1£ºChannelStateDesc: Ring time:0
½ÓÊÕ·şÎñÆ÷µÄĞÅÏ¢1£ºCallerIDNum: 1100 time:0
½ÓÊÕ·şÎñÆ÷µÄĞÅÏ¢1£ºCallerIDName: 1100 time:0
½ÓÊÕ·şÎñÆ÷µÄĞÅÏ¢1£ºConnectedLineNum: <unknown> time:0
½ÓÊÕ·şÎñÆ÷µÄĞÅÏ¢1£ºConnectedLineName: <unknown> time:0
½ÓÊÕ·şÎñÆ÷µÄĞÅÏ¢1£ºLanguage: en time:0
½ÓÊÕ·şÎñÆ÷µÄĞÅÏ¢1£ºAccountCode:  time:0
½ÓÊÕ·şÎñÆ÷µÄĞÅÏ¢1£ºContext: DLPN_DialPlan1100 time:0
½ÓÊÕ·şÎñÆ÷µÄĞÅÏ¢1£ºExten: 2001 time:0
½ÓÊÕ·şÎñÆ÷µÄĞÅÏ¢1£ºPriority: 1 time:0
½ÓÊÕ·şÎñÆ÷µÄĞÅÏ¢1£ºUniqueid: 1503601515.142 time:0
½ÓÊÕ·şÎñÆ÷µÄĞÅÏ¢1£ºLinkedid: 1503601515.142 time:0
½ÓÊÕ·şÎñÆ÷µÄĞÅÏ¢1£º time:0
½ÓÊÕ·şÎñÆ÷µÄĞÅÏ¢1£ºEvent: Newexten time:0
½ÓÊÕ·şÎñÆ÷µÄĞÅÏ¢1£ºPrivilege: call,all time:0
½ÓÊÕ·şÎñÆ÷µÄĞÅÏ¢1£ºChannel: PJSIP/1100-00000044 time:0
½ÓÊÕ·şÎñÆ÷µÄĞÅÏ¢1£ºChannelState: 4 time:0
½ÓÊÕ·şÎñÆ÷µÄĞÅÏ¢1£ºChannelStateDesc: Ring time:0
½ÓÊÕ·şÎñÆ÷µÄĞÅÏ¢1£ºCallerIDNum: 1100 time:0
½ÓÊÕ·şÎñÆ÷µÄĞÅÏ¢1£ºCallerIDName: 1100 time:0
½ÓÊÕ·şÎñÆ÷µÄĞÅÏ¢1£ºConnectedLineNum: <unknown> time:0
½ÓÊÕ·şÎñÆ÷µÄĞÅÏ¢1£ºConnectedLineName: <unknown> time:0
½ÓÊÕ·şÎñÆ÷µÄĞÅÏ¢1£ºLanguage: zh time:0
½ÓÊÕ·şÎñÆ÷µÄĞÅÏ¢1£ºAccountCode:  time:0
½ÓÊÕ·şÎñÆ÷µÄĞÅÏ¢1£ºContext: DLPN_DialPlan1100 time:0
½ÓÊÕ·şÎñÆ÷µÄĞÅÏ¢1£ºExten: 2001 time:0
½ÓÊÕ·şÎñÆ÷µÄĞÅÏ¢1£ºPriority: 1 time:0
½ÓÊÕ·şÎñÆ÷µÄĞÅÏ¢1£ºUniqueid: 1503601515.142 time:0
½ÓÊÕ·şÎñÆ÷µÄĞÅÏ¢1£ºLinkedid: 1503601515.142 time:0
½ÓÊÕ·şÎñÆ÷µÄĞÅÏ¢1£ºExtension: 2001 time:0
½ÓÊÕ·şÎñÆ÷µÄĞÅÏ¢1£ºApplication: AGI time:0
½ÓÊÕ·şÎñÆ÷µÄĞÅÏ¢1£ºAppData: /ysdisk/ysapps/pbxcenter/bin/notify,emergency,2001,1100 time:0
½ÓÊÕ·şÎñÆ÷µÄĞÅÏ¢1£º time:0
½ÓÊÕ·şÎñÆ÷µÄĞÅÏ¢1£ºEvent: Newchannel time:0
½ÓÊÕ·şÎñÆ÷µÄĞÅÏ¢1£ºPrivilege: call,all time:0
½ÓÊÕ·şÎñÆ÷µÄĞÅÏ¢1£ºChannel: Local/1101@DLPN_DialPlan1101-00000003;1 time:0
½ÓÊÕ·şÎñÆ÷µÄĞÅÏ¢1£ºChannelState: 0 time:0
½ÓÊÕ·şÎñÆ÷µÄĞÅÏ¢1£ºChannelStateDesc: Down time:0
½ÓÊÕ·şÎñÆ÷µÄĞÅÏ¢1£ºCallerIDNum: <unknown> time:0
½ÓÊÕ·şÎñÆ÷µÄĞÅÏ¢1£ºCallerIDName: <unknown> time:0
½ÓÊÕ·şÎñÆ÷µÄĞÅÏ¢1£ºConnectedLineNum: <unknown> time:0
½ÓÊÕ·şÎñÆ÷µÄĞÅÏ¢1£ºConnectedLineName: <unknown> time:0
½ÓÊÕ·şÎñÆ÷µÄĞÅÏ¢1£ºLanguage: en time:0
½ÓÊÕ·şÎñÆ÷µÄĞÅÏ¢1£ºAccountCode:  time:0
½ÓÊÕ·şÎñÆ÷µÄĞÅÏ¢1£ºContext: DLPN_DialPlan1101 time:0
½ÓÊÕ·şÎñÆ÷µÄĞÅÏ¢1£ºExten: 1101 time:0
½ÓÊÕ·şÎñÆ÷µÄĞÅÏ¢1£ºPriority: 1 time:0
½ÓÊÕ·şÎñÆ÷µÄĞÅÏ¢1£ºUniqueid: 1503601515.143 time:0
½ÓÊÕ·şÎñÆ÷µÄĞÅÏ¢1£ºLinkedid: 1503601515.143 time:0
½ÓÊÕ·şÎñÆ÷µÄĞÅÏ¢1£º time:0
½ÓÊÕ·şÎñÆ÷µÄĞÅÏ¢1£ºEvent: Newchannel time:0
½ÓÊÕ·şÎñÆ÷µÄĞÅÏ¢1£ºPrivilege: call,all time:0
½ÓÊÕ·şÎñÆ÷µÄĞÅÏ¢1£ºChannel: Local/1101@DLPN_DialPlan1101-00000003;2 time:0
½ÓÊÕ·şÎñÆ÷µÄĞÅÏ¢1£ºChannelState: 4 time:0
½ÓÊÕ·şÎñÆ÷µÄĞÅÏ¢1£ºChannelStateDesc: Ring time:0
½ÓÊÕ·şÎñÆ÷µÄĞÅÏ¢1£ºCallerIDNum: <unknown> time:0
½ÓÊÕ·şÎñÆ÷µÄĞÅÏ¢1£ºCallerIDName: <unknown> time:0
½ÓÊÕ·şÎñÆ÷µÄĞÅÏ¢1£ºConnectedLineNum: <unknown> time:0
½ÓÊÕ·şÎñÆ÷µÄĞÅÏ¢1£ºConnectedLineName: <unknown> time:0
½ÓÊÕ·şÎñÆ÷µÄĞÅÏ¢1£ºLanguage: en time:0
½ÓÊÕ·şÎñÆ÷µÄĞÅÏ¢1£ºAccountCode:  time:0
½ÓÊÕ·şÎñÆ÷µÄĞÅÏ¢1£ºContext: DLPN_DialPlan1101 time:0
½ÓÊÕ·şÎñÆ÷µÄĞÅÏ¢1£ºExten: 1101 time:0
½ÓÊÕ·şÎñÆ÷µÄĞÅÏ¢1£ºPriority: 1 time:0
½ÓÊÕ·şÎñÆ÷µÄĞÅÏ¢1£ºUniqueid: 1503601515.144 time:0
½ÓÊÕ·şÎñÆ÷µÄĞÅÏ¢1£ºLinkedid: 1503601515.143 time:0
½ÓÊÕ·şÎñÆ÷µÄĞÅÏ¢1£º time:0
½ÓÊÕ·şÎñÆ÷µÄĞÅÏ¢1£ºEvent: Newexten time:0
½ÓÊÕ·şÎñÆ÷µÄĞÅÏ¢1£ºPrivilege: call,all time:0
½ÓÊÕ·şÎñÆ÷µÄĞÅÏ¢1£ºChannel: Local/1101@DLPN_DialPlan1101-00000003;1 time:0
½ÓÊÕ·şÎñÆ÷µÄĞÅÏ¢1£ºChannelState: 0 time:0
½ÓÊÕ·şÎñÆ÷µÄĞÅÏ¢1£ºChannelStateDesc: Down time:0
½ÓÊÕ·şÎñÆ÷µÄĞÅÏ¢1£ºCallerIDNum: <unknown> time:0
½ÓÊÕ·şÎñÆ÷µÄĞÅÏ¢1£ºCallerIDName: <unknown> time:0
½ÓÊÕ·şÎñÆ÷µÄĞÅÏ¢1£ºConnectedLineNum: <unknown> time:0
½ÓÊÕ·şÎñÆ÷µÄĞÅÏ¢1£ºConnectedLineName: <unknown> time:0
½ÓÊÕ·şÎñÆ÷µÄĞÅÏ¢1£ºLanguage: en time:0
½ÓÊÕ·şÎñÆ÷µÄĞÅÏ¢1£ºAccountCode:  time:0
½ÓÊÕ·şÎñÆ÷µÄĞÅÏ¢1£ºContext: DLPN_DialPlan1101 time:0
½ÓÊÕ·şÎñÆ÷µÄĞÅÏ¢1£ºExten: 1101 time:0
½ÓÊÕ·şÎñÆ÷µÄĞÅÏ¢1£ºPriority: 1 time:0
½ÓÊÕ·şÎñÆ÷µÄĞÅÏ¢1£ºUniqueid: 1503601515.143 time:0
½ÓÊÕ·şÎñÆ÷µÄĞÅÏ¢1£ºLinkedid: 1503601515.143 time:0
½ÓÊÕ·şÎñÆ÷µÄĞÅÏ¢1£ºExtension: 1101 time:0
½ÓÊÕ·şÎñÆ÷µÄĞÅÏ¢1£ºApplication: AppDial2 time:0
½ÓÊÕ·şÎñÆ÷µÄĞÅÏ¢1£ºAppData: (Outgoing Line) time:0
½ÓÊÕ·şÎñÆ÷µÄĞÅÏ¢1£º time:0
½ÓÊÕ·şÎñÆ÷µÄĞÅÏ¢1£ºEvent: Newexten time:0
½ÓÊÕ·şÎñÆ÷µÄĞÅÏ¢1£ºPrivilege: call,all time:0
½ÓÊÕ·şÎñÆ÷µÄĞÅÏ¢1£ºChannel: PJSIP/1100-00000044 time:0
½ÓÊÕ·şÎñÆ÷µÄĞÅÏ¢1£ºChannelState: 4 time:0
½ÓÊÕ·şÎñÆ÷µÄĞÅÏ¢1£ºChannelStateDesc: Ring time:0
½ÓÊÕ·şÎñÆ÷µÄĞÅÏ¢1£ºCallerIDNum: 1100 time:0
½ÓÊÕ·şÎñÆ÷µÄĞÅÏ¢1£ºCallerIDName: 1100 time:0
½ÓÊÕ·şÎñÆ÷µÄĞÅÏ¢1£ºConnectedLineNum: <unknown> time:0
½ÓÊÕ·şÎñÆ÷µÄĞÅÏ¢1£ºConnectedLineName: <unknown> time:0
½ÓÊÕ·şÎñÆ÷µÄĞÅÏ¢1£ºLanguage: zh time:0
½ÓÊÕ·şÎñÆ÷µÄĞÅÏ¢1£ºAccountCode:  time:0
½ÓÊÕ·şÎñÆ÷µÄĞÅÏ¢1£ºContext: DLPN_DialPlan1100 time:0
½ÓÊÕ·şÎñÆ÷µÄĞÅÏ¢1£ºExten: 2001 time:0
½ÓÊÕ·şÎñÆ÷µÄĞÅÏ¢1£ºPriority: 2 time:0
½ÓÊÕ·şÎñÆ÷µÄĞÅÏ¢1£ºUniqueid: 1503601515.142 time:0
½ÓÊÕ·şÎñÆ÷µÄĞÅÏ¢1£ºLinkedid: 1503601515.142 time:0
½ÓÊÕ·şÎñÆ÷µÄĞÅÏ¢1£ºExtension: 2001 time:0
½ÓÊÕ·şÎñÆ÷µÄĞÅÏ¢1£ºApplication: Set time:0
½ÓÊÕ·şÎñÆ÷µÄĞÅÏ¢1£ºAppData: EVENTCONTEXT=extension=1100&emernumber=2001 time:0
½ÓÊÕ·şÎñÆ÷µÄĞÅÏ¢1£º time:0
½ÓÊÕ·şÎñÆ÷µÄĞÅÏ¢1£ºEvent: Newexten time:0
½ÓÊÕ·şÎñÆ÷µÄĞÅÏ¢1£ºPrivilege: call,all time:0
½ÓÊÕ·şÎñÆ÷µÄĞÅÏ¢1£ºChannel: PJSIP/1100-00000044 time:0
½ÓÊÕ·şÎñÆ÷µÄĞÅÏ¢1£ºChannelState: 4 time:0
½ÓÊÕ·şÎñÆ÷µÄĞÅÏ¢1£ºChannelStateDesc: Ring time:0
½ÓÊÕ·şÎñÆ÷µÄĞÅÏ¢1£ºCallerIDNum: 1100 time:0
½ÓÊÕ·şÎñÆ÷µÄĞÅÏ¢1£ºCallerIDName: 1100 time:0
½ÓÊÕ·şÎñÆ÷µÄĞÅÏ¢1£ºConnectedLineNum: <unknown> time:0
½ÓÊÕ·şÎñÆ÷µÄĞÅÏ¢1£ºConnectedLineName: <unknown> time:0
½ÓÊÕ·şÎñÆ÷µÄĞÅÏ¢1£ºLanguage: zh time:0
½ÓÊÕ·şÎñÆ÷µÄĞÅÏ¢1£ºAccountCode:  time:0
½ÓÊÕ·şÎñÆ÷µÄĞÅÏ¢1£ºContext: DLPN_DialPlan1100 time:0
½ÓÊÕ·şÎñÆ÷µÄĞÅÏ¢1£ºExten: 2001 time:0
½ÓÊÕ·şÎñÆ÷µÄĞÅÏ¢1£ºPriority: 3 time:0
½ÓÊÕ·şÎñÆ÷µÄĞÅÏ¢1£ºUniqueid: 1503601515.142 time:0
½ÓÊÕ·şÎñÆ÷µÄĞÅÏ¢1£ºLinkedid: 1503601515.142 time:0
½ÓÊÕ·şÎñÆ÷µÄĞÅÏ¢1£ºExtension: 2001 time:0
½ÓÊÕ·şÎñÆ÷µÄĞÅÏ¢1£ºApplication: AGI time:0
½ÓÊÕ·şÎñÆ÷µÄĞÅÏ¢1£ºAppData: /ysbin/eventadd,3018,extension=1100&emernumber=2001 time:0
½ÓÊÕ·şÎñÆ÷µÄĞÅÏ¢1£º time:0
½ÓÊÕ·şÎñÆ÷µÄĞÅÏ¢1£ºEvent: NewCallerid time:0
½ÓÊÕ·şÎñÆ÷µÄĞÅÏ¢1£ºPrivilege: call,all time:0
½ÓÊÕ·şÎñÆ÷µÄĞÅÏ¢1£ºChannel: Local/1101@DLPN_DialPlan1101-00000003;1 time:0
½ÓÊÕ·şÎñÆ÷µÄĞÅÏ¢1£ºChannelState: 0 time:0
½ÓÊÕ·şÎñÆ÷µÄĞÅÏ¢1£ºChannelStateDesc: Down time:0
½ÓÊÕ·şÎñÆ÷µÄĞÅÏ¢1£ºCallerIDNum: Emergency time:0
Server Find Keyword....
TcpSocket end...
find this 1101 IP:192.168.7.153
Answer Call  3  1101
gridExtensonStatus..+ return Ext.query('#'+Ext.query('#'+Ext.getCmp(Ext.getCmp('pbxmonitor').down('b-extenstatus').id).down('tableview').id + ' [data-recordindex]')[4].id + ' tr td div div')[0].getAttribute('data-qtip')
gridExtensonStatus..+ return Ext.query('#'+Ext.query('#'+Ext.getCmp(Ext.getCmp('pbxmonitor').down('b-extenstatus').id).down('tableview').id + ' [data-recordindex]')[4].id + ' tr td div div')[0].getAttribute('data-qtip')
gridExtensonStatus..+ return Ext.query('#'+Ext.query('#'+Ext.getCmp(Ext.getCmp('pbxmonitor').down('b-extenstatus').id).down('tableview').id + ' [data-recordindex]')[4].id + ' tr td div div')[0].getAttribute('data-qtip')
gridExtensonStatus..+ return Ext.query('#'+Ext.query('#'+Ext.getCmp(Ext.getCmp('pbxmonitor').down('b-extenstatus').id).down('tableview').id + ' [data-recordindex]')[4].id + ' tr td div div')[0].getAttribute('data-qtip')
gridExtensonStatus..+ return Ext.query('#'+Ext.query('#'+Ext.getCmp(Ext.getCmp('pbxmonitor').down('b-extenstatus').id).down('tableview').id + ' [data-recordindex]')[4].id + ' tr td div div')[0].getAttribute('data-qtip')
CallstateCallBack callid:2 accId:0 code:6
CallstateCallBack : username :1100
CallstateCallBack callid:4 accId:4 code:6
CallstateCallBack : username :2001
return Ext.query('#'+Ext.query('#'+Ext.getCmp('cdr-record').down('grid').down('tableview').id + ' [data-recordindex]')[1].id + ' tr td')[1].textContent
return Ext.query('#'+Ext.query('#'+Ext.getCmp('cdr-record').down('grid').down('tableview').id + ' [data-recordindex]')[1].id + ' tr td')[2].textContent
return Ext.query('#'+Ext.query('#'+Ext.getCmp('cdr-record').down('grid').down('tableview').id + ' [data-recordindex]')[1].id + ' tr td')[1].textContent
return Ext.query('#'+Ext.query('#'+Ext.getCmp('cdr-record').down('grid').down('tableview').id + ' [data-recordindex]')[1].id + ' tr td')[2].textContent
return Ext.query('#'+Ext.query('#'+Ext.getCmp('cdr-record').down('grid').down('tableview').id + ' [data-recordindex]')[1].id + ' tr td')[5].textContent
return Ext.query('#'+Ext.query('#'+Ext.getCmp('cdr-record').down('grid').down('tableview').id + ' [data-recordindex]')[1].id + ' tr td')[1].textContent
return Ext.query('#'+Ext.query('#'+Ext.getCmp('cdr-record').down('grid').down('tableview').id + ' [data-recordindex]')[2].id + ' tr td')[1].textContent
return Ext.query('#'+Ext.query('#'+Ext.getCmp('cdr-record').down('grid').down('tableview').id + ' [data-recordindex]')[2].id + ' tr td')[2].textContent
return Ext.query('#'+Ext.query('#'+Ext.getCmp('cdr-record').down('grid').down('tableview').id + ' [data-recordindex]')[2].id + ' tr td')[1].textContent
return Ext.query('#'+Ext.query('#'+Ext.getCmp('cdr-record').down('grid').down('tableview').id + ' [data-recordindex]')[2].id + ' tr td')[2].textContent
return Ext.query('#'+Ext.query('#'+Ext.getCmp('cdr-record').down('grid').down('tableview').id + ' [data-recordindex]')[2].id + ' tr td')[5].textContent
return Ext.query('#'+Ext.query('#'+Ext.getCmp('cdr-record').down('grid').down('tableview').id + ' [data-recordindex]')[3].id + ' tr td')[1].textContent
return Ext.query('#'+Ext.query('#'+Ext.getCmp('cdr-record').down('grid').down('tableview').id + ' [data-recordindex]')[3].id + ' tr td')[2].textContent
]]></system-out>
  </testcase>
  <testcase name="C_DeleteEmergencyNumber" classname="com.yeastar.swebtest.testcase.smokecase.pbxcase.EmergencyNumberTest" time="45.048"/>
  <testcase name="D_DeleteAllEmergencyNumber" classname="com.yeastar.swebtest.testcase.smokecase.pbxcase.EmergencyNumberTest" time="51.548"/>
  <testcase name="A_IVR" classname="com.yeastar.swebtest.testcase.smokecase.pbxcase.DeleteAll" time="12.356"/>
  <testcase name="B_IVR" classname="com.yeastar.swebtest.testcase.smokecase.pbxcase.DeleteAll" time="26.354"/>
  <testcase name="C_RingGroup" classname="com.yeastar.swebtest.testcase.smokecase.pbxcase.DeleteAll" time="8.956"/>
  <testcase name="D_RingGroup" classname="com.yeastar.swebtest.testcase.smokecase.pbxcase.DeleteAll" time="33.184"/>
  <testcase name="E_Queue" classname="com.yeastar.swebtest.testcase.smokecase.pbxcase.DeleteAll" time="9.129"/>
  <testcase name="F_Queue" classname="com.yeastar.swebtest.testcase.smokecase.pbxcase.DeleteAll" time="38.035"/>
  <testcase name="G_Conference" classname="com.yeastar.swebtest.testcase.smokecase.pbxcase.DeleteAll" time="8.981"/>
  <testcase name="H_Conferene" classname="com.yeastar.swebtest.testcase.smokecase.pbxcase.DeleteAll" time="16.873"/>
  <testcase name="I_PickupGroup" classname="com.yeastar.swebtest.testcase.smokecase.pbxcase.DeleteAll" time="8.89"/>
  <testcase name="J_PickupGroup" classname="com.yeastar.swebtest.testcase.smokecase.pbxcase.DeleteAll" time="38.17"/>
  <testcase name="K_PagingIntercom" classname="com.yeastar.swebtest.testcase.smokecase.pbxcase.DeleteAll" time="8.923"/>
  <testcase name="L_PagingIntercom" classname="com.yeastar.swebtest.testcase.smokecase.pbxcase.DeleteAll" time="20.73"/>
  <testcase name="M_CallBack" classname="com.yeastar.swebtest.testcase.smokecase.pbxcase.DeleteAll" time="9.44"/>
  <testcase name="N_CallBack" classname="com.yeastar.swebtest.testcase.smokecase.pbxcase.DeleteAll" time="31.599"/>
  <testcase name="O_Disa" classname="com.yeastar.swebtest.testcase.smokecase.pbxcase.DeleteAll" time="8.892"/>
  <testcase name="P_Disa" classname="com.yeastar.swebtest.testcase.smokecase.pbxcase.DeleteAll" time="43.056"/>
  <testcase name="R_PINList" classname="com.yeastar.swebtest.testcase.smokecase.pbxcase.DeleteAll" time="8.957"/>
  <testcase name="S_PINList" classname="com.yeastar.swebtest.testcase.smokecase.pbxcase.DeleteAll" time="23.411"/>
  <testcase name="T_OutboundRoutes" classname="com.yeastar.swebtest.testcase.smokecase.pbxcase.DeleteAll" time="11.015"/>
  <testcase name="U_OutboundRoutes" classname="com.yeastar.swebtest.testcase.smokecase.pbxcase.DeleteAll" time="29.027"/>
  <testcase name="V_InboundRoutes" classname="com.yeastar.swebtest.testcase.smokecase.pbxcase.DeleteAll" time="9.047"/>
  <testcase name="W_InboundRoutes" classname="com.yeastar.swebtest.testcase.smokecase.pbxcase.DeleteAll" time="48.664"/>
  <testcase name="A_DualSetting" classname="com.yeastar.swebtest.testcase.smokecase.syscase.Network" time="115.154"/>
  <testcase name="B_DualSetting" classname="com.yeastar.swebtest.testcase.smokecase.syscase.Network" time="23.735"/>
  <testcase name="B_SetService" classname="com.yeastar.swebtest.testcase.smokecase.syscase.Security" time="16.547"/>
  <testcase name="C_ConnectToSSH" classname="com.yeastar.swebtest.testcase.smokecase.syscase.Security" time="0.573"/>
  <testcase name="A_AddUserPermissionAdmin" classname="com.yeastar.swebtest.testcase.smokecase.syscase.UserPermission" time="21.524"/>
  <testcase name="B_CheckUserPermisson" classname="com.yeastar.swebtest.testcase.smokecase.syscase.UserPermission" time="3.661"/>
  <testcase name="C_AddUserPermissionCustom" classname="com.yeastar.swebtest.testcase.smokecase.syscase.UserPermission" time="37.179"/>
  <testcase name="D_CheckUserPerssion" classname="com.yeastar.swebtest.testcase.smokecase.syscase.UserPermission" time="5.711"/>
  <testcase name="E_Delete" classname="com.yeastar.swebtest.testcase.smokecase.syscase.UserPermission" time="11.106"/>
  <testcase name="F_CheckUserPerssion" classname="com.yeastar.swebtest.testcase.smokecase.syscase.UserPermission" time="3.244"/>
  <testcase name="G_DeleteAll" classname="com.yeastar.swebtest.testcase.smokecase.syscase.UserPermission" time="11.171"/>
  <testcase name="A_SetTimeZone" classname="com.yeastar.swebtest.testcase.smokecase.syscase.DateTime" time="27.687">
    <failure message="Element not found {By.id: login-username-inputEl}&#10;Expected: visible" type="com.codeborne.selenide.ex.ElementNotFound">com.codeborne.selenide.ex.ElementNotFound: Element not found {By.id: login-username-inputEl}
Expected: visible
	at sun.reflect.GeneratedConstructorAccessor26.newInstance(Unknown Source)
	at sun.reflect.DelegatingConstructorAccessorImpl.newInstance(DelegatingConstructorAccessorImpl.java:45)
	at java.lang.reflect.Constructor.newInstance(Constructor.java:423)
	at org.openqa.selenium.remote.ErrorHandler.createThrowable(ErrorHandler.java:206)
	at org.openqa.selenium.remote.ErrorHandler.throwIfResponseFailed(ErrorHandler.java:158)
	at org.openqa.selenium.remote.RemoteWebDriver.execute(RemoteWebDriver.java:678)
	at org.openqa.selenium.remote.RemoteWebDriver.findElement(RemoteWebDriver.java:363)
	at org.openqa.selenium.remote.RemoteWebDriver.findElementById(RemoteWebDriver.java:413)
	at org.openqa.selenium.By$ById.findElement(By.java:218)
	at org.openqa.selenium.remote.RemoteWebDriver.findElement(RemoteWebDriver.java:355)
	at com.codeborne.selenide.impl.WebElementSelector.findElement(WebElementSelector.java:28)
	at com.codeborne.selenide.impl.ElementFinder.getWebElement(ElementFinder.java:56)
	at com.codeborne.selenide.impl.WebElementSource.checkCondition(WebElementSource.java:44)
	at com.codeborne.selenide.impl.WebElementSource.findAndAssertElementIsVisible(WebElementSource.java:72)
	at com.codeborne.selenide.commands.SetValue.execute(SetValue.java:20)
	at com.codeborne.selenide.commands.SetValue.execute(SetValue.java:13)
	at com.codeborne.selenide.commands.Commands.execute(Commands.java:140)
	at com.codeborne.selenide.impl.SelenideElementProxy.dispatchAndRetry(SelenideElementProxy.java:86)
	at com.codeborne.selenide.impl.SelenideElementProxy.invoke(SelenideElementProxy.java:62)
	at com.sun.proxy.$Proxy5.setValue(Unknown Source)
	at com.yeastar.swebtest.driver.SwebDriver.login(SwebDriver.java:112)
	at com.yeastar.swebtest.driver.SwebDriver.login(SwebDriver.java:95)
	at com.yeastar.swebtest.testcase.smokecase.syscase.DateTime.A_SetTimeZone(DateTime.java:58)
</failure>
    <system-out><![CDATA[pjsip init 0
pjisp main 0
Ö´ĞĞ²Ù×÷:ÉèÖÃTime ZoneÎª8 China (Beijing)
true
]]></system-out>
    <system-err><![CDATA[°ËÔÂ 24, 2017 6:25:55 ÏÂÎç com.codeborne.selenide.impl.WebDriverThreadLocalContainer getAndCheckWebDriver
ĞÅÏ¢: Webdriver has been closed meanwhile. Let's re-create it.
°ËÔÂ 24, 2017 6:25:55 ÏÂÎç com.codeborne.selenide.impl.WebDriverThreadLocalContainer closeWebDriver
ĞÅÏ¢: Close webdriver: 1 -> ChromeDriver: chrome on XP (null)
°ËÔÂ 24, 2017 6:25:55 ÏÂÎç com.codeborne.selenide.impl.WebDriverThreadLocalContainer closeWebDriver
ĞÅÏ¢: Close proxy server: 1 -> null
°ËÔÂ 24, 2017 6:25:55 ÏÂÎç com.codeborne.selenide.impl.WebDriverThreadLocalContainer$CloseBrowser run
ĞÅÏ¢: Trying to close the browser ChromeDriver ...
Starting ChromeDriver 2.29.461591 (62ebf098771772160f391d75e589dc567915b233) on port 13048
Only local connections are allowed.
°ËÔÂ 24, 2017 6:25:58 ÏÂÎç com.codeborne.selenide.webdriver.WebDriverFactory createWebDriver
ĞÅÏ¢: BrowserName=chrome Version=57.0.2987.133 Platform=XP
°ËÔÂ 24, 2017 6:25:58 ÏÂÎç com.codeborne.selenide.webdriver.WebDriverFactory createWebDriver
ĞÅÏ¢: Selenide v. 4.4.2
°ËÔÂ 24, 2017 6:25:58 ÏÂÎç com.codeborne.selenide.webdriver.WebDriverFactory createWebDriver
ĞÅÏ¢: Selenium WebDriver v. 2.53.1 build time: 2016-06-30 19:26:09
°ËÔÂ 24, 2017 6:25:58 ÏÂÎç com.codeborne.selenide.impl.WebDriverThreadLocalContainer createDriver
ĞÅÏ¢: Create webdriver in current thread 1: ChromeDriver -> ChromeDriver: chrome on XP (b3444bb6d41f1022a267b91855636a51)
]]></system-err>
  </testcase>
  <testcase name="B_CallTest" classname="com.yeastar.swebtest.testcase.smokecase.syscase.DateTime" time="40.926">
    <failure message="CDRå‘¼å«æ—¶é—´æ£€æµ‹ ã€é¢„æœŸï¼š å®é™…ï¼š2017-08-24 10ã€‘" type="java.lang.AssertionError">java.lang.AssertionError: CDRå‘¼å«æ—¶é—´æ£€æµ‹ ã€é¢„æœŸï¼š å®é™…ï¼š2017-08-24 10ã€‘
	at com.yeastar.swebtest.tools.ysassert.YsAssert.fail(YsAssert.java:1086)
	at com.yeastar.swebtest.tools.ysassert.YsAssert.failNotEquals(YsAssert.java:579)
	at com.yeastar.swebtest.tools.ysassert.YsAssert.assertEqualsImpl(YsAssert.java:142)
	at com.yeastar.swebtest.tools.ysassert.YsAssert.assertEquals(YsAssert.java:116)
	at com.yeastar.swebtest.tools.ysassert.YsAssert.assertEquals(YsAssert.java:199)
	at com.yeastar.swebtest.driver.YSMethod.YS_Extension.checkCDR(YS_Extension.java:302)
	at com.yeastar.swebtest.testcase.smokecase.syscase.DateTime.B_CallTest(DateTime.java:82)
</failure>
    <system-out><![CDATA[Ö´ĞĞ²Ù×÷:·Ö»úA´ò¸ø·Ö»úB£¬Í¨»°10s
find this 1100 IP:
sip::::::.......sip:1100@192.168.7.153:5060.......0
gridExtensonStatus..+ return Ext.query('#'+Ext.query('#'+Ext.getCmp(Ext.getCmp('pbxmonitor').down('b-extenstatus').id).down('tableview').id + ' [data-recordindex]')[3].id + ' tr td div div')[0].getAttribute('data-qtip')
find this 1101 IP:
sip::::::.......sip:1101@192.168.7.153:5060.......1
gridExtensonStatus..+ return Ext.query('#'+Ext.query('#'+Ext.getCmp(Ext.getCmp('pbxmonitor').down('b-extenstatus').id).down('tableview').id + ' [data-recordindex]')[4].id + ' tr td div div')[0].getAttribute('data-qtip')
gridExtensonStatus..+ return Ext.query('#'+Ext.query('#'+Ext.getCmp(Ext.getCmp('pbxmonitor').down('b-extenstatus').id).down('tableview').id + ' [data-recordindex]')[4].id + ' tr td div div')[0].getAttribute('data-qtip')
gridExtensonStatus..+ return Ext.query('#'+Ext.query('#'+Ext.getCmp(Ext.getCmp('pbxmonitor').down('b-extenstatus').id).down('tableview').id + ' [data-recordindex]')[4].id + ' tr td div div')[0].getAttribute('data-qtip')
find this 1100 IP:192.168.7.153
find this 1101 IP:192.168.7.153
uri/./..........sip:1101@192.168.7.153  0
CallstateCallBack callid:0 accId:0 code:1
CallstateCallBack : username :1100
incomingcallback"1100" <sip:1100@192.168.7.153>callid:1accid:1accounts.size()£º2
bbbbbbbbbbbbbbbbbbbbbbbb+1101 0
CallstateCallBack callid:1 accId:1 code:4
CallstateCallBack : username :1101
CallstateCallBack callid:1 accId:1 code:5
CallstateCallBack : username :1101
CallstateCallBack callid:0 accId:0 code:4
CallstateCallBack : username :1100
CallstateCallBack callid:0 accId:0 code:5
CallstateCallBack : username :1100
gridExtensonStatus..+ return Ext.query('#'+Ext.query('#'+Ext.getCmp(Ext.getCmp('pbxmonitor').down('b-extenstatus').id).down('tableview').id + ' [data-recordindex]')[3].id + ' tr td div div')[0].getAttribute('data-qtip')
gridExtensonStatus..+ return Ext.query('#'+Ext.query('#'+Ext.getCmp(Ext.getCmp('pbxmonitor').down('b-extenstatus').id).down('tableview').id + ' [data-recordindex]')[3].id + ' tr td div div')[0].getAttribute('data-qtip')
gridExtensonStatus..+ return Ext.query('#'+Ext.query('#'+Ext.getCmp(Ext.getCmp('pbxmonitor').down('b-extenstatus').id).down('tableview').id + ' [data-recordindex]')[3].id + ' tr td div div')[0].getAttribute('data-qtip')
gridExtensonStatus..+ return Ext.query('#'+Ext.query('#'+Ext.getCmp(Ext.getCmp('pbxmonitor').down('b-extenstatus').id).down('tableview').id + ' [data-recordindex]')[4].id + ' tr td div div')[0].getAttribute('data-qtip')
CallstateCallBack callid:0 accId:0 code:6
CallstateCallBack : username :1100
CallstateCallBack callid:1 accId:1 code:6
CallstateCallBack : username :1101
return Ext.query('#'+Ext.query('#'+Ext.getCmp('cdr-record').down('grid').down('tableview').id + ' [data-recordindex]')[1].id + ' tr td')[0].textContent
]]></system-out>
  </testcase>
  <testcase name="A_AddContact" classname="com.yeastar.swebtest.testcase.smokecase.syscase.EventCenter" time="18.532"/>
  <testcase name="B_EventSettings" classname="com.yeastar.swebtest.testcase.smokecase.syscase.EventCenter" time="6.308"/>
  <testcase name="C_Answer" classname="com.yeastar.swebtest.testcase.smokecase.syscase.EventCenter" time="24.655"/>
  <testcase name="D_CheckEventLog" classname="com.yeastar.swebtest.testcase.smokecase.syscase.EventCenter" time="11.799"/>
  <testcase name="E_DeleteNotification" classname="com.yeastar.swebtest.testcase.smokecase.syscase.EventCenter" time="8.24"/>
  <testcase name="F_CheckLog" classname="com.yeastar.swebtest.testcase.smokecase.syscase.EventCenter" time="22.916"/>
  <testcase name="G_CheckLog" classname="com.yeastar.swebtest.testcase.smokecase.syscase.EventCenter" time="11.85"/>
  <testcase name="A_BackupRestore" classname="com.yeastar.swebtest.testcase.smokecase.syscase.Maintain" time="13.676"/>
  <testcase name="B_DownloadBackUptar" classname="com.yeastar.swebtest.testcase.smokecase.syscase.Maintain" time="6.231"/>
  <testcase name="E_DeleteBackUp" classname="com.yeastar.swebtest.testcase.smokecase.syscase.Maintain" time="17.317"/>
  <testcase name="F_UploadBackUp" classname="com.yeastar.swebtest.testcase.smokecase.syscase.Maintain" time="0.001"/>
  <testcase name="H_BackupSchedule" classname="com.yeastar.swebtest.testcase.smokecase.syscase.Maintain" time="7.629"/>
  <testcase name="L_DeleteSystemLog" classname="com.yeastar.swebtest.testcase.smokecase.syscase.Maintain" time="10.638"/>
  <testcase name="M_DownloadSystemLog" classname="com.yeastar.swebtest.testcase.smokecase.syscase.Maintain" time="6.174"/>
  <testcase name="N_DeleteAllSystemLog" classname="com.yeastar.swebtest.testcase.smokecase.syscase.Maintain" time="15.087"/>
  <testcase name="O_OperateLog" classname="com.yeastar.swebtest.testcase.smokecase.syscase.Maintain" time="30.057">
    <failure type="java.lang.NullPointerException:">java.lang.NullPointerException: null
	at javax.imageio.ImageIO.write(ImageIO.java:1538)
	at com.yeastar.swebtest.tools.ScreenShot.screenShotAsFile(ScreenShot.java:48)
	at com.yeastar.swebtest.tools.ScreenShot.takeScreenshotByAll(ScreenShot.java:38)
	at com.yeastar.swebtest.tools.ysassert.YsAssert.fail(YsAssert.java:1083)
	at com.yeastar.swebtest.tools.ysassert.YsAssert.failNotEquals(YsAssert.java:579)
	at com.yeastar.swebtest.tools.ysassert.YsAssert.assertEqualsImpl(YsAssert.java:142)
	at com.yeastar.swebtest.tools.ysassert.YsAssert.assertEquals(YsAssert.java:116)
	at com.yeastar.swebtest.tools.ysassert.YsAssert.assertEquals(YsAssert.java:199)
	at com.yeastar.swebtest.tools.ysassert.YsAssert.assertEquals(YsAssert.java:210)
	at com.yeastar.swebtest.testcase.smokecase.syscase.Maintain.O_OperateLog(Maintain.java:194)
</failure>
    <system-out><![CDATA[Ö´ĞĞ²Ù×÷:Ìí¼ÓÒ»¸ö·Ö»ú£¬¼ì²â²Ù×÷ÈÕÖ¾
return Ext.query('#'+Ext.query('#'+Ext.getCmp('maintance').down('operationlog').down('tableview').id + ' [data-recordindex]')[1].id + ' tr td')[1].textContent
return Ext.query('#'+Ext.query('#'+Ext.getCmp('maintance').down('operationlog').down('tableview').id + ' [data-recordindex]')[1].id + ' tr td')[3].textContent
return Ext.query('#'+Ext.query('#'+Ext.getCmp('maintance').down('operationlog').down('tableview').id + ' [data-recordindex]')[1].id + ' tr td')[4].textContent
user admin operation System Log: Download detials 
]]></system-out>
    <system-err><![CDATA[java.io.FileNotFoundException: F:\pic\¡¾Ô¤ÆÚ£ºExtensions: Add Êµ¼Ê£ºSystem Log: Download¡¿.jpg (ÎÄ¼şÃû¡¢Ä¿Â¼Ãû»ò¾í±êÓï·¨²»ÕıÈ·¡£)
	at java.io.RandomAccessFile.open0(Native Method)
	at java.io.RandomAccessFile.open(RandomAccessFile.java:316)
	at java.io.RandomAccessFile.<init>(RandomAccessFile.java:243)
	at javax.imageio.stream.FileImageOutputStream.<init>(FileImageOutputStream.java:69)
	at com.sun.imageio.spi.FileImageOutputStreamSpi.createOutputStreamInstance(FileImageOutputStreamSpi.java:55)
	at javax.imageio.ImageIO.createImageOutputStream(ImageIO.java:419)
	at javax.imageio.ImageIO.write(ImageIO.java:1530)
	at com.yeastar.swebtest.tools.ScreenShot.screenShotAsFile(ScreenShot.java:48)
	at com.yeastar.swebtest.tools.ScreenShot.takeScreenshotByAll(ScreenShot.java:38)
	at com.yeastar.swebtest.tools.ysassert.YsAssert.fail(YsAssert.java:1083)
	at com.yeastar.swebtest.tools.ysassert.YsAssert.failNotEquals(YsAssert.java:579)
	at com.yeastar.swebtest.tools.ysassert.YsAssert.assertEqualsImpl(YsAssert.java:142)
	at com.yeastar.swebtest.tools.ysassert.YsAssert.assertEquals(YsAssert.java:116)
	at com.yeastar.swebtest.tools.ysassert.YsAssert.assertEquals(YsAssert.java:199)
	at com.yeastar.swebtest.tools.ysassert.YsAssert.assertEquals(YsAssert.java:210)
	at com.yeastar.swebtest.testcase.smokecase.syscase.Maintain.O_OperateLog(Maintain.java:194)
	at sun.reflect.NativeMethodAccessorImpl.invoke0(Native Method)
	at sun.reflect.NativeMethodAccessorImpl.invoke(NativeMethodAccessorImpl.java:62)
	at sun.reflect.DelegatingMethodAccessorImpl.invoke(DelegatingMethodAccessorImpl.java:43)
	at java.lang.reflect.Method.invoke(Method.java:498)
	at org.testng.internal.MethodInvocationHelper.invokeMethod(MethodInvocationHelper.java:85)
	at org.testng.internal.Invoker.invokeMethod(Invoker.java:639)
	at org.testng.internal.Invoker.invokeTestMethod(Invoker.java:816)
	at org.testng.internal.Invoker.invokeTestMethods(Invoker.java:1124)
	at org.testng.internal.TestMethodWorker.invokeTestMethods(TestMethodWorker.java:125)
	at org.testng.internal.TestMethodWorker.run(TestMethodWorker.java:108)
	at org.testng.TestRunner.privateRun(TestRunner.java:774)
	at org.testng.TestRunner.run(TestRunner.java:624)
	at org.testng.SuiteRunner.runTest(SuiteRunner.java:359)
	at org.testng.SuiteRunner.runSequentially(SuiteRunner.java:354)
	at org.testng.SuiteRunner.privateRun(SuiteRunner.java:312)
	at org.testng.SuiteRunner.run(SuiteRunner.java:261)
	at org.testng.SuiteRunnerWorker.runSuite(SuiteRunnerWorker.java:52)
	at org.testng.SuiteRunnerWorker.run(SuiteRunnerWorker.java:86)
	at org.testng.TestNG.runSuitesSequentially(TestNG.java:1215)
	at org.testng.TestNG.runSuitesLocally(TestNG.java:1140)
	at org.testng.TestNG.run(TestNG.java:1048)
	at org.apache.maven.surefire.testng.TestNGExecutor.run(TestNGExecutor.java:293)
	at org.apache.maven.surefire.testng.TestNGXmlTestSuite.execute(TestNGXmlTestSuite.java:84)
	at org.apache.maven.surefire.testng.TestNGProvider.invoke(TestNGProvider.java:91)
	at org.apache.maven.surefire.booter.ForkedBooter.invokeProviderInSameClassLoader(ForkedBooter.java:200)
	at org.apache.maven.surefire.booter.ForkedBooter.runSuitesInProcess(ForkedBooter.java:153)
	at org.apache.maven.surefire.booter.ForkedBooter.main(ForkedBooter.java:103)
]]></system-err>
  </testcase>
</testsuite>