<?xml version="1.0" encoding="UTF-8"?>
<testng-results skipped="0" failed="24" total="115" passed="91">
  <reporter-output>
    <line>
      <![CDATA[【测试类场景初始化】开始执行：前置环境设置—BeforeTest]]>
    </line>
    <line>
      <![CDATA[  【执行操作】 删除所有分机]]>
    </line>
    <line>
      <![CDATA[    Pass:  删除所有分机]]>
    </line>
    <line>
      <![CDATA[  【执行操作】 添加分机1000]]>
    </line>
    <line>
      <![CDATA[  【执行操作】 批量创建分机1100~1105]]>
    </line>
    <line>
      <![CDATA[    Pass: 批量创建分机]]>
    </line>
    <line>
      <![CDATA[  【执行操作】 删除所有分机组]]>
    </line>
    <line>
      <![CDATA[    Pass:  删除所有分机组]]>
    </line>
    <line>
      <![CDATA[  【执行操作】 添加分机组：ExtensionGroup1:1000,1100,1101,1105]]>
    </line>
    <line>
      <![CDATA[  【执行操作】 编辑分机1103的名字为xlq]]>
    </line>
    <line>
      <![CDATA[  【执行操作】 编辑分机1104的名字为xll]]>
    </line>
    <line>
      <![CDATA[  【执行操作】 删除所有VoIP外线]]>
    </line>
    <line>
      <![CDATA[  【执行操作】 添加sip外线SIP1]]>
    </line>
    <line>
      <![CDATA[    <a href="file:///E:\SwebTest\pic\SIP1注册失败.jpg" target="_blank">Error: SIP1注册失败</a>]]>
    </line>
    <line>
      <![CDATA[  【执行操作】 添加iax外线IAX1]]>
    </line>
    <line>
      <![CDATA[    <a href="file:///E:\SwebTest\pic\IAX1注册失败.jpg" target="_blank">Error: IAX1注册失败</a>]]>
    </line>
    <line>
      <![CDATA[  【执行操作】 添加sps外线SPS1]]>
    </line>
    <line>
      <![CDATA[    <a href="file:///E:\SwebTest\pic\SPS1注册失败.jpg" target="_blank">Error: SPS1注册失败</a>]]>
    </line>
    <line>
      <![CDATA[  【执行操作】 添加spx外线SPX1]]>
    </line>
    <line>
      <![CDATA[    <a href="file:///E:\SwebTest\pic\SPX1注册失败.jpg" target="_blank">Error: SPX1注册失败</a>]]>
    </line>
    <line>
      <![CDATA[  【执行操作】 删除所有呼入路由]]>
    </line>
    <line>
      <![CDATA[    Pass:  删除所有呼入路由]]>
    </line>
    <line>
      <![CDATA[  【执行操作】 添加呼入路由InRoute1]]>
    </line>
    <line>
      <![CDATA[  【执行操作】 删除所有呼出路由]]>
    </line>
    <line>
      <![CDATA[    Pass:  删除所有呼出路由]]>
    </line>
    <line>
      <![CDATA[  【执行操作】 添加sip的呼出路由OutRoute1_sip]]>
    </line>
    <line>
      <![CDATA[  【执行操作】 添加iax的呼出路由OutRoute2_iax]]>
    </line>
    <line>
      <![CDATA[  【执行操作】 添加sps的呼出路由OutRoute3_sps]]>
    </line>
    <line>
      <![CDATA[  【执行操作】 添加spx的呼出路由OutRoute4_spx]]>
    </line>
    <line>
      <![CDATA[  【执行操作】 添加fxo的呼出路由OutRoute5_fxo]]>
    </line>
    <line>
      <![CDATA[  【执行操作】 添加bri的呼出路由OutRoute6_bri]]>
    </line>
    <line>
      <![CDATA[  【执行操作】 添加E1的呼出路由OutRoute7_e1]]>
    </line>
    <line>
      <![CDATA[  【执行操作】 添加GSM的呼出路由OutRoute8_gsm]]>
    </line>
    <line>
      <![CDATA[  【执行操作】 删除所有IVR]]>
    </line>
    <line>
      <![CDATA[    Pass:  删除所有IVR]]>
    </line>
    <line>
      <![CDATA[  【执行操作】 添加IVR1：6500,按1到分机1000]]>
    </line>
    <line>
      <![CDATA[  【执行操作】 编辑IVR1:按1到分机1000]]>
    </line>
    <line>
      <![CDATA[  【执行操作】 删除所有RingGroup]]>
    </line>
    <line>
      <![CDATA[    Pass:  删除所有RingGroup]]>
    </line>
    <line>
      <![CDATA[  【执行操作】 添加RingGroup1：6200，选择分机1000,1100,1105，其它默认]]>
    </line>
    <line>
      <![CDATA[  【执行操作】 删除所有Queue]]>
    </line>
    <line>
      <![CDATA[    Pass:  删除所有Queue]]>
    </line>
    <line>
      <![CDATA[  【执行操作】 添加Queue1：6700，选择分机1000、1100、1105，其它默认 ]]>
    </line>
    <line>
      <![CDATA[  【执行操作】 删除所有Conference]]>
    </line>
    <line>
      <![CDATA[    Pass:  删除所有Conference]]>
    </line>
    <line>
      <![CDATA[  【执行操作】 添加Conference1:6400]]>
    </line>
    <line>
      <![CDATA[  【执行操作】 设置录音存储在：TF/SD]]>
    </line>
    <line>
      <![CDATA[  【执行操作】 选择全部外线、分机、会议室进行录音]]>
    </line>
    <line>
      <![CDATA[【测试类场景恢复】执行完毕：前置环境设置—BeforeTest]]>
    </line>
    <line>
      <![CDATA[【测试类场景初始化】开始执行：时间条件—TimeCondition]]>
    </line>
    <line>
      <![CDATA[  【执行操作】 删除所有时间条件]]>
    </line>
    <line>
      <![CDATA[  【执行操作】删除所有时间条件]]>
    </line>
    <line>
      <![CDATA[    Pass: 删除所有时间条件]]>
    </line>
    <line>
      <![CDATA[  【执行操作】 添加时间条件workday_24hour:每天24小时都是工作时间]]>
    </line>
    <line>
      <![CDATA[    Pass: 添加TimeConditions]]>
    </line>
    <line>
      <![CDATA[  【执行操作】 添加时间条件workday_test：每天05:05~22:39]]>
    </line>
    <line>
      <![CDATA[    Pass: 添加TimeConditions]]>
    </line>
    <line>
      <![CDATA[  【执行操作】 添加时间条件Outbound：00:00-00:01,周日]]>
    </line>
    <line>
      <![CDATA[    Pass: 添加TimeConditions]]>
    </line>
    <line>
      <![CDATA[  【执行操作】 添加时间条件workday_Advanced:周日/二/四，12:30~18:45]]>
    </line>
    <line>
      <![CDATA[    Pass: 添加TimeConditions]]>
    </line>
    <line>
      <![CDATA[  【执行操作】 编辑workday_Advanced，启用高级设置，1/6/12月的1/10/20/31号]]>
    </line>
    <line>
      <![CDATA[    Pass: 月份编辑]]>
    </line>
    <line>
      <![CDATA[    Pass: 日期编辑]]>
    </line>
    <line>
      <![CDATA[  【执行操作】 添加时间条件CheckAll]]>
    </line>
    <line>
      <![CDATA[    Pass: 添加TimeConditions]]>
    </line>
    <line>
      <![CDATA[  【执行操作】 编辑CheckAl，启用高级设置，Month:All，Day:All]]>
    </line>
    <line>
      <![CDATA[    Pass: Week编辑页面显示检查]]>
    </line>
    <line>
      <![CDATA[    Pass: Month编辑页面显示检查]]>
    </line>
    <line>
      <![CDATA[    Pass: Day编辑页面显示检查]]>
    </line>
    <line>
      <![CDATA[  【执行操作】 表格删除：workday_Advanced，取消删除]]>
    </line>
    <line>
      <![CDATA[    Pass: 表格删除：workday_Advanced，取消删除]]>
    </line>
    <line>
      <![CDATA[  【执行操作】 表格删除：workday_Advanced，确定删除]]>
    </line>
    <line>
      <![CDATA[    Pass: 表格删除：workday_Advanced，确定删除]]>
    </line>
    <line>
      <![CDATA[  【执行操作】 删除：workday_test，取消删除]]>
    </line>
    <line>
      <![CDATA[    Pass: 删除：workday_test，取消删除]]>
    </line>
    <line>
      <![CDATA[  【执行操作】 删除：workday_test，确定删除]]>
    </line>
    <line>
      <![CDATA[    Pass: 表格删除：workday_Advanced，确定删除]]>
    </line>
    <line>
      <![CDATA[【测试类场景恢复】执行完毕：时间条件—TimeCondition]]>
    </line>
    <line>
      <![CDATA[【测试类场景初始化】开始执行：时间条件—Holiday]]>
    </line>
    <line>
      <![CDATA[  【执行操作】 删除所有Holiday]]>
    </line>
    <line>
      <![CDATA[  【执行操作】删除所有Holiday]]>
    </line>
    <line>
      <![CDATA[    Pass: 删除所有Holiday]]>
    </line>
    <line>
      <![CDATA[  【执行操作】 新建HolidayByDay：2017-10-01~2025-12-31]]>
    </line>
    <line>
      <![CDATA[    Pass: 添加Holiday]]>
    </line>
    <line>
      <![CDATA[  【执行操作】 新建HolidayByMonth：1月1号-12月31号]]>
    </line>
    <line>
      <![CDATA[    Pass: 添加Holiday]]>
    </line>
    <line>
      <![CDATA[  【执行操作】 新建HolidayByWeek：5月第3个周四]]>
    </line>
    <line>
      <![CDATA[    Pass: 添加Holiday]]>
    </line>
    <line>
      <![CDATA[  【执行操作】 新建HolidayByWeek2：12月最后1个周日]]>
    </line>
    <line>
      <![CDATA[    Pass: 添加Holiday]]>
    </line>
    <line>
      <![CDATA[  【执行操作】 编辑HolidayByWeek：8月第4个周六]]>
    </line>
    <line>
      <![CDATA[    Pass: 编辑Holiday]]>
    </line>
    <line>
      <![CDATA[  【执行操作】 表格删除：HolidayByWeek-取消删除]]>
    </line>
    <line>
      <![CDATA[    Pass: 表格删除：HolidayByWeek-取消删除]]>
    </line>
    <line>
      <![CDATA[  【执行操作】 表格删除：HolidayByWeek-确定删除]]>
    </line>
    <line>
      <![CDATA[    Pass: 表格删除：HolidayByWeek-确定删除]]>
    </line>
    <line>
      <![CDATA[  【执行操作】 删除：HolidayByWeek2-取消删除]]>
    </line>
    <line>
      <![CDATA[    Pass: 删除：HolidayByWeek2-取消删除]]>
    </line>
    <line>
      <![CDATA[  【执行操作】 删除：HolidayByWeek2-确定删除]]>
    </line>
    <line>
      <![CDATA[    Pass: 删除：HolidayByWeek2-确定删除]]>
    </line>
    <line>
      <![CDATA[【测试类场景恢复】执行完毕：时间条件-Holiday]]>
    </line>
    <line>
      <![CDATA[【测试类场景初始化】开始执行：Inbound]]>
    </line>
    <line>
      <![CDATA[    Pass: 1000分机注册]]>
    </line>
    <line>
      <![CDATA[    Pass: 1101分机注册]]>
    </line>
    <line>
      <![CDATA[    Pass: 1105分机注册]]>
    </line>
    <line>
      <![CDATA[  【执行操作】 3001拨打3000通过sip外线呼入到分机1000]]>
    </line>
    <line>
      <![CDATA[    Pass: CDR呼叫方检测]]>
    </line>
    <line>
      <![CDATA[    Pass: CDR被叫方检测]]>
    </line>
    <line>
      <![CDATA[    Pass: CDR_Status检测]]>
    </line>
    <line>
      <![CDATA[    Pass: CDR源中继检测]]>
    </line>
    <line>
      <![CDATA[    Pass: CDR目的中继检测]]>
    </line>
    <line>
      <![CDATA[    Pass: CDR通讯类型检测]]>
    </line>
    <line>
      <![CDATA[  【执行操作】 3001拨打3100通过iax外线呼入到分机1000]]>
    </line>
    <line>
      <![CDATA[    Pass: CDR呼叫方检测]]>
    </line>
    <line>
      <![CDATA[    Pass: CDR被叫方检测]]>
    </line>
    <line>
      <![CDATA[    Pass: CDR_Status检测]]>
    </line>
    <line>
      <![CDATA[    Pass: CDR源中继检测]]>
    </line>
    <line>
      <![CDATA[    Pass: CDR目的中继检测]]>
    </line>
    <line>
      <![CDATA[    Pass: CDR通讯类型检测]]>
    </line>
    <line>
      <![CDATA[  【执行操作】 2001拨打99999通过sps外线呼入到分机1000]]>
    </line>
    <line>
      <![CDATA[    Pass: CDR呼叫方检测]]>
    </line>
    <line>
      <![CDATA[    Pass: CDR被叫方检测]]>
    </line>
    <line>
      <![CDATA[    Pass: CDR_Status检测]]>
    </line>
    <line>
      <![CDATA[    Pass: CDR源中继检测]]>
    </line>
    <line>
      <![CDATA[    Pass: CDR目的中继检测]]>
    </line>
    <line>
      <![CDATA[    Pass: CDR通讯类型检测]]>
    </line>
    <line>
      <![CDATA[  【执行操作】 2001拨打88888通过spx外线呼入到分机1000]]>
    </line>
    <line>
      <![CDATA[    Pass: CDR呼叫方检测]]>
    </line>
    <line>
      <![CDATA[    Pass: CDR被叫方检测]]>
    </line>
    <line>
      <![CDATA[    Pass: CDR_Status检测]]>
    </line>
    <line>
      <![CDATA[    Pass: CDR源中继检测]]>
    </line>
    <line>
      <![CDATA[    Pass: CDR目的中继检测]]>
    </line>
    <line>
      <![CDATA[    Pass: CDR通讯类型检测]]>
    </line>
    <line>
      <![CDATA[  【执行操作】 2001拨打2010通过fxo外线呼入到分机1000]]>
    </line>
    <line>
      <![CDATA[    Pass: CDR呼叫方检测]]>
    </line>
    <line>
      <![CDATA[    Pass: CDR被叫方检测]]>
    </line>
    <line>
      <![CDATA[    Pass: CDR_Status检测]]>
    </line>
    <line>
      <![CDATA[    Pass: CDR源中继检测]]>
    </line>
    <line>
      <![CDATA[    <a href="file:///E:\SwebTest\pic\CDR目的中继检测 【预期：? 实际：FXO2-3】.jpg" target="_blank">Error: CDR目的中继检测 【预期：? 实际：FXO2-3】</a>]]>
    </line>
    <line>
      <![CDATA[  【执行操作】 2001拨打66666通过bri外线呼入到分机1000]]>
    </line>
    <line>
      <![CDATA[    Pass: CDR呼叫方检测]]>
    </line>
    <line>
      <![CDATA[    Pass: CDR被叫方检测]]>
    </line>
    <line>
      <![CDATA[    Pass: CDR_Status检测]]>
    </line>
    <line>
      <![CDATA[    Pass: CDR源中继检测]]>
    </line>
    <line>
      <![CDATA[    <a href="file:///E:\SwebTest\pic\CDR目的中继检测 【预期：? 实际：BRI2-1】.jpg" target="_blank">Error: CDR目的中继检测 【预期：? 实际：BRI2-1】</a>]]>
    </line>
    <line>
      <![CDATA[  【执行操作】 2001拨打77777通过E1外线呼入到分机1000]]>
    </line>
    <line>
      <![CDATA[    Pass: CDR呼叫方检测]]>
    </line>
    <line>
      <![CDATA[    Pass: CDR被叫方检测]]>
    </line>
    <line>
      <![CDATA[    Pass: CDR_Status检测]]>
    </line>
    <line>
      <![CDATA[    Pass: CDR源中继检测]]>
    </line>
    <line>
      <![CDATA[    <a href="file:///E:\SwebTest\pic\CDR目的中继检测 【预期：? 实际：DIGIT1】.jpg" target="_blank">Error: CDR目的中继检测 【预期：? 实际：DIGIT1】</a>]]>
    </line>
    <line>
      <![CDATA[  【执行操作】 2001拨打被测设备的gsm号码呼入到分机1000]]>
    </line>
    <line>
      <![CDATA[    <a href="file:///E:\SwebTest\pic\CDR呼叫方检测 【预期：18506938857 实际：18506938857 [18506938857]】.jpg" target="_blank">Error: CDR呼叫方检测 【预期：18506938857 实际：18506938857 [18506938857]】</a>]]>
    </line>
    <line>
      <![CDATA[  【执行操作】 新建呼入路由DIDtest，DID Pattern：5503301-5503305，选择SPS外线，Extension Range：1101-1105]]>
    </line>
    <line>
      <![CDATA[  【执行操作】 2001拨打995503301通过sps外线呼入到分机1101]]>
    </line>
    <line>
      <![CDATA[    Pass: CDR呼叫方检测]]>
    </line>
    <line>
      <![CDATA[    Pass: CDR被叫方检测]]>
    </line>
    <line>
      <![CDATA[    Pass: CDR_Status检测]]>
    </line>
    <line>
      <![CDATA[    Pass: CDR源中继检测]]>
    </line>
    <line>
      <![CDATA[    Pass: CDR目的中继检测]]>
    </line>
    <line>
      <![CDATA[    Pass: CDR通讯类型检测]]>
    </line>
    <line>
      <![CDATA[  【执行操作】 2001拨打995503305通过sps外线呼入到分机1105]]>
    </line>
    <line>
      <![CDATA[    Pass: CDR呼叫方检测]]>
    </line>
    <line>
      <![CDATA[    Pass: CDR被叫方检测]]>
    </line>
    <line>
      <![CDATA[    Pass: CDR_Status检测]]>
    </line>
    <line>
      <![CDATA[    Pass: CDR源中继检测]]>
    </line>
    <line>
      <![CDATA[    Pass: CDR目的中继检测]]>
    </line>
    <line>
      <![CDATA[    Pass: CDR通讯类型检测]]>
    </line>
    <line>
      <![CDATA[  【执行操作】 编辑呼入路由InRoute1，Caller ID：2002]]>
    </line>
    <line>
      <![CDATA[  【执行操作】 2002拨打99999通过sps外线呼入到分机1000]]>
    </line>
    <line>
      <![CDATA[    <a href="file:///E:\SwebTest\pic\CDR呼叫方检测 【预期：2002 [2002] 实际：2001 [2001]】.jpg" target="_blank">Error: CDR呼叫方检测 【预期：2002 [2002] 实际：2001 [2001]】</a>]]>
    </line>
    <line>
      <![CDATA[  【执行操作】 设置分机1000具有拨打时间特征码的权限]]>
    </line>
    <line>
      <![CDATA[  【执行操作】 编辑InRoute1,启用时间条件，workday_24hour到分机1101]]>
    </line>
    <line>
      <![CDATA[  【执行操作】 3001拨打3000通过sip外线呼入1101]]>
    </line>
    <line>
      <![CDATA[    Pass: CDR呼叫方检测]]>
    </line>
    <line>
      <![CDATA[    Pass: CDR被叫方检测]]>
    </line>
    <line>
      <![CDATA[    Pass: CDR_Status检测]]>
    </line>
    <line>
      <![CDATA[    Pass: CDR源中继检测]]>
    </line>
    <line>
      <![CDATA[    Pass: CDR目的中继检测]]>
    </line>
    <line>
      <![CDATA[    Pass: CDR通讯类型检测]]>
    </line>
    <line>
      <![CDATA[  【执行操作】 编辑InRoute1，添加[Holiday]到会议室Conference1]]>
    </line>
    <line>
      <![CDATA[  【执行操作】 3001拨打3000通过sip外线呼入到会议室6400]]>
    </line>
    <line>
      <![CDATA[    <a href="file:///E:\SwebTest\pic\CDR呼叫方检测 【预期：3001 [3001] 实际：Unknown】.jpg" target="_blank">Error: CDR呼叫方检测 【预期：3001 [3001] 实际：Unknown】</a>]]>
    </line>
    <line>
      <![CDATA[  【执行操作】 分机1000拨打特征码*801强制启用工作时间]]>
    </line>
    <line>
      <![CDATA[  【执行操作】 建立通话验证特征码启用生效：3001拨打3000通过sip外线呼入，预期呼入到1101]]>
    </line>
    <line>
      <![CDATA[    Pass: CDR呼叫方检测]]>
    </line>
    <line>
      <![CDATA[    Pass: CDR被叫方检测]]>
    </line>
    <line>
      <![CDATA[    Pass: CDR_Status检测]]>
    </line>
    <line>
      <![CDATA[    Pass: CDR源中继检测]]>
    </line>
    <line>
      <![CDATA[    Pass: CDR目的中继检测]]>
    </line>
    <line>
      <![CDATA[    Pass: CDR通讯类型检测]]>
    </line>
    <line>
      <![CDATA[  【执行操作】 编辑InRoute1禁用时间条件]]>
    </line>
    <line>
      <![CDATA[  【执行操作】 建立通话验证禁用时间条件：3001拨打3000通过sip外线呼入，预期呼入到1000]]>
    </line>
    <line>
      <![CDATA[    Pass: CDR呼叫方检测]]>
    </line>
    <line>
      <![CDATA[    Pass: CDR被叫方检测]]>
    </line>
    <line>
      <![CDATA[    Pass: CDR_Status检测]]>
    </line>
    <line>
      <![CDATA[    Pass: CDR源中继检测]]>
    </line>
    <line>
      <![CDATA[    Pass: CDR目的中继检测]]>
    </line>
    <line>
      <![CDATA[    Pass: CDR通讯类型检测]]>
    </line>
    <line>
      <![CDATA[  【执行操作】 表格删除：DIDtest-取消删除]]>
    </line>
    <line>
      <![CDATA[    Pass: 表格删除：DIDtest-取消删除]]>
    </line>
    <line>
      <![CDATA[  【执行操作】 表格删除：DIDtest-确定删除]]>
    </line>
    <line>
      <![CDATA[    Pass: 表格删除：DIDtest-确定删除]]>
    </line>
    <line>
      <![CDATA[  【执行操作】 删除：DeleteTest-取消删除]]>
    </line>
    <line>
      <![CDATA[    Pass: 删除：DeleteTest-取消删除]]>
    </line>
    <line>
      <![CDATA[  【执行操作】 删除：DeleteTest-确定删除]]>
    </line>
    <line>
      <![CDATA[    Pass: 删除：DeleteTest-确定删除]]>
    </line>
    <line>
      <![CDATA[【测试类场景恢复】执行完毕：Inbound]]>
    </line>
    <line>
      <![CDATA[【测试类场景初始化】开始执行：Outbound]]>
    </line>
    <line>
      <![CDATA[    Pass: 1000分机注册]]>
    </line>
    <line>
      <![CDATA[  【执行操作】 1000拨打13001通过sip外线呼出]]>
    </line>
    <line>
      <![CDATA[    Pass: CDR呼叫方检测]]>
    </line>
    <line>
      <![CDATA[    Pass: CDR被叫方检测]]>
    </line>
    <line>
      <![CDATA[    Pass: CDR_Status检测]]>
    </line>
    <line>
      <![CDATA[    Pass: CDR源中继检测]]>
    </line>
    <line>
      <![CDATA[    Pass: CDR目的中继检测]]>
    </line>
    <line>
      <![CDATA[    Pass: CDR通讯类型检测]]>
    </line>
    <line>
      <![CDATA[  【执行操作】 1000拨打23001通过iax外线呼出]]>
    </line>
    <line>
      <![CDATA[    Pass: CDR呼叫方检测]]>
    </line>
    <line>
      <![CDATA[    Pass: CDR被叫方检测]]>
    </line>
    <line>
      <![CDATA[    Pass: CDR_Status检测]]>
    </line>
    <line>
      <![CDATA[    Pass: CDR源中继检测]]>
    </line>
    <line>
      <![CDATA[    Pass: CDR目的中继检测]]>
    </line>
    <line>
      <![CDATA[    Pass: CDR通讯类型检测]]>
    </line>
    <line>
      <![CDATA[  【执行操作】 1000拨打32000通过sps外线呼出]]>
    </line>
    <line>
      <![CDATA[    Pass: CDR呼叫方检测]]>
    </line>
    <line>
      <![CDATA[    Pass: CDR被叫方检测]]>
    </line>
    <line>
      <![CDATA[    Pass: CDR_Status检测]]>
    </line>
    <line>
      <![CDATA[    Pass: CDR源中继检测]]>
    </line>
    <line>
      <![CDATA[    Pass: CDR目的中继检测]]>
    </line>
    <line>
      <![CDATA[    Pass: CDR通讯类型检测]]>
    </line>
    <line>
      <![CDATA[  【执行操作】 1000拨打42000通过spx外线呼出]]>
    </line>
    <line>
      <![CDATA[    Pass: CDR呼叫方检测]]>
    </line>
    <line>
      <![CDATA[    Pass: CDR被叫方检测]]>
    </line>
    <line>
      <![CDATA[    Pass: CDR_Status检测]]>
    </line>
    <line>
      <![CDATA[    Pass: CDR源中继检测]]>
    </line>
    <line>
      <![CDATA[    Pass: CDR目的中继检测]]>
    </line>
    <line>
      <![CDATA[    Pass: CDR通讯类型检测]]>
    </line>
    <line>
      <![CDATA[  【执行操作】 1000拨打52000通过PSTN外线呼出]]>
    </line>
    <line>
      <![CDATA[    Pass: CDR呼叫方检测]]>
    </line>
    <line>
      <![CDATA[    Pass: CDR被叫方检测]]>
    </line>
    <line>
      <![CDATA[    Pass: CDR_Status检测]]>
    </line>
    <line>
      <![CDATA[    <a href="file:///E:\SwebTest\pic\CDR源中继检测 【预期：? 实际：FXO2-3】.jpg" target="_blank">Error: CDR源中继检测 【预期：? 实际：FXO2-3】</a>]]>
    </line>
    <line>
      <![CDATA[  【执行操作】 1000拨打62000通过BRI外线呼出]]>
    </line>
    <line>
      <![CDATA[    Pass: CDR呼叫方检测]]>
    </line>
    <line>
      <![CDATA[    Pass: CDR被叫方检测]]>
    </line>
    <line>
      <![CDATA[    Pass: CDR_Status检测]]>
    </line>
    <line>
      <![CDATA[    <a href="file:///E:\SwebTest\pic\CDR源中继检测 【预期：? 实际：BRI2-1】.jpg" target="_blank">Error: CDR源中继检测 【预期：? 实际：BRI2-1】</a>]]>
    </line>
    <line>
      <![CDATA[  【执行操作】 1000拨打72000通过E1外线呼出]]>
    </line>
    <line>
      <![CDATA[    Pass: CDR呼叫方检测]]>
    </line>
    <line>
      <![CDATA[    Pass: CDR被叫方检测]]>
    </line>
    <line>
      <![CDATA[    Pass: CDR_Status检测]]>
    </line>
    <line>
      <![CDATA[    <a href="file:///E:\SwebTest\pic\CDR源中继检测 【预期：? 实际：DIGIT1】.jpg" target="_blank">Error: CDR源中继检测 【预期：? 实际：DIGIT1】</a>]]>
    </line>
    <line>
      <![CDATA[  【执行操作】 1000拨打辅助设备的GSM号码呼出]]>
    </line>
    <line>
      <![CDATA[    Pass: CDR呼叫方检测]]>
    </line>
    <line>
      <![CDATA[    Pass: CDR被叫方检测]]>
    </line>
    <line>
      <![CDATA[    Pass: CDR_Status检测]]>
    </line>
    <line>
      <![CDATA[    <a href="file:///E:\SwebTest\pic\CDR源中继检测 【预期：? 实际：UMTS3-3】.jpg" target="_blank">Error: CDR源中继检测 【预期：? 实际：UMTS3-3】</a>]]>
    </line>
    <line>
      <![CDATA[  【执行操作】 新建呼出路由DialPattern，Pattern:91.，strip：2，Prepend：123456，选择SIP外线/所有分机]]>
    </line>
    <line>
      <![CDATA[  【执行操作】 1000拨打9101通过sip外线呼出]]>
    </line>
    <line>
      <![CDATA[    Pass: CDR呼叫方检测]]>
    </line>
    <line>
      <![CDATA[    Pass: CDR被叫方检测]]>
    </line>
    <line>
      <![CDATA[    Pass: CDR_Status检测]]>
    </line>
    <line>
      <![CDATA[    Pass: CDR源中继检测]]>
    </line>
    <line>
      <![CDATA[    Pass: CDR目的中继检测]]>
    </line>
    <line>
      <![CDATA[    Pass: CDR通讯类型检测]]>
    </line>
    <line>
      <![CDATA[  【执行操作】 新建呼出路由Password，Pattern:92.，strip：2，外线:SPS，分机：1000]]>
    </line>
    <line>
      <![CDATA[  【执行操作】 编辑呼出路由Password，Passwoed：Single Pin--123]]>
    </line>
    <line>
      <![CDATA[  【执行操作】 1000拨打928888通过SPS外线呼出]]>
    </line>
    <line>
      <![CDATA[    Pass: CDR呼叫方检测]]>
    </line>
    <line>
      <![CDATA[    Pass: CDR被叫方检测]]>
    </line>
    <line>
      <![CDATA[    Pass: CDR_Status检测]]>
    </line>
    <line>
      <![CDATA[    Pass: CDR源中继检测]]>
    </line>
    <line>
      <![CDATA[    Pass: CDR目的中继检测]]>
    </line>
    <line>
      <![CDATA[    Pass: CDR通讯类型检测]]>
    </line>
    <line>
      <![CDATA[    Pass: CDR检测]]>
    </line>
    <line>
      <![CDATA[  【执行操作】 新建呼出路由Rrmemory_hunt，Pattern:93.，strip：2，外线:SPS、SPX，分机：1000]]>
    </line>
    <line>
      <![CDATA[  【执行操作】 编辑呼出路由Rrmemory_hunt，启用循环抓取]]>
    </line>
    <line>
      <![CDATA[  【执行操作】 1000拨打933333，第1次预期通过SPS外线呼出]]>
    </line>
    <line>
      <![CDATA[    Pass: CDR呼叫方检测]]>
    </line>
    <line>
      <![CDATA[    Pass: CDR被叫方检测]]>
    </line>
    <line>
      <![CDATA[    Pass: CDR_Status检测]]>
    </line>
    <line>
      <![CDATA[    Pass: CDR源中继检测]]>
    </line>
    <line>
      <![CDATA[    Pass: CDR目的中继检测]]>
    </line>
    <line>
      <![CDATA[    Pass: CDR通讯类型检测]]>
    </line>
    <line>
      <![CDATA[  【执行操作】 1000拨打933333，第2次预期通过SPX外线呼出]]>
    </line>
    <line>
      <![CDATA[    Pass: CDR呼叫方检测]]>
    </line>
    <line>
      <![CDATA[    Pass: CDR被叫方检测]]>
    </line>
    <line>
      <![CDATA[    Pass: CDR_Status检测]]>
    </line>
    <line>
      <![CDATA[    Pass: CDR源中继检测]]>
    </line>
    <line>
      <![CDATA[    Pass: CDR目的中继检测]]>
    </line>
    <line>
      <![CDATA[    Pass: CDR通讯类型检测]]>
    </line>
    <line>
      <![CDATA[  【执行操作】 1000拨打933333，第3次预期通过SPS外线呼出]]>
    </line>
    <line>
      <![CDATA[    Pass: CDR呼叫方检测]]>
    </line>
    <line>
      <![CDATA[    Pass: CDR被叫方检测]]>
    </line>
    <line>
      <![CDATA[    Pass: CDR_Status检测]]>
    </line>
    <line>
      <![CDATA[    Pass: CDR源中继检测]]>
    </line>
    <line>
      <![CDATA[    Pass: CDR目的中继检测]]>
    </line>
    <line>
      <![CDATA[    Pass: CDR通讯类型检测]]>
    </line>
    <line>
      <![CDATA[  【执行操作】 编辑呼出路由Password：取消密码设置，TimeCondition选择Outbound]]>
    </line>
    <line>
      <![CDATA[  【执行操作】 1000拨打929999，通过sps外线呼出，预期：呼出失败]]>
    </line>
    <line>
      <![CDATA[    Pass: CDR呼叫方检测]]>
    </line>
    <line>
      <![CDATA[    <a href="file:///E:\SwebTest\pic\CDR被叫方检测 【预期：9299999 实际：933333】.jpg" target="_blank">Error: CDR被叫方检测 【预期：9299999 实际：933333】</a>]]>
    </line>
    <line>
      <![CDATA[  【执行操作】 表格删除：Rrmemory_hunt-取消删除]]>
    </line>
    <line>
      <![CDATA[    Pass: 表格删除：Rrmemory_hunt-取消删除]]>
    </line>
    <line>
      <![CDATA[  【执行操作】 表格删除：Rrmemory_hunt-确定删除]]>
    </line>
    <line>
      <![CDATA[    Pass: 表格删除：Rrmemory_hunt-确定删除]]>
    </line>
    <line>
      <![CDATA[  【执行操作】 删除：Prepend-取消删除]]>
    </line>
    <line>
      <![CDATA[    Pass: 删除：Prepend-取消删除]]>
    </line>
    <line>
      <![CDATA[  【执行操作】 删除：Prepend-确定删除]]>
    </line>
    <line>
      <![CDATA[    Pass: 删除：Prepend-确定删除]]>
    </line>
    <line>
      <![CDATA[【测试类场景恢复】执行完毕：Outbound]]>
    </line>
    <line>
      <![CDATA[【测试类场景初始化】开始执行：OutboundRestriction]]>
    </line>
    <line>
      <![CDATA[    Pass: 1100分机注册]]>
    </line>
    <line>
      <![CDATA[    Pass: 1102分机注册]]>
    </line>
    <line>
      <![CDATA[  【执行操作】  删除所有Outbound Restriction]]>
    </line>
    <line>
      <![CDATA[    Pass:   删除所有Outbound Restriction]]>
    </line>
    <line>
      <![CDATA[  【执行操作】 新建呼出限制OutRestriction1，2分钟不能超过5通]]>
    </line>
    <line>
      <![CDATA[    Pass: CDR呼叫方检测]]>
    </line>
    <line>
      <![CDATA[    Pass: CDR被叫方检测]]>
    </line>
    <line>
      <![CDATA[    <a href="file:///E:\SwebTest\pic\CDR_Status检测 【预期：Failed 实际：Answered】.jpg" target="_blank">Error: CDR_Status检测 【预期：Failed 实际：Answered】</a>]]>
    </line>
    <line>
      <![CDATA[  【执行操作】 检查分机1100被限制呼出，取消呼出限制]]>
    </line>
    <line>
      <![CDATA[    Pass:  查看分机1100状态已被限制，并取消限制]]>
    </line>
    <line>
      <![CDATA[  【执行操作】 分机1100取消呼出限制后能正常呼出]]>
    </line>
    <line>
      <![CDATA[    Pass: CDR呼叫方检测]]>
    </line>
    <line>
      <![CDATA[    Pass: CDR被叫方检测]]>
    </line>
    <line>
      <![CDATA[    Pass: CDR_Status检测]]>
    </line>
    <line>
      <![CDATA[    Pass: CDR源中继检测]]>
    </line>
    <line>
      <![CDATA[    Pass: CDR目的中继检测]]>
    </line>
    <line>
      <![CDATA[    Pass: CDR通讯类型检测]]>
    </line>
    <line>
      <![CDATA[  【执行操作】 新建呼出限制：OutRestriction2，分机1102，2分钟呼出不能超过2通]]>
    </line>
    <line>
      <![CDATA[    Pass: CDR呼叫方检测]]>
    </line>
    <line>
      <![CDATA[    Pass: CDR被叫方检测]]>
    </line>
    <line>
      <![CDATA[    <a href="file:///E:\SwebTest\pic\CDR_Status检测 【预期：Failed 实际：Answered】.jpg" target="_blank">Error: CDR_Status检测 【预期：Failed 实际：Answered】</a>]]>
    </line>
    <line>
      <![CDATA[  【执行操作】 检查分机1102被限制呼出，取消呼出限制]]>
    </line>
    <line>
      <![CDATA[    Pass:  查看分机1102状态已被限制，并取消限制]]>
    </line>
    <line>
      <![CDATA[  【执行操作】 分机1102取消呼出限制后能正常呼出]]>
    </line>
    <line>
      <![CDATA[    Pass: CDR呼叫方检测]]>
    </line>
    <line>
      <![CDATA[    Pass: CDR被叫方检测]]>
    </line>
    <line>
      <![CDATA[    Pass: CDR_Status检测]]>
    </line>
    <line>
      <![CDATA[    Pass: CDR源中继检测]]>
    </line>
    <line>
      <![CDATA[    Pass: CDR目的中继检测]]>
    </line>
    <line>
      <![CDATA[    Pass: CDR通讯类型检测]]>
    </line>
    <line>
      <![CDATA[  【执行操作】 表格删除：OutRestriction1-取消删除]]>
    </line>
    <line>
      <![CDATA[    Pass: 表格删除：OutRestriction1-取消删除]]>
    </line>
    <line>
      <![CDATA[  【执行操作】 表格删除：OutRestriction1-确定删除]]>
    </line>
    <line>
      <![CDATA[    Pass: 表格删除：OutRestriction1-确定删除]]>
    </line>
    <line>
      <![CDATA[  【执行操作】 删除：OutRestriction2-取消删除]]>
    </line>
    <line>
      <![CDATA[    Pass: 删除：OutRestriction2-取消删除]]>
    </line>
    <line>
      <![CDATA[  【执行操作】 删除：OutRestriction2-确定删除]]>
    </line>
    <line>
      <![CDATA[    Pass: 删除：OutRestriction2-确定删除]]>
    </line>
    <line>
      <![CDATA[【测试类场景恢复】执行完毕：OutboundRestriction]]>
    </line>
    <line>
      <![CDATA[【测试类场景初始化】开始执行：AutoCLIP]]>
    </line>
    <line>
      <![CDATA[    Pass: 1000分机注册]]>
    </line>
    <line>
      <![CDATA[    Pass: 1101分机注册]]>
    </line>
    <line>
      <![CDATA[  【执行操作】 ----AutoCLIP选择所有外线,其它默认----]]>
    </line>
    <line>
      <![CDATA[  【执行操作】 ----启用Delete Used Records----]]>
    </line>
    <line>
      <![CDATA[  【执行操作】 ----启用Only Keep Missed Call Records----]]>
    </line>
    <line>
      <![CDATA[  【执行操作】 ----启用Match Outgoing Trunk----]]>
    </line>
    <line>
      <![CDATA[  【执行操作】 ----不启用AutoCLIP----]]>
    </line>
    <line>
      <![CDATA[【测试类场景恢复】执行完毕：AutoCLIP]]>
    </line>
    <line>
      <![CDATA[【测试类场景初始化】开始执行：PickupGroup]]>
    </line>
    <line>
      <![CDATA[    Pass: 1000分机注册]]>
    </line>
    <line>
      <![CDATA[    Pass: 1100分机注册]]>
    </line>
    <line>
      <![CDATA[    Pass: 1105分机注册]]>
    </line>
    <line>
      <![CDATA[  【执行操作】 删除所有PickupGroup]]>
    </line>
    <line>
      <![CDATA[    Pass:  删除所有PickupGroup]]>
    </line>
    <line>
      <![CDATA[  【执行操作】 新建截答组PickupGroup1,成员分机1000、1105]]>
    </line>
    <line>
      <![CDATA[  【执行操作】 1100拨打1000,1105按*4截答--预期截答成功]]>
    </line>
    <line>
      <![CDATA[    Pass: CDR呼叫方检测]]>
    </line>
    <line>
      <![CDATA[    Pass: CDR被叫方检测]]>
    </line>
    <line>
      <![CDATA[    Pass: CDR_Status检测]]>
    </line>
    <line>
      <![CDATA[    Pass: CDR通讯类型检测]]>
    </line>
    <line>
      <![CDATA[  【执行操作】 1000拨打1100,1105按*4截答--预期截答失败]]>
    </line>
    <line>
      <![CDATA[    Pass: CDR呼叫方检测]]>
    </line>
    <line>
      <![CDATA[    Pass: CDR被叫方检测]]>
    </line>
    <line>
      <![CDATA[    Pass: CDR_Status检测]]>
    </line>
    <line>
      <![CDATA[    Pass: CDR通讯类型检测]]>
    </line>
    <line>
      <![CDATA[  【执行操作】 1000拨打1100,1105按*041100截答--预期截答成功]]>
    </line>
    <line>
      <![CDATA[    Pass: CDR呼叫方检测]]>
    </line>
    <line>
      <![CDATA[    Pass: CDR被叫方检测]]>
    </line>
    <line>
      <![CDATA[    Pass: CDR_Status检测]]>
    </line>
    <line>
      <![CDATA[    Pass: CDR通讯类型检测]]>
    </line>
    <line>
      <![CDATA[  【执行操作】 新建截答组PickupExGroup,成员：ExtensionGroup1]]>
    </line>
    <line>
      <![CDATA[  【执行操作】 3001拨打3000通过sip外线呼入--预期分机1000响铃]]>
    </line>
    <line>
      <![CDATA[  【执行操作】 1105按*4截答--预期截答成功]]>
    </line>
    <line>
      <![CDATA[    Pass: CDR呼叫方检测]]>
    </line>
    <line>
      <![CDATA[    Pass: CDR被叫方检测]]>
    </line>
    <line>
      <![CDATA[    Pass: CDR_Status检测]]>
    </line>
    <line>
      <![CDATA[    Pass: CDR源中继检测]]>
    </line>
    <line>
      <![CDATA[    Pass: CDR通讯类型检测]]>
    </line>
    <line>
      <![CDATA[  【执行操作】 表格删除：PickupGroup1-取消删除]]>
    </line>
    <line>
      <![CDATA[    Pass: 表格删除：PickupGroup1-取消删除]]>
    </line>
    <line>
      <![CDATA[  【执行操作】 表格删除：PickupGroup1-确定删除]]>
    </line>
    <line>
      <![CDATA[    Pass: 表格删除：PickupGroup1-确定删除]]>
    </line>
    <line>
      <![CDATA[  【执行操作】 删除：PickupExGroup-取消删除]]>
    </line>
    <line>
      <![CDATA[    Pass: 删除：PickupExGroup-取消删除]]>
    </line>
    <line>
      <![CDATA[  【执行操作】 删除：PickupExGroup-确定删除]]>
    </line>
    <line>
      <![CDATA[    Pass: 删除：PickupExGroup-确定删除]]>
    </line>
    <line>
      <![CDATA[【测试类场景恢复】执行完毕：PickupGroup]]>
    </line>
    <line>
      <![CDATA[【测试类场景初始化】开始执行：PagingIntercom]]>
    </line>
    <line>
      <![CDATA[    Pass: 1000分机注册]]>
    </line>
    <line>
      <![CDATA[    Pass: 1100分机注册]]>
    </line>
    <line>
      <![CDATA[    Pass: 1101分机注册]]>
    </line>
    <line>
      <![CDATA[    Pass: 1105分机注册]]>
    </line>
    <line>
      <![CDATA[  【执行操作】 删除所有广播组]]>
    </line>
    <line>
      <![CDATA[    Pass:  删除所有广播组]]>
    </line>
    <line>
      <![CDATA[  【执行操作】 新建广播组Paging6300：单工，不启用*Answer，成员：1100,1105]]>
    </line>
    <line>
      <![CDATA[  【执行操作】 1000拨打6300，预期分机1100、1105自动应答]]>
    </line>
    <line>
      <![CDATA[    Pass:  1100--Talking]]>
    </line>
    <line>
      <![CDATA[    Pass:  1105--Talking]]>
    </line>
    <line>
      <![CDATA[    Pass: CDR呼叫方检测]]>
    </line>
    <line>
      <![CDATA[    Pass: CDR被叫方检测]]>
    </line>
    <line>
      <![CDATA[    Pass: CDR_Status检测]]>
    </line>
    <line>
      <![CDATA[    Pass: CDR通讯类型检测]]>
    </line>
    <line>
      <![CDATA[  【执行操作】 新建广播组Paging6301：双工，启用*Answer成员：ExtensionGroup1]]>
    </line>
    <line>
      <![CDATA[  【执行操作】 1000拨打6301，预期分机1100、1101、1105自动应答]]>
    </line>
    <line>
      <![CDATA[    Pass:  1100--Talking]]>
    </line>
    <line>
      <![CDATA[    Pass:  1101--Talking]]>
    </line>
    <line>
      <![CDATA[    Pass:  1105--Talking]]>
    </line>
    <line>
      <![CDATA[  【执行操作】 1101按*Answer--预期1100、1105会挂断通话]]>
    </line>
    <line>
      <![CDATA[    Pass:  1100--Hungup]]>
    </line>
    <line>
      <![CDATA[    Pass:  1101--Talking]]>
    </line>
    <line>
      <![CDATA[    Pass:  1105--Hungup]]>
    </line>
    <line>
      <![CDATA[    Pass: CDR呼叫方检测]]>
    </line>
    <line>
      <![CDATA[    <a href="file:///E:\SwebTest\pic\CDR被叫方检测 【预期：1100 [6301(1100)] 实际：1101 [6301(1101)]】.jpg" target="_blank">Error: CDR被叫方检测 【预期：1100 [6301(1100)] 实际：1101 [6301(1101)]】</a>]]>
    </line>
    <line>
      <![CDATA[  【执行操作】 1000拨打*51105]]>
    </line>
    <line>
      <![CDATA[    Pass: CDR呼叫方检测]]>
    </line>
    <line>
      <![CDATA[    Pass: CDR被叫方检测]]>
    </line>
    <line>
      <![CDATA[    Pass: CDR_Status检测]]>
    </line>
    <line>
      <![CDATA[    Pass: CDR通讯类型检测]]>
    </line>
    <line>
      <![CDATA[  【执行操作】 表格删除：Paging6300-取消删除]]>
    </line>
    <line>
      <![CDATA[    Pass: 表格删除：Paging6300-取消删除]]>
    </line>
    <line>
      <![CDATA[  【执行操作】 表格删除：Paging6300-确定删除]]>
    </line>
    <line>
      <![CDATA[    Pass: 表格删除：Paging6300-确定删除]]>
    </line>
    <line>
      <![CDATA[  【执行操作】 删除：Paging6301-取消删除]]>
    </line>
    <line>
      <![CDATA[    Pass: 删除：Paging6301-取消删除]]>
    </line>
    <line>
      <![CDATA[  【执行操作】 删除：Paging6301-确定删除]]>
    </line>
    <line>
      <![CDATA[    Pass: 删除：Paging6301-确定删除]]>
    </line>
    <line>
      <![CDATA[【测试类场景恢复】执行完毕：PagingIntercom]]>
    </line>
    <line>
      <![CDATA[【测试类场景初始化】开始执行：SpeedDial]]>
    </line>
    <line>
      <![CDATA[    Pass: 1000分机注册]]>
    </line>
    <line>
      <![CDATA[  【执行操作】 删除所有速拨码]]>
    </line>
    <line>
      <![CDATA[    Pass:  删除所有速拨码]]>
    </line>
    <line>
      <![CDATA[  【执行操作】 设置速拨特征码为*999]]>
    </line>
    <line>
      <![CDATA[  【执行操作】 新建速拨码：dialcode:1,PhoneNumber：13001]]>
    </line>
    <line>
      <![CDATA[    Pass: 添加speed_dial_code]]>
    </line>
    <line>
      <![CDATA[    Pass: 添加speed_dial_phoneNumber]]>
    </line>
    <line>
      <![CDATA[  【执行操作】 新建速拨码：dialcode:1234567,PhoneNumber：31234567]]>
    </line>
    <line>
      <![CDATA[    Pass: 添加speed_dial_code]]>
    </line>
    <line>
      <![CDATA[    Pass: 添加speed_dial_phoneNumber]]>
    </line>
    <line>
      <![CDATA[  【执行操作】 1000拨打*9991通过sip外线呼出]]>
    </line>
    <line>
      <![CDATA[    Pass: CDR呼叫方检测]]>
    </line>
    <line>
      <![CDATA[    Pass: CDR被叫方检测]]>
    </line>
    <line>
      <![CDATA[    Pass: CDR_Status检测]]>
    </line>
    <line>
      <![CDATA[    Pass: CDR源中继检测]]>
    </line>
    <line>
      <![CDATA[    Pass: CDR目的中继检测]]>
    </line>
    <line>
      <![CDATA[    Pass: CDR通讯类型检测]]>
    </line>
    <line>
      <![CDATA[  【执行操作】 1000拨打*9991234567通过sps外线呼出]]>
    </line>
    <line>
      <![CDATA[    Pass: CDR呼叫方检测]]>
    </line>
    <line>
      <![CDATA[    Pass: CDR被叫方检测]]>
    </line>
    <line>
      <![CDATA[    Pass: CDR_Status检测]]>
    </line>
    <line>
      <![CDATA[    Pass: CDR源中继检测]]>
    </line>
    <line>
      <![CDATA[    Pass: CDR目的中继检测]]>
    </line>
    <line>
      <![CDATA[    Pass: CDR通讯类型检测]]>
    </line>
    <line>
      <![CDATA[  【执行操作】 导出速拨码]]>
    </line>
    <line>
      <![CDATA[  【执行操作】 表格删除：速拨码为1-取消删除]]>
    </line>
    <line>
      <![CDATA[    Pass: 表格删除：速拨码为1-取消删除]]>
    </line>
    <line>
      <![CDATA[  【执行操作】 表格删除：速拨码为1-确定删除]]>
    </line>
    <line>
      <![CDATA[    Pass: 表格删除：速拨码为1-确定删除]]>
    </line>
    <line>
      <![CDATA[  【执行操作】 删除：速拨码为1234567-取消删除]]>
    </line>
    <line>
      <![CDATA[    Pass: 删除：速拨码为1234567-取消删除]]>
    </line>
    <line>
      <![CDATA[  【执行操作】 删除：速拨码为1234567-确定删除]]>
    </line>
    <line>
      <![CDATA[    Pass: 删除：速拨码为1234567-确定删除]]>
    </line>
    <line>
      <![CDATA[  【执行操作】 导入速拨码]]>
    </line>
    <line>
      <![CDATA[    Pass: 导入速拨码]]>
    </line>
    <line>
      <![CDATA[【测试类场景恢复】执行完毕：SpeedDial]]>
    </line>
    <line>
      <![CDATA[【测试类场景初始化】开始执行：RingGroup]]>
    </line>
    <line>
      <![CDATA[  【执行操作】 删除所有RingGroup]]>
    </line>
    <line>
      <![CDATA[    Pass:  删除所有RingGroup]]>
    </line>
    <line>
      <![CDATA[  【执行操作】 添加RingGroup1：6200，选择分机1000,1100,1105，其它默认]]>
    </line>
    <line>
      <![CDATA[    Pass: 1000分机注册]]>
    </line>
    <line>
      <![CDATA[    Pass: 1100分机注册]]>
    </line>
    <line>
      <![CDATA[    Pass: 1101分机注册]]>
    </line>
    <line>
      <![CDATA[    Pass: 1102分机注册]]>
    </line>
    <line>
      <![CDATA[    Pass: 1105分机注册]]>
    </line>
    <line>
      <![CDATA[  【执行操作】 新建RingGroup6201,Mem:ExtensionGroup1,其它默认]]>
    </line>
    <line>
      <![CDATA[  【执行操作】 1000拨打6201，分机1105接听]]>
    </line>
    <line>
      <![CDATA[    Pass:  分机1100、1101、1105同时响铃]]>
    </line>
    <line>
      <![CDATA[    Pass: CDR呼叫方检测]]>
    </line>
    <line>
      <![CDATA[    Pass: CDR被叫方检测]]>
    </line>
    <line>
      <![CDATA[    Pass: CDR_Status检测]]>
    </line>
    <line>
      <![CDATA[    Pass: CDR通讯类型检测]]>
    </line>
    <line>
      <![CDATA[  【执行操作】 编辑RingGroup6201，成员响铃时间：15s，Failover：分机1102]]>
    </line>
    <line>
      <![CDATA[  【执行操作】 1000拨打6201，预期1100、1101、1105响铃15s后挂断，1102开始响铃]]>
    </line>
    <line>
      <![CDATA[    Pass:  1100--Ring]]>
    </line>
    <line>
      <![CDATA[    Pass:  1101--Ring]]>
    </line>
    <line>
      <![CDATA[    Pass:  1105--Ring]]>
    </line>
    <line>
      <![CDATA[    Pass:  1102--Idle]]>
    </line>
    <line>
      <![CDATA[    Pass:  1102--Ring]]>
    </line>
    <line>
      <![CDATA[  【执行操作】 1102接听]]>
    </line>
    <line>
      <![CDATA[    Pass: CDR呼叫方检测]]>
    </line>
    <line>
      <![CDATA[    Pass: CDR被叫方检测]]>
    </line>
    <line>
      <![CDATA[    Pass: CDR_Status检测]]>
    </line>
    <line>
      <![CDATA[    Pass: CDR通讯类型检测]]>
    </line>
    <line>
      <![CDATA[  【执行操作】 新建响铃组RingSequentially6202，Sequentially,每个成员20s,成员：1000、1100、1101、1105]]>
    </line>
    <line>
      <![CDATA[  【执行操作】 编辑呼入路由Inroute1到RingSequentially6202]]>
    </line>
    <line>
      <![CDATA[  【执行操作】 2000拨打99999通过sps外线呼入到RingSequentially6202]]>
    </line>
    <line>
      <![CDATA[    Pass:  1000--Ring20s--Hungup]]>
    </line>
    <line>
      <![CDATA[    Pass:  1100--Ring20s--Hungup]]>
    </line>
    <line>
      <![CDATA[    Pass:  1101--Ring20s--Hungup]]>
    </line>
    <line>
      <![CDATA[    Pass:  1105--Ring--Answer]]>
    </line>
    <line>
      <![CDATA[  【执行操作】 轮到1105响铃的时候，1105接听]]>
    </line>
    <line>
      <![CDATA[    Pass: CDR呼叫方检测]]>
    </line>
    <line>
      <![CDATA[    Pass: CDR被叫方检测]]>
    </line>
    <line>
      <![CDATA[    Pass: CDR_Status检测]]>
    </line>
    <line>
      <![CDATA[    Pass: CDR源中继检测]]>
    </line>
    <line>
      <![CDATA[    Pass: CDR目的中继检测]]>
    </line>
    <line>
      <![CDATA[    Pass: CDR通讯类型检测]]>
    </line>
    <line>
      <![CDATA[  【执行操作】 表格删除：RingGroup6201-取消删除]]>
    </line>
    <line>
      <![CDATA[    Pass: 表格删除：RingGroup6201-取消删除]]>
    </line>
    <line>
      <![CDATA[  【执行操作】 表格删除：RingGroup6201-确定删除]]>
    </line>
    <line>
      <![CDATA[    Pass: 表格删除：RingGroup6201-确定删除]]>
    </line>
    <line>
      <![CDATA[  【执行操作】 删除：RingSequentially6202-取消删除]]>
    </line>
    <line>
      <![CDATA[    Pass: 删除：RingSequentially6202-取消删除]]>
    </line>
    <line>
      <![CDATA[  【执行操作】 删除：RingSequentially6202-确定删除]]>
    </line>
    <line>
      <![CDATA[    Pass: 删除：RingSequentially6202-确定删除]]>
    </line>
    <line>
      <![CDATA[  【执行操作】 恢复呼入路由Inroute1到分机1000]]>
    </line>
    <line>
      <![CDATA[【测试类场景恢复】执行完毕：RingGroup]]>
    </line>
    <line>
      <![CDATA[【测试类场景初始化】开始执行：CustomPrompts]]>
    </line>
    <line>
      <![CDATA[    Pass: 1000分机注册]]>
    </line>
    <line>
      <![CDATA[  【执行操作】 删除所有提示音]]>
    </line>
    <line>
      <![CDATA[    Pass:  删除所有提示音]]>
    </line>
    <line>
      <![CDATA[  【执行操作】 分机1000录制提示音prompt1]]>
    </line>
    <line>
      <![CDATA[    Pass: CDR呼叫方检测]]>
    </line>
    <line>
      <![CDATA[    Pass: CDR被叫方检测]]>
    </line>
    <line>
      <![CDATA[    Pass: CDR_Status检测]]>
    </line>
    <line>
      <![CDATA[    Pass: CDR通讯类型检测]]>
    </line>
    <line>
      <![CDATA[    Pass: 生成自定义提示音]]>
    </line>
    <line>
      <![CDATA[  【执行操作】 分机1000播放提示音prompt1]]>
    </line>
    <line>
      <![CDATA[    Pass: CDR呼叫方检测]]>
    </line>
    <line>
      <![CDATA[    Pass: CDR被叫方检测]]>
    </line>
    <line>
      <![CDATA[    Pass: CDR_Status检测]]>
    </line>
    <line>
      <![CDATA[    Pass: CDR通讯类型检测]]>
    </line>
    <line>
      <![CDATA[  【执行操作】 分机1000重新录制提示音prompt1]]>
    </line>
    <line>
      <![CDATA[    Pass: CDR呼叫方检测]]>
    </line>
    <line>
      <![CDATA[    Pass: CDR被叫方检测]]>
    </line>
    <line>
      <![CDATA[    Pass: CDR_Status检测]]>
    </line>
    <line>
      <![CDATA[    Pass: CDR通讯类型检测]]>
    </line>
    <line>
      <![CDATA[  【执行操作】 上传提示音autotestprompt]]>
    </line>
    <line>
      <![CDATA[    Pass: 导入提示音autotestprompt]]>
    </line>
    <line>
      <![CDATA[【测试类场景恢复】执行完毕：CustomPrompts]]>
    </line>
    <line>
      <![CDATA[【测试类场景初始化】开始执行：IVR]]>
    </line>
    <line>
      <![CDATA[  【执行操作】 删除所有IVR]]>
    </line>
    <line>
      <![CDATA[    Pass:  删除所有IVR]]>
    </line>
    <line>
      <![CDATA[  【执行操作】 新建IVR6502,默认设置]]>
    </line>
    <line>
      <![CDATA[  【执行操作】 添加IVR1：6500,按1到分机1000]]>
    </line>
    <line>
      <![CDATA[  【执行操作】 编辑IVR1:按1到分机1000]]>
    </line>
    <line>
      <![CDATA[    Pass: 1000分机注册]]>
    </line>
    <line>
      <![CDATA[    Pass: 1103分机注册]]>
    </line>
    <line>
      <![CDATA[    Pass: 1105分机注册]]>
    </line>
    <line>
      <![CDATA[  【执行操作】 新建IVRtest1，提示音选择autotestprompt，勾选Dial Extensions，勾选Dial Outbound Routes，勾选Dial to Check Voicemail按0到分机1000，按1到1000的Voicemail，按5到Dial by Name，按#到hungup，按*到Select an Option，Timeout到customPrompt：prompt1，Invalid到分机1105]]>
    </line>
    <line>
      <![CDATA[  【执行操作】 编辑呼入路由Inbound1，呼入到IVRtest1]]>
    </line>
    <line>
      <![CDATA[  【执行操作】 3001拨打3000通过sip外线呼入IVRtest1,直拨分机1103]]>
    </line>
    <line>
      <![CDATA[    Pass: CDR呼叫方检测]]>
    </line>
    <line>
      <![CDATA[    Pass: CDR被叫方检测]]>
    </line>
    <line>
      <![CDATA[    Pass: CDR_Status检测]]>
    </line>
    <line>
      <![CDATA[    Pass: CDR源中继检测]]>
    </line>
    <line>
      <![CDATA[    Pass: CDR目的中继检测]]>
    </line>
    <line>
      <![CDATA[    Pass: CDR通讯类型检测]]>
    </line>
    <line>
      <![CDATA[  【执行操作】 3001拨打3000通过sip外线呼入IVRtest1,直拨3333通过sps外线呼出]]>
    </line>
    <line>
      <![CDATA[    Pass: CDR呼叫方检测]]>
    </line>
    <line>
      <![CDATA[    Pass: CDR被叫方检测]]>
    </line>
    <line>
      <![CDATA[    Pass: CDR_Status检测]]>
    </line>
    <line>
      <![CDATA[    Pass: CDR源中继检测]]>
    </line>
    <line>
      <![CDATA[    Pass: CDR目的中继检测]]>
    </line>
    <line>
      <![CDATA[    Pass: CDR通讯类型检测]]>
    </line>
    <line>
      <![CDATA[  【执行操作】 2001拨打99999通过sps外线呼入IVRtest1,按0到分机1000]]>
    </line>
    <line>
      <![CDATA[    Pass: CDR呼叫方检测]]>
    </line>
    <line>
      <![CDATA[    Pass: CDR被叫方检测]]>
    </line>
    <line>
      <![CDATA[    Pass: CDR_Status检测]]>
    </line>
    <line>
      <![CDATA[    Pass: CDR源中继检测]]>
    </line>
    <line>
      <![CDATA[    Pass: CDR目的中继检测]]>
    </line>
    <line>
      <![CDATA[    Pass: CDR通讯类型检测]]>
    </line>
    <line>
      <![CDATA[  【执行操作】 2001拨打99999通过sps外线呼入IVRtest1,按1到voicemail-1000]]>
    </line>
    <line>
      <![CDATA[    Pass: CDR呼叫方检测]]>
    </line>
    <line>
      <![CDATA[    Pass: CDR被叫方检测]]>
    </line>
    <line>
      <![CDATA[    Pass: CDR_Status检测]]>
    </line>
    <line>
      <![CDATA[    Pass: CDR源中继检测]]>
    </line>
    <line>
      <![CDATA[    Pass: CDR目的中继检测]]>
    </line>
    <line>
      <![CDATA[    Pass: CDR通讯类型检测]]>
    </line>
    <line>
      <![CDATA[  【执行操作】 1000拨打6501，按5到DialbyName,按957到分机1103]]>
    </line>
    <line>
      <![CDATA[    Pass: CDR呼叫方检测]]>
    </line>
    <line>
      <![CDATA[    Pass: CDR被叫方检测]]>
    </line>
    <line>
      <![CDATA[    <a href="file:///E:\SwebTest\pic\CDR_Status检测 【预期：Answered 实际：No Answer】.jpg" target="_blank">Error: CDR_Status检测 【预期：Answered 实际：No Answer】</a>]]>
    </line>
    <line>
      <![CDATA[  【执行操作】 2001拨打99999通过sps外线呼入IVRtest1,按#挂断通话]]>
    </line>
    <line>
      <![CDATA[    Pass: CDR呼叫方检测]]>
    </line>
    <line>
      <![CDATA[    Pass: CDR被叫方检测]]>
    </line>
    <line>
      <![CDATA[    Pass: CDR_Status检测]]>
    </line>
    <line>
      <![CDATA[    Pass: CDR源中继检测]]>
    </line>
    <line>
      <![CDATA[    Pass: CDR通讯类型检测]]>
    </line>
    <line>
      <![CDATA[  【执行操作】 2001拨打99999通过sps外线呼入IVRtest1，按*到SelecttoOption--预期1105响铃]]>
    </line>
    <line>
      <![CDATA[    Pass: CDR呼叫方检测]]>
    </line>
    <line>
      <![CDATA[    Pass: CDR被叫方检测]]>
    </line>
    <line>
      <![CDATA[    Pass: CDR_Status检测]]>
    </line>
    <line>
      <![CDATA[    Pass: CDR源中继检测]]>
    </line>
    <line>
      <![CDATA[    Pass: CDR通讯类型检测]]>
    </line>
    <line>
      <![CDATA[  【执行操作】 1103拨打6501，超时到prompt1]]>
    </line>
    <line>
      <![CDATA[  【执行操作】 1000拨打6501，按a错误按键到分机1105]]>
    </line>
    <line>
      <![CDATA[    Pass: CDR呼叫方检测]]>
    </line>
    <line>
      <![CDATA[    Pass: CDR被叫方检测]]>
    </line>
    <line>
      <![CDATA[    Pass: CDR_Status检测]]>
    </line>
    <line>
      <![CDATA[    Pass: CDR通讯类型检测]]>
    </line>
    <line>
      <![CDATA[  【执行操作】 2001拨打99999通过sps外线呼入IVRtest1,直接拨打*02查看1000的语音留言]]>
    </line>
    <line>
      <![CDATA[    Pass: CDR呼叫方检测]]>
    </line>
    <line>
      <![CDATA[    Pass: CDR被叫方检测]]>
    </line>
    <line>
      <![CDATA[    Pass: CDR_Status检测]]>
    </line>
    <line>
      <![CDATA[    Pass: CDR源中继检测]]>
    </line>
    <line>
      <![CDATA[    Pass: CDR通讯类型检测]]>
    </line>
    <line>
      <![CDATA[  【执行操作】 表格删除：IVR6502-取消删除]]>
    </line>
    <line>
      <![CDATA[    Pass: 表格删除：IVR6502-取消删除]]>
    </line>
    <line>
      <![CDATA[  【执行操作】 表格删除：IVR6502-确定删除]]>
    </line>
    <line>
      <![CDATA[    Pass: 表格删除：IVR6502-确定删除]]>
    </line>
    <line>
      <![CDATA[  【执行操作】 删除：IVRtest1-取消删除]]>
    </line>
    <line>
      <![CDATA[    Pass: 删除：IVRtest1-取消删除]]>
    </line>
    <line>
      <![CDATA[  【执行操作】 删除：IVRtest1-确定删除]]>
    </line>
    <line>
      <![CDATA[    Pass: 删除：IVRtest1-确定删除]]>
    </line>
    <line>
      <![CDATA[  【执行操作】 编辑呼入路由Inbound1，呼入到分机1000]]>
    </line>
    <line>
      <![CDATA[【测试类场景恢复】执行完毕：IVR]]>
    </line>
    <line>
      <![CDATA[【测试类场景初始化】开始执行：Queue]]>
    </line>
    <line>
      <![CDATA[  【执行操作】 删除所有Queue]]>
    </line>
    <line>
      <![CDATA[    Pass:  删除所有Queue]]>
    </line>
    <line>
      <![CDATA[  【执行操作】 添加Queue1：6700，选择分机1000、1100、1105，其它默认 ]]>
    </line>
    <line>
      <![CDATA[    Pass: 1000分机注册]]>
    </line>
    <line>
      <![CDATA[    Pass: 1100分机注册]]>
    </line>
    <line>
      <![CDATA[    Pass: 1101分机注册]]>
    </line>
    <line>
      <![CDATA[    Pass: 1105分机注册]]>
    </line>
    <line>
      <![CDATA[  【执行操作】 新建Queue6701,Password:123，FailoverDestination：分机1000，Static Agents：空]]>
    </line>
    <line>
      <![CDATA[  【执行操作】 新建Queue6702,Ring Strategy：RingAll，Static Agents：ExtensionGroup1，Agent Announcement：prompt1，Caller Max Wait Time:100,按9到分机1000]]>
    </line>
    <line>
      <![CDATA[  【执行操作】 编辑呼入路由Inbound1到Queue6702]]>
    </line>
    <line>
      <![CDATA[  【执行操作】 1105拨打6701，预期到FailDestination--1000]]>
    </line>
    <line>
      <![CDATA[    Pass: CDR呼叫方检测]]>
    </line>
    <line>
      <![CDATA[    Pass: CDR被叫方检测]]>
    </line>
    <line>
      <![CDATA[    Pass: CDR_Status检测]]>
    </line>
    <line>
      <![CDATA[    Pass: CDR通讯类型检测]]>
    </line>
    <line>
      <![CDATA[  【执行操作】 1100拨打6701*加入队列6701，密码：123]]>
    </line>
    <line>
      <![CDATA[    Pass: 动态坐席1100输入密码123]]>
    </line>
    <line>
      <![CDATA[  【执行操作】 1105拨打6701，预期动态坐席1100接听]]>
    </line>
    <line>
      <![CDATA[    Pass: CDR呼叫方检测]]>
    </line>
    <line>
      <![CDATA[    Pass: CDR被叫方检测]]>
    </line>
    <line>
      <![CDATA[    Pass: CDR_Status检测]]>
    </line>
    <line>
      <![CDATA[    Pass: CDR通讯类型检测]]>
    </line>
    <line>
      <![CDATA[  【执行操作】 1100拨打6700**退出队列6701]]>
    </line>
    <line>
      <![CDATA[    Pass: 动态坐席1100退出队列6701]]>
    </line>
    <line>
      <![CDATA[  【执行操作】 1105拨打6701，预期FailDestina-1000接听]]>
    </line>
    <line>
      <![CDATA[    Pass: CDR呼叫方检测]]>
    </line>
    <line>
      <![CDATA[    Pass: CDR被叫方检测]]>
    </line>
    <line>
      <![CDATA[    Pass: CDR_Status检测]]>
    </line>
    <line>
      <![CDATA[    Pass: CDR通讯类型检测]]>
    </line>
    <line>
      <![CDATA[  【执行操作】 3001拨打3000通过sip外线呼入到Queue6702,1100接听]]>
    </line>
    <line>
      <![CDATA[    Pass: 1000预期响铃]]>
    </line>
    <line>
      <![CDATA[    Pass: 1100预期响铃]]>
    </line>
    <line>
      <![CDATA[    Pass: 1101预期响铃]]>
    </line>
    <line>
      <![CDATA[    Pass: 1105预期响铃]]>
    </line>
    <line>
      <![CDATA[    Pass: CDR呼叫方检测]]>
    </line>
    <line>
      <![CDATA[    Pass: CDR被叫方检测]]>
    </line>
    <line>
      <![CDATA[    Pass: CDR_Status检测]]>
    </line>
    <line>
      <![CDATA[    Pass: CDR源中继检测]]>
    </line>
    <line>
      <![CDATA[    Pass: CDR通讯类型检测]]>
    </line>
    <line>
      <![CDATA[  【执行操作】 2001拨打99999通过sps外线呼入到Queue6702,100s内无人接就挂断通话]]>
    </line>
    <line>
      <![CDATA[    Pass: 1000预期响铃]]>
    </line>
    <line>
      <![CDATA[    Pass: 1100预期响铃]]>
    </line>
    <line>
      <![CDATA[    Pass: 1101预期响铃]]>
    </line>
    <line>
      <![CDATA[    Pass: 1105预期响铃]]>
    </line>
    <line>
      <![CDATA[    Pass: 2001预期HangUp]]>
    </line>
    <line>
      <![CDATA[【测试类场景恢复】执行完毕：Queue]]>
    </line>
  </reporter-output>
  <suite name="PBXCORE" duration-ms="13702853" started-at="2017-10-23T13:06:09Z" finished-at="2017-10-23T16:54:32Z">
    <groups>
    </groups>
    <test name="pbxcore" duration-ms="13702853" started-at="2017-10-23T13:06:09Z" finished-at="2017-10-23T16:54:32Z">
      <class name="com.yeastar.swebtest.testcase.RegressionCase.pbxcore.Outbound">
        <test-method status="PASS" signature="BeforeClass()[pri:0, instance:com.yeastar.swebtest.testcase.RegressionCase.pbxcore.Outbound@cdbdf5]" name="BeforeClass" is-config="true" duration-ms="28743" started-at="2017-10-23T21:36:25Z" finished-at="2017-10-23T21:36:53Z">
          <reporter-output>
            <line>
              <![CDATA[【测试类场景初始化】开始执行：Outbound]]>
            </line>
            <line>
              <![CDATA[    Pass: 1000分机注册]]>
            </line>
          </reporter-output>
        </test-method> <!-- BeforeClass -->
        <test-method status="PASS" signature="A_out1_sip()[pri:0, instance:com.yeastar.swebtest.testcase.RegressionCase.pbxcore.Outbound@cdbdf5]" name="A_out1_sip" duration-ms="36209" started-at="2017-10-23T21:36:53Z" finished-at="2017-10-23T21:37:29Z">
          <reporter-output>
            <line>
              <![CDATA[  【执行操作】 1000拨打13001通过sip外线呼出]]>
            </line>
            <line>
              <![CDATA[    Pass: CDR呼叫方检测]]>
            </line>
            <line>
              <![CDATA[    Pass: CDR被叫方检测]]>
            </line>
            <line>
              <![CDATA[    Pass: CDR_Status检测]]>
            </line>
            <line>
              <![CDATA[    Pass: CDR源中继检测]]>
            </line>
            <line>
              <![CDATA[    Pass: CDR目的中继检测]]>
            </line>
            <line>
              <![CDATA[    Pass: CDR通讯类型检测]]>
            </line>
          </reporter-output>
        </test-method> <!-- A_out1_sip -->
        <test-method status="PASS" signature="A_out2_iax()[pri:0, instance:com.yeastar.swebtest.testcase.RegressionCase.pbxcore.Outbound@cdbdf5]" name="A_out2_iax" duration-ms="41100" started-at="2017-10-23T21:37:29Z" finished-at="2017-10-23T21:38:11Z">
          <reporter-output>
            <line>
              <![CDATA[  【执行操作】 1000拨打23001通过iax外线呼出]]>
            </line>
            <line>
              <![CDATA[    Pass: CDR呼叫方检测]]>
            </line>
            <line>
              <![CDATA[    Pass: CDR被叫方检测]]>
            </line>
            <line>
              <![CDATA[    Pass: CDR_Status检测]]>
            </line>
            <line>
              <![CDATA[    Pass: CDR源中继检测]]>
            </line>
            <line>
              <![CDATA[    Pass: CDR目的中继检测]]>
            </line>
            <line>
              <![CDATA[    Pass: CDR通讯类型检测]]>
            </line>
          </reporter-output>
        </test-method> <!-- A_out2_iax -->
        <test-method status="PASS" signature="A_out3_sps()[pri:0, instance:com.yeastar.swebtest.testcase.RegressionCase.pbxcore.Outbound@cdbdf5]" name="A_out3_sps" duration-ms="38490" started-at="2017-10-23T21:38:11Z" finished-at="2017-10-23T21:38:49Z">
          <reporter-output>
            <line>
              <![CDATA[  【执行操作】 1000拨打32000通过sps外线呼出]]>
            </line>
            <line>
              <![CDATA[    Pass: CDR呼叫方检测]]>
            </line>
            <line>
              <![CDATA[    Pass: CDR被叫方检测]]>
            </line>
            <line>
              <![CDATA[    Pass: CDR_Status检测]]>
            </line>
            <line>
              <![CDATA[    Pass: CDR源中继检测]]>
            </line>
            <line>
              <![CDATA[    Pass: CDR目的中继检测]]>
            </line>
            <line>
              <![CDATA[    Pass: CDR通讯类型检测]]>
            </line>
          </reporter-output>
        </test-method> <!-- A_out3_sps -->
        <test-method status="PASS" signature="A_out4_sps()[pri:0, instance:com.yeastar.swebtest.testcase.RegressionCase.pbxcore.Outbound@cdbdf5]" name="A_out4_sps" duration-ms="41186" started-at="2017-10-23T21:38:49Z" finished-at="2017-10-23T21:39:30Z">
          <reporter-output>
            <line>
              <![CDATA[  【执行操作】 1000拨打42000通过spx外线呼出]]>
            </line>
            <line>
              <![CDATA[    Pass: CDR呼叫方检测]]>
            </line>
            <line>
              <![CDATA[    Pass: CDR被叫方检测]]>
            </line>
            <line>
              <![CDATA[    Pass: CDR_Status检测]]>
            </line>
            <line>
              <![CDATA[    Pass: CDR源中继检测]]>
            </line>
            <line>
              <![CDATA[    Pass: CDR目的中继检测]]>
            </line>
            <line>
              <![CDATA[    Pass: CDR通讯类型检测]]>
            </line>
          </reporter-output>
        </test-method> <!-- A_out4_sps -->
        <test-method status="FAIL" signature="A_out5_fxo()[pri:0, instance:com.yeastar.swebtest.testcase.RegressionCase.pbxcore.Outbound@cdbdf5]" name="A_out5_fxo" duration-ms="33792" started-at="2017-10-23T21:39:30Z" finished-at="2017-10-23T21:40:04Z">
          <exception class="java.lang.AssertionError">
            <message>
              <![CDATA[CDR源中继检测 【预期：? 实际：FXO2-3】]]>
            </message>
            <full-stacktrace>
              <![CDATA[java.lang.AssertionError: CDR源中继检测 【预期：? 实际：FXO2-3】
	at com.yeastar.swebtest.tools.ysassert.YsAssert.fail(YsAssert.java:1086)
	at com.yeastar.swebtest.tools.ysassert.YsAssert.failNotEquals(YsAssert.java:579)
	at com.yeastar.swebtest.tools.ysassert.YsAssert.assertEqualsImpl(YsAssert.java:142)
	at com.yeastar.swebtest.tools.ysassert.YsAssert.assertEquals(YsAssert.java:116)
	at com.yeastar.swebtest.tools.ysassert.YsAssert.assertEquals(YsAssert.java:199)
	at com.yeastar.swebtest.driver.YSMethod.YS_Extension.checkCDR(YS_Extension.java:254)
	at com.yeastar.swebtest.driver.YSMethod.YS_Extension.checkCDR(YS_Extension.java:242)
	at com.yeastar.swebtest.testcase.RegressionCase.pbxcore.Outbound.A_out5_fxo(Outbound.java:89)
	at sun.reflect.NativeMethodAccessorImpl.invoke0(Native Method)
	at sun.reflect.NativeMethodAccessorImpl.invoke(NativeMethodAccessorImpl.java:62)
	at sun.reflect.DelegatingMethodAccessorImpl.invoke(DelegatingMethodAccessorImpl.java:43)
	at java.lang.reflect.Method.invoke(Method.java:498)
	at org.testng.internal.MethodInvocationHelper.invokeMethod(MethodInvocationHelper.java:85)
	at org.testng.internal.Invoker.invokeMethod(Invoker.java:639)
	at org.testng.internal.Invoker.invokeTestMethod(Invoker.java:816)
	at org.testng.internal.Invoker.invokeTestMethods(Invoker.java:1124)
	at org.testng.internal.TestMethodWorker.invokeTestMethods(TestMethodWorker.java:125)
	at org.testng.internal.TestMethodWorker.run(TestMethodWorker.java:108)
	at org.testng.TestRunner.privateRun(TestRunner.java:774)
	at org.testng.TestRunner.run(TestRunner.java:624)
	at org.testng.SuiteRunner.runTest(SuiteRunner.java:359)
	at org.testng.SuiteRunner.runSequentially(SuiteRunner.java:354)
	at org.testng.SuiteRunner.privateRun(SuiteRunner.java:312)
	at org.testng.SuiteRunner.run(SuiteRunner.java:261)
	at org.testng.SuiteRunnerWorker.runSuite(SuiteRunnerWorker.java:52)
	at org.testng.SuiteRunnerWorker.run(SuiteRunnerWorker.java:86)
	at org.testng.TestNG.runSuitesSequentially(TestNG.java:1215)
	at org.testng.TestNG.runSuitesLocally(TestNG.java:1140)
	at org.testng.TestNG.run(TestNG.java:1048)
	at org.apache.maven.surefire.testng.TestNGExecutor.run(TestNGExecutor.java:293)
	at org.apache.maven.surefire.testng.TestNGXmlTestSuite.execute(TestNGXmlTestSuite.java:84)
	at org.apache.maven.surefire.testng.TestNGProvider.invoke(TestNGProvider.java:91)
	at org.apache.maven.surefire.booter.ForkedBooter.invokeProviderInSameClassLoader(ForkedBooter.java:200)
	at org.apache.maven.surefire.booter.ForkedBooter.runSuitesInProcess(ForkedBooter.java:153)
	at org.apache.maven.surefire.booter.ForkedBooter.main(ForkedBooter.java:103)
]]>
            </full-stacktrace>
          </exception> <!-- java.lang.AssertionError -->
          <reporter-output>
            <line>
              <![CDATA[  【执行操作】 1000拨打52000通过PSTN外线呼出]]>
            </line>
            <line>
              <![CDATA[    Pass: CDR呼叫方检测]]>
            </line>
            <line>
              <![CDATA[    Pass: CDR被叫方检测]]>
            </line>
            <line>
              <![CDATA[    Pass: CDR_Status检测]]>
            </line>
            <line>
              <![CDATA[    <a href="file:///E:\SwebTest\pic\CDR源中继检测 【预期：? 实际：FXO2-3】.jpg" target="_blank">Error: CDR源中继检测 【预期：? 实际：FXO2-3】</a>]]>
            </line>
          </reporter-output>
        </test-method> <!-- A_out5_fxo -->
        <test-method status="FAIL" signature="A_out6_bri()[pri:0, instance:com.yeastar.swebtest.testcase.RegressionCase.pbxcore.Outbound@cdbdf5]" name="A_out6_bri" duration-ms="33729" started-at="2017-10-23T21:40:04Z" finished-at="2017-10-23T21:40:38Z">
          <exception class="java.lang.AssertionError">
            <message>
              <![CDATA[CDR源中继检测 【预期：? 实际：BRI2-1】]]>
            </message>
            <full-stacktrace>
              <![CDATA[java.lang.AssertionError: CDR源中继检测 【预期：? 实际：BRI2-1】
	at com.yeastar.swebtest.tools.ysassert.YsAssert.fail(YsAssert.java:1086)
	at com.yeastar.swebtest.tools.ysassert.YsAssert.failNotEquals(YsAssert.java:579)
	at com.yeastar.swebtest.tools.ysassert.YsAssert.assertEqualsImpl(YsAssert.java:142)
	at com.yeastar.swebtest.tools.ysassert.YsAssert.assertEquals(YsAssert.java:116)
	at com.yeastar.swebtest.tools.ysassert.YsAssert.assertEquals(YsAssert.java:199)
	at com.yeastar.swebtest.driver.YSMethod.YS_Extension.checkCDR(YS_Extension.java:254)
	at com.yeastar.swebtest.driver.YSMethod.YS_Extension.checkCDR(YS_Extension.java:242)
	at com.yeastar.swebtest.testcase.RegressionCase.pbxcore.Outbound.A_out6_bri(Outbound.java:100)
	at sun.reflect.NativeMethodAccessorImpl.invoke0(Native Method)
	at sun.reflect.NativeMethodAccessorImpl.invoke(NativeMethodAccessorImpl.java:62)
	at sun.reflect.DelegatingMethodAccessorImpl.invoke(DelegatingMethodAccessorImpl.java:43)
	at java.lang.reflect.Method.invoke(Method.java:498)
	at org.testng.internal.MethodInvocationHelper.invokeMethod(MethodInvocationHelper.java:85)
	at org.testng.internal.Invoker.invokeMethod(Invoker.java:639)
	at org.testng.internal.Invoker.invokeTestMethod(Invoker.java:816)
	at org.testng.internal.Invoker.invokeTestMethods(Invoker.java:1124)
	at org.testng.internal.TestMethodWorker.invokeTestMethods(TestMethodWorker.java:125)
	at org.testng.internal.TestMethodWorker.run(TestMethodWorker.java:108)
	at org.testng.TestRunner.privateRun(TestRunner.java:774)
	at org.testng.TestRunner.run(TestRunner.java:624)
	at org.testng.SuiteRunner.runTest(SuiteRunner.java:359)
	at org.testng.SuiteRunner.runSequentially(SuiteRunner.java:354)
	at org.testng.SuiteRunner.privateRun(SuiteRunner.java:312)
	at org.testng.SuiteRunner.run(SuiteRunner.java:261)
	at org.testng.SuiteRunnerWorker.runSuite(SuiteRunnerWorker.java:52)
	at org.testng.SuiteRunnerWorker.run(SuiteRunnerWorker.java:86)
	at org.testng.TestNG.runSuitesSequentially(TestNG.java:1215)
	at org.testng.TestNG.runSuitesLocally(TestNG.java:1140)
	at org.testng.TestNG.run(TestNG.java:1048)
	at org.apache.maven.surefire.testng.TestNGExecutor.run(TestNGExecutor.java:293)
	at org.apache.maven.surefire.testng.TestNGXmlTestSuite.execute(TestNGXmlTestSuite.java:84)
	at org.apache.maven.surefire.testng.TestNGProvider.invoke(TestNGProvider.java:91)
	at org.apache.maven.surefire.booter.ForkedBooter.invokeProviderInSameClassLoader(ForkedBooter.java:200)
	at org.apache.maven.surefire.booter.ForkedBooter.runSuitesInProcess(ForkedBooter.java:153)
	at org.apache.maven.surefire.booter.ForkedBooter.main(ForkedBooter.java:103)
]]>
            </full-stacktrace>
          </exception> <!-- java.lang.AssertionError -->
          <reporter-output>
            <line>
              <![CDATA[  【执行操作】 1000拨打62000通过BRI外线呼出]]>
            </line>
            <line>
              <![CDATA[    Pass: CDR呼叫方检测]]>
            </line>
            <line>
              <![CDATA[    Pass: CDR被叫方检测]]>
            </line>
            <line>
              <![CDATA[    Pass: CDR_Status检测]]>
            </line>
            <line>
              <![CDATA[    <a href="file:///E:\SwebTest\pic\CDR源中继检测 【预期：? 实际：BRI2-1】.jpg" target="_blank">Error: CDR源中继检测 【预期：? 实际：BRI2-1】</a>]]>
            </line>
          </reporter-output>
        </test-method> <!-- A_out6_bri -->
        <test-method status="FAIL" signature="A_out7_E1()[pri:0, instance:com.yeastar.swebtest.testcase.RegressionCase.pbxcore.Outbound@cdbdf5]" name="A_out7_E1" duration-ms="34367" started-at="2017-10-23T21:40:38Z" finished-at="2017-10-23T21:41:12Z">
          <exception class="java.lang.AssertionError">
            <message>
              <![CDATA[CDR源中继检测 【预期：? 实际：DIGIT1】]]>
            </message>
            <full-stacktrace>
              <![CDATA[java.lang.AssertionError: CDR源中继检测 【预期：? 实际：DIGIT1】
	at com.yeastar.swebtest.tools.ysassert.YsAssert.fail(YsAssert.java:1086)
	at com.yeastar.swebtest.tools.ysassert.YsAssert.failNotEquals(YsAssert.java:579)
	at com.yeastar.swebtest.tools.ysassert.YsAssert.assertEqualsImpl(YsAssert.java:142)
	at com.yeastar.swebtest.tools.ysassert.YsAssert.assertEquals(YsAssert.java:116)
	at com.yeastar.swebtest.tools.ysassert.YsAssert.assertEquals(YsAssert.java:199)
	at com.yeastar.swebtest.driver.YSMethod.YS_Extension.checkCDR(YS_Extension.java:254)
	at com.yeastar.swebtest.driver.YSMethod.YS_Extension.checkCDR(YS_Extension.java:242)
	at com.yeastar.swebtest.testcase.RegressionCase.pbxcore.Outbound.A_out7_E1(Outbound.java:111)
	at sun.reflect.NativeMethodAccessorImpl.invoke0(Native Method)
	at sun.reflect.NativeMethodAccessorImpl.invoke(NativeMethodAccessorImpl.java:62)
	at sun.reflect.DelegatingMethodAccessorImpl.invoke(DelegatingMethodAccessorImpl.java:43)
	at java.lang.reflect.Method.invoke(Method.java:498)
	at org.testng.internal.MethodInvocationHelper.invokeMethod(MethodInvocationHelper.java:85)
	at org.testng.internal.Invoker.invokeMethod(Invoker.java:639)
	at org.testng.internal.Invoker.invokeTestMethod(Invoker.java:816)
	at org.testng.internal.Invoker.invokeTestMethods(Invoker.java:1124)
	at org.testng.internal.TestMethodWorker.invokeTestMethods(TestMethodWorker.java:125)
	at org.testng.internal.TestMethodWorker.run(TestMethodWorker.java:108)
	at org.testng.TestRunner.privateRun(TestRunner.java:774)
	at org.testng.TestRunner.run(TestRunner.java:624)
	at org.testng.SuiteRunner.runTest(SuiteRunner.java:359)
	at org.testng.SuiteRunner.runSequentially(SuiteRunner.java:354)
	at org.testng.SuiteRunner.privateRun(SuiteRunner.java:312)
	at org.testng.SuiteRunner.run(SuiteRunner.java:261)
	at org.testng.SuiteRunnerWorker.runSuite(SuiteRunnerWorker.java:52)
	at org.testng.SuiteRunnerWorker.run(SuiteRunnerWorker.java:86)
	at org.testng.TestNG.runSuitesSequentially(TestNG.java:1215)
	at org.testng.TestNG.runSuitesLocally(TestNG.java:1140)
	at org.testng.TestNG.run(TestNG.java:1048)
	at org.apache.maven.surefire.testng.TestNGExecutor.run(TestNGExecutor.java:293)
	at org.apache.maven.surefire.testng.TestNGXmlTestSuite.execute(TestNGXmlTestSuite.java:84)
	at org.apache.maven.surefire.testng.TestNGProvider.invoke(TestNGProvider.java:91)
	at org.apache.maven.surefire.booter.ForkedBooter.invokeProviderInSameClassLoader(ForkedBooter.java:200)
	at org.apache.maven.surefire.booter.ForkedBooter.runSuitesInProcess(ForkedBooter.java:153)
	at org.apache.maven.surefire.booter.ForkedBooter.main(ForkedBooter.java:103)
]]>
            </full-stacktrace>
          </exception> <!-- java.lang.AssertionError -->
          <reporter-output>
            <line>
              <![CDATA[  【执行操作】 1000拨打72000通过E1外线呼出]]>
            </line>
            <line>
              <![CDATA[    Pass: CDR呼叫方检测]]>
            </line>
            <line>
              <![CDATA[    Pass: CDR被叫方检测]]>
            </line>
            <line>
              <![CDATA[    Pass: CDR_Status检测]]>
            </line>
            <line>
              <![CDATA[    <a href="file:///E:\SwebTest\pic\CDR源中继检测 【预期：? 实际：DIGIT1】.jpg" target="_blank">Error: CDR源中继检测 【预期：? 实际：DIGIT1】</a>]]>
            </line>
          </reporter-output>
        </test-method> <!-- A_out7_E1 -->
        <test-method status="FAIL" signature="A_out8_gsm()[pri:0, instance:com.yeastar.swebtest.testcase.RegressionCase.pbxcore.Outbound@cdbdf5]" name="A_out8_gsm" duration-ms="41081" started-at="2017-10-23T21:41:12Z" finished-at="2017-10-23T21:41:53Z">
          <exception class="java.lang.AssertionError">
            <message>
              <![CDATA[CDR源中继检测 【预期：? 实际：UMTS3-3】]]>
            </message>
            <full-stacktrace>
              <![CDATA[java.lang.AssertionError: CDR源中继检测 【预期：? 实际：UMTS3-3】
	at com.yeastar.swebtest.tools.ysassert.YsAssert.fail(YsAssert.java:1086)
	at com.yeastar.swebtest.tools.ysassert.YsAssert.failNotEquals(YsAssert.java:579)
	at com.yeastar.swebtest.tools.ysassert.YsAssert.assertEqualsImpl(YsAssert.java:142)
	at com.yeastar.swebtest.tools.ysassert.YsAssert.assertEquals(YsAssert.java:116)
	at com.yeastar.swebtest.tools.ysassert.YsAssert.assertEquals(YsAssert.java:199)
	at com.yeastar.swebtest.driver.YSMethod.YS_Extension.checkCDR(YS_Extension.java:254)
	at com.yeastar.swebtest.driver.YSMethod.YS_Extension.checkCDR(YS_Extension.java:242)
	at com.yeastar.swebtest.testcase.RegressionCase.pbxcore.Outbound.A_out8_gsm(Outbound.java:122)
	at sun.reflect.NativeMethodAccessorImpl.invoke0(Native Method)
	at sun.reflect.NativeMethodAccessorImpl.invoke(NativeMethodAccessorImpl.java:62)
	at sun.reflect.DelegatingMethodAccessorImpl.invoke(DelegatingMethodAccessorImpl.java:43)
	at java.lang.reflect.Method.invoke(Method.java:498)
	at org.testng.internal.MethodInvocationHelper.invokeMethod(MethodInvocationHelper.java:85)
	at org.testng.internal.Invoker.invokeMethod(Invoker.java:639)
	at org.testng.internal.Invoker.invokeTestMethod(Invoker.java:816)
	at org.testng.internal.Invoker.invokeTestMethods(Invoker.java:1124)
	at org.testng.internal.TestMethodWorker.invokeTestMethods(TestMethodWorker.java:125)
	at org.testng.internal.TestMethodWorker.run(TestMethodWorker.java:108)
	at org.testng.TestRunner.privateRun(TestRunner.java:774)
	at org.testng.TestRunner.run(TestRunner.java:624)
	at org.testng.SuiteRunner.runTest(SuiteRunner.java:359)
	at org.testng.SuiteRunner.runSequentially(SuiteRunner.java:354)
	at org.testng.SuiteRunner.privateRun(SuiteRunner.java:312)
	at org.testng.SuiteRunner.run(SuiteRunner.java:261)
	at org.testng.SuiteRunnerWorker.runSuite(SuiteRunnerWorker.java:52)
	at org.testng.SuiteRunnerWorker.run(SuiteRunnerWorker.java:86)
	at org.testng.TestNG.runSuitesSequentially(TestNG.java:1215)
	at org.testng.TestNG.runSuitesLocally(TestNG.java:1140)
	at org.testng.TestNG.run(TestNG.java:1048)
	at org.apache.maven.surefire.testng.TestNGExecutor.run(TestNGExecutor.java:293)
	at org.apache.maven.surefire.testng.TestNGXmlTestSuite.execute(TestNGXmlTestSuite.java:84)
	at org.apache.maven.surefire.testng.TestNGProvider.invoke(TestNGProvider.java:91)
	at org.apache.maven.surefire.booter.ForkedBooter.invokeProviderInSameClassLoader(ForkedBooter.java:200)
	at org.apache.maven.surefire.booter.ForkedBooter.runSuitesInProcess(ForkedBooter.java:153)
	at org.apache.maven.surefire.booter.ForkedBooter.main(ForkedBooter.java:103)
]]>
            </full-stacktrace>
          </exception> <!-- java.lang.AssertionError -->
          <reporter-output>
            <line>
              <![CDATA[  【执行操作】 1000拨打辅助设备的GSM号码呼出]]>
            </line>
            <line>
              <![CDATA[    Pass: CDR呼叫方检测]]>
            </line>
            <line>
              <![CDATA[    Pass: CDR被叫方检测]]>
            </line>
            <line>
              <![CDATA[    Pass: CDR_Status检测]]>
            </line>
            <line>
              <![CDATA[    <a href="file:///E:\SwebTest\pic\CDR源中继检测 【预期：? 实际：UMTS3-3】.jpg" target="_blank">Error: CDR源中继检测 【预期：? 实际：UMTS3-3】</a>]]>
            </line>
          </reporter-output>
        </test-method> <!-- A_out8_gsm -->
        <test-method status="PASS" signature="B_Prepend()[pri:0, instance:com.yeastar.swebtest.testcase.RegressionCase.pbxcore.Outbound@cdbdf5]" name="B_Prepend" duration-ms="63833" started-at="2017-10-23T21:41:53Z" finished-at="2017-10-23T21:42:57Z">
          <reporter-output>
            <line>
              <![CDATA[  【执行操作】 新建呼出路由DialPattern，Pattern:91.，strip：2，Prepend：123456，选择SIP外线/所有分机]]>
            </line>
            <line>
              <![CDATA[  【执行操作】 1000拨打9101通过sip外线呼出]]>
            </line>
            <line>
              <![CDATA[    Pass: CDR呼叫方检测]]>
            </line>
            <line>
              <![CDATA[    Pass: CDR被叫方检测]]>
            </line>
            <line>
              <![CDATA[    Pass: CDR_Status检测]]>
            </line>
            <line>
              <![CDATA[    Pass: CDR源中继检测]]>
            </line>
            <line>
              <![CDATA[    Pass: CDR目的中继检测]]>
            </line>
            <line>
              <![CDATA[    Pass: CDR通讯类型检测]]>
            </line>
          </reporter-output>
        </test-method> <!-- B_Prepend -->
        <test-method status="PASS" signature="C_password()[pri:0, instance:com.yeastar.swebtest.testcase.RegressionCase.pbxcore.Outbound@cdbdf5]" name="C_password" duration-ms="108659" started-at="2017-10-23T21:42:57Z" finished-at="2017-10-23T21:44:46Z">
          <reporter-output>
            <line>
              <![CDATA[  【执行操作】 新建呼出路由Password，Pattern:92.，strip：2，外线:SPS，分机：1000]]>
            </line>
            <line>
              <![CDATA[  【执行操作】 编辑呼出路由Password，Passwoed：Single Pin--123]]>
            </line>
            <line>
              <![CDATA[  【执行操作】 1000拨打928888通过SPS外线呼出]]>
            </line>
            <line>
              <![CDATA[    Pass: CDR呼叫方检测]]>
            </line>
            <line>
              <![CDATA[    Pass: CDR被叫方检测]]>
            </line>
            <line>
              <![CDATA[    Pass: CDR_Status检测]]>
            </line>
            <line>
              <![CDATA[    Pass: CDR源中继检测]]>
            </line>
            <line>
              <![CDATA[    Pass: CDR目的中继检测]]>
            </line>
            <line>
              <![CDATA[    Pass: CDR通讯类型检测]]>
            </line>
            <line>
              <![CDATA[    Pass: CDR检测]]>
            </line>
          </reporter-output>
        </test-method> <!-- C_password -->
        <test-method status="PASS" signature="D_rrmemory_hunt()[pri:0, instance:com.yeastar.swebtest.testcase.RegressionCase.pbxcore.Outbound@cdbdf5]" name="D_rrmemory_hunt" duration-ms="163392" started-at="2017-10-23T21:44:46Z" finished-at="2017-10-23T21:47:29Z">
          <reporter-output>
            <line>
              <![CDATA[  【执行操作】 新建呼出路由Rrmemory_hunt，Pattern:93.，strip：2，外线:SPS、SPX，分机：1000]]>
            </line>
            <line>
              <![CDATA[  【执行操作】 编辑呼出路由Rrmemory_hunt，启用循环抓取]]>
            </line>
            <line>
              <![CDATA[  【执行操作】 1000拨打933333，第1次预期通过SPS外线呼出]]>
            </line>
            <line>
              <![CDATA[    Pass: CDR呼叫方检测]]>
            </line>
            <line>
              <![CDATA[    Pass: CDR被叫方检测]]>
            </line>
            <line>
              <![CDATA[    Pass: CDR_Status检测]]>
            </line>
            <line>
              <![CDATA[    Pass: CDR源中继检测]]>
            </line>
            <line>
              <![CDATA[    Pass: CDR目的中继检测]]>
            </line>
            <line>
              <![CDATA[    Pass: CDR通讯类型检测]]>
            </line>
            <line>
              <![CDATA[  【执行操作】 1000拨打933333，第2次预期通过SPX外线呼出]]>
            </line>
            <line>
              <![CDATA[    Pass: CDR呼叫方检测]]>
            </line>
            <line>
              <![CDATA[    Pass: CDR被叫方检测]]>
            </line>
            <line>
              <![CDATA[    Pass: CDR_Status检测]]>
            </line>
            <line>
              <![CDATA[    Pass: CDR源中继检测]]>
            </line>
            <line>
              <![CDATA[    Pass: CDR目的中继检测]]>
            </line>
            <line>
              <![CDATA[    Pass: CDR通讯类型检测]]>
            </line>
            <line>
              <![CDATA[  【执行操作】 1000拨打933333，第3次预期通过SPS外线呼出]]>
            </line>
            <line>
              <![CDATA[    Pass: CDR呼叫方检测]]>
            </line>
            <line>
              <![CDATA[    Pass: CDR被叫方检测]]>
            </line>
            <line>
              <![CDATA[    Pass: CDR_Status检测]]>
            </line>
            <line>
              <![CDATA[    Pass: CDR源中继检测]]>
            </line>
            <line>
              <![CDATA[    Pass: CDR目的中继检测]]>
            </line>
            <line>
              <![CDATA[    Pass: CDR通讯类型检测]]>
            </line>
          </reporter-output>
        </test-method> <!-- D_rrmemory_hunt -->
        <test-method status="FAIL" signature="E_timecondition()[pri:0, instance:com.yeastar.swebtest.testcase.RegressionCase.pbxcore.Outbound@cdbdf5]" name="E_timecondition" duration-ms="65613" started-at="2017-10-23T21:47:29Z" finished-at="2017-10-23T21:48:35Z">
          <exception class="java.lang.AssertionError">
            <message>
              <![CDATA[CDR被叫方检测 【预期：9299999 实际：933333】]]>
            </message>
            <full-stacktrace>
              <![CDATA[java.lang.AssertionError: CDR被叫方检测 【预期：9299999 实际：933333】
	at com.yeastar.swebtest.tools.ysassert.YsAssert.fail(YsAssert.java:1086)
	at com.yeastar.swebtest.tools.ysassert.YsAssert.failNotEquals(YsAssert.java:579)
	at com.yeastar.swebtest.tools.ysassert.YsAssert.assertEqualsImpl(YsAssert.java:142)
	at com.yeastar.swebtest.tools.ysassert.YsAssert.assertEquals(YsAssert.java:116)
	at com.yeastar.swebtest.tools.ysassert.YsAssert.assertEquals(YsAssert.java:199)
	at com.yeastar.swebtest.driver.YSMethod.YS_Extension.checkCDR(YS_Extension.java:251)
	at com.yeastar.swebtest.driver.YSMethod.YS_Extension.checkCDR(YS_Extension.java:242)
	at com.yeastar.swebtest.testcase.RegressionCase.pbxcore.Outbound.E_timecondition(Outbound.java:248)
	at sun.reflect.NativeMethodAccessorImpl.invoke0(Native Method)
	at sun.reflect.NativeMethodAccessorImpl.invoke(NativeMethodAccessorImpl.java:62)
	at sun.reflect.DelegatingMethodAccessorImpl.invoke(DelegatingMethodAccessorImpl.java:43)
	at java.lang.reflect.Method.invoke(Method.java:498)
	at org.testng.internal.MethodInvocationHelper.invokeMethod(MethodInvocationHelper.java:85)
	at org.testng.internal.Invoker.invokeMethod(Invoker.java:639)
	at org.testng.internal.Invoker.invokeTestMethod(Invoker.java:816)
	at org.testng.internal.Invoker.invokeTestMethods(Invoker.java:1124)
	at org.testng.internal.TestMethodWorker.invokeTestMethods(TestMethodWorker.java:125)
	at org.testng.internal.TestMethodWorker.run(TestMethodWorker.java:108)
	at org.testng.TestRunner.privateRun(TestRunner.java:774)
	at org.testng.TestRunner.run(TestRunner.java:624)
	at org.testng.SuiteRunner.runTest(SuiteRunner.java:359)
	at org.testng.SuiteRunner.runSequentially(SuiteRunner.java:354)
	at org.testng.SuiteRunner.privateRun(SuiteRunner.java:312)
	at org.testng.SuiteRunner.run(SuiteRunner.java:261)
	at org.testng.SuiteRunnerWorker.runSuite(SuiteRunnerWorker.java:52)
	at org.testng.SuiteRunnerWorker.run(SuiteRunnerWorker.java:86)
	at org.testng.TestNG.runSuitesSequentially(TestNG.java:1215)
	at org.testng.TestNG.runSuitesLocally(TestNG.java:1140)
	at org.testng.TestNG.run(TestNG.java:1048)
	at org.apache.maven.surefire.testng.TestNGExecutor.run(TestNGExecutor.java:293)
	at org.apache.maven.surefire.testng.TestNGXmlTestSuite.execute(TestNGXmlTestSuite.java:84)
	at org.apache.maven.surefire.testng.TestNGProvider.invoke(TestNGProvider.java:91)
	at org.apache.maven.surefire.booter.ForkedBooter.invokeProviderInSameClassLoader(ForkedBooter.java:200)
	at org.apache.maven.surefire.booter.ForkedBooter.runSuitesInProcess(ForkedBooter.java:153)
	at org.apache.maven.surefire.booter.ForkedBooter.main(ForkedBooter.java:103)
]]>
            </full-stacktrace>
          </exception> <!-- java.lang.AssertionError -->
          <reporter-output>
            <line>
              <![CDATA[  【执行操作】 编辑呼出路由Password：取消密码设置，TimeCondition选择Outbound]]>
            </line>
            <line>
              <![CDATA[  【执行操作】 1000拨打929999，通过sps外线呼出，预期：呼出失败]]>
            </line>
            <line>
              <![CDATA[    Pass: CDR呼叫方检测]]>
            </line>
            <line>
              <![CDATA[    <a href="file:///E:\SwebTest\pic\CDR被叫方检测 【预期：9299999 实际：933333】.jpg" target="_blank">Error: CDR被叫方检测 【预期：9299999 实际：933333】</a>]]>
            </line>
          </reporter-output>
        </test-method> <!-- E_timecondition -->
        <test-method status="PASS" signature="F_delete()[pri:0, instance:com.yeastar.swebtest.testcase.RegressionCase.pbxcore.Outbound@cdbdf5]" name="F_delete" duration-ms="87877" started-at="2017-10-23T21:48:35Z" finished-at="2017-10-23T21:50:03Z">
          <reporter-output>
            <line>
              <![CDATA[  【执行操作】 表格删除：Rrmemory_hunt-取消删除]]>
            </line>
            <line>
              <![CDATA[    Pass: 表格删除：Rrmemory_hunt-取消删除]]>
            </line>
            <line>
              <![CDATA[  【执行操作】 表格删除：Rrmemory_hunt-确定删除]]>
            </line>
            <line>
              <![CDATA[    Pass: 表格删除：Rrmemory_hunt-确定删除]]>
            </line>
            <line>
              <![CDATA[  【执行操作】 删除：Prepend-取消删除]]>
            </line>
            <line>
              <![CDATA[    Pass: 删除：Prepend-取消删除]]>
            </line>
            <line>
              <![CDATA[  【执行操作】 删除：Prepend-确定删除]]>
            </line>
            <line>
              <![CDATA[    Pass: 删除：Prepend-确定删除]]>
            </line>
          </reporter-output>
        </test-method> <!-- F_delete -->
        <test-method status="PASS" signature="AfterClass()[pri:0, instance:com.yeastar.swebtest.testcase.RegressionCase.pbxcore.Outbound@cdbdf5]" name="AfterClass" is-config="true" duration-ms="13578" started-at="2017-10-23T21:50:03Z" finished-at="2017-10-23T21:50:16Z">
          <reporter-output>
            <line>
              <![CDATA[【测试类场景恢复】执行完毕：Outbound]]>
            </line>
          </reporter-output>
        </test-method> <!-- AfterClass -->
      </class> <!-- com.yeastar.swebtest.testcase.RegressionCase.pbxcore.Outbound -->
      <class name="com.yeastar.swebtest.testcase.RegressionCase.pbxcore.Inbound">
        <test-method status="PASS" signature="BeforeClass()[pri:0, instance:com.yeastar.swebtest.testcase.RegressionCase.pbxcore.Inbound@1d0c81b]" name="BeforeClass" is-config="true" duration-ms="41890" started-at="2017-10-23T21:22:49Z" finished-at="2017-10-23T21:23:31Z">
          <reporter-output>
            <line>
              <![CDATA[【测试类场景初始化】开始执行：Inbound]]>
            </line>
            <line>
              <![CDATA[    Pass: 1000分机注册]]>
            </line>
            <line>
              <![CDATA[    Pass: 1101分机注册]]>
            </line>
            <line>
              <![CDATA[    Pass: 1105分机注册]]>
            </line>
          </reporter-output>
        </test-method> <!-- BeforeClass -->
        <test-method status="PASS" signature="A_callfrom1_sip()[pri:0, instance:com.yeastar.swebtest.testcase.RegressionCase.pbxcore.Inbound@1d0c81b]" name="A_callfrom1_sip" duration-ms="36378" started-at="2017-10-23T21:23:31Z" finished-at="2017-10-23T21:24:07Z">
          <reporter-output>
            <line>
              <![CDATA[  【执行操作】 3001拨打3000通过sip外线呼入到分机1000]]>
            </line>
            <line>
              <![CDATA[    Pass: CDR呼叫方检测]]>
            </line>
            <line>
              <![CDATA[    Pass: CDR被叫方检测]]>
            </line>
            <line>
              <![CDATA[    Pass: CDR_Status检测]]>
            </line>
            <line>
              <![CDATA[    Pass: CDR源中继检测]]>
            </line>
            <line>
              <![CDATA[    Pass: CDR目的中继检测]]>
            </line>
            <line>
              <![CDATA[    Pass: CDR通讯类型检测]]>
            </line>
          </reporter-output>
        </test-method> <!-- A_callfrom1_sip -->
[...]
            <line>
              <![CDATA[  【执行操作】 添加spx外线SPX1]]>
            </line>
            <line>
              <![CDATA[    <a href="file:///E:\SwebTest\pic\SPX1注册失败.jpg" target="_blank">Error: SPX1注册失败</a>]]>
            </line>
          </reporter-output>
        </test-method> <!-- E_addtrunk -->
        <test-method status="PASS" signature="F_addInRoute()[pri:0, instance:com.yeastar.swebtest.testcase.RegressionCase.pbxcore.BeforeTest@1088d51]" name="F_addInRoute" duration-ms="51023" started-at="2017-10-23T21:11:00Z" finished-at="2017-10-23T21:11:51Z">
          <reporter-output>
            <line>
              <![CDATA[  【执行操作】 删除所有呼入路由]]>
            </line>
            <line>
              <![CDATA[    Pass:  删除所有呼入路由]]>
            </line>
            <line>
              <![CDATA[  【执行操作】 添加呼入路由InRoute1]]>
            </line>
          </reporter-output>
        </test-method> <!-- F_addInRoute -->
        <test-method status="PASS" signature="G_addOutRoute1()[pri:0, instance:com.yeastar.swebtest.testcase.RegressionCase.pbxcore.BeforeTest@1088d51]" name="G_addOutRoute1" duration-ms="31184" started-at="2017-10-23T21:11:51Z" finished-at="2017-10-23T21:12:22Z">
          <reporter-output>
            <line>
              <![CDATA[  【执行操作】 删除所有呼出路由]]>
            </line>
            <line>
              <![CDATA[    Pass:  删除所有呼出路由]]>
            </line>
            <line>
              <![CDATA[  【执行操作】 添加sip的呼出路由OutRoute1_sip]]>
            </line>
          </reporter-output>
        </test-method> <!-- G_addOutRoute1 -->
        <test-method status="PASS" signature="G_addOutRoute2()[pri:0, instance:com.yeastar.swebtest.testcase.RegressionCase.pbxcore.BeforeTest@1088d51]" name="G_addOutRoute2" duration-ms="13634" started-at="2017-10-23T21:12:22Z" finished-at="2017-10-23T21:12:35Z">
          <reporter-output>
            <line>
              <![CDATA[  【执行操作】 添加iax的呼出路由OutRoute2_iax]]>
            </line>
          </reporter-output>
        </test-method> <!-- G_addOutRoute2 -->
        <test-method status="PASS" signature="G_addOutRoute3()[pri:0, instance:com.yeastar.swebtest.testcase.RegressionCase.pbxcore.BeforeTest@1088d51]" name="G_addOutRoute3" duration-ms="13748" started-at="2017-10-23T21:12:35Z" finished-at="2017-10-23T21:12:49Z">
          <reporter-output>
            <line>
              <![CDATA[  【执行操作】 添加sps的呼出路由OutRoute3_sps]]>
            </line>
          </reporter-output>
        </test-method> <!-- G_addOutRoute3 -->
        <test-method status="PASS" signature="G_addOutRoute4()[pri:0, instance:com.yeastar.swebtest.testcase.RegressionCase.pbxcore.BeforeTest@1088d51]" name="G_addOutRoute4" duration-ms="13803" started-at="2017-10-23T21:12:49Z" finished-at="2017-10-23T21:13:03Z">
          <reporter-output>
            <line>
              <![CDATA[  【执行操作】 添加spx的呼出路由OutRoute4_spx]]>
            </line>
          </reporter-output>
        </test-method> <!-- G_addOutRoute4 -->
        <test-method status="PASS" signature="G_addOutRoute5()[pri:0, instance:com.yeastar.swebtest.testcase.RegressionCase.pbxcore.BeforeTest@1088d51]" name="G_addOutRoute5" duration-ms="13638" started-at="2017-10-23T21:13:03Z" finished-at="2017-10-23T21:13:17Z">
          <reporter-output>
            <line>
              <![CDATA[  【执行操作】 添加fxo的呼出路由OutRoute5_fxo]]>
            </line>
          </reporter-output>
        </test-method> <!-- G_addOutRoute5 -->
        <test-method status="PASS" signature="G_addOutRoute6()[pri:0, instance:com.yeastar.swebtest.testcase.RegressionCase.pbxcore.BeforeTest@1088d51]" name="G_addOutRoute6" duration-ms="13670" started-at="2017-10-23T21:13:17Z" finished-at="2017-10-23T21:13:30Z">
          <reporter-output>
            <line>
              <![CDATA[  【执行操作】 添加bri的呼出路由OutRoute6_bri]]>
            </line>
          </reporter-output>
        </test-method> <!-- G_addOutRoute6 -->
        <test-method status="PASS" signature="G_addOutRoute7()[pri:0, instance:com.yeastar.swebtest.testcase.RegressionCase.pbxcore.BeforeTest@1088d51]" name="G_addOutRoute7" duration-ms="13687" started-at="2017-10-23T21:13:30Z" finished-at="2017-10-23T21:13:44Z">
          <reporter-output>
            <line>
              <![CDATA[  【执行操作】 添加E1的呼出路由OutRoute7_e1]]>
            </line>
          </reporter-output>
        </test-method> <!-- G_addOutRoute7 -->
        <test-method status="PASS" signature="G_addOutRoute8()[pri:0, instance:com.yeastar.swebtest.testcase.RegressionCase.pbxcore.BeforeTest@1088d51]" name="G_addOutRoute8" duration-ms="13732" started-at="2017-10-23T21:13:44Z" finished-at="2017-10-23T21:13:58Z">
          <reporter-output>
            <line>
              <![CDATA[  【执行操作】 添加GSM的呼出路由OutRoute8_gsm]]>
            </line>
          </reporter-output>
        </test-method> <!-- G_addOutRoute8 -->
        <test-method status="PASS" signature="H_addivr()[pri:0, instance:com.yeastar.swebtest.testcase.RegressionCase.pbxcore.BeforeTest@1088d51]" name="H_addivr" duration-ms="46159" started-at="2017-10-23T21:13:58Z" finished-at="2017-10-23T21:14:44Z">
          <reporter-output>
            <line>
              <![CDATA[  【执行操作】 删除所有IVR]]>
            </line>
            <line>
              <![CDATA[    Pass:  删除所有IVR]]>
            </line>
            <line>
              <![CDATA[  【执行操作】 添加IVR1：6500,按1到分机1000]]>
            </line>
            <line>
              <![CDATA[  【执行操作】 编辑IVR1:按1到分机1000]]>
            </line>
          </reporter-output>
        </test-method> <!-- H_addivr -->
        <test-method status="PASS" signature="I_addringgroup()[pri:0, instance:com.yeastar.swebtest.testcase.RegressionCase.pbxcore.BeforeTest@1088d51]" name="I_addringgroup" duration-ms="30979" started-at="2017-10-23T21:14:44Z" finished-at="2017-10-23T21:15:15Z">
          <reporter-output>
            <line>
              <![CDATA[  【执行操作】 删除所有RingGroup]]>
            </line>
            <line>
              <![CDATA[    Pass:  删除所有RingGroup]]>
            </line>
            <line>
              <![CDATA[  【执行操作】 添加RingGroup1：6200，选择分机1000,1100,1105，其它默认]]>
            </line>
          </reporter-output>
        </test-method> <!-- I_addringgroup -->
        <test-method status="PASS" signature="J_addqueue()[pri:0, instance:com.yeastar.swebtest.testcase.RegressionCase.pbxcore.BeforeTest@1088d51]" name="J_addqueue" duration-ms="36237" started-at="2017-10-23T21:15:15Z" finished-at="2017-10-23T21:15:51Z">
          <reporter-output>
            <line>
              <![CDATA[  【执行操作】 删除所有Queue]]>
            </line>
            <line>
              <![CDATA[    Pass:  删除所有Queue]]>
            </line>
            <line>
              <![CDATA[  【执行操作】 添加Queue1：6700，选择分机1000、1100、1105，其它默认 ]]>
            </line>
          </reporter-output>
        </test-method> <!-- J_addqueue -->
        <test-method status="PASS" signature="K_addconference()[pri:0, instance:com.yeastar.swebtest.testcase.RegressionCase.pbxcore.BeforeTest@1088d51]" name="K_addconference" duration-ms="35274" started-at="2017-10-23T21:15:51Z" finished-at="2017-10-23T21:16:26Z">
          <reporter-output>
            <line>
              <![CDATA[  【执行操作】 删除所有Conference]]>
            </line>
            <line>
              <![CDATA[    Pass:  删除所有Conference]]>
            </line>
            <line>
              <![CDATA[  【执行操作】 添加Conference1:6400]]>
            </line>
          </reporter-output>
        </test-method> <!-- K_addconference -->
        <test-method status="PASS" signature="L_setRecord()[pri:0, instance:com.yeastar.swebtest.testcase.RegressionCase.pbxcore.BeforeTest@1088d51]" name="L_setRecord" duration-ms="42402" started-at="2017-10-23T21:16:26Z" finished-at="2017-10-23T21:17:09Z">
          <reporter-output>
            <line>
              <![CDATA[  【执行操作】 设置录音存储在：TF/SD]]>
            </line>
            <line>
              <![CDATA[  【执行操作】 选择全部外线、分机、会议室进行录音]]>
            </line>
          </reporter-output>
        </test-method> <!-- L_setRecord -->
        <test-method status="PASS" signature="AfterClass()[pri:0, instance:com.yeastar.swebtest.testcase.RegressionCase.pbxcore.BeforeTest@1088d51]" name="AfterClass" is-config="true" duration-ms="13638" started-at="2017-10-23T21:17:09Z" finished-at="2017-10-23T21:17:22Z">
          <reporter-output>
            <line>
              <![CDATA[【测试类场景恢复】执行完毕：前置环境设置—BeforeTest]]>
            </line>
          </reporter-output>
        </test-method> <!-- AfterClass -->
      </class> <!-- com.yeastar.swebtest.testcase.RegressionCase.pbxcore.BeforeTest -->
      <class name="com.yeastar.swebtest.testcase.RegressionCase.pbxcore.TimeCondition">
        <test-method status="PASS" signature="BeforeClass()[pri:0, instance:com.yeastar.swebtest.testcase.RegressionCase.pbxcore.TimeCondition@186dec2]" name="BeforeClass" is-config="true" duration-ms="22587" started-at="2017-10-23T21:17:22Z" finished-at="2017-10-23T21:17:45Z">
          <reporter-output>
            <line>
              <![CDATA[【测试类场景初始化】开始执行：时间条件—TimeCondition]]>
            </line>
          </reporter-output>
        </test-method> <!-- BeforeClass -->
        <test-method status="PASS" signature="addTimeCondition1()[pri:0, instance:com.yeastar.swebtest.testcase.RegressionCase.pbxcore.TimeCondition@186dec2]" name="addTimeCondition1" duration-ms="41759" started-at="2017-10-23T21:17:45Z" finished-at="2017-10-23T21:18:27Z">
          <reporter-output>
            <line>
              <![CDATA[  【执行操作】 删除所有时间条件]]>
            </line>
            <line>
              <![CDATA[  【执行操作】删除所有时间条件]]>
            </line>
            <line>
              <![CDATA[    Pass: 删除所有时间条件]]>
            </line>
            <line>
              <![CDATA[  【执行操作】 添加时间条件workday_24hour:每天24小时都是工作时间]]>
            </line>
            <line>
              <![CDATA[    Pass: 添加TimeConditions]]>
            </line>
            <line>
              <![CDATA[  【执行操作】 添加时间条件workday_test：每天05:05~22:39]]>
            </line>
            <line>
              <![CDATA[    Pass: 添加TimeConditions]]>
            </line>
            <line>
              <![CDATA[  【执行操作】 添加时间条件Outbound：00:00-00:01,周日]]>
            </line>
            <line>
              <![CDATA[    Pass: 添加TimeConditions]]>
            </line>
          </reporter-output>
        </test-method> <!-- addTimeCondition1 -->
        <test-method status="PASS" signature="addTimeCondition2()[pri:0, instance:com.yeastar.swebtest.testcase.RegressionCase.pbxcore.TimeCondition@186dec2]" name="addTimeCondition2" duration-ms="25330" started-at="2017-10-23T21:18:27Z" finished-at="2017-10-23T21:18:52Z">
          <reporter-output>
            <line>
              <![CDATA[  【执行操作】 添加时间条件workday_Advanced:周日/二/四，12:30~18:45]]>
            </line>
            <line>
              <![CDATA[    Pass: 添加TimeConditions]]>
            </line>
            <line>
              <![CDATA[  【执行操作】 编辑workday_Advanced，启用高级设置，1/6/12月的1/10/20/31号]]>
            </line>
            <line>
              <![CDATA[    Pass: 月份编辑]]>
            </line>
            <line>
              <![CDATA[    Pass: 日期编辑]]>
            </line>
          </reporter-output>
        </test-method> <!-- addTimeCondition2 -->
        <test-method status="PASS" signature="addTimeCondition3()[pri:0, instance:com.yeastar.swebtest.testcase.RegressionCase.pbxcore.TimeCondition@186dec2]" name="addTimeCondition3" duration-ms="25708" started-at="2017-10-23T21:18:52Z" finished-at="2017-10-23T21:19:18Z">
          <reporter-output>
            <line>
              <![CDATA[  【执行操作】 添加时间条件CheckAll]]>
            </line>
            <line>
              <![CDATA[    Pass: 添加TimeConditions]]>
            </line>
            <line>
              <![CDATA[  【执行操作】 编辑CheckAl，启用高级设置，Month:All，Day:All]]>
            </line>
            <line>
              <![CDATA[    Pass: Week编辑页面显示检查]]>
            </line>
            <line>
              <![CDATA[    Pass: Month编辑页面显示检查]]>
            </line>
            <line>
              <![CDATA[    Pass: Day编辑页面显示检查]]>
            </line>
          </reporter-output>
        </test-method> <!-- addTimeCondition3 -->
        <test-method status="PASS" signature="addTimeCondition4()[pri:0, instance:com.yeastar.swebtest.testcase.RegressionCase.pbxcore.TimeCondition@186dec2]" name="addTimeCondition4" duration-ms="58327" started-at="2017-10-23T21:19:18Z" finished-at="2017-10-23T21:20:16Z">
          <reporter-output>
            <line>
              <![CDATA[  【执行操作】 表格删除：workday_Advanced，取消删除]]>
            </line>
            <line>
              <![CDATA[    Pass: 表格删除：workday_Advanced，取消删除]]>
            </line>
            <line>
              <![CDATA[  【执行操作】 表格删除：workday_Advanced，确定删除]]>
            </line>
            <line>
              <![CDATA[    Pass: 表格删除：workday_Advanced，确定删除]]>
            </line>
            <line>
              <![CDATA[  【执行操作】 删除：workday_test，取消删除]]>
            </line>
            <line>
              <![CDATA[    Pass: 删除：workday_test，取消删除]]>
            </line>
            <line>
              <![CDATA[  【执行操作】 删除：workday_test，确定删除]]>
            </line>
            <line>
              <![CDATA[    Pass: 表格删除：workday_Advanced，确定删除]]>
            </line>
          </reporter-output>
        </test-method> <!-- addTimeCondition4 -->
        <test-method status="PASS" signature="AfterClass()[pri:0, instance:com.yeastar.swebtest.testcase.RegressionCase.pbxcore.TimeCondition@186dec2]" name="AfterClass" is-config="true" duration-ms="13272" started-at="2017-10-23T21:20:16Z" finished-at="2017-10-23T21:20:29Z">
          <reporter-output>
            <line>
              <![CDATA[【测试类场景恢复】执行完毕：时间条件—TimeCondition]]>
            </line>
          </reporter-output>
        </test-method> <!-- AfterClass -->
      </class> <!-- com.yeastar.swebtest.testcase.RegressionCase.pbxcore.TimeCondition -->
      <class name="com.yeastar.swebtest.testcase.RegressionCase.pbxcore.SpeedDial">
        <test-method status="PASS" signature="BeforeClass()[pri:0, instance:com.yeastar.swebtest.testcase.RegressionCase.pbxcore.SpeedDial@33cc44]" name="BeforeClass" is-config="true" duration-ms="25069" started-at="2017-10-23T22:13:35Z" finished-at="2017-10-23T22:14:00Z">
          <reporter-output>
            <line>
              <![CDATA[【测试类场景初始化】开始执行：SpeedDial]]>
            </line>
            <line>
              <![CDATA[    Pass: 1000分机注册]]>
            </line>
          </reporter-output>
        </test-method> <!-- BeforeClass -->
        <test-method status="PASS" signature="A_add_1()[pri:0, instance:com.yeastar.swebtest.testcase.RegressionCase.pbxcore.SpeedDial@33cc44]" name="A_add_1" duration-ms="106688" started-at="2017-10-23T22:14:00Z" finished-at="2017-10-23T22:15:47Z">
          <reporter-output>
            <line>
              <![CDATA[  【执行操作】 删除所有速拨码]]>
            </line>
            <line>
              <![CDATA[    Pass:  删除所有速拨码]]>
            </line>
            <line>
              <![CDATA[  【执行操作】 设置速拨特征码为*999]]>
            </line>
            <line>
              <![CDATA[  【执行操作】 新建速拨码：dialcode:1,PhoneNumber：13001]]>
            </line>
            <line>
              <![CDATA[    Pass: 添加speed_dial_code]]>
            </line>
            <line>
              <![CDATA[    Pass: 添加speed_dial_phoneNumber]]>
            </line>
            <line>
              <![CDATA[  【执行操作】 新建速拨码：dialcode:1234567,PhoneNumber：31234567]]>
            </line>
            <line>
              <![CDATA[    Pass: 添加speed_dial_code]]>
            </line>
            <line>
              <![CDATA[    Pass: 添加speed_dial_phoneNumber]]>
            </line>
            <line>
              <![CDATA[  【执行操作】 1000拨打*9991通过sip外线呼出]]>
            </line>
            <line>
              <![CDATA[    Pass: CDR呼叫方检测]]>
            </line>
            <line>
              <![CDATA[    Pass: CDR被叫方检测]]>
            </line>
            <line>
              <![CDATA[    Pass: CDR_Status检测]]>
            </line>
            <line>
              <![CDATA[    Pass: CDR源中继检测]]>
            </line>
            <line>
              <![CDATA[    Pass: CDR目的中继检测]]>
            </line>
            <line>
              <![CDATA[    Pass: CDR通讯类型检测]]>
            </line>
          </reporter-output>
        </test-method> <!-- A_add_1 -->
        <test-method status="PASS" signature="A_add_2()[pri:0, instance:com.yeastar.swebtest.testcase.RegressionCase.pbxcore.SpeedDial@33cc44]" name="A_add_2" duration-ms="33559" started-at="2017-10-23T22:15:47Z" finished-at="2017-10-23T22:16:20Z">
          <reporter-output>
            <line>
              <![CDATA[  【执行操作】 1000拨打*9991234567通过sps外线呼出]]>
            </line>
            <line>
              <![CDATA[    Pass: CDR呼叫方检测]]>
            </line>
            <line>
              <![CDATA[    Pass: CDR被叫方检测]]>
            </line>
            <line>
              <![CDATA[    Pass: CDR_Status检测]]>
            </line>
            <line>
              <![CDATA[    Pass: CDR源中继检测]]>
            </line>
            <line>
              <![CDATA[    Pass: CDR目的中继检测]]>
            </line>
            <line>
              <![CDATA[    Pass: CDR通讯类型检测]]>
            </line>
          </reporter-output>
        </test-method> <!-- A_add_2 -->
        <test-method status="PASS" signature="B_export()[pri:0, instance:com.yeastar.swebtest.testcase.RegressionCase.pbxcore.SpeedDial@33cc44]" name="B_export" duration-ms="739" started-at="2017-10-23T22:16:20Z" finished-at="2017-10-23T22:16:21Z">
          <reporter-output>
            <line>
              <![CDATA[  【执行操作】 导出速拨码]]>
            </line>
          </reporter-output>
        </test-method> <!-- B_export -->
        <test-method status="PASS" signature="C_delete()[pri:0, instance:com.yeastar.swebtest.testcase.RegressionCase.pbxcore.SpeedDial@33cc44]" name="C_delete" duration-ms="54372" started-at="2017-10-23T22:16:21Z" finished-at="2017-10-23T22:17:15Z">
          <reporter-output>
            <line>
              <![CDATA[  【执行操作】 表格删除：速拨码为1-取消删除]]>
            </line>
            <line>
              <![CDATA[    Pass: 表格删除：速拨码为1-取消删除]]>
            </line>
            <line>
              <![CDATA[  【执行操作】 表格删除：速拨码为1-确定删除]]>
            </line>
            <line>
              <![CDATA[    Pass: 表格删除：速拨码为1-确定删除]]>
            </line>
            <line>
              <![CDATA[  【执行操作】 删除：速拨码为1234567-取消删除]]>
            </line>
            <line>
              <![CDATA[    Pass: 删除：速拨码为1234567-取消删除]]>
            </line>
            <line>
              <![CDATA[  【执行操作】 删除：速拨码为1234567-确定删除]]>
            </line>
            <line>
              <![CDATA[    Pass: 删除：速拨码为1234567-确定删除]]>
            </line>
          </reporter-output>
        </test-method> <!-- C_delete -->
        <test-method status="PASS" signature="D_import()[pri:0, instance:com.yeastar.swebtest.testcase.RegressionCase.pbxcore.SpeedDial@33cc44]" name="D_import" duration-ms="10963" started-at="2017-10-23T22:17:15Z" finished-at="2017-10-23T22:17:26Z">
          <reporter-output>
            <line>
              <![CDATA[  【执行操作】 导入速拨码]]>
            </line>
            <line>
              <![CDATA[    Pass: 导入速拨码]]>
            </line>
          </reporter-output>
        </test-method> <!-- D_import -->
        <test-method status="PASS" signature="AfterClass()[pri:0, instance:com.yeastar.swebtest.testcase.RegressionCase.pbxcore.SpeedDial@33cc44]" name="AfterClass" is-config="true" duration-ms="13279" started-at="2017-10-23T22:17:26Z" finished-at="2017-10-23T22:17:39Z">
          <reporter-output>
            <line>
              <![CDATA[【测试类场景恢复】执行完毕：SpeedDial]]>
            </line>
          </reporter-output>
        </test-method> <!-- AfterClass -->
      </class> <!-- com.yeastar.swebtest.testcase.RegressionCase.pbxcore.SpeedDial -->
    </test> <!-- pbxcore -->
  </suite> <!-- PBXCORE -->
</testng-results>
