<?xml version="1.0" encoding="UTF-8"?>
<testsuite name="pbxcore"
           tests="105"
           failures="1"
           errors="0"
           skipped="0"
           time="4007.883">
  <properties />
            <testcase name="G5_Satisfaction" time="124.697" classname="com.yeastar.swebtest.testcase.DetailCase.pbxcase.Queue">
                <failure type="java.lang.AssertionError"
                  message="坐席挂断时播放满意度调查提示音satisfaction 【预期：true 实际：false】"
              >
<![CDATA[java.lang.AssertionError: 坐席挂断时播放满意度调查提示音satisfaction 【预期：true 实际：false】
  com.yeastar.swebtest.tools.ysassert.YsAssert.fail(YsAssert.java:1092)
  com.yeastar.swebtest.tools.ysassert.YsAssert.failNotEquals(YsAssert.java:583)
  com.yeastar.swebtest.tools.ysassert.YsAssert.assertEqualsImpl(YsAssert.java:146)
  com.yeastar.swebtest.tools.ysassert.YsAssert.assertEquals(YsAssert.java:120)
  com.yeastar.swebtest.tools.ysassert.YsAssert.assertEquals(YsAssert.java:337)
  com.yeastar.swebtest.testcase.DetailCase.pbxcase.Queue.G5_Satisfaction(Queue.java:904)
  sun.reflect.NativeMethodAccessorImpl.invoke0(Native Method)
  sun.reflect.NativeMethodAccessorImpl.invoke(NativeMethodAccessorImpl.java:62)
  sun.reflect.DelegatingMethodAccessorImpl.invoke(DelegatingMethodAccessorImpl.java:43)
  java.lang.reflect.Method.invoke(Method.java:498)
  org.testng.internal.MethodInvocationHelper.invokeMethod(MethodInvocationHelper.java:85)
  org.testng.internal.Invoker.invokeMethod(Invoker.java:639)
  org.testng.internal.Invoker.invokeTestMethod(Invoker.java:816)
  org.testng.internal.Invoker.invokeTestMethods(Invoker.java:1124)
  org.testng.internal.TestMethodWorker.invokeTestMethods(TestMethodWorker.java:125)
  org.testng.internal.TestMethodWorker.run(TestMethodWorker.java:108)
  org.testng.TestRunner.privateRun(TestRunner.java:774)
  org.testng.TestRunner.run(TestRunner.java:624)
  org.testng.SuiteRunner.runTest(SuiteRunner.java:359)
  org.testng.SuiteRunner.runSequentially(SuiteRunner.java:354)
  org.testng.SuiteRunner.privateRun(SuiteRunner.java:312)
  org.testng.SuiteRunner.run(SuiteRunner.java:261)
  org.testng.SuiteRunnerWorker.runSuite(SuiteRunnerWorker.java:52)
  org.testng.SuiteRunnerWorker.run(SuiteRunnerWorker.java:86)
  org.testng.TestNG.runSuitesSequentially(TestNG.java:1215)
  org.testng.TestNG.runSuitesLocally(TestNG.java:1140)
  org.testng.TestNG.run(TestNG.java:1048)
  org.apache.maven.surefire.testng.TestNGExecutor.run(TestNGExecutor.java:293)
  org.apache.maven.surefire.testng.TestNGXmlTestSuite.execute(TestNGXmlTestSuite.java:84)
  org.apache.maven.surefire.testng.TestNGProvider.invoke(TestNGProvider.java:91)
  org.apache.maven.surefire.booter.ForkedBooter.invokeProviderInSameClassLoader(ForkedBooter.java:200)
  org.apache.maven.surefire.booter.ForkedBooter.runSuitesInProcess(ForkedBooter.java:153)
  org.apache.maven.surefire.booter.ForkedBooter.main(ForkedBooter.java:103)
]]>
      </failure>

          </testcase>
  
  
            <testcase name="F7_dynamic_login6712" time="19.421" classname="com.yeastar.swebtest.testcase.DetailCase.pbxcase.Queue" />
                <testcase name="G3_MusicOnHold1" time="6.158" classname="com.yeastar.swebtest.testcase.DetailCase.pbxcase.Queue" />
                <testcase name="C1_sps_6701" time="46.906" classname="com.yeastar.swebtest.testcase.DetailCase.pbxcase.Queue" />
                <testcase name="G3_MusicOnHold2" time="5.384" classname="com.yeastar.swebtest.testcase.DetailCase.pbxcase.Queue" />
                <testcase name="E3_key2_voicemail2_check" time="52.741" classname="com.yeastar.swebtest.testcase.DetailCase.pbxcase.Queue" />
                <testcase name="E8_key7_DialbyName" time="53.551" classname="com.yeastar.swebtest.testcase.DetailCase.pbxcase.Queue" />
                <testcase name="F1_dynamic_login6701" time="13.109" classname="com.yeastar.swebtest.testcase.DetailCase.pbxcase.Queue" />
                <testcase name="N8_leave_join_empty" time="23.045" classname="com.yeastar.swebtest.testcase.DetailCase.pbxcase.Queue" />
                <testcase name="N7_leave_join_empty" time="28.871" classname="com.yeastar.swebtest.testcase.DetailCase.pbxcase.Queue" />
                <testcase name="F8_dynamic_login6713" time="21.005" classname="com.yeastar.swebtest.testcase.DetailCase.pbxcase.Queue" />
                <testcase name="G6_CallerPosition" time="0.000" classname="com.yeastar.swebtest.testcase.DetailCase.pbxcase.Queue" />
                <testcase name="D3_fail_voicemail2_check" time="48.719" classname="com.yeastar.swebtest.testcase.DetailCase.pbxcase.Queue" />
                <testcase name="A4_AddQueues" time="44.888" classname="com.yeastar.swebtest.testcase.DetailCase.pbxcase.Queue" />
                <testcase name="N6_leave_join_empty" time="1.034" classname="com.yeastar.swebtest.testcase.DetailCase.pbxcase.Queue" />
                <testcase name="Fa_dynamic_login6714" time="19.188" classname="com.yeastar.swebtest.testcase.DetailCase.pbxcase.Queue" />
                <testcase name="B2_AddInbound" time="20.524" classname="com.yeastar.swebtest.testcase.DetailCase.pbxcase.Queue" />
                <testcase name="H2_leastRecent" time="37.203" classname="com.yeastar.swebtest.testcase.DetailCase.pbxcase.Queue" />
                <testcase name="A4_AddQueues" time="43.680" classname="com.yeastar.swebtest.testcase.DetailCase.pbxcase.Queue" />
                <testcase name="C8_gsm_6701" time="0.001" classname="com.yeastar.swebtest.testcase.DetailCase.pbxcase.Queue" />
                <testcase name="B2_AddInbound" time="20.664" classname="com.yeastar.swebtest.testcase.DetailCase.pbxcase.Queue" />
                <testcase name="B1_AddInbound" time="57.849" classname="com.yeastar.swebtest.testcase.DetailCase.pbxcase.Queue" />
                <testcase name="E6_key5_queue" time="57.491" classname="com.yeastar.swebtest.testcase.DetailCase.pbxcase.Queue" />
                <testcase name="B2_AddInbound" time="20.538" classname="com.yeastar.swebtest.testcase.DetailCase.pbxcase.Queue" />
                <testcase name="B2_AddInbound" time="20.462" classname="com.yeastar.swebtest.testcase.DetailCase.pbxcase.Queue" />
                <testcase name="D2_fail_extension" time="50.292" classname="com.yeastar.swebtest.testcase.DetailCase.pbxcase.Queue" />
                <testcase name="D3_fail_voicemail3_login" time="41.355" classname="com.yeastar.swebtest.testcase.DetailCase.pbxcase.Queue" />
                <testcase name="E2_key1_extension" time="43.470" classname="com.yeastar.swebtest.testcase.DetailCase.pbxcase.Queue" />
                <testcase name="A4_AddQueues" time="41.689" classname="com.yeastar.swebtest.testcase.DetailCase.pbxcase.Queue" />
                <testcase name="A4_AddQueues" time="31.601" classname="com.yeastar.swebtest.testcase.DetailCase.pbxcase.Queue" />
                <testcase name="F5_dynamic_login6710" time="13.461" classname="com.yeastar.swebtest.testcase.DetailCase.pbxcase.Queue" />
                <testcase name="F9_dynamic_login6714" time="9.131" classname="com.yeastar.swebtest.testcase.DetailCase.pbxcase.Queue" />
                <testcase name="E3_key2_voicemail3_login" time="31.805" classname="com.yeastar.swebtest.testcase.DetailCase.pbxcase.Queue" />
                <testcase name="G9_warp_time0" time="39.001" classname="com.yeastar.swebtest.testcase.DetailCase.pbxcase.Queue" />
                <testcase name="A4_AddQueues" time="39.936" classname="com.yeastar.swebtest.testcase.DetailCase.pbxcase.Queue" />
                <testcase name="I3_fewestcalls" time="55.790" classname="com.yeastar.swebtest.testcase.DetailCase.pbxcase.Queue" />
                <testcase name="L1_linear" time="186.897" classname="com.yeastar.swebtest.testcase.DetailCase.pbxcase.Queue" />
                <testcase name="N4_leave_join_empty" time="1.031" classname="com.yeastar.swebtest.testcase.DetailCase.pbxcase.Queue" />
                <testcase name="D5_fail_ringgroup" time="45.320" classname="com.yeastar.swebtest.testcase.DetailCase.pbxcase.Queue" />
                <testcase name="H1_leastRecent" time="65.870" classname="com.yeastar.swebtest.testcase.DetailCase.pbxcase.Queue" />
                <testcase name="B2_AddInbound" time="20.091" classname="com.yeastar.swebtest.testcase.DetailCase.pbxcase.Queue" />
                <testcase name="N5_leave_join_empty" time="28.911" classname="com.yeastar.swebtest.testcase.DetailCase.pbxcase.Queue" />
                <testcase name="C7_e1_6701" time="0.000" classname="com.yeastar.swebtest.testcase.DetailCase.pbxcase.Queue" />
                <testcase name="B3_Apply" time="8.085" classname="com.yeastar.swebtest.testcase.DetailCase.pbxcase.Queue" />
                <testcase name="D6_fail_queue" time="68.911" classname="com.yeastar.swebtest.testcase.DetailCase.pbxcase.Queue" />
                <testcase name="B2_AddInbound" time="20.360" classname="com.yeastar.swebtest.testcase.DetailCase.pbxcase.Queue" />
                <testcase name="G7_PeriodicAnnouncements" time="0.001" classname="com.yeastar.swebtest.testcase.DetailCase.pbxcase.Queue" />
                <testcase name="G2_JoinAnnouncement" time="11.106" classname="com.yeastar.swebtest.testcase.DetailCase.pbxcase.Queue" />
                <testcase name="J1_random" time="0.001" classname="com.yeastar.swebtest.testcase.DetailCase.pbxcase.Queue" />
                <testcase name="A4_AddQueues" time="41.014" classname="com.yeastar.swebtest.testcase.DetailCase.pbxcase.Queue" />
                <testcase name="G4_AgentID" time="0.001" classname="com.yeastar.swebtest.testcase.DetailCase.pbxcase.Queue" />
                <testcase name="P2_recovery" time="85.946" classname="com.yeastar.swebtest.testcase.DetailCase.pbxcase.Queue" />
                <testcase name="N1_leave_join_empty" time="35.471" classname="com.yeastar.swebtest.testcase.DetailCase.pbxcase.Queue" />
                <testcase name="A3_Init" time="39.474" classname="com.yeastar.swebtest.testcase.DetailCase.pbxcase.Queue" />
                <testcase name="D7_fail_conference" time="51.972" classname="com.yeastar.swebtest.testcase.DetailCase.pbxcase.Queue" />
                <testcase name="C3_iax_6701" time="0.001" classname="com.yeastar.swebtest.testcase.DetailCase.pbxcase.Queue" />
                <testcase name="B2_AddInbound" time="20.905" classname="com.yeastar.swebtest.testcase.DetailCase.pbxcase.Queue" />
                <testcase name="B2_AddInbound" time="20.452" classname="com.yeastar.swebtest.testcase.DetailCase.pbxcase.Queue" />
                <testcase name="I1_fewestcalls" time="72.989" classname="com.yeastar.swebtest.testcase.DetailCase.pbxcase.Queue" />
                <testcase name="A4_AddQueues" time="36.943" classname="com.yeastar.swebtest.testcase.DetailCase.pbxcase.Queue" />
                <testcase name="A4_AddQueues" time="43.863" classname="com.yeastar.swebtest.testcase.DetailCase.pbxcase.Queue" />
                <testcase name="A4_AddQueues" time="34.742" classname="com.yeastar.swebtest.testcase.DetailCase.pbxcase.Queue" />
                <testcase name="D1_fail_hangup" time="11.037" classname="com.yeastar.swebtest.testcase.DetailCase.pbxcase.Queue" />
                <testcase name="C2_sip_6701" time="49.390" classname="com.yeastar.swebtest.testcase.DetailCase.pbxcase.Queue" />
                <testcase name="P1_recovery" time="71.986" classname="com.yeastar.swebtest.testcase.DetailCase.pbxcase.Queue" />
                <testcase name="E1_key0_hangup" time="30.453" classname="com.yeastar.swebtest.testcase.DetailCase.pbxcase.Queue" />
                <testcase name="G9_warp_time20" time="95.209" classname="com.yeastar.swebtest.testcase.DetailCase.pbxcase.Queue" />
                <testcase name="C6_bri_6701" time="0.000" classname="com.yeastar.swebtest.testcase.DetailCase.pbxcase.Queue" />
                <testcase name="D4_fail_ivr" time="49.540" classname="com.yeastar.swebtest.testcase.DetailCase.pbxcase.Queue" />
                <testcase name="L2_linear" time="140.829" classname="com.yeastar.swebtest.testcase.DetailCase.pbxcase.Queue" />
                <testcase name="A4_AddQueues" time="41.773" classname="com.yeastar.swebtest.testcase.DetailCase.pbxcase.Queue" />
                <testcase name="B2_AddInbound" time="20.175" classname="com.yeastar.swebtest.testcase.DetailCase.pbxcase.Queue" />
                <testcase name="K1_rrmemory" time="97.823" classname="com.yeastar.swebtest.testcase.DetailCase.pbxcase.Queue" />
                <testcase name="F6_dynamic_login6711" time="15.943" classname="com.yeastar.swebtest.testcase.DetailCase.pbxcase.Queue" />
                <testcase name="N3_leave_join_empty" time="28.912" classname="com.yeastar.swebtest.testcase.DetailCase.pbxcase.Queue" />
                <testcase name="E4_key3_ivr" time="45.968" classname="com.yeastar.swebtest.testcase.DetailCase.pbxcase.Queue" />
                <testcase name="B2_AddInbound" time="20.419" classname="com.yeastar.swebtest.testcase.DetailCase.pbxcase.Queue" />
                <testcase name="B2_AddInbound" time="20.422" classname="com.yeastar.swebtest.testcase.DetailCase.pbxcase.Queue" />
                <testcase name="E7_key6_conference" time="50.388" classname="com.yeastar.swebtest.testcase.DetailCase.pbxcase.Queue" />
                <testcase name="B2_AddInbound" time="20.440" classname="com.yeastar.swebtest.testcase.DetailCase.pbxcase.Queue" />
                <testcase name="H3_leastRecent" time="39.913" classname="com.yeastar.swebtest.testcase.DetailCase.pbxcase.Queue" />
                <testcase name="K2_rrmemory" time="38.158" classname="com.yeastar.swebtest.testcase.DetailCase.pbxcase.Queue" />
                <testcase name="N2_leave_join_empty" time="1.036" classname="com.yeastar.swebtest.testcase.DetailCase.pbxcase.Queue" />
                <testcase name="C4_spx_6701" time="0.000" classname="com.yeastar.swebtest.testcase.DetailCase.pbxcase.Queue" />
                <testcase name="F3_dynamic_logoff6701" time="13.008" classname="com.yeastar.swebtest.testcase.DetailCase.pbxcase.Queue" />
                <testcase name="B5_Register" time="48.601" classname="com.yeastar.swebtest.testcase.DetailCase.pbxcase.Queue" />
                <testcase name="G8_AgentTimeout_Retry" time="122.262" classname="com.yeastar.swebtest.testcase.DetailCase.pbxcase.Queue" />
                <testcase name="A1_initBeforeTest" time="0.001" classname="com.yeastar.swebtest.testcase.DetailCase.pbxcase.Queue" />
                <testcase name="D8_fail_DialbyName" time="55.239" classname="com.yeastar.swebtest.testcase.DetailCase.pbxcase.Queue" />
                <testcase name="A4_AddQueues" time="31.582" classname="com.yeastar.swebtest.testcase.DetailCase.pbxcase.Queue" />
                <testcase name="B2_AddInbound" time="20.534" classname="com.yeastar.swebtest.testcase.DetailCase.pbxcase.Queue" />
                <testcase name="N0_backup" time="43.010" classname="com.yeastar.swebtest.testcase.DetailCase.pbxcase.Queue" />
                <testcase name="A4_AddQueues" time="38.949" classname="com.yeastar.swebtest.testcase.DetailCase.pbxcase.Queue" />
                <testcase name="A4_AddQueues" time="44.071" classname="com.yeastar.swebtest.testcase.DetailCase.pbxcase.Queue" />
                <testcase name="I2_fewestcalls" time="55.881" classname="com.yeastar.swebtest.testcase.DetailCase.pbxcase.Queue" />
                <testcase name="O1_delete" time="70.103" classname="com.yeastar.swebtest.testcase.DetailCase.pbxcase.Queue" />
                <testcase name="B2_AddInbound" time="20.323" classname="com.yeastar.swebtest.testcase.DetailCase.pbxcase.Queue" />
                <testcase name="M1_ringall" time="101.455" classname="com.yeastar.swebtest.testcase.DetailCase.pbxcase.Queue" />
                <testcase name="E3_key2_voicemail1" time="59.514" classname="com.yeastar.swebtest.testcase.DetailCase.pbxcase.Queue" />
                <testcase name="D3_fail_voicemail1" time="63.847" classname="com.yeastar.swebtest.testcase.DetailCase.pbxcase.Queue" />
                <testcase name="F2_dynamic_call6701" time="59.877" classname="com.yeastar.swebtest.testcase.DetailCase.pbxcase.Queue" />
                <testcase name="A4_AddQueues" time="41.798" classname="com.yeastar.swebtest.testcase.DetailCase.pbxcase.Queue" />
                <testcase name="F4_dynamic_call6701" time="54.916" classname="com.yeastar.swebtest.testcase.DetailCase.pbxcase.Queue" />
                <testcase name="C5_fxo_6701" time="0.000" classname="com.yeastar.swebtest.testcase.DetailCase.pbxcase.Queue" />
                <testcase name="E5_key4_ringgroup" time="48.081" classname="com.yeastar.swebtest.testcase.DetailCase.pbxcase.Queue" />
      
</testsuite>
