<?xml version="1.0" encoding="UTF-8"?>
<testsuite name="pbxcore"
           tests="20"
           failures="2"
           errors="0"
           skipped="0"
           time="756.960">
  <properties />
            <testcase name="D_RingAll1" time="11.618" classname="com.yeastar.swebtest.testcase.RegressionCase.pbxcase.Queue">
                <failure type="java.lang.AssertionError"
                  message="1000预期响铃 【预期：2 实际：4】"
              >
<![CDATA[java.lang.AssertionError: 1000预期响铃 【预期：2 实际：4】
  com.yeastar.swebtest.tools.ysassert.YsAssert.fail(YsAssert.java:1092)
  com.yeastar.swebtest.tools.ysassert.YsAssert.failNotEquals(YsAssert.java:583)
  com.yeastar.swebtest.tools.ysassert.YsAssert.assertEqualsImpl(YsAssert.java:146)
  com.yeastar.swebtest.tools.ysassert.YsAssert.assertEquals(YsAssert.java:120)
  com.yeastar.swebtest.tools.ysassert.YsAssert.assertEquals(YsAssert.java:429)
  com.yeastar.swebtest.testcase.RegressionCase.pbxcase.Queue.D_RingAll1(Queue.java:192)
  sun.reflect.NativeMethodAccessorImpl.invoke0(Native Method)
  sun.reflect.NativeMethodAccessorImpl.invoke(NativeMethodAccessorImpl.java:62)
  sun.reflect.DelegatingMethodAccessorImpl.invoke(DelegatingMethodAccessorImpl.java:43)
  java.lang.reflect.Method.invoke(Method.java:498)
  org.testng.internal.MethodInvocationHelper.invokeMethod(MethodInvocationHelper.java:85)
  org.testng.internal.Invoker.invokeMethod(Invoker.java:639)
  org.testng.internal.Invoker.invokeTestMethod(Invoker.java:816)
  org.testng.internal.Invoker.invokeTestMethods(Invoker.java:1124)
  org.testng.internal.TestMethodWorker.invokeTestMethods(TestMethodWorker.java:125)
  org.testng.internal.TestMethodWorker.run(TestMethodWorker.java:108)
  org.testng.TestRunner.privateRun(TestRunner.java:774)
  org.testng.TestRunner.run(TestRunner.java:624)
  org.testng.SuiteRunner.runTest(SuiteRunner.java:359)
  org.testng.SuiteRunner.runSequentially(SuiteRunner.java:354)
  org.testng.SuiteRunner.privateRun(SuiteRunner.java:312)
  org.testng.SuiteRunner.run(SuiteRunner.java:261)
  org.testng.SuiteRunnerWorker.runSuite(SuiteRunnerWorker.java:52)
  org.testng.SuiteRunnerWorker.run(SuiteRunnerWorker.java:86)
  org.testng.TestNG.runSuitesSequentially(TestNG.java:1215)
  org.testng.TestNG.runSuitesLocally(TestNG.java:1140)
  org.testng.TestNG.run(TestNG.java:1048)
  org.apache.maven.surefire.testng.TestNGExecutor.run(TestNGExecutor.java:293)
  org.apache.maven.surefire.testng.TestNGXmlTestSuite.execute(TestNGXmlTestSuite.java:84)
  org.apache.maven.surefire.testng.TestNGProvider.invoke(TestNGProvider.java:91)
  org.apache.maven.surefire.booter.ForkedBooter.invokeProviderInSameClassLoader(ForkedBooter.java:200)
  org.apache.maven.surefire.booter.ForkedBooter.runSuitesInProcess(ForkedBooter.java:153)
  org.apache.maven.surefire.booter.ForkedBooter.main(ForkedBooter.java:103)
]]>
      </failure>

          </testcase>
            <testcase name="C_agent2" time="25.168" classname="com.yeastar.swebtest.testcase.RegressionCase.pbxcase.Queue">
                <failure type="java.lang.AssertionError"
                  message="CDR被叫方检测 【预期：1100 [6701(1100)] 实际：6701】"
              >
<![CDATA[java.lang.AssertionError: CDR被叫方检测 【预期：1100 [6701(1100)] 实际：6701】
  com.yeastar.swebtest.tools.ysassert.YsAssert.fail(YsAssert.java:1092)
  com.yeastar.swebtest.tools.ysassert.YsAssert.failNotEquals(YsAssert.java:583)
  com.yeastar.swebtest.tools.ysassert.YsAssert.assertEqualsImpl(YsAssert.java:146)
  com.yeastar.swebtest.tools.ysassert.YsAssert.assertEquals(YsAssert.java:120)
  com.yeastar.swebtest.tools.ysassert.YsAssert.assertEquals(YsAssert.java:203)
  com.yeastar.swebtest.driver.YSMethod.YS_Extension.checkCDR(YS_Extension.java:291)
  com.yeastar.swebtest.driver.YSMethod.YS_Extension.checkCDR(YS_Extension.java:280)
  com.yeastar.swebtest.testcase.RegressionCase.pbxcase.Queue.C_agent2(Queue.java:162)
  sun.reflect.NativeMethodAccessorImpl.invoke0(Native Method)
  sun.reflect.NativeMethodAccessorImpl.invoke(NativeMethodAccessorImpl.java:62)
  sun.reflect.DelegatingMethodAccessorImpl.invoke(DelegatingMethodAccessorImpl.java:43)
  java.lang.reflect.Method.invoke(Method.java:498)
  org.testng.internal.MethodInvocationHelper.invokeMethod(MethodInvocationHelper.java:85)
  org.testng.internal.Invoker.invokeMethod(Invoker.java:639)
  org.testng.internal.Invoker.invokeTestMethod(Invoker.java:816)
  org.testng.internal.Invoker.invokeTestMethods(Invoker.java:1124)
  org.testng.internal.TestMethodWorker.invokeTestMethods(TestMethodWorker.java:125)
  org.testng.internal.TestMethodWorker.run(TestMethodWorker.java:108)
  org.testng.TestRunner.privateRun(TestRunner.java:774)
  org.testng.TestRunner.run(TestRunner.java:624)
  org.testng.SuiteRunner.runTest(SuiteRunner.java:359)
  org.testng.SuiteRunner.runSequentially(SuiteRunner.java:354)
  org.testng.SuiteRunner.privateRun(SuiteRunner.java:312)
  org.testng.SuiteRunner.run(SuiteRunner.java:261)
  org.testng.SuiteRunnerWorker.runSuite(SuiteRunnerWorker.java:52)
  org.testng.SuiteRunnerWorker.run(SuiteRunnerWorker.java:86)
  org.testng.TestNG.runSuitesSequentially(TestNG.java:1215)
  org.testng.TestNG.runSuitesLocally(TestNG.java:1140)
  org.testng.TestNG.run(TestNG.java:1048)
  org.apache.maven.surefire.testng.TestNGExecutor.run(TestNGExecutor.java:293)
  org.apache.maven.surefire.testng.TestNGXmlTestSuite.execute(TestNGXmlTestSuite.java:84)
  org.apache.maven.surefire.testng.TestNGProvider.invoke(TestNGProvider.java:91)
  org.apache.maven.surefire.booter.ForkedBooter.invokeProviderInSameClassLoader(ForkedBooter.java:200)
  org.apache.maven.surefire.booter.ForkedBooter.runSuitesInProcess(ForkedBooter.java:153)
  org.apache.maven.surefire.booter.ForkedBooter.main(ForkedBooter.java:103)
]]>
      </failure>

          </testcase>
  
  
            <testcase name="A0_Register" time="36.024" classname="com.yeastar.swebtest.testcase.RegressionCase.pbxcase.Queue" />
                <testcase name="G1_edit6701_1" time="28.849" classname="com.yeastar.swebtest.testcase.RegressionCase.pbxcase.Queue" />
                <testcase name="J_Recovery" time="31.993" classname="com.yeastar.swebtest.testcase.RegressionCase.pbxcase.Queue" />
                <testcase name="A_add_queue6702" time="29.697" classname="com.yeastar.swebtest.testcase.RegressionCase.pbxcase.Queue" />
                <testcase name="A_editInbound" time="33.935" classname="com.yeastar.swebtest.testcase.RegressionCase.pbxcase.Queue" />
                <testcase name="B_failtoextension" time="30.740" classname="com.yeastar.swebtest.testcase.RegressionCase.pbxcase.Queue" />
                <testcase name="E_maxWaitTime" time="128.010" classname="com.yeastar.swebtest.testcase.RegressionCase.pbxcase.Queue" />
                <testcase name="C_agent3" time="3.267" classname="com.yeastar.swebtest.testcase.RegressionCase.pbxcase.Queue" />
                <testcase name="F_key" time="45.735" classname="com.yeastar.swebtest.testcase.RegressionCase.pbxcase.Queue" />
                <testcase name="H2_Linear" time="91.659" classname="com.yeastar.swebtest.testcase.RegressionCase.pbxcase.Queue" />
                <testcase name="G3_edit6701_2" time="28.841" classname="com.yeastar.swebtest.testcase.RegressionCase.pbxcase.Queue" />
                <testcase name="I_delete" time="57.601" classname="com.yeastar.swebtest.testcase.RegressionCase.pbxcase.Queue" />
                <testcase name="H1_Linear" time="32.486" classname="com.yeastar.swebtest.testcase.RegressionCase.pbxcase.Queue" />
                <testcase name="G4_leaveWhenEmpty" time="38.554" classname="com.yeastar.swebtest.testcase.RegressionCase.pbxcase.Queue" />
                <testcase name="A1_add_queue6701" time="17.923" classname="com.yeastar.swebtest.testcase.RegressionCase.pbxcase.Queue" />
                <testcase name="G2_joinEmpty" time="30.693" classname="com.yeastar.swebtest.testcase.RegressionCase.pbxcase.Queue" />
                <testcase name="C_agent4" time="30.769" classname="com.yeastar.swebtest.testcase.RegressionCase.pbxcase.Queue" />
                <testcase name="C_agent1" time="23.398" classname="com.yeastar.swebtest.testcase.RegressionCase.pbxcase.Queue" />
      
</testsuite>
