# JRE version: Java(TM) SE Runtime Environment (8.0_121-b13) (build 1.8.0_121-b13)
# Java VM: Java HotSpot(TM) Client VM (25.121-b13 mixed mode windows-x86 )
Heap:
 def new generation   total 6976K, used 6387K [0x05400000, 0x05b90000, 0x0a950000)
  eden space 6208K, 100% used [0x05400000, 0x05a10000, 0x05a10000)
  from space 768K,  23% used [0x05a10000, 0x05a3cc30, 0x05ad0000)
  to   space 768K,   2% used [0x05ad0000, 0x05ad49b8, 0x05b90000)
 tenured generation   total 15368K, used 9769K [0x0a950000, 0x0b852000, 0x15400000)
   the space 15368K,  63% used [0x0a950000, 0x0b2da700, 0x0b2da800, 0x0b852000)
 Metaspace       used 18943K, capacity 19476K, committed 19584K, reserved 19840K
GC Heap History (10 events):
Event: 2.364 GC heap after
Heap after GC invocations=43 (full 2):
 def new generation   total 6976K, used 0K [0x05400000, 0x05b90000, 0x0a950000)
  eden space 6208K,   0% used [0x05400000, 0x05400000, 0x05a10000)
  from space 768K,   0% used [0x05a10000, 0x05a10000, 0x05ad0000)
  to   space 768K,   0% used [0x05ad0000, 0x05ad0000, 0x05b90000)
 tenured generation   total 15368K, used 9219K [0x0a950000, 0x0b852000, 0x15400000)
   the space 15368K,  59% used [0x0a950000, 0x0b250f78, 0x0b251000, 0x0b852000)
 Metaspace       used 17472K, capacity 17829K, committed 17920K, reserved 18816K
}
Event: 4.954 GC heap before
{Heap before GC invocations=43 (full 2):
 def new generation   total 6976K, used 6208K [0x05400000, 0x05b90000, 0x0a950000)
  eden space 6208K, 100% used [0x05400000, 0x05a10000, 0x05a10000)
  from space 768K,   0% used [0x05a10000, 0x05a10000, 0x05ad0000)
  to   space 768K,   0% used [0x05ad0000, 0x05ad0000, 0x05b90000)
 tenured generation   total 15368K, used 9219K [0x0a950000, 0x0b852000, 0x15400000)
   the space 15368K,  59% used [0x0a950000, 0x0b250f78, 0x0b251000, 0x0b852000)
 Metaspace       used 17967K, capacity 18337K, committed 18432K, reserved 18816K
Event: 4.956 GC heap after
Heap after GC invocations=44 (full 2):
 def new generation   total 6976K, used 671K [0x05400000, 0x05b90000, 0x0a950000)
  eden space 6208K,   0% used [0x05400000, 0x05400000, 0x05a10000)
  from space 768K,  87% used [0x05ad0000, 0x05b77d10, 0x05b90000)
  to   space 768K,   0% used [0x05a10000, 0x05a10000, 0x05ad0000)
 tenured generation   total 15368K, used 9219K [0x0a950000, 0x0b852000, 0x15400000)
   the space 15368K,  59% used [0x0a950000, 0x0b250f78, 0x0b251000, 0x0b852000)
 Metaspace       used 17967K, capacity 18337K, committed 18432K, reserved 18816K
}
Event: 5.317 GC heap before
{Heap before GC invocations=44 (full 2):
 def new generation   total 6976K, used 6879K [0x05400000, 0x05b90000, 0x0a950000)
  eden space 6208K, 100% used [0x05400000, 0x05a10000, 0x05a10000)
  from space 768K,  87% used [0x05ad0000, 0x05b77d10, 0x05b90000)
  to   space 768K,   0% used [0x05a10000, 0x05a10000, 0x05ad0000)
 tenured generation   total 15368K, used 9219K [0x0a950000, 0x0b852000, 0x15400000)
   the space 15368K,  59% used [0x0a950000, 0x0b250f78, 0x0b251000, 0x0b852000)
 Metaspace       used 18419K, capacity 18936K, committed 18944K, reserved 19840K
Event: 5.319 GC heap after
Heap after GC invocations=45 (full 2):
 def new generation   total 6976K, used 646K [0x05400000, 0x05b90000, 0x0a950000)
  eden space 6208K,   0% used [0x05400000, 0x05400000, 0x05a10000)
  from space 768K,  84% used [0x05a10000, 0x05ab1bc0, 0x05ad0000)
  to   space 768K,   0% used [0x05ad0000, 0x05ad0000, 0x05b90000)
 tenured generation   total 15368K, used 9441K [0x0a950000, 0x0b852000, 0x15400000)
   the space 15368K,  61% used [0x0a950000, 0x0b2887b0, 0x0b288800, 0x0b852000)
 Metaspace       used 18419K, capacity 18936K, committed 18944K, reserved 19840K
}
Event: 5.668 GC heap before
{Heap before GC invocations=45 (full 2):
 def new generation   total 6976K, used 6854K [0x05400000, 0x05b90000, 0x0a950000)
  eden space 6208K, 100% used [0x05400000, 0x05a10000, 0x05a10000)
  from space 768K,  84% used [0x05a10000, 0x05ab1bc0, 0x05ad0000)
  to   space 768K,   0% used [0x05ad0000, 0x05ad0000, 0x05b90000)
 tenured generation   total 15368K, used 9441K [0x0a950000, 0x0b852000, 0x15400000)
   the space 15368K,  61% used [0x0a950000, 0x0b2887b0, 0x0b288800, 0x0b852000)
 Metaspace       used 18610K, capacity 19128K, committed 19200K, reserved 19840K
Event: 5.670 GC heap after
Heap after GC invocations=46 (full 2):
 def new generation   total 6976K, used 684K [0x05400000, 0x05b90000, 0x0a950000)
  eden space 6208K,   0% used [0x05400000, 0x05400000, 0x05a10000)
  from space 768K,  89% used [0x05ad0000, 0x05b7b088, 0x05b90000)
  to   space 768K,   0% used [0x05a10000, 0x05a10000, 0x05ad0000)
 tenured generation   total 15368K, used 9723K [0x0a950000, 0x0b852000, 0x15400000)
   the space 15368K,  63% used [0x0a950000, 0x0b2cec38, 0x0b2cee00, 0x0b852000)
 Metaspace       used 18610K, capacity 19128K, committed 19200K, reserved 19840K
}
Event: 6.058 GC heap before
{Heap before GC invocations=46 (full 2):
 def new generation   total 6976K, used 6892K [0x05400000, 0x05b90000, 0x0a950000)
  eden space 6208K, 100% used [0x05400000, 0x05a10000, 0x05a10000)
  from space 768K,  89% used [0x05ad0000, 0x05b7b088, 0x05b90000)
  to   space 768K,   0% used [0x05a10000, 0x05a10000, 0x05ad0000)
 tenured generation   total 15368K, used 9723K [0x0a950000, 0x0b852000, 0x15400000)
   the space 15368K,  63% used [0x0a950000, 0x0b2cec38, 0x0b2cee00, 0x0b852000)
 Metaspace       used 18681K, capacity 19227K, committed 19328K, reserved 19840K
Event: 6.062 GC heap after
Heap after GC invocations=47 (full 2):
 def new generation   total 6976K, used 179K [0x05400000, 0x05b90000, 0x0a950000)
  eden space 6208K,   0% used [0x05400000, 0x05400000, 0x05a10000)
  from space 768K,  23% used [0x05a10000, 0x05a3cc30, 0x05ad0000)
  to   space 768K,   0% used [0x05ad0000, 0x05ad0000, 0x05b90000)
 tenured generation   total 15368K, used 9769K [0x0a950000, 0x0b852000, 0x15400000)
   the space 15368K,  63% used [0x0a950000, 0x0b2da700, 0x0b2da800, 0x0b852000)
 Metaspace       used 18681K, capacity 19227K, committed 19328K, reserved 19840K
}
Event: 11.144 GC heap before
{Heap before GC invocations=47 (full 2):
 def new generation   total 6976K, used 6387K [0x05400000, 0x05b90000, 0x0a950000)
  eden space 6208K, 100% used [0x05400000, 0x05a10000, 0x05a10000)
  from space 768K,  23% used [0x05a10000, 0x05a3cc30, 0x05ad0000)
  to   space 768K,   0% used [0x05ad0000, 0x05ad0000, 0x05b90000)
 tenured generation   total 15368K, used 9769K [0x0a950000, 0x0b852000, 0x15400000)
   the space 15368K,  63% used [0x0a950000, 0x0b2da700, 0x0b2da800, 0x0b852000)
 Metaspace       used 18943K, capacity 19476K, committed 19584K, reserved 19840K

